
===========================================================================
report_checks -path_delay max (Setup)
============================================================================
Startpoint: gpio_defaults[7] (input port clocked by serial_clock)
Endpoint: _171_ (recovery check against falling-edge clock serial_load')
Path Group: **async_default**
Path Type: max

Fanout     Cap    Slew   Delay    Time   Description
-----------------------------------------------------------------------------
                  0.15    0.00    0.00   clock serial_clock (rise edge)
                          0.00    0.00   clock network delay (ideal)
                          1.00    1.00 ^ input external delay
                  0.06    0.04    1.04 ^ gpio_defaults[7] (in)
     2    0.01                           gpio_defaults[7] (net)
                  0.06    0.00    1.04 ^ _154_/B (sky130_fd_sc_hd__or2_1)
                  0.05    0.10    1.15 ^ _154_/X (sky130_fd_sc_hd__or2_1)
     1    0.00                           _052_ (net)
                  0.05    0.00    1.15 ^ _155_/A (sky130_fd_sc_hd__clkbuf_1)
                  0.04    0.08    1.23 ^ _155_/X (sky130_fd_sc_hd__clkbuf_1)
     1    0.00                           _026_ (net)
                  0.04    0.00    1.23 ^ _171_/RESET_B (sky130_fd_sc_hd__dfbbn_1)
                                  1.23   data arrival time

                  0.15    4.00    4.00   clock serial_load' (fall edge)
                          0.00    4.00   clock network delay (ideal)
                         -0.20    3.80   clock uncertainty
                          0.00    3.80   clock reconvergence pessimism
                                  3.80 v _171_/CLK_N (sky130_fd_sc_hd__dfbbn_1)
                         -0.02    3.78   library recovery time
                                  3.78   data required time
-----------------------------------------------------------------------------
                                  3.78   data required time
                                 -1.23   data arrival time
-----------------------------------------------------------------------------
                                  2.55   slack (MET)


Startpoint: gpio_defaults[6] (input port clocked by serial_clock)
Endpoint: _170_ (recovery check against falling-edge clock serial_load')
Path Group: **async_default**
Path Type: max

Fanout     Cap    Slew   Delay    Time   Description
-----------------------------------------------------------------------------
                  0.15    0.00    0.00   clock serial_clock (rise edge)
                          0.00    0.00   clock network delay (ideal)
                          1.00    1.00 ^ input external delay
                  0.05    0.04    1.04 ^ gpio_defaults[6] (in)
     2    0.01                           gpio_defaults[6] (net)
                  0.05    0.00    1.04 ^ _150_/B (sky130_fd_sc_hd__or2_1)
                  0.05    0.10    1.14 ^ _150_/X (sky130_fd_sc_hd__or2_1)
     1    0.00                           _051_ (net)
                  0.05    0.00    1.14 ^ _151_/A (sky130_fd_sc_hd__clkbuf_1)
                  0.05    0.09    1.23 ^ _151_/X (sky130_fd_sc_hd__clkbuf_1)
     1    0.00                           _024_ (net)
                  0.05    0.00    1.23 ^ _170_/RESET_B (sky130_fd_sc_hd__dfbbn_1)
                                  1.23   data arrival time

                  0.15    4.00    4.00   clock serial_load' (fall edge)
                          0.00    4.00   clock network delay (ideal)
                         -0.20    3.80   clock uncertainty
                          0.00    3.80   clock reconvergence pessimism
                                  3.80 v _170_/CLK_N (sky130_fd_sc_hd__dfbbn_1)
                         -0.02    3.78   library recovery time
                                  3.78   data required time
-----------------------------------------------------------------------------
                                  3.78   data required time
                                 -1.23   data arrival time
-----------------------------------------------------------------------------
                                  2.55   slack (MET)


Startpoint: gpio_defaults[11] (input port clocked by serial_clock)
Endpoint: _167_ (recovery check against falling-edge clock serial_load')
Path Group: **async_default**
Path Type: max

Fanout     Cap    Slew   Delay    Time   Description
-----------------------------------------------------------------------------
                  0.15    0.00    0.00   clock serial_clock (rise edge)
                          0.00    0.00   clock network delay (ideal)
                          1.00    1.00 ^ input external delay
                  0.04    0.03    1.03 ^ gpio_defaults[11] (in)
     2    0.01                           gpio_defaults[11] (net)
                  0.04    0.00    1.03 ^ _138_/B (sky130_fd_sc_hd__or2_1)
                  0.05    0.10    1.13 ^ _138_/X (sky130_fd_sc_hd__or2_1)
     1    0.00                           _048_ (net)
                  0.05    0.00    1.13 ^ _139_/A (sky130_fd_sc_hd__clkbuf_1)
                  0.06    0.10    1.22 ^ _139_/X (sky130_fd_sc_hd__clkbuf_1)
     1    0.00                           _018_ (net)
                  0.06    0.00    1.22 ^ _167_/RESET_B (sky130_fd_sc_hd__dfbbn_1)
                                  1.22   data arrival time

                  0.15    4.00    4.00   clock serial_load' (fall edge)
                          0.00    4.00   clock network delay (ideal)
                         -0.20    3.80   clock uncertainty
                          0.00    3.80   clock reconvergence pessimism
                                  3.80 v _167_/CLK_N (sky130_fd_sc_hd__dfbbn_1)
                         -0.02    3.78   library recovery time
                                  3.78   data required time
-----------------------------------------------------------------------------
                                  3.78   data required time
                                 -1.22   data arrival time
-----------------------------------------------------------------------------
                                  2.56   slack (MET)


Startpoint: gpio_defaults[5] (input port clocked by serial_clock)
Endpoint: _169_ (recovery check against falling-edge clock serial_load')
Path Group: **async_default**
Path Type: max

Fanout     Cap    Slew   Delay    Time   Description
-----------------------------------------------------------------------------
                  0.15    0.00    0.00   clock serial_clock (rise edge)
                          0.00    0.00   clock network delay (ideal)
                          1.00    1.00 ^ input external delay
                  0.05    0.04    1.04 ^ gpio_defaults[5] (in)
     2    0.01                           gpio_defaults[5] (net)
                  0.05    0.00    1.04 ^ _146_/B (sky130_fd_sc_hd__or2_1)
                  0.04    0.10    1.13 ^ _146_/X (sky130_fd_sc_hd__or2_1)
     1    0.00                           _050_ (net)
                  0.04    0.00    1.13 ^ _147_/A (sky130_fd_sc_hd__clkbuf_1)
                  0.05    0.09    1.22 ^ _147_/X (sky130_fd_sc_hd__clkbuf_1)
     1    0.00                           _022_ (net)
                  0.05    0.00    1.22 ^ _169_/RESET_B (sky130_fd_sc_hd__dfbbn_1)
                                  1.22   data arrival time

                  0.15    4.00    4.00   clock serial_load' (fall edge)
                          0.00    4.00   clock network delay (ideal)
                         -0.20    3.80   clock uncertainty
                          0.00    3.80   clock reconvergence pessimism
                                  3.80 v _169_/CLK_N (sky130_fd_sc_hd__dfbbn_1)
                         -0.02    3.78   library recovery time
                                  3.78   data required time
-----------------------------------------------------------------------------
                                  3.78   data required time
                                 -1.22   data arrival time
-----------------------------------------------------------------------------
                                  2.56   slack (MET)


Startpoint: gpio_defaults[2] (input port clocked by serial_clock)
Endpoint: _160_ (recovery check against falling-edge clock serial_load')
Path Group: **async_default**
Path Type: max

Fanout     Cap    Slew   Delay    Time   Description
-----------------------------------------------------------------------------
                  0.15    0.00    0.00   clock serial_clock (rise edge)
                          0.00    0.00   clock network delay (ideal)
                          1.00    1.00 ^ input external delay
                  0.04    0.03    1.03 ^ gpio_defaults[2] (in)
     2    0.01                           gpio_defaults[2] (net)
                  0.04    0.00    1.03 ^ _110_/B (sky130_fd_sc_hd__or2_1)
                  0.05    0.10    1.13 ^ _110_/X (sky130_fd_sc_hd__or2_1)
     1    0.00                           _071_ (net)
                  0.05    0.00    1.13 ^ _111_/A (sky130_fd_sc_hd__clkbuf_1)
                  0.05    0.09    1.22 ^ _111_/X (sky130_fd_sc_hd__clkbuf_1)
     1    0.00                           _004_ (net)
                  0.05    0.00    1.22 ^ _160_/RESET_B (sky130_fd_sc_hd__dfbbn_1)
                                  1.22   data arrival time

                  0.15    4.00    4.00   clock serial_load' (fall edge)
                          0.00    4.00   clock network delay (ideal)
                         -0.20    3.80   clock uncertainty
                          0.00    3.80   clock reconvergence pessimism
                                  3.80 v _160_/CLK_N (sky130_fd_sc_hd__dfbbn_1)
                         -0.02    3.78   library recovery time
                                  3.78   data required time
-----------------------------------------------------------------------------
                                  3.78   data required time
                                 -1.22   data arrival time
-----------------------------------------------------------------------------
                                  2.57   slack (MET)


Startpoint: serial_clock (clock source 'serial_clock')
Endpoint: serial_clock_out (output port clocked by serial_clock)
Path Group: serial_clock
Path Type: max

Fanout     Cap    Slew   Delay    Time   Description
-----------------------------------------------------------------------------
                  0.15    2.00    2.00   clock serial_clock (fall edge)
                  0.07    0.05    2.05 v serial_clock (in)
    15    0.03                           serial_clock (net)
                  0.07    0.00    2.05 v _187_/A (sky130_fd_sc_hd__buf_2)
                  0.02    0.13    2.18 v _187_/X (sky130_fd_sc_hd__buf_2)
     1    0.00                           net15 (net)
                  0.02    0.00    2.18 v output15/A (sky130_fd_sc_hd__clkbuf_1)
                  2.30    1.82    4.01 v output15/X (sky130_fd_sc_hd__clkbuf_1)
     1    0.40                           serial_clock_out (net)
                  2.30    0.03    4.04 v serial_clock_out (out)
                                  4.04   data arrival time

                  0.15    4.00    4.00   clock serial_clock (rise edge)
                          0.00    4.00   clock network delay (ideal)
                         -0.20    3.80   clock uncertainty
                          0.00    3.80   clock reconvergence pessimism
                         -1.00    2.80   output external delay
                                  2.80   data required time
-----------------------------------------------------------------------------
                                  2.80   data required time
                                 -4.04   data arrival time
-----------------------------------------------------------------------------
                                 -1.24   slack (VIOLATED)


Startpoint: serial_load (clock source 'serial_load')
Endpoint: serial_load_out (output port clocked by serial_clock)
Path Group: serial_clock
Path Type: max

Fanout     Cap    Slew   Delay    Time   Description
-----------------------------------------------------------------------------
                  0.15    2.00    2.00   clock serial_load (fall edge)
                  0.04    0.03    2.03 v serial_load (in)
     5    0.02                           serial_load (net)
                  0.04    0.00    2.03 v _188_/A (sky130_fd_sc_hd__buf_2)
                  0.02    0.12    2.14 v _188_/X (sky130_fd_sc_hd__buf_2)
     1    0.00                           net17 (net)
                  0.02    0.00    2.15 v output17/A (sky130_fd_sc_hd__clkbuf_1)
                  2.30    1.82    3.97 v output17/X (sky130_fd_sc_hd__clkbuf_1)
     1    0.40                           serial_load_out (net)
                  2.30    0.03    4.00 v serial_load_out (out)
                                  4.00   data arrival time

                  0.15    4.00    4.00   clock serial_clock (rise edge)
                          0.00    4.00   clock network delay (ideal)
                         -0.20    3.80   clock uncertainty
                          0.00    3.80   clock reconvergence pessimism
                         -1.00    2.80   output external delay
                                  2.80   data required time
-----------------------------------------------------------------------------
                                  2.80   data required time
                                 -4.00   data arrival time
-----------------------------------------------------------------------------
                                 -1.20   slack (VIOLATED)


Startpoint: _185_ (rising edge-triggered flip-flop clocked by serial_clock')
Endpoint: serial_data_out (output port clocked by serial_clock)
Path Group: serial_clock
Path Type: max

Fanout     Cap    Slew   Delay    Time   Description
-----------------------------------------------------------------------------
                  0.15    2.00    2.00   clock serial_clock' (rise edge)
                          0.00    2.00   clock network delay (ideal)
                  0.15    0.00    2.00 ^ _185_/CLK (sky130_fd_sc_hd__dfrtp_1)
                  0.04    0.40    2.40 v _185_/Q (sky130_fd_sc_hd__dfrtp_1)
     1    0.00                           net16 (net)
                  0.04    0.00    2.40 v output16/A (sky130_fd_sc_hd__buf_2)
                  0.10    0.20    2.60 v output16/X (sky130_fd_sc_hd__buf_2)
     1    0.03                           serial_data_out (net)
                  0.10    0.00    2.60 v serial_data_out (out)
                                  2.60   data arrival time

                  0.15    4.00    4.00   clock serial_clock (rise edge)
                          0.00    4.00   clock network delay (ideal)
                         -0.20    3.80   clock uncertainty
                          0.00    3.80   clock reconvergence pessimism
                         -1.00    2.80   output external delay
                                  2.80   data required time
-----------------------------------------------------------------------------
                                  2.80   data required time
                                 -2.60   data arrival time
-----------------------------------------------------------------------------
                                  0.20   slack (MET)


Startpoint: mgmt_gpio_oeb (input port clocked by serial_clock)
Endpoint: pad_gpio_out (output port clocked by serial_clock)
Path Group: serial_clock
Path Type: max

Fanout     Cap    Slew   Delay    Time   Description
-----------------------------------------------------------------------------
                  0.15    0.00    0.00   clock serial_clock (rise edge)
                          0.00    0.00   clock network delay (ideal)
                          1.00    1.00 ^ input external delay
                  0.07    0.05    1.05 ^ mgmt_gpio_oeb (in)
     3    0.02                           mgmt_gpio_oeb (net)
                  0.07    0.00    1.05 ^ _090_/A (sky130_fd_sc_hd__nand2_1)
                  0.06    0.08    1.13 v _090_/Y (sky130_fd_sc_hd__nand2_1)
     1    0.01                           _056_ (net)
                  0.06    0.00    1.13 v _091_/B (sky130_fd_sc_hd__nor2_1)
                  0.09    0.11    1.24 ^ _091_/Y (sky130_fd_sc_hd__nor2_1)
     1    0.00                           _057_ (net)
                  0.09    0.00    1.24 ^ _093_/A (sky130_fd_sc_hd__nand2_1)
                  0.06    0.08    1.32 v _093_/Y (sky130_fd_sc_hd__nand2_1)
     1    0.01                           _059_ (net)
                  0.06    0.00    1.32 v _098_/A (sky130_fd_sc_hd__nand3_1)
                  0.08    0.09    1.41 ^ _098_/Y (sky130_fd_sc_hd__nand3_1)
     1    0.01                           _064_ (net)
                  0.08    0.00    1.41 ^ _100_/A (sky130_fd_sc_hd__nand2_1)
                  0.05    0.07    1.48 v _100_/Y (sky130_fd_sc_hd__nand2_1)
     1    0.00                           net10 (net)
                  0.05    0.00    1.48 v output10/A (sky130_fd_sc_hd__buf_2)
                  0.10    0.20    1.68 v output10/X (sky130_fd_sc_hd__buf_2)
     1    0.03                           pad_gpio_out (net)
                  0.10    0.00    1.68 v pad_gpio_out (out)
                                  1.68   data arrival time

                  0.15    4.00    4.00   clock serial_clock (rise edge)
                          0.00    4.00   clock network delay (ideal)
                         -0.20    3.80   clock uncertainty
                          0.00    3.80   clock reconvergence pessimism
                         -1.00    2.80   output external delay
                                  2.80   data required time
-----------------------------------------------------------------------------
                                  2.80   data required time
                                 -1.68   data arrival time
-----------------------------------------------------------------------------
                                  1.12   slack (MET)


Startpoint: mgmt_gpio_oeb (input port clocked by serial_clock)
Endpoint: pad_gpio_outenb (output port clocked by serial_clock)
Path Group: serial_clock
Path Type: max

Fanout     Cap    Slew   Delay    Time   Description
-----------------------------------------------------------------------------
                  0.15    0.00    0.00   clock serial_clock (rise edge)
                          0.00    0.00   clock network delay (ideal)
                          1.00    1.00 v input external delay
                  0.04    0.03    1.03 v mgmt_gpio_oeb (in)
     3    0.01                           mgmt_gpio_oeb (net)
                  0.04    0.00    1.03 v _088_/B (sky130_fd_sc_hd__and3_1)
                  0.04    0.16    1.19 v _088_/X (sky130_fd_sc_hd__and3_1)
     1    0.00                           _055_ (net)
                  0.04    0.00    1.19 v _089_/B1 (sky130_fd_sc_hd__a21o_1)
                  0.03    0.15    1.34 v _089_/X (sky130_fd_sc_hd__a21o_1)
     1    0.00                           net11 (net)
                  0.03    0.00    1.34 v output11/A (sky130_fd_sc_hd__buf_2)
                  0.10    0.19    1.53 v output11/X (sky130_fd_sc_hd__buf_2)
     1    0.03                           pad_gpio_outenb (net)
                  0.10    0.00    1.53 v pad_gpio_outenb (out)
                                  1.53   data arrival time

                  0.15    4.00    4.00   clock serial_clock (rise edge)
                          0.00    4.00   clock network delay (ideal)
                         -0.20    3.80   clock uncertainty
                          0.00    3.80   clock reconvergence pessimism
                         -1.00    2.80   output external delay
                                  2.80   data required time
-----------------------------------------------------------------------------
                                  2.80   data required time
                                 -1.53   data arrival time
-----------------------------------------------------------------------------
                                  1.27   slack (MET)


Startpoint: _172_ (rising edge-triggered flip-flop clocked by serial_clock)
Endpoint: _159_ (falling edge-triggered flip-flop clocked by serial_load')
Path Group: serial_load
Path Type: max

Fanout     Cap    Slew   Delay    Time   Description
-----------------------------------------------------------------------------
                  0.15    0.00    0.00   clock serial_clock (rise edge)
                          0.00    0.00   clock network delay (ideal)
                  0.15    0.00    0.00 ^ _172_/CLK (sky130_fd_sc_hd__dfrtp_1)
                  0.05    0.43    0.43 v _172_/Q (sky130_fd_sc_hd__dfrtp_1)
     2    0.01                           shift_register[0] (net)
                  0.05    0.00    0.43 v _159_/D (sky130_fd_sc_hd__dfbbn_1)
                                  0.43   data arrival time

                  0.15    4.00    4.00   clock serial_load' (fall edge)
                          0.00    4.00   clock network delay (ideal)
                         -0.20    3.80   clock uncertainty
                          0.00    3.80   clock reconvergence pessimism
                                  3.80 v _159_/CLK_N (sky130_fd_sc_hd__dfbbn_1)
                         -0.13    3.67   library setup time
                                  3.67   data required time
-----------------------------------------------------------------------------
                                  3.67   data required time
                                 -0.43   data arrival time
-----------------------------------------------------------------------------
                                  3.24   slack (MET)


Startpoint: _180_ (rising edge-triggered flip-flop clocked by serial_clock)
Endpoint: _161_ (falling edge-triggered flip-flop clocked by serial_load')
Path Group: serial_load
Path Type: max

Fanout     Cap    Slew   Delay    Time   Description
-----------------------------------------------------------------------------
                  0.15    0.00    0.00   clock serial_clock (rise edge)
                          0.00    0.00   clock network delay (ideal)
                  0.15    0.00    0.00 ^ _180_/CLK (sky130_fd_sc_hd__dfrtp_1)
                  0.05    0.43    0.43 v _180_/Q (sky130_fd_sc_hd__dfrtp_1)
     2    0.01                           shift_register[8] (net)
                  0.05    0.00    0.43 v _161_/D (sky130_fd_sc_hd__dfbbn_1)
                                  0.43   data arrival time

                  0.15    4.00    4.00   clock serial_load' (fall edge)
                          0.00    4.00   clock network delay (ideal)
                         -0.20    3.80   clock uncertainty
                          0.00    3.80   clock reconvergence pessimism
                                  3.80 v _161_/CLK_N (sky130_fd_sc_hd__dfbbn_1)
                         -0.13    3.67   library setup time
                                  3.67   data required time
-----------------------------------------------------------------------------
                                  3.67   data required time
                                 -0.43   data arrival time
-----------------------------------------------------------------------------
                                  3.24   slack (MET)


Startpoint: _179_ (rising edge-triggered flip-flop clocked by serial_clock)
Endpoint: _171_ (falling edge-triggered flip-flop clocked by serial_load')
Path Group: serial_load
Path Type: max

Fanout     Cap    Slew   Delay    Time   Description
-----------------------------------------------------------------------------
                  0.15    0.00    0.00   clock serial_clock (rise edge)
                          0.00    0.00   clock network delay (ideal)
                  0.15    0.00    0.00 ^ _179_/CLK (sky130_fd_sc_hd__dfrtp_1)
                  0.05    0.43    0.43 v _179_/Q (sky130_fd_sc_hd__dfrtp_1)
     2    0.01                           shift_register[7] (net)
                  0.05    0.00    0.43 v _171_/D (sky130_fd_sc_hd__dfbbn_1)
                                  0.43   data arrival time

                  0.15    4.00    4.00   clock serial_load' (fall edge)
                          0.00    4.00   clock network delay (ideal)
                         -0.20    3.80   clock uncertainty
                          0.00    3.80   clock reconvergence pessimism
                                  3.80 v _171_/CLK_N (sky130_fd_sc_hd__dfbbn_1)
                         -0.13    3.67   library setup time
                                  3.67   data required time
-----------------------------------------------------------------------------
                                  3.67   data required time
                                 -0.43   data arrival time
-----------------------------------------------------------------------------
                                  3.24   slack (MET)


Startpoint: _174_ (rising edge-triggered flip-flop clocked by serial_clock)
Endpoint: _160_ (falling edge-triggered flip-flop clocked by serial_load')
Path Group: serial_load
Path Type: max

Fanout     Cap    Slew   Delay    Time   Description
-----------------------------------------------------------------------------
                  0.15    0.00    0.00   clock serial_clock (rise edge)
                          0.00    0.00   clock network delay (ideal)
                  0.15    0.00    0.00 ^ _174_/CLK (sky130_fd_sc_hd__dfrtp_1)
                  0.05    0.43    0.43 v _174_/Q (sky130_fd_sc_hd__dfrtp_1)
     2    0.01                           shift_register[2] (net)
                  0.05    0.00    0.43 v _160_/D (sky130_fd_sc_hd__dfbbn_1)
                                  0.43   data arrival time

                  0.15    4.00    4.00   clock serial_load' (fall edge)
                          0.00    4.00   clock network delay (ideal)
                         -0.20    3.80   clock uncertainty
                          0.00    3.80   clock reconvergence pessimism
                                  3.80 v _160_/CLK_N (sky130_fd_sc_hd__dfbbn_1)
                         -0.13    3.67   library setup time
                                  3.67   data required time
-----------------------------------------------------------------------------
                                  3.67   data required time
                                 -0.43   data arrival time
-----------------------------------------------------------------------------
                                  3.25   slack (MET)


Startpoint: _176_ (rising edge-triggered flip-flop clocked by serial_clock)
Endpoint: _164_ (falling edge-triggered flip-flop clocked by serial_load')
Path Group: serial_load
Path Type: max

Fanout     Cap    Slew   Delay    Time   Description
-----------------------------------------------------------------------------
                  0.15    0.00    0.00   clock serial_clock (rise edge)
                          0.00    0.00   clock network delay (ideal)
                  0.15    0.00    0.00 ^ _176_/CLK (sky130_fd_sc_hd__dfrtp_1)
                  0.05    0.43    0.43 v _176_/Q (sky130_fd_sc_hd__dfrtp_1)
     2    0.01                           shift_register[4] (net)
                  0.05    0.00    0.43 v _164_/D (sky130_fd_sc_hd__dfbbn_1)
                                  0.43   data arrival time

                  0.15    4.00    4.00   clock serial_load' (fall edge)
                          0.00    4.00   clock network delay (ideal)
                         -0.20    3.80   clock uncertainty
                          0.00    3.80   clock reconvergence pessimism
                                  3.80 v _164_/CLK_N (sky130_fd_sc_hd__dfbbn_1)
                         -0.13    3.67   library setup time
                                  3.67   data required time
-----------------------------------------------------------------------------
                                  3.67   data required time
                                 -0.43   data arrival time
-----------------------------------------------------------------------------
                                  3.25   slack (MET)


