OpenROAD 4174c3ad802d2ac1d04d387d2c4b883903f6647e 
This program is licensed under the BSD-3 license. See the LICENSE file for details.
Components of this program may be licensed under more restrictive licenses which must be honored.
[INFO]: Setting RC values...
[INFO]: Setting signal min routing layer to: met1 and clock min routing layer to met1. 
[INFO]: Setting signal max routing layer to: met5 and clock max routing layer to met5. 
[INFO GPL-0002] DBU: 1000
[INFO GPL-0003] SiteSize: 460 2720
[INFO GPL-0004] CoreAreaLxLy: 4600 5440
[INFO GPL-0005] CoreAreaUxUy: 49220 78880
[INFO GPL-0006] NumInstances: 216
[INFO GPL-0007] NumPlaceInstances: 107
[INFO GPL-0008] NumFixedInstances: 95
[INFO GPL-0009] NumDummyInstances: 14
[INFO GPL-0010] NumNets: 144
[INFO GPL-0011] NumPins: 381
[INFO GPL-0012] DieAreaLxLy: 0 0
[INFO GPL-0013] DieAreaUxUy: 170000 85000
[INFO GPL-0014] CoreAreaLxLy: 4600 5440
[INFO GPL-0015] CoreAreaUxUy: 49220 78880
[INFO GPL-0016] CoreArea: 3276892800
[INFO GPL-0017] NonPlaceInstsArea: 474848000
[INFO GPL-0018] PlaceInstsArea: 1380073600
[INFO GPL-0019] Util(%): 49.25
[INFO GPL-0020] StdInstsArea: 1380073600
[INFO GPL-0021] MacroInstsArea: 0
[InitialPlace]  Iter: 1 CG residual: 0.00000009 HPWL: 9323510
[InitialPlace]  Iter: 2 CG residual: 0.00000009 HPWL: 6516205
[InitialPlace]  Iter: 3 CG residual: 0.00000009 HPWL: 6305179
[InitialPlace]  Iter: 4 CG residual: 0.00000008 HPWL: 6188076
[InitialPlace]  Iter: 5 CG residual: 0.00000012 HPWL: 6170729
[INFO GPL-0031] FillerInit: NumGCells: 167
[INFO GPL-0032] FillerInit: NumGNets: 144
[INFO GPL-0033] FillerInit: NumGPins: 381
[INFO GPL-0023] TargetDensity: 0.75
[INFO GPL-0024] AveragePlaceInstArea: 12897884
[INFO GPL-0025] IdealBinArea: 17197178
[INFO GPL-0026] IdealBinCnt: 190
[INFO GPL-0027] TotalBinArea: 3276892800
[INFO GPL-0028] BinCnt: 8 8
[INFO GPL-0029] BinSize: 5578 9180
[INFO GPL-0030] NumBins: 64
[NesterovSolve] Iter: 1 overflow: 0.778156 HPWL: 3788819
[INFO GPL-0100] worst slack 2e-10
[INFO GPL-0103] Weighted 33 nets.
[NesterovSolve] Iter: 10 overflow: 0.778156 HPWL: 3788819
[NesterovSolve] Iter: 20 overflow: 0.778156 HPWL: 3788819
[NesterovSolve] Iter: 30 overflow: 0.778156 HPWL: 3788819
[NesterovSolve] Iter: 40 overflow: 0.778156 HPWL: 3788819
[NesterovSolve] Iter: 50 overflow: 0.778156 HPWL: 3788819
[NesterovSolve] Iter: 60 overflow: 0.778156 HPWL: 3788819
[NesterovSolve] Iter: 70 overflow: 0.778156 HPWL: 3788819
[NesterovSolve] Iter: 80 overflow: 0.778156 HPWL: 3788819
[NesterovSolve] Iter: 90 overflow: 0.778156 HPWL: 3788819
[NesterovSolve] Iter: 100 overflow: 0.778156 HPWL: 3788819
[NesterovSolve] Iter: 110 overflow: 0.778156 HPWL: 3788819
[NesterovSolve] Iter: 120 overflow: 0.778156 HPWL: 3788819
[NesterovSolve] Iter: 130 overflow: 0.778156 HPWL: 3788819
[NesterovSolve] Iter: 140 overflow: 0.778156 HPWL: 3788819
[NesterovSolve] Iter: 150 overflow: 0.778156 HPWL: 3788819
[NesterovSolve] Iter: 160 overflow: 0.778156 HPWL: 3788819
[NesterovSolve] Iter: 170 overflow: 0.778156 HPWL: 3788819
[NesterovSolve] Iter: 180 overflow: 0.778156 HPWL: 3788819
[NesterovSolve] Iter: 190 overflow: 0.778156 HPWL: 3788819
[INFO GPL-0100] worst slack 2e-10
[INFO GPL-0103] Weighted 33 nets.
[NesterovSolve] Snapshot saved at iter = 194
[INFO GPL-0100] worst slack 2e-10
[INFO GPL-0103] Weighted 33 nets.
[NesterovSolve] Iter: 200 overflow: 0.40931 HPWL: 4201991
[NesterovSolve] Iter: 210 overflow: 0.490875 HPWL: 4181179
[NesterovSolve] Iter: 220 overflow: 0.531674 HPWL: 4106197
[NesterovSolve] Iter: 230 overflow: 0.497427 HPWL: 4080861
[NesterovSolve] Iter: 240 overflow: 0.446004 HPWL: 4052486
[NesterovSolve] Iter: 250 overflow: 0.404643 HPWL: 4032194
[NesterovSolve] Iter: 260 overflow: 0.365296 HPWL: 4021480
[NesterovSolve] Iter: 270 overflow: 0.31585 HPWL: 4008207
[NesterovSolve] Iter: 280 overflow: 0.273423 HPWL: 3994489
[NesterovSolve] Iter: 290 overflow: 0.212258 HPWL: 3954882
[INFO GPL-0100] worst slack 2.01e-10
[INFO GPL-0103] Weighted 33 nets.
[INFO GPL-0075] Routability numCall: 1 inflationIterCnt: 1 bloatIterCnt: 0
[INFO GPL-0036] TileLxLy: 0 0
[INFO GPL-0037] TileSize: 6900 6900
[INFO GPL-0038] TileCnt: 24 12
[INFO GPL-0039] numRoutingLayers: 6
[INFO GPL-0040] NumTiles: 288
[INFO GPL-0063] TotalRouteOverflowH2: 0.0
[INFO GPL-0064] TotalRouteOverflowV2: 0.0
[INFO GPL-0065] OverflowTileCnt2: 0
[INFO GPL-0066] 0.5%RC: 1.0
[INFO GPL-0067] 1.0%RC: 0.9500000029802322
[INFO GPL-0068] 2.0%RC: 0.8571428571428571
[INFO GPL-0069] 5.0%RC: 0.7611111038260989
[INFO GPL-0070] 0.5rcK: 1.0
[INFO GPL-0071] 1.0rcK: 1.0
[INFO GPL-0072] 2.0rcK: 0.0
[INFO GPL-0073] 5.0rcK: 0.0
[INFO GPL-0074] FinalRC: 0.975
[NesterovSolve] Iter: 300 overflow: 0.166448 HPWL: 3932691
[INFO GPL-0100] worst slack 2.01e-10
[INFO GPL-0103] Weighted 33 nets.
[NesterovSolve] Iter: 310 overflow: 0.132643 HPWL: 3927001
[NesterovSolve] Iter: 320 overflow: 0.102263 HPWL: 3910644
[NesterovSolve] Finished with Overflow: 0.099647
Setting global connections for newly added cells...
Writing OpenROAD database to /openlane/designs/gpio_control_block/runs/RUN_27/tmp/placement/8-global.odb...
Writing layout to /openlane/designs/gpio_control_block/runs/RUN_27/tmp/placement/8-global.def...
[INFO]: Setting RC values...
min_report

===========================================================================
report_checks -path_delay min (Hold)
============================================================================
Startpoint: gpio_defaults[12] (input port clocked by serial_clock)
Endpoint: _168_ (removal check against falling-edge clock serial_load')
Path Group: **async_default**
Path Type: min

Fanout     Cap    Slew   Delay    Time   Description
-----------------------------------------------------------------------------
                  0.15    0.00    0.00   clock serial_clock (rise edge)
                          0.00    0.00   clock network delay (ideal)
                          1.00    1.00 v input external delay
                  0.02    0.01    1.01 v gpio_defaults[12] (in)
     2    0.01                           gpio_defaults[12] (net)
                  0.02    0.00    1.01 v _145_/B (sky130_fd_sc_hd__nand2_2)
                  0.04    0.05    1.06 ^ _145_/Y (sky130_fd_sc_hd__nand2_2)
     1    0.00                           _021_ (net)
                  0.04    0.00    1.06 ^ _168_/SET_B (sky130_fd_sc_hd__dfbbn_2)
                                  1.06   data arrival time

                  0.15    0.00    0.00   clock serial_load' (fall edge)
                          0.00    0.00   clock network delay (ideal)
                          0.20    0.20   clock uncertainty
                          0.00    0.20   clock reconvergence pessimism
                                  0.20 v _168_/CLK_N (sky130_fd_sc_hd__dfbbn_2)
                          0.12    0.32   library removal time
                                  0.32   data required time
-----------------------------------------------------------------------------
                                  0.32   data required time
                                 -1.06   data arrival time
-----------------------------------------------------------------------------
                                  0.74   slack (MET)


Startpoint: gpio_defaults[8] (input port clocked by serial_clock)
Endpoint: _161_ (removal check against falling-edge clock serial_load')
Path Group: **async_default**
Path Type: min

Fanout     Cap    Slew   Delay    Time   Description
-----------------------------------------------------------------------------
                  0.15    0.00    0.00   clock serial_clock (rise edge)
                          0.00    0.00   clock network delay (ideal)
                          1.00    1.00 v input external delay
                  0.02    0.01    1.01 v gpio_defaults[8] (in)
     2    0.01                           gpio_defaults[8] (net)
                  0.02    0.00    1.01 v _117_/B (sky130_fd_sc_hd__nand2_2)
                  0.04    0.05    1.06 ^ _117_/Y (sky130_fd_sc_hd__nand2_2)
     1    0.00                           _007_ (net)
                  0.04    0.00    1.06 ^ _161_/SET_B (sky130_fd_sc_hd__dfbbn_2)
                                  1.06   data arrival time

                  0.15    0.00    0.00   clock serial_load' (fall edge)
                          0.00    0.00   clock network delay (ideal)
                          0.20    0.20   clock uncertainty
                          0.00    0.20   clock reconvergence pessimism
                                  0.20 v _161_/CLK_N (sky130_fd_sc_hd__dfbbn_2)
                          0.12    0.32   library removal time
                                  0.32   data required time
-----------------------------------------------------------------------------
                                  0.32   data required time
                                 -1.06   data arrival time
-----------------------------------------------------------------------------
                                  0.74   slack (MET)


Startpoint: gpio_defaults[9] (input port clocked by serial_clock)
Endpoint: _162_ (removal check against falling-edge clock serial_load')
Path Group: **async_default**
Path Type: min

Fanout     Cap    Slew   Delay    Time   Description
-----------------------------------------------------------------------------
                  0.15    0.00    0.00   clock serial_clock (rise edge)
                          0.00    0.00   clock network delay (ideal)
                          1.00    1.00 v input external delay
                  0.02    0.01    1.01 v gpio_defaults[9] (in)
     2    0.01                           gpio_defaults[9] (net)
                  0.02    0.00    1.01 v _121_/B (sky130_fd_sc_hd__nand2_2)
                  0.04    0.05    1.06 ^ _121_/Y (sky130_fd_sc_hd__nand2_2)
     1    0.00                           _009_ (net)
                  0.04    0.00    1.06 ^ _162_/SET_B (sky130_fd_sc_hd__dfbbn_2)
                                  1.06   data arrival time

                  0.15    0.00    0.00   clock serial_load' (fall edge)
                          0.00    0.00   clock network delay (ideal)
                          0.20    0.20   clock uncertainty
                          0.00    0.20   clock reconvergence pessimism
                                  0.20 v _162_/CLK_N (sky130_fd_sc_hd__dfbbn_2)
                          0.12    0.32   library removal time
                                  0.32   data required time
-----------------------------------------------------------------------------
                                  0.32   data required time
                                 -1.06   data arrival time
-----------------------------------------------------------------------------
                                  0.74   slack (MET)


Startpoint: gpio_defaults[0] (input port clocked by serial_clock)
Endpoint: _159_ (removal check against falling-edge clock serial_load')
Path Group: **async_default**
Path Type: min

Fanout     Cap    Slew   Delay    Time   Description
-----------------------------------------------------------------------------
                  0.15    0.00    0.00   clock serial_clock (rise edge)
                          0.00    0.00   clock network delay (ideal)
                          1.00    1.00 v input external delay
                  0.02    0.01    1.01 v gpio_defaults[0] (in)
     2    0.01                           gpio_defaults[0] (net)
                  0.02    0.00    1.01 v _109_/B (sky130_fd_sc_hd__nand2_2)
                  0.04    0.05    1.06 ^ _109_/Y (sky130_fd_sc_hd__nand2_2)
     1    0.00                           _003_ (net)
                  0.04    0.00    1.06 ^ _159_/SET_B (sky130_fd_sc_hd__dfbbn_2)
                                  1.06   data arrival time

                  0.15    0.00    0.00   clock serial_load' (fall edge)
                          0.00    0.00   clock network delay (ideal)
                          0.20    0.20   clock uncertainty
                          0.00    0.20   clock reconvergence pessimism
                                  0.20 v _159_/CLK_N (sky130_fd_sc_hd__dfbbn_2)
                          0.12    0.32   library removal time
                                  0.32   data required time
-----------------------------------------------------------------------------
                                  0.32   data required time
                                 -1.06   data arrival time
-----------------------------------------------------------------------------
                                  0.74   slack (MET)


Startpoint: gpio_defaults[1] (input port clocked by serial_clock)
Endpoint: _165_ (removal check against falling-edge clock serial_load')
Path Group: **async_default**
Path Type: min

Fanout     Cap    Slew   Delay    Time   Description
-----------------------------------------------------------------------------
                  0.15    0.00    0.00   clock serial_clock (rise edge)
                          0.00    0.00   clock network delay (ideal)
                          1.00    1.00 v input external delay
                  0.02    0.01    1.01 v gpio_defaults[1] (in)
     2    0.01                           gpio_defaults[1] (net)
                  0.02    0.00    1.01 v _133_/B (sky130_fd_sc_hd__nand2_2)
                  0.04    0.05    1.06 ^ _133_/Y (sky130_fd_sc_hd__nand2_2)
     1    0.00                           _015_ (net)
                  0.04    0.00    1.06 ^ _165_/SET_B (sky130_fd_sc_hd__dfbbn_2)
                                  1.06   data arrival time

                  0.15    0.00    0.00   clock serial_load' (fall edge)
                          0.00    0.00   clock network delay (ideal)
                          0.20    0.20   clock uncertainty
                          0.00    0.20   clock reconvergence pessimism
                                  0.20 v _165_/CLK_N (sky130_fd_sc_hd__dfbbn_2)
                          0.12    0.32   library removal time
                                  0.32   data required time
-----------------------------------------------------------------------------
                                  0.32   data required time
                                 -1.06   data arrival time
-----------------------------------------------------------------------------
                                  0.74   slack (MET)


Startpoint: _178_ (rising edge-triggered flip-flop clocked by serial_clock)
Endpoint: _179_ (rising edge-triggered flip-flop clocked by serial_clock)
Path Group: serial_clock
Path Type: min

Fanout     Cap    Slew   Delay    Time   Description
-----------------------------------------------------------------------------
                  0.15    0.00    0.00   clock serial_clock (rise edge)
                          0.00    0.00   clock network delay (ideal)
                  0.15    0.00    0.00 ^ _178_/CLK (sky130_fd_sc_hd__dfrtp_2)
                  0.05    0.36    0.36 ^ _178_/Q (sky130_fd_sc_hd__dfrtp_2)
     2    0.00                           shift_register[6] (net)
                  0.05    0.00    0.36 ^ _179_/D (sky130_fd_sc_hd__dfrtp_2)
                                  0.36   data arrival time

                  0.15    0.00    0.00   clock serial_clock (rise edge)
                          0.00    0.00   clock network delay (ideal)
                          0.20    0.20   clock uncertainty
                          0.00    0.20   clock reconvergence pessimism
                                  0.20 ^ _179_/CLK (sky130_fd_sc_hd__dfrtp_2)
                         -0.02    0.18   library hold time
                                  0.18   data required time
-----------------------------------------------------------------------------
                                  0.18   data required time
                                 -0.36   data arrival time
-----------------------------------------------------------------------------
                                  0.18   slack (MET)


Startpoint: _177_ (rising edge-triggered flip-flop clocked by serial_clock)
Endpoint: _178_ (rising edge-triggered flip-flop clocked by serial_clock)
Path Group: serial_clock
Path Type: min

Fanout     Cap    Slew   Delay    Time   Description
-----------------------------------------------------------------------------
                  0.15    0.00    0.00   clock serial_clock (rise edge)
                          0.00    0.00   clock network delay (ideal)
                  0.15    0.00    0.00 ^ _177_/CLK (sky130_fd_sc_hd__dfrtp_2)
                  0.05    0.36    0.36 ^ _177_/Q (sky130_fd_sc_hd__dfrtp_2)
     2    0.00                           shift_register[5] (net)
                  0.05    0.00    0.36 ^ _178_/D (sky130_fd_sc_hd__dfrtp_2)
                                  0.36   data arrival time

                  0.15    0.00    0.00   clock serial_clock (rise edge)
                          0.00    0.00   clock network delay (ideal)
                          0.20    0.20   clock uncertainty
                          0.00    0.20   clock reconvergence pessimism
                                  0.20 ^ _178_/CLK (sky130_fd_sc_hd__dfrtp_2)
                         -0.02    0.18   library hold time
                                  0.18   data required time
-----------------------------------------------------------------------------
                                  0.18   data required time
                                 -0.36   data arrival time
-----------------------------------------------------------------------------
                                  0.18   slack (MET)


Startpoint: _182_ (rising edge-triggered flip-flop clocked by serial_clock)
Endpoint: _183_ (rising edge-triggered flip-flop clocked by serial_clock)
Path Group: serial_clock
Path Type: min

Fanout     Cap    Slew   Delay    Time   Description
-----------------------------------------------------------------------------
                  0.15    0.00    0.00   clock serial_clock (rise edge)
                          0.00    0.00   clock network delay (ideal)
                  0.15    0.00    0.00 ^ _182_/CLK (sky130_fd_sc_hd__dfrtp_2)
                  0.05    0.36    0.36 ^ _182_/Q (sky130_fd_sc_hd__dfrtp_2)
     2    0.00                           shift_register[10] (net)
                  0.05    0.00    0.36 ^ _183_/D (sky130_fd_sc_hd__dfrtp_2)
                                  0.36   data arrival time

                  0.15    0.00    0.00   clock serial_clock (rise edge)
                          0.00    0.00   clock network delay (ideal)
                          0.20    0.20   clock uncertainty
                          0.00    0.20   clock reconvergence pessimism
                                  0.20 ^ _183_/CLK (sky130_fd_sc_hd__dfrtp_2)
                         -0.02    0.18   library hold time
                                  0.18   data required time
-----------------------------------------------------------------------------
                                  0.18   data required time
                                 -0.36   data arrival time
-----------------------------------------------------------------------------
                                  0.18   slack (MET)


Startpoint: _173_ (rising edge-triggered flip-flop clocked by serial_clock)
Endpoint: _174_ (rising edge-triggered flip-flop clocked by serial_clock)
Path Group: serial_clock
Path Type: min

Fanout     Cap    Slew   Delay    Time   Description
-----------------------------------------------------------------------------
                  0.15    0.00    0.00   clock serial_clock (rise edge)
                          0.00    0.00   clock network delay (ideal)
                  0.15    0.00    0.00 ^ _173_/CLK (sky130_fd_sc_hd__dfrtp_2)
                  0.05    0.36    0.36 ^ _173_/Q (sky130_fd_sc_hd__dfrtp_2)
     2    0.00                           shift_register[1] (net)
                  0.05    0.00    0.36 ^ _174_/D (sky130_fd_sc_hd__dfrtp_2)
                                  0.36   data arrival time

                  0.15    0.00    0.00   clock serial_clock (rise edge)
                          0.00    0.00   clock network delay (ideal)
                          0.20    0.20   clock uncertainty
                          0.00    0.20   clock reconvergence pessimism
                                  0.20 ^ _174_/CLK (sky130_fd_sc_hd__dfrtp_2)
                         -0.02    0.18   library hold time
                                  0.18   data required time
-----------------------------------------------------------------------------
                                  0.18   data required time
                                 -0.36   data arrival time
-----------------------------------------------------------------------------
                                  0.18   slack (MET)


Startpoint: _176_ (rising edge-triggered flip-flop clocked by serial_clock)
Endpoint: _177_ (rising edge-triggered flip-flop clocked by serial_clock)
Path Group: serial_clock
Path Type: min

Fanout     Cap    Slew   Delay    Time   Description
-----------------------------------------------------------------------------
                  0.15    0.00    0.00   clock serial_clock (rise edge)
                          0.00    0.00   clock network delay (ideal)
                  0.15    0.00    0.00 ^ _176_/CLK (sky130_fd_sc_hd__dfrtp_2)
                  0.05    0.36    0.36 ^ _176_/Q (sky130_fd_sc_hd__dfrtp_2)
     2    0.01                           shift_register[4] (net)
                  0.05    0.00    0.36 ^ _177_/D (sky130_fd_sc_hd__dfrtp_2)
                                  0.36   data arrival time

                  0.15    0.00    0.00   clock serial_clock (rise edge)
                          0.00    0.00   clock network delay (ideal)
                          0.20    0.20   clock uncertainty
                          0.00    0.20   clock reconvergence pessimism
                                  0.20 ^ _177_/CLK (sky130_fd_sc_hd__dfrtp_2)
                         -0.02    0.18   library hold time
                                  0.18   data required time
-----------------------------------------------------------------------------
                                  0.18   data required time
                                 -0.36   data arrival time
-----------------------------------------------------------------------------
                                  0.18   slack (MET)


Startpoint: _178_ (rising edge-triggered flip-flop clocked by serial_clock)
Endpoint: _170_ (falling edge-triggered flip-flop clocked by serial_load')
Path Group: serial_load
Path Type: min

Fanout     Cap    Slew   Delay    Time   Description
-----------------------------------------------------------------------------
                  0.15    0.00    0.00   clock serial_clock (rise edge)
                          0.00    0.00   clock network delay (ideal)
                  0.15    0.00    0.00 ^ _178_/CLK (sky130_fd_sc_hd__dfrtp_2)
                  0.05    0.36    0.36 ^ _178_/Q (sky130_fd_sc_hd__dfrtp_2)
     2    0.00                           shift_register[6] (net)
                  0.05    0.00    0.36 ^ _170_/D (sky130_fd_sc_hd__dfbbn_2)
                                  0.36   data arrival time

                  0.15    0.00    0.00   clock serial_load' (fall edge)
                          0.00    0.00   clock network delay (ideal)
                          0.20    0.20   clock uncertainty
                          0.00    0.20   clock reconvergence pessimism
                                  0.20 v _170_/CLK_N (sky130_fd_sc_hd__dfbbn_2)
                          0.09    0.29   library hold time
                                  0.29   data required time
-----------------------------------------------------------------------------
                                  0.29   data required time
                                 -0.36   data arrival time
-----------------------------------------------------------------------------
                                  0.06   slack (MET)


Startpoint: _177_ (rising edge-triggered flip-flop clocked by serial_clock)
Endpoint: _169_ (falling edge-triggered flip-flop clocked by serial_load')
Path Group: serial_load
Path Type: min

Fanout     Cap    Slew   Delay    Time   Description
-----------------------------------------------------------------------------
                  0.15    0.00    0.00   clock serial_clock (rise edge)
                          0.00    0.00   clock network delay (ideal)
                  0.15    0.00    0.00 ^ _177_/CLK (sky130_fd_sc_hd__dfrtp_2)
                  0.05    0.36    0.36 ^ _177_/Q (sky130_fd_sc_hd__dfrtp_2)
     2    0.00                           shift_register[5] (net)
                  0.05    0.00    0.36 ^ _169_/D (sky130_fd_sc_hd__dfbbn_2)
                                  0.36   data arrival time

                  0.15    0.00    0.00   clock serial_load' (fall edge)
                          0.00    0.00   clock network delay (ideal)
                          0.20    0.20   clock uncertainty
                          0.00    0.20   clock reconvergence pessimism
                                  0.20 v _169_/CLK_N (sky130_fd_sc_hd__dfbbn_2)
                          0.09    0.29   library hold time
                                  0.29   data required time
-----------------------------------------------------------------------------
                                  0.29   data required time
                                 -0.36   data arrival time
-----------------------------------------------------------------------------
                                  0.06   slack (MET)


Startpoint: _182_ (rising edge-triggered flip-flop clocked by serial_clock)
Endpoint: _166_ (falling edge-triggered flip-flop clocked by serial_load')
Path Group: serial_load
Path Type: min

Fanout     Cap    Slew   Delay    Time   Description
-----------------------------------------------------------------------------
                  0.15    0.00    0.00   clock serial_clock (rise edge)
                          0.00    0.00   clock network delay (ideal)
                  0.15    0.00    0.00 ^ _182_/CLK (sky130_fd_sc_hd__dfrtp_2)
                  0.05    0.36    0.36 ^ _182_/Q (sky130_fd_sc_hd__dfrtp_2)
     2    0.00                           shift_register[10] (net)
                  0.05    0.00    0.36 ^ _166_/D (sky130_fd_sc_hd__dfbbn_2)
                                  0.36   data arrival time

                  0.15    0.00    0.00   clock serial_load' (fall edge)
                          0.00    0.00   clock network delay (ideal)
                          0.20    0.20   clock uncertainty
                          0.00    0.20   clock reconvergence pessimism
                                  0.20 v _166_/CLK_N (sky130_fd_sc_hd__dfbbn_2)
                          0.09    0.29   library hold time
                                  0.29   data required time
-----------------------------------------------------------------------------
                                  0.29   data required time
                                 -0.36   data arrival time
-----------------------------------------------------------------------------
                                  0.06   slack (MET)


Startpoint: _184_ (rising edge-triggered flip-flop clocked by serial_clock)
Endpoint: _168_ (falling edge-triggered flip-flop clocked by serial_load')
Path Group: serial_load
Path Type: min

Fanout     Cap    Slew   Delay    Time   Description
-----------------------------------------------------------------------------
                  0.15    0.00    0.00   clock serial_clock (rise edge)
                          0.00    0.00   clock network delay (ideal)
                  0.15    0.00    0.00 ^ _184_/CLK (sky130_fd_sc_hd__dfrtp_2)
                  0.05    0.36    0.36 ^ _184_/Q (sky130_fd_sc_hd__dfrtp_2)
     2    0.00                           shift_register[12] (net)
                  0.05    0.00    0.36 ^ _168_/D (sky130_fd_sc_hd__dfbbn_2)
                                  0.36   data arrival time

                  0.15    0.00    0.00   clock serial_load' (fall edge)
                          0.00    0.00   clock network delay (ideal)
                          0.20    0.20   clock uncertainty
                          0.00    0.20   clock reconvergence pessimism
                                  0.20 v _168_/CLK_N (sky130_fd_sc_hd__dfbbn_2)
                          0.09    0.29   library hold time
                                  0.29   data required time
-----------------------------------------------------------------------------
                                  0.29   data required time
                                 -0.36   data arrival time
-----------------------------------------------------------------------------
                                  0.06   slack (MET)


Startpoint: _173_ (rising edge-triggered flip-flop clocked by serial_clock)
Endpoint: _165_ (falling edge-triggered flip-flop clocked by serial_load')
Path Group: serial_load
Path Type: min

Fanout     Cap    Slew   Delay    Time   Description
-----------------------------------------------------------------------------
                  0.15    0.00    0.00   clock serial_clock (rise edge)
                          0.00    0.00   clock network delay (ideal)
                  0.15    0.00    0.00 ^ _173_/CLK (sky130_fd_sc_hd__dfrtp_2)
                  0.05    0.36    0.36 ^ _173_/Q (sky130_fd_sc_hd__dfrtp_2)
     2    0.00                           shift_register[1] (net)
                  0.05    0.00    0.36 ^ _165_/D (sky130_fd_sc_hd__dfbbn_2)
                                  0.36   data arrival time

                  0.15    0.00    0.00   clock serial_load' (fall edge)
                          0.00    0.00   clock network delay (ideal)
                          0.20    0.20   clock uncertainty
                          0.00    0.20   clock reconvergence pessimism
                                  0.20 v _165_/CLK_N (sky130_fd_sc_hd__dfbbn_2)
                          0.09    0.29   library hold time
                                  0.29   data required time
-----------------------------------------------------------------------------
                                  0.29   data required time
                                 -0.36   data arrival time
-----------------------------------------------------------------------------
                                  0.07   slack (MET)


min_report_end
max_report

===========================================================================
report_checks -path_delay max (Setup)
============================================================================
Startpoint: gpio_defaults[5] (input port clocked by serial_clock)
Endpoint: _169_ (recovery check against falling-edge clock serial_load')
Path Group: **async_default**
Path Type: max

Fanout     Cap    Slew   Delay    Time   Description
-----------------------------------------------------------------------------
                  0.15    0.00    0.00   clock serial_clock (rise edge)
                          0.00    0.00   clock network delay (ideal)
                          1.00    1.00 ^ input external delay
                  0.06    0.04    1.04 ^ gpio_defaults[5] (in)
     2    0.01                           gpio_defaults[5] (net)
                  0.06    0.00    1.04 ^ _146_/B (sky130_fd_sc_hd__or2_2)
                  0.03    0.10    1.14 ^ _146_/X (sky130_fd_sc_hd__or2_2)
     1    0.00                           _050_ (net)
                  0.03    0.00    1.14 ^ _147_/A (sky130_fd_sc_hd__buf_2)
                  0.02    0.09    1.23 ^ _147_/X (sky130_fd_sc_hd__buf_2)
     1    0.00                           _022_ (net)
                  0.02    0.00    1.23 ^ _169_/RESET_B (sky130_fd_sc_hd__dfbbn_2)
                                  1.23   data arrival time

                  0.15    4.00    4.00   clock serial_load' (fall edge)
                          0.00    4.00   clock network delay (ideal)
                         -0.20    3.80   clock uncertainty
                          0.00    3.80   clock reconvergence pessimism
                                  3.80 v _169_/CLK_N (sky130_fd_sc_hd__dfbbn_2)
                         -0.01    3.79   library recovery time
                                  3.79   data required time
-----------------------------------------------------------------------------
                                  3.79   data required time
                                 -1.23   data arrival time
-----------------------------------------------------------------------------
                                  2.56   slack (MET)


Startpoint: gpio_defaults[7] (input port clocked by serial_clock)
Endpoint: _171_ (recovery check against falling-edge clock serial_load')
Path Group: **async_default**
Path Type: max

Fanout     Cap    Slew   Delay    Time   Description
-----------------------------------------------------------------------------
                  0.15    0.00    0.00   clock serial_clock (rise edge)
                          0.00    0.00   clock network delay (ideal)
                          1.00    1.00 ^ input external delay
                  0.06    0.04    1.04 ^ gpio_defaults[7] (in)
     2    0.01                           gpio_defaults[7] (net)
                  0.06    0.00    1.04 ^ _154_/B (sky130_fd_sc_hd__or2_2)
                  0.03    0.10    1.14 ^ _154_/X (sky130_fd_sc_hd__or2_2)
     1    0.00                           _052_ (net)
                  0.03    0.00    1.14 ^ _155_/A (sky130_fd_sc_hd__buf_2)
                  0.02    0.09    1.23 ^ _155_/X (sky130_fd_sc_hd__buf_2)
     1    0.00                           _026_ (net)
                  0.02    0.00    1.23 ^ _171_/RESET_B (sky130_fd_sc_hd__dfbbn_2)
                                  1.23   data arrival time

                  0.15    4.00    4.00   clock serial_load' (fall edge)
                          0.00    4.00   clock network delay (ideal)
                         -0.20    3.80   clock uncertainty
                          0.00    3.80   clock reconvergence pessimism
                                  3.80 v _171_/CLK_N (sky130_fd_sc_hd__dfbbn_2)
                         -0.01    3.79   library recovery time
                                  3.79   data required time
-----------------------------------------------------------------------------
                                  3.79   data required time
                                 -1.23   data arrival time
-----------------------------------------------------------------------------
                                  2.56   slack (MET)


Startpoint: gpio_defaults[6] (input port clocked by serial_clock)
Endpoint: _170_ (recovery check against falling-edge clock serial_load')
Path Group: **async_default**
Path Type: max

Fanout     Cap    Slew   Delay    Time   Description
-----------------------------------------------------------------------------
                  0.15    0.00    0.00   clock serial_clock (rise edge)
                          0.00    0.00   clock network delay (ideal)
                          1.00    1.00 ^ input external delay
                  0.06    0.04    1.04 ^ gpio_defaults[6] (in)
     2    0.01                           gpio_defaults[6] (net)
                  0.06    0.00    1.04 ^ _150_/B (sky130_fd_sc_hd__or2_2)
                  0.03    0.10    1.14 ^ _150_/X (sky130_fd_sc_hd__or2_2)
     1    0.00                           _051_ (net)
                  0.03    0.00    1.14 ^ _151_/A (sky130_fd_sc_hd__buf_2)
                  0.02    0.09    1.23 ^ _151_/X (sky130_fd_sc_hd__buf_2)
     1    0.00                           _024_ (net)
                  0.02    0.00    1.23 ^ _170_/RESET_B (sky130_fd_sc_hd__dfbbn_2)
                                  1.23   data arrival time

                  0.15    4.00    4.00   clock serial_load' (fall edge)
                          0.00    4.00   clock network delay (ideal)
                         -0.20    3.80   clock uncertainty
                          0.00    3.80   clock reconvergence pessimism
                                  3.80 v _170_/CLK_N (sky130_fd_sc_hd__dfbbn_2)
                         -0.01    3.79   library recovery time
                                  3.79   data required time
-----------------------------------------------------------------------------
                                  3.79   data required time
                                 -1.23   data arrival time
-----------------------------------------------------------------------------
                                  2.56   slack (MET)


Startpoint: gpio_defaults[4] (input port clocked by serial_clock)
Endpoint: _164_ (recovery check against falling-edge clock serial_load')
Path Group: **async_default**
Path Type: max

Fanout     Cap    Slew   Delay    Time   Description
-----------------------------------------------------------------------------
                  0.15    0.00    0.00   clock serial_clock (rise edge)
                          0.00    0.00   clock network delay (ideal)
                          1.00    1.00 ^ input external delay
                  0.05    0.04    1.04 ^ gpio_defaults[4] (in)
     2    0.01                           gpio_defaults[4] (net)
                  0.05    0.00    1.04 ^ _126_/B (sky130_fd_sc_hd__or2_4)
                  0.03    0.11    1.15 ^ _126_/X (sky130_fd_sc_hd__or2_4)
     1    0.01                           _045_ (net)
                  0.03    0.00    1.15 ^ _127_/A (sky130_fd_sc_hd__buf_6)
                  0.02    0.08    1.23 ^ _127_/X (sky130_fd_sc_hd__buf_6)
     1    0.00                           _012_ (net)
                  0.02    0.00    1.23 ^ _164_/RESET_B (sky130_fd_sc_hd__dfbbn_2)
                                  1.23   data arrival time

                  0.15    4.00    4.00   clock serial_load' (fall edge)
                          0.00    4.00   clock network delay (ideal)
                         -0.20    3.80   clock uncertainty
                          0.00    3.80   clock reconvergence pessimism
                                  3.80 v _164_/CLK_N (sky130_fd_sc_hd__dfbbn_2)
                         -0.01    3.79   library recovery time
                                  3.79   data required time
-----------------------------------------------------------------------------
                                  3.79   data required time
                                 -1.23   data arrival time
-----------------------------------------------------------------------------
                                  2.56   slack (MET)


Startpoint: gpio_defaults[2] (input port clocked by serial_clock)
Endpoint: _160_ (recovery check against falling-edge clock serial_load')
Path Group: **async_default**
Path Type: max

Fanout     Cap    Slew   Delay    Time   Description
-----------------------------------------------------------------------------
                  0.15    0.00    0.00   clock serial_clock (rise edge)
                          0.00    0.00   clock network delay (ideal)
                          1.00    1.00 ^ input external delay
                  0.05    0.04    1.04 ^ gpio_defaults[2] (in)
     2    0.01                           gpio_defaults[2] (net)
                  0.05    0.00    1.04 ^ _110_/B (sky130_fd_sc_hd__or2_4)
                  0.03    0.11    1.15 ^ _110_/X (sky130_fd_sc_hd__or2_4)
     1    0.01                           _071_ (net)
                  0.03    0.00    1.15 ^ _111_/A (sky130_fd_sc_hd__buf_6)
                  0.02    0.08    1.23 ^ _111_/X (sky130_fd_sc_hd__buf_6)
     1    0.00                           _004_ (net)
                  0.02    0.00    1.23 ^ _160_/RESET_B (sky130_fd_sc_hd__dfbbn_2)
                                  1.23   data arrival time

                  0.15    4.00    4.00   clock serial_load' (fall edge)
                          0.00    4.00   clock network delay (ideal)
                         -0.20    3.80   clock uncertainty
                          0.00    3.80   clock reconvergence pessimism
                                  3.80 v _160_/CLK_N (sky130_fd_sc_hd__dfbbn_2)
                         -0.01    3.79   library recovery time
                                  3.79   data required time
-----------------------------------------------------------------------------
                                  3.79   data required time
                                 -1.23   data arrival time
-----------------------------------------------------------------------------
                                  2.56   slack (MET)


Startpoint: serial_clock (clock source 'serial_clock')
Endpoint: serial_clock_out (output port clocked by serial_clock)
Path Group: serial_clock
Path Type: max

Fanout     Cap    Slew   Delay    Time   Description
-----------------------------------------------------------------------------
                  0.15    2.00    2.00   clock serial_clock (fall edge)
                  0.07    0.05    2.05 v serial_clock (in)
    15    0.03                           serial_clock (net)
                  0.07    0.00    2.05 v _187_/A (sky130_fd_sc_hd__buf_2)
                  1.06    0.65    2.70 v _187_/X (sky130_fd_sc_hd__buf_2)
     1    0.40                           serial_clock_out (net)
                  1.06    0.00    2.70 v serial_clock_out (out)
                                  2.70   data arrival time

                  0.15    4.00    4.00   clock serial_clock (rise edge)
                          0.00    4.00   clock network delay (ideal)
                         -0.20    3.80   clock uncertainty
                          0.00    3.80   clock reconvergence pessimism
                         -1.00    2.80   output external delay
                                  2.80   data required time
-----------------------------------------------------------------------------
                                  2.80   data required time
                                 -2.70   data arrival time
-----------------------------------------------------------------------------
                                  0.10   slack (MET)


Startpoint: serial_load (clock source 'serial_load')
Endpoint: serial_load_out (output port clocked by serial_clock)
Path Group: serial_clock
Path Type: max

Fanout     Cap    Slew   Delay    Time   Description
-----------------------------------------------------------------------------
                  0.15    2.00    2.00   clock serial_load (fall edge)
                  0.04    0.03    2.03 v serial_load (in)
     5    0.02                           serial_load (net)
                  0.04    0.00    2.03 v _188_/A (sky130_fd_sc_hd__buf_2)
                  1.06    0.63    2.66 v _188_/X (sky130_fd_sc_hd__buf_2)
     1    0.40                           serial_load_out (net)
                  1.06    0.00    2.66 v serial_load_out (out)
                                  2.66   data arrival time

                  0.15    4.00    4.00   clock serial_clock (rise edge)
                          0.00    4.00   clock network delay (ideal)
                         -0.20    3.80   clock uncertainty
                          0.00    3.80   clock reconvergence pessimism
                         -1.00    2.80   output external delay
                                  2.80   data required time
-----------------------------------------------------------------------------
                                  2.80   data required time
                                 -2.66   data arrival time
-----------------------------------------------------------------------------
                                  0.14   slack (MET)


Startpoint: _185_ (rising edge-triggered flip-flop clocked by serial_clock')
Endpoint: serial_data_out (output port clocked by serial_clock)
Path Group: serial_clock
Path Type: max

Fanout     Cap    Slew   Delay    Time   Description
-----------------------------------------------------------------------------
                  0.15    2.00    2.00   clock serial_clock' (rise edge)
                          0.00    2.00   clock network delay (ideal)
                  0.15    0.00    2.00 ^ _185_/CLK (sky130_fd_sc_hd__dfrtp_2)
                  0.12    0.54    2.54 v _185_/Q (sky130_fd_sc_hd__dfrtp_2)
     1    0.03                           serial_data_out (net)
                  0.12    0.00    2.55 v serial_data_out (out)
                                  2.55   data arrival time

                  0.15    4.00    4.00   clock serial_clock (rise edge)
                          0.00    4.00   clock network delay (ideal)
                         -0.20    3.80   clock uncertainty
                          0.00    3.80   clock reconvergence pessimism
                         -1.00    2.80   output external delay
                                  2.80   data required time
-----------------------------------------------------------------------------
                                  2.80   data required time
                                 -2.55   data arrival time
-----------------------------------------------------------------------------
                                  0.25   slack (MET)


Startpoint: _163_ (falling edge-triggered flip-flop clocked by serial_load')
Endpoint: mgmt_gpio_in (output port clocked by serial_clock)
Path Group: serial_clock
Path Type: max

Fanout     Cap    Slew   Delay    Time   Description
-----------------------------------------------------------------------------
                  0.15    0.00    0.00   clock serial_load' (fall edge)
                          0.00    0.00   clock network delay (ideal)
                  0.15    0.00    0.00 v _163_/CLK_N (sky130_fd_sc_hd__dfbbn_2)
                  0.11    0.76    0.76 v _163_/Q (sky130_fd_sc_hd__dfbbn_2)
     2    0.04                           pad_gpio_inenb (net)
                  0.11    0.00    0.76 v _085_/A (sky130_fd_sc_hd__or2b_2)
                  0.05    0.31    1.08 v _085_/X (sky130_fd_sc_hd__or2b_2)
     1    0.00                           _053_ (net)
                  0.05    0.00    1.08 v _086_/A (sky130_fd_sc_hd__buf_2)
                  0.03    0.13    1.20 v _086_/X (sky130_fd_sc_hd__buf_2)
     1    0.00                           _072_ (net)
                  0.03    0.00    1.20 v _189_/TE_B (sky130_fd_sc_hd__ebufn_2)
                  0.52    0.43    1.63 ^ _189_/Z (sky130_fd_sc_hd__ebufn_2)
     1    0.04                           mgmt_gpio_in (net)
                  0.52    0.00    1.64 ^ mgmt_gpio_in (out)
                                  1.64   data arrival time

                  0.15    4.00    4.00   clock serial_clock (rise edge)
                          0.00    4.00   clock network delay (ideal)
                         -0.20    3.80   clock uncertainty
                          0.00    3.80   clock reconvergence pessimism
                         -1.00    2.80   output external delay
                                  2.80   data required time
-----------------------------------------------------------------------------
                                  2.80   data required time
                                 -1.64   data arrival time
-----------------------------------------------------------------------------
                                  1.16   slack (MET)


Startpoint: _184_ (rising edge-triggered flip-flop clocked by serial_clock)
Endpoint: _185_ (rising edge-triggered flip-flop clocked by serial_clock')
Path Group: serial_clock
Path Type: max

Fanout     Cap    Slew   Delay    Time   Description
-----------------------------------------------------------------------------
                  0.15    0.00    0.00   clock serial_clock (rise edge)
                          0.00    0.00   clock network delay (ideal)
                  0.15    0.00    0.00 ^ _184_/CLK (sky130_fd_sc_hd__dfrtp_2)
                  0.04    0.44    0.44 v _184_/Q (sky130_fd_sc_hd__dfrtp_2)
     2    0.00                           shift_register[12] (net)
                  0.04    0.00    0.44 v _185_/D (sky130_fd_sc_hd__dfrtp_2)
                                  0.44   data arrival time

                  0.15    2.00    2.00   clock serial_clock' (rise edge)
                          0.00    2.00   clock network delay (ideal)
                         -0.20    1.80   clock uncertainty
                          0.00    1.80   clock reconvergence pessimism
                                  1.80 ^ _185_/CLK (sky130_fd_sc_hd__dfrtp_2)
                         -0.09    1.71   library setup time
                                  1.71   data required time
-----------------------------------------------------------------------------
                                  1.71   data required time
                                 -0.44   data arrival time
-----------------------------------------------------------------------------
                                  1.26   slack (MET)


Startpoint: _172_ (rising edge-triggered flip-flop clocked by serial_clock)
Endpoint: _159_ (falling edge-triggered flip-flop clocked by serial_load')
Path Group: serial_load
Path Type: max

Fanout     Cap    Slew   Delay    Time   Description
-----------------------------------------------------------------------------
                  0.15    0.00    0.00   clock serial_clock (rise edge)
                          0.00    0.00   clock network delay (ideal)
                  0.15    0.00    0.00 ^ _172_/CLK (sky130_fd_sc_hd__dfrtp_2)
                  0.05    0.45    0.45 v _172_/Q (sky130_fd_sc_hd__dfrtp_2)
     2    0.01                           shift_register[0] (net)
                  0.05    0.00    0.45 v _159_/D (sky130_fd_sc_hd__dfbbn_2)
                                  0.45   data arrival time

                  0.15    4.00    4.00   clock serial_load' (fall edge)
                          0.00    4.00   clock network delay (ideal)
                         -0.20    3.80   clock uncertainty
                          0.00    3.80   clock reconvergence pessimism
                                  3.80 v _159_/CLK_N (sky130_fd_sc_hd__dfbbn_2)
                         -0.13    3.67   library setup time
                                  3.67   data required time
-----------------------------------------------------------------------------
                                  3.67   data required time
                                 -0.45   data arrival time
-----------------------------------------------------------------------------
                                  3.22   slack (MET)


Startpoint: _180_ (rising edge-triggered flip-flop clocked by serial_clock)
Endpoint: _161_ (falling edge-triggered flip-flop clocked by serial_load')
Path Group: serial_load
Path Type: max

Fanout     Cap    Slew   Delay    Time   Description
-----------------------------------------------------------------------------
                  0.15    0.00    0.00   clock serial_clock (rise edge)
                          0.00    0.00   clock network delay (ideal)
                  0.15    0.00    0.00 ^ _180_/CLK (sky130_fd_sc_hd__dfrtp_2)
                  0.05    0.45    0.45 v _180_/Q (sky130_fd_sc_hd__dfrtp_2)
     2    0.01                           shift_register[8] (net)
                  0.05    0.00    0.45 v _161_/D (sky130_fd_sc_hd__dfbbn_2)
                                  0.45   data arrival time

                  0.15    4.00    4.00   clock serial_load' (fall edge)
                          0.00    4.00   clock network delay (ideal)
                         -0.20    3.80   clock uncertainty
                          0.00    3.80   clock reconvergence pessimism
                                  3.80 v _161_/CLK_N (sky130_fd_sc_hd__dfbbn_2)
                         -0.13    3.67   library setup time
                                  3.67   data required time
-----------------------------------------------------------------------------
                                  3.67   data required time
                                 -0.45   data arrival time
-----------------------------------------------------------------------------
                                  3.22   slack (MET)


Startpoint: _174_ (rising edge-triggered flip-flop clocked by serial_clock)
Endpoint: _160_ (falling edge-triggered flip-flop clocked by serial_load')
Path Group: serial_load
Path Type: max

Fanout     Cap    Slew   Delay    Time   Description
-----------------------------------------------------------------------------
                  0.15    0.00    0.00   clock serial_clock (rise edge)
                          0.00    0.00   clock network delay (ideal)
                  0.15    0.00    0.00 ^ _174_/CLK (sky130_fd_sc_hd__dfrtp_2)
                  0.05    0.45    0.45 v _174_/Q (sky130_fd_sc_hd__dfrtp_2)
     2    0.01                           shift_register[2] (net)
                  0.05    0.00    0.45 v _160_/D (sky130_fd_sc_hd__dfbbn_2)
                                  0.45   data arrival time

                  0.15    4.00    4.00   clock serial_load' (fall edge)
                          0.00    4.00   clock network delay (ideal)
                         -0.20    3.80   clock uncertainty
                          0.00    3.80   clock reconvergence pessimism
                                  3.80 v _160_/CLK_N (sky130_fd_sc_hd__dfbbn_2)
                         -0.12    3.68   library setup time
                                  3.68   data required time
-----------------------------------------------------------------------------
                                  3.68   data required time
                                 -0.45   data arrival time
-----------------------------------------------------------------------------
                                  3.23   slack (MET)


Startpoint: _183_ (rising edge-triggered flip-flop clocked by serial_clock)
Endpoint: _167_ (falling edge-triggered flip-flop clocked by serial_load')
Path Group: serial_load
Path Type: max

Fanout     Cap    Slew   Delay    Time   Description
-----------------------------------------------------------------------------
                  0.15    0.00    0.00   clock serial_clock (rise edge)
                          0.00    0.00   clock network delay (ideal)
                  0.15    0.00    0.00 ^ _183_/CLK (sky130_fd_sc_hd__dfrtp_2)
                  0.05    0.45    0.45 v _183_/Q (sky130_fd_sc_hd__dfrtp_2)
     2    0.01                           shift_register[11] (net)
                  0.05    0.00    0.45 v _167_/D (sky130_fd_sc_hd__dfbbn_2)
                                  0.45   data arrival time

                  0.15    4.00    4.00   clock serial_load' (fall edge)
                          0.00    4.00   clock network delay (ideal)
                         -0.20    3.80   clock uncertainty
                          0.00    3.80   clock reconvergence pessimism
                                  3.80 v _167_/CLK_N (sky130_fd_sc_hd__dfbbn_2)
                         -0.12    3.68   library setup time
                                  3.68   data required time
-----------------------------------------------------------------------------
                                  3.68   data required time
                                 -0.45   data arrival time
-----------------------------------------------------------------------------
                                  3.23   slack (MET)


Startpoint: _175_ (rising edge-triggered flip-flop clocked by serial_clock)
Endpoint: _163_ (falling edge-triggered flip-flop clocked by serial_load')
Path Group: serial_load
Path Type: max

Fanout     Cap    Slew   Delay    Time   Description
-----------------------------------------------------------------------------
                  0.15    0.00    0.00   clock serial_clock (rise edge)
                          0.00    0.00   clock network delay (ideal)
                  0.15    0.00    0.00 ^ _175_/CLK (sky130_fd_sc_hd__dfrtp_2)
                  0.05    0.45    0.45 v _175_/Q (sky130_fd_sc_hd__dfrtp_2)
     2    0.01                           shift_register[3] (net)
                  0.05    0.00    0.45 v _163_/D (sky130_fd_sc_hd__dfbbn_2)
                                  0.45   data arrival time

                  0.15    4.00    4.00   clock serial_load' (fall edge)
                          0.00    4.00   clock network delay (ideal)
                         -0.20    3.80   clock uncertainty
                          0.00    3.80   clock reconvergence pessimism
                                  3.80 v _163_/CLK_N (sky130_fd_sc_hd__dfbbn_2)
                         -0.12    3.68   library setup time
                                  3.68   data required time
-----------------------------------------------------------------------------
                                  3.68   data required time
                                 -0.45   data arrival time
-----------------------------------------------------------------------------
                                  3.23   slack (MET)


max_report_end
check_report

===========================================================================
report_checks -unconstrained
============================================================================
Startpoint: gpio_defaults[5] (input port clocked by serial_clock)
Endpoint: _169_ (recovery check against falling-edge clock serial_load')
Path Group: **async_default**
Path Type: max

Fanout     Cap    Slew   Delay    Time   Description
-----------------------------------------------------------------------------
                  0.15    0.00    0.00   clock serial_clock (rise edge)
                          0.00    0.00   clock network delay (ideal)
                          1.00    1.00 ^ input external delay
                  0.06    0.04    1.04 ^ gpio_defaults[5] (in)
     2    0.01                           gpio_defaults[5] (net)
                  0.06    0.00    1.04 ^ _146_/B (sky130_fd_sc_hd__or2_2)
                  0.03    0.10    1.14 ^ _146_/X (sky130_fd_sc_hd__or2_2)
     1    0.00                           _050_ (net)
                  0.03    0.00    1.14 ^ _147_/A (sky130_fd_sc_hd__buf_2)
                  0.02    0.09    1.23 ^ _147_/X (sky130_fd_sc_hd__buf_2)
     1    0.00                           _022_ (net)
                  0.02    0.00    1.23 ^ _169_/RESET_B (sky130_fd_sc_hd__dfbbn_2)
                                  1.23   data arrival time

                  0.15    4.00    4.00   clock serial_load' (fall edge)
                          0.00    4.00   clock network delay (ideal)
                         -0.20    3.80   clock uncertainty
                          0.00    3.80   clock reconvergence pessimism
                                  3.80 v _169_/CLK_N (sky130_fd_sc_hd__dfbbn_2)
                         -0.01    3.79   library recovery time
                                  3.79   data required time
-----------------------------------------------------------------------------
                                  3.79   data required time
                                 -1.23   data arrival time
-----------------------------------------------------------------------------
                                  2.56   slack (MET)


Startpoint: serial_clock (clock source 'serial_clock')
Endpoint: serial_clock_out (output port clocked by serial_clock)
Path Group: serial_clock
Path Type: max

Fanout     Cap    Slew   Delay    Time   Description
-----------------------------------------------------------------------------
                  0.15    2.00    2.00   clock serial_clock (fall edge)
                  0.07    0.05    2.05 v serial_clock (in)
    15    0.03                           serial_clock (net)
                  0.07    0.00    2.05 v _187_/A (sky130_fd_sc_hd__buf_2)
                  1.06    0.65    2.70 v _187_/X (sky130_fd_sc_hd__buf_2)
     1    0.40                           serial_clock_out (net)
                  1.06    0.00    2.70 v serial_clock_out (out)
                                  2.70   data arrival time

                  0.15    4.00    4.00   clock serial_clock (rise edge)
                          0.00    4.00   clock network delay (ideal)
                         -0.20    3.80   clock uncertainty
                          0.00    3.80   clock reconvergence pessimism
                         -1.00    2.80   output external delay
                                  2.80   data required time
-----------------------------------------------------------------------------
                                  2.80   data required time
                                 -2.70   data arrival time
-----------------------------------------------------------------------------
                                  0.10   slack (MET)


Startpoint: _172_ (rising edge-triggered flip-flop clocked by serial_clock)
Endpoint: _159_ (falling edge-triggered flip-flop clocked by serial_load')
Path Group: serial_load
Path Type: max

Fanout     Cap    Slew   Delay    Time   Description
-----------------------------------------------------------------------------
                  0.15    0.00    0.00   clock serial_clock (rise edge)
                          0.00    0.00   clock network delay (ideal)
                  0.15    0.00    0.00 ^ _172_/CLK (sky130_fd_sc_hd__dfrtp_2)
                  0.05    0.45    0.45 v _172_/Q (sky130_fd_sc_hd__dfrtp_2)
     2    0.01                           shift_register[0] (net)
                  0.05    0.00    0.45 v _159_/D (sky130_fd_sc_hd__dfbbn_2)
                                  0.45   data arrival time

                  0.15    4.00    4.00   clock serial_load' (fall edge)
                          0.00    4.00   clock network delay (ideal)
                         -0.20    3.80   clock uncertainty
                          0.00    3.80   clock reconvergence pessimism
                                  3.80 v _159_/CLK_N (sky130_fd_sc_hd__dfbbn_2)
                         -0.13    3.67   library setup time
                                  3.67   data required time
-----------------------------------------------------------------------------
                                  3.67   data required time
                                 -0.45   data arrival time
-----------------------------------------------------------------------------
                                  3.22   slack (MET)



===========================================================================
report_checks --slack_max -0.01
============================================================================
No paths found.
check_report_end
check_slew

===========================================================================
 report_check_types -max_slew -max_cap -max_fanout -violators
============================================================================
max fanout

Pin                                   Limit Fanout  Slack
---------------------------------------------------------
resetn                                   10     20    -10 (VIOLATED)


===========================================================================
max slew violation count 0
max fanout violation count 1
max cap violation count 0
============================================================================
check_slew_end
tns_report

===========================================================================
 report_tns
============================================================================
tns 0.00
tns_report_end
wns_report

===========================================================================
 report_wns
============================================================================
wns 0.00
wns_report_end
worst_slack

===========================================================================
 report_worst_slack -max (Setup)
============================================================================
worst slack 0.10

===========================================================================
 report_worst_slack -min (Hold)
============================================================================
worst slack 0.06
worst_slack_end
clock_skew

===========================================================================
 report_clock_skew
============================================================================
Clock serial_clock
Latency      CRPR       Skew
_184_/CLK ^
   0.11
_185_/CLK ^
   0.10      0.00       0.02

Clock serial_load
No launch/capture paths found.

Clock v_clock
No launch/capture paths found.

clock_skew_end
power_report

===========================================================================
 report_power
============================================================================
Group                  Internal  Switching    Leakage      Total
                          Power      Power      Power      Power (Watts)
----------------------------------------------------------------
Sequential             3.20e-04   2.09e-05   2.16e-10   3.41e-04  29.8%
Combinational          7.45e-05   7.28e-04   4.83e-10   8.02e-04  70.2%
Macro                  0.00e+00   0.00e+00   0.00e+00   0.00e+00   0.0%
Pad                    0.00e+00   0.00e+00   0.00e+00   0.00e+00   0.0%
----------------------------------------------------------------
Total                  3.95e-04   7.49e-04   6.99e-10   1.14e-03 100.0%
                          34.5%      65.5%       0.0%
power_report_end
area_report

===========================================================================
 report_design_area
============================================================================
Design area 1542 u^2 47% utilization.
area_report_end
Setting global connections for newly added cells...
Writing OpenROAD database to /openlane/designs/gpio_control_block/runs/RUN_27/tmp/placement/8-global.odb...
Writing layout to /openlane/designs/gpio_control_block/runs/RUN_27/tmp/placement/8-global.def...
