
28. Printing statistics.

=== gpio_control_block ===

   Number of wires:                130
   Number of wire bits:            144
   Number of public wires:          45
   Number of public wire bits:      59
   Number of memories:               0
   Number of memory bits:            0
   Number of processes:              0
   Number of cells:                108
     gpio_logic_high                 1
     sky130_fd_sc_hd__a21o_2         1
     sky130_fd_sc_hd__and3_2         1
     sky130_fd_sc_hd__buf_2          7
     sky130_fd_sc_hd__buf_4          2
     sky130_fd_sc_hd__buf_6         11
     sky130_fd_sc_hd__conb_1         1
     sky130_fd_sc_hd__dfbbn_2       13
     sky130_fd_sc_hd__dfrtp_2       14
     sky130_fd_sc_hd__ebufn_2        1
     sky130_fd_sc_hd__einvp_8        1
     sky130_fd_sc_hd__inv_2         20
     sky130_fd_sc_hd__nand2_2       18
     sky130_fd_sc_hd__nand3_2        2
     sky130_fd_sc_hd__nor2_2         1
     sky130_fd_sc_hd__or2_2          3
     sky130_fd_sc_hd__or2_4         10
     sky130_fd_sc_hd__or2b_2         1

   Area for cell type \sky130_fd_sc_hd__einvp_8 is unknown!
   Area for cell type \gpio_logic_high is unknown!

   Chip area for module '\gpio_control_block': 1357.552000

