
===========================================================================
report_checks -unconstrained
============================================================================
Startpoint: gpio_defaults[0] (input port clocked by serial_clock)
Endpoint: _159_ (recovery check against falling-edge clock serial_load')
Path Group: **async_default**
Path Type: max

Fanout     Cap    Slew   Delay    Time   Description
-----------------------------------------------------------------------------
                  0.15    0.00    0.00   clock serial_clock (rise edge)
                          0.00    0.00   clock network delay (ideal)
                          1.00    1.00 ^ input external delay
                  0.04    0.03    1.03 ^ gpio_defaults[0] (in)
     2    0.01                           gpio_defaults[0] (net)
                  0.04    0.00    1.03 ^ _103_/B (sky130_fd_sc_hd__or2_4)
                  0.03    0.11    1.13 ^ _103_/X (sky130_fd_sc_hd__or2_4)
     1    0.01                           _067_ (net)
                  0.04    0.01    1.14 ^ _104_/A (sky130_fd_sc_hd__buf_6)
                  0.02    0.08    1.22 ^ _104_/X (sky130_fd_sc_hd__buf_6)
     1    0.00                           _002_ (net)
                  0.02    0.00    1.22 ^ _159_/RESET_B (sky130_fd_sc_hd__dfbbn_2)
                                  1.22   data arrival time

                  0.15    4.00    4.00   clock serial_load' (fall edge)
                          0.00    4.00   clock network delay (ideal)
                         -0.20    3.80   clock uncertainty
                          0.00    3.80   clock reconvergence pessimism
                                  3.80 v _159_/CLK_N (sky130_fd_sc_hd__dfbbn_2)
                         -0.01    3.79   library recovery time
                                  3.79   data required time
-----------------------------------------------------------------------------
                                  3.79   data required time
                                 -1.22   data arrival time
-----------------------------------------------------------------------------
                                  2.56   slack (MET)


Startpoint: serial_clock (clock source 'serial_clock')
Endpoint: serial_clock_out (output port clocked by serial_clock)
Path Group: serial_clock
Path Type: max

Fanout     Cap    Slew   Delay    Time   Description
-----------------------------------------------------------------------------
                  0.15    2.00    2.00   clock serial_clock (fall edge)
                  0.07    0.05    2.05 v serial_clock (in)
    15    0.03                           serial_clock (net)
                  0.07    0.00    2.05 v _187_/A (sky130_fd_sc_hd__buf_2)
                  1.06    0.65    2.70 v _187_/X (sky130_fd_sc_hd__buf_2)
     1    0.40                           serial_clock_out (net)
                  1.06    0.00    2.70 v serial_clock_out (out)
                                  2.70   data arrival time

                  0.15    4.00    4.00   clock serial_clock (rise edge)
                          0.00    4.00   clock network delay (ideal)
                         -0.20    3.80   clock uncertainty
                          0.00    3.80   clock reconvergence pessimism
                         -1.00    2.80   output external delay
                                  2.80   data required time
-----------------------------------------------------------------------------
                                  2.80   data required time
                                 -2.70   data arrival time
-----------------------------------------------------------------------------
                                  0.10   slack (MET)


Startpoint: _172_ (rising edge-triggered flip-flop clocked by serial_clock)
Endpoint: _159_ (falling edge-triggered flip-flop clocked by serial_load')
Path Group: serial_load
Path Type: max

Fanout     Cap    Slew   Delay    Time   Description
-----------------------------------------------------------------------------
                  0.15    0.00    0.00   clock serial_clock (rise edge)
                          0.00    0.00   clock network delay (ideal)
                  0.15    0.00    0.00 ^ _172_/CLK (sky130_fd_sc_hd__dfrtp_2)
                  0.04    0.44    0.44 v _172_/Q (sky130_fd_sc_hd__dfrtp_2)
     2    0.00                           shift_register[0] (net)
                  0.04    0.00    0.44 v _159_/D (sky130_fd_sc_hd__dfbbn_2)
                                  0.44   data arrival time

                  0.15    4.00    4.00   clock serial_load' (fall edge)
                          0.00    4.00   clock network delay (ideal)
                         -0.20    3.80   clock uncertainty
                          0.00    3.80   clock reconvergence pessimism
                                  3.80 v _159_/CLK_N (sky130_fd_sc_hd__dfbbn_2)
                         -0.12    3.68   library setup time
                                  3.68   data required time
-----------------------------------------------------------------------------
                                  3.68   data required time
                                 -0.44   data arrival time
-----------------------------------------------------------------------------
                                  3.23   slack (MET)



===========================================================================
report_checks --slack_max -0.01
============================================================================
No paths found.
