OpenROAD 4174c3ad802d2ac1d04d387d2c4b883903f6647e 
This program is licensed under the BSD-3 license. See the LICENSE file for details.
Components of this program may be licensed under more restrictive licenses which must be honored.
Placement Analysis
---------------------------------
total displacement          0.0 u
average displacement        0.0 u
max displacement            0.0 u
original HPWL            9277.9 u
legalized HPWL           9437.2 u
delta HPWL                    2 %

[INFO DPL-0020] Mirrored 59 instances
[INFO DPL-0021] HPWL before            9437.2 u
[INFO DPL-0022] HPWL after             9277.9 u
[INFO DPL-0023] HPWL delta               -1.7 %
Setting global connections for newly added cells...
Writing OpenROAD database to /openlane/designs/gpio_control_block/runs/RUN_27/tmp/routing/diode.odb...
Writing netlist to /openlane/designs/gpio_control_block/runs/RUN_27/tmp/routing/diode.nl.v...
Writing powered netlist to /openlane/designs/gpio_control_block/runs/RUN_27/tmp/routing/diode.pnl.v...
Writing layout to /openlane/designs/gpio_control_block/runs/RUN_27/tmp/routing/diode.def...
