
===========================================================================
report_checks -path_delay min (Hold)
============================================================================
Startpoint: gpio_defaults[1] (input port clocked by serial_clock)
Endpoint: _165_ (removal check against falling-edge clock serial_load')
Path Group: **async_default**
Path Type: min

Fanout     Cap    Slew   Delay    Time   Description
-----------------------------------------------------------------------------
                          0.00    0.00   clock serial_clock (rise edge)
                          0.00    0.00   clock network delay (propagated)
                          1.00    1.00 v input external delay
                  0.04    0.03    1.03 v gpio_defaults[1] (in)
     2    0.02                           gpio_defaults[1] (net)
                  0.04    0.00    1.03 v _133_/B (sky130_fd_sc_hd__nand2_1)
                  0.12    0.11    1.14 ^ _133_/Y (sky130_fd_sc_hd__nand2_1)
     1    0.01                           _015_ (net)
                  0.12    0.00    1.14 ^ _165_/SET_B (sky130_fd_sc_hd__dfbbn_1)
                                  1.14   data arrival time

                          0.00    0.00   clock serial_load' (fall edge)
                          0.00    0.00   clock source latency
                  0.07    0.05    0.05 ^ serial_load (in)
     1    0.01                           serial_load (net)
                  0.07    0.00    0.05 ^ clkbuf_0_serial_load/A (sky130_fd_sc_hd__clkbuf_16)
                  0.04    0.14    0.19 ^ clkbuf_0_serial_load/X (sky130_fd_sc_hd__clkbuf_16)
     2    0.02                           clknet_0_serial_load (net)
                  0.04    0.00    0.19 ^ clkbuf_1_1__f_serial_load/A (sky130_fd_sc_hd__clkbuf_16)
                  0.03    0.12    0.31 ^ clkbuf_1_1__f_serial_load/X (sky130_fd_sc_hd__clkbuf_16)
     2    0.01                           clknet_1_1__leaf_serial_load (net)
                  0.03    0.00    0.31 ^ _105_/A (sky130_fd_sc_hd__buf_4)
                  0.04    0.10    0.41 ^ _105_/X (sky130_fd_sc_hd__buf_4)
     1    0.01                           _068_ (net)
                  0.04    0.00    0.41 ^ clkbuf_0__068_/A (sky130_fd_sc_hd__clkbuf_16)
                  0.04    0.13    0.54 ^ clkbuf_0__068_/X (sky130_fd_sc_hd__clkbuf_16)
     2    0.02                           clknet_0__068_ (net)
                  0.04    0.00    0.54 ^ clkbuf_1_1__f__068_/A (sky130_fd_sc_hd__clkbuf_16)
                  0.05    0.14    0.68 ^ clkbuf_1_1__f__068_/X (sky130_fd_sc_hd__clkbuf_16)
     5    0.03                           clknet_1_1__leaf__068_ (net)
                  0.05    0.00    0.68 ^ _132__11/A (sky130_fd_sc_hd__inv_2)
                  0.04    0.06    0.74 v _132__11/Y (sky130_fd_sc_hd__inv_2)
     1    0.02                           net30 (net)
                  0.04    0.00    0.74 v _165_/CLK_N (sky130_fd_sc_hd__dfbbn_1)
                          0.20    0.94   clock uncertainty
                          0.00    0.94   clock reconvergence pessimism
                          0.06    1.00   library removal time
                                  1.00   data required time
-----------------------------------------------------------------------------
                                  1.00   data required time
                                 -1.14   data arrival time
-----------------------------------------------------------------------------
                                  0.14   slack (MET)


Startpoint: gpio_defaults[8] (input port clocked by serial_clock)
Endpoint: _161_ (removal check against falling-edge clock serial_load')
Path Group: **async_default**
Path Type: min

Fanout     Cap    Slew   Delay    Time   Description
-----------------------------------------------------------------------------
                          0.00    0.00   clock serial_clock (rise edge)
                          0.00    0.00   clock network delay (propagated)
                          1.00    1.00 v input external delay
                  0.02    0.02    1.02 v gpio_defaults[8] (in)
     2    0.01                           gpio_defaults[8] (net)
                  0.02    0.00    1.02 v _117_/B (sky130_fd_sc_hd__nand2_1)
                  0.13    0.11    1.13 ^ _117_/Y (sky130_fd_sc_hd__nand2_1)
     1    0.01                           _007_ (net)
                  0.13    0.00    1.13 ^ _161_/SET_B (sky130_fd_sc_hd__dfbbn_1)
                                  1.13   data arrival time

                          0.00    0.00   clock serial_load' (fall edge)
                          0.00    0.00   clock source latency
                  0.07    0.05    0.05 ^ serial_load (in)
     1    0.01                           serial_load (net)
                  0.07    0.00    0.05 ^ clkbuf_0_serial_load/A (sky130_fd_sc_hd__clkbuf_16)
                  0.04    0.14    0.19 ^ clkbuf_0_serial_load/X (sky130_fd_sc_hd__clkbuf_16)
     2    0.02                           clknet_0_serial_load (net)
                  0.04    0.00    0.19 ^ clkbuf_1_1__f_serial_load/A (sky130_fd_sc_hd__clkbuf_16)
                  0.03    0.12    0.31 ^ clkbuf_1_1__f_serial_load/X (sky130_fd_sc_hd__clkbuf_16)
     2    0.01                           clknet_1_1__leaf_serial_load (net)
                  0.03    0.00    0.31 ^ _105_/A (sky130_fd_sc_hd__buf_4)
                  0.04    0.10    0.41 ^ _105_/X (sky130_fd_sc_hd__buf_4)
     1    0.01                           _068_ (net)
                  0.04    0.00    0.41 ^ clkbuf_0__068_/A (sky130_fd_sc_hd__clkbuf_16)
                  0.04    0.13    0.54 ^ clkbuf_0__068_/X (sky130_fd_sc_hd__clkbuf_16)
     2    0.02                           clknet_0__068_ (net)
                  0.04    0.00    0.54 ^ clkbuf_1_1__f__068_/A (sky130_fd_sc_hd__clkbuf_16)
                  0.05    0.14    0.68 ^ clkbuf_1_1__f__068_/X (sky130_fd_sc_hd__clkbuf_16)
     5    0.03                           clknet_1_1__leaf__068_ (net)
                  0.05    0.00    0.68 ^ _116__7/A (sky130_fd_sc_hd__inv_2)
                  0.02    0.03    0.72 v _116__7/Y (sky130_fd_sc_hd__inv_2)
     1    0.01                           net26 (net)
                  0.02    0.00    0.72 v _161_/CLK_N (sky130_fd_sc_hd__dfbbn_1)
                          0.20    0.92   clock uncertainty
                          0.00    0.92   clock reconvergence pessimism
                          0.05    0.97   library removal time
                                  0.97   data required time
-----------------------------------------------------------------------------
                                  0.97   data required time
                                 -1.13   data arrival time
-----------------------------------------------------------------------------
                                  0.16   slack (MET)


Startpoint: gpio_defaults[12] (input port clocked by serial_clock)
Endpoint: _168_ (removal check against falling-edge clock serial_load')
Path Group: **async_default**
Path Type: min

Fanout     Cap    Slew   Delay    Time   Description
-----------------------------------------------------------------------------
                          0.00    0.00   clock serial_clock (rise edge)
                          0.00    0.00   clock network delay (propagated)
                          1.00    1.00 v input external delay
                  0.04    0.02    1.02 v gpio_defaults[12] (in)
     2    0.01                           gpio_defaults[12] (net)
                  0.04    0.00    1.02 v _145_/B (sky130_fd_sc_hd__nand2_1)
                  0.15    0.13    1.15 ^ _145_/Y (sky130_fd_sc_hd__nand2_1)
     1    0.02                           _021_ (net)
                  0.15    0.00    1.15 ^ _168_/SET_B (sky130_fd_sc_hd__dfbbn_1)
                                  1.15   data arrival time

                          0.00    0.00   clock serial_load' (fall edge)
                          0.00    0.00   clock source latency
                  0.07    0.05    0.05 ^ serial_load (in)
     1    0.01                           serial_load (net)
                  0.07    0.00    0.05 ^ clkbuf_0_serial_load/A (sky130_fd_sc_hd__clkbuf_16)
                  0.04    0.14    0.19 ^ clkbuf_0_serial_load/X (sky130_fd_sc_hd__clkbuf_16)
     2    0.02                           clknet_0_serial_load (net)
                  0.04    0.00    0.19 ^ clkbuf_1_1__f_serial_load/A (sky130_fd_sc_hd__clkbuf_16)
                  0.03    0.12    0.31 ^ clkbuf_1_1__f_serial_load/X (sky130_fd_sc_hd__clkbuf_16)
     2    0.01                           clknet_1_1__leaf_serial_load (net)
                  0.03    0.00    0.31 ^ _105_/A (sky130_fd_sc_hd__buf_4)
                  0.04    0.10    0.41 ^ _105_/X (sky130_fd_sc_hd__buf_4)
     1    0.01                           _068_ (net)
                  0.04    0.00    0.41 ^ clkbuf_0__068_/A (sky130_fd_sc_hd__clkbuf_16)
                  0.04    0.13    0.54 ^ clkbuf_0__068_/X (sky130_fd_sc_hd__clkbuf_16)
     2    0.02                           clknet_0__068_ (net)
                  0.04    0.00    0.54 ^ clkbuf_1_1__f__068_/A (sky130_fd_sc_hd__clkbuf_16)
                  0.05    0.14    0.68 ^ clkbuf_1_1__f__068_/X (sky130_fd_sc_hd__clkbuf_16)
     5    0.03                           clknet_1_1__leaf__068_ (net)
                  0.05    0.00    0.68 ^ _144__14/A (sky130_fd_sc_hd__inv_2)
                  0.03    0.05    0.73 v _144__14/Y (sky130_fd_sc_hd__inv_2)
     1    0.01                           net33 (net)
                  0.03    0.00    0.73 v _168_/CLK_N (sky130_fd_sc_hd__dfbbn_1)
                          0.20    0.93   clock uncertainty
                          0.00    0.93   clock reconvergence pessimism
                          0.05    0.98   library removal time
                                  0.98   data required time
-----------------------------------------------------------------------------
                                  0.98   data required time
                                 -1.15   data arrival time
-----------------------------------------------------------------------------
                                  0.17   slack (MET)


Startpoint: gpio_defaults[9] (input port clocked by serial_clock)
Endpoint: _162_ (removal check against falling-edge clock serial_load')
Path Group: **async_default**
Path Type: min

Fanout     Cap    Slew   Delay    Time   Description
-----------------------------------------------------------------------------
                          0.00    0.00   clock serial_clock (rise edge)
                          0.00    0.00   clock network delay (propagated)
                          1.00    1.00 v input external delay
                  0.04    0.03    1.03 v gpio_defaults[9] (in)
     2    0.02                           gpio_defaults[9] (net)
                  0.04    0.00    1.03 v _121_/B (sky130_fd_sc_hd__nand2_1)
                  0.15    0.13    1.16 ^ _121_/Y (sky130_fd_sc_hd__nand2_1)
     1    0.02                           _009_ (net)
                  0.15    0.00    1.16 ^ _162_/SET_B (sky130_fd_sc_hd__dfbbn_1)
                                  1.16   data arrival time

                          0.00    0.00   clock serial_load' (fall edge)
                          0.00    0.00   clock source latency
                  0.07    0.05    0.05 ^ serial_load (in)
     1    0.01                           serial_load (net)
                  0.07    0.00    0.05 ^ clkbuf_0_serial_load/A (sky130_fd_sc_hd__clkbuf_16)
                  0.04    0.14    0.19 ^ clkbuf_0_serial_load/X (sky130_fd_sc_hd__clkbuf_16)
     2    0.02                           clknet_0_serial_load (net)
                  0.04    0.00    0.19 ^ clkbuf_1_1__f_serial_load/A (sky130_fd_sc_hd__clkbuf_16)
                  0.03    0.12    0.31 ^ clkbuf_1_1__f_serial_load/X (sky130_fd_sc_hd__clkbuf_16)
     2    0.01                           clknet_1_1__leaf_serial_load (net)
                  0.03    0.00    0.31 ^ _105_/A (sky130_fd_sc_hd__buf_4)
                  0.04    0.10    0.41 ^ _105_/X (sky130_fd_sc_hd__buf_4)
     1    0.01                           _068_ (net)
                  0.04    0.00    0.41 ^ clkbuf_0__068_/A (sky130_fd_sc_hd__clkbuf_16)
                  0.04    0.13    0.54 ^ clkbuf_0__068_/X (sky130_fd_sc_hd__clkbuf_16)
     2    0.02                           clknet_0__068_ (net)
                  0.04    0.00    0.54 ^ clkbuf_1_1__f__068_/A (sky130_fd_sc_hd__clkbuf_16)
                  0.05    0.14    0.68 ^ clkbuf_1_1__f__068_/X (sky130_fd_sc_hd__clkbuf_16)
     5    0.03                           clknet_1_1__leaf__068_ (net)
                  0.05    0.00    0.68 ^ _120__8/A (sky130_fd_sc_hd__inv_2)
                  0.02    0.04    0.72 v _120__8/Y (sky130_fd_sc_hd__inv_2)
     1    0.01                           net27 (net)
                  0.02    0.00    0.72 v _162_/CLK_N (sky130_fd_sc_hd__dfbbn_1)
                          0.20    0.92   clock uncertainty
                          0.00    0.92   clock reconvergence pessimism
                          0.05    0.96   library removal time
                                  0.96   data required time
-----------------------------------------------------------------------------
                                  0.96   data required time
                                 -1.16   data arrival time
-----------------------------------------------------------------------------
                                  0.19   slack (MET)


Startpoint: gpio_defaults[4] (input port clocked by serial_clock)
Endpoint: _164_ (removal check against falling-edge clock serial_load')
Path Group: **async_default**
Path Type: min

Fanout     Cap    Slew   Delay    Time   Description
-----------------------------------------------------------------------------
                          0.00    0.00   clock serial_clock (rise edge)
                          0.00    0.00   clock network delay (propagated)
                          1.00    1.00 ^ input external delay
                  0.03    0.02    1.02 ^ gpio_defaults[4] (in)
     2    0.01                           gpio_defaults[4] (net)
                  0.03    0.00    1.02 ^ _126_/B (sky130_fd_sc_hd__or2_1)
                  0.07    0.10    1.13 ^ _126_/X (sky130_fd_sc_hd__or2_1)
     1    0.01                           _045_ (net)
                  0.07    0.00    1.13 ^ _127_/A (sky130_fd_sc_hd__clkbuf_1)
                  0.06    0.10    1.22 ^ _127_/X (sky130_fd_sc_hd__clkbuf_1)
     1    0.00                           _012_ (net)
                  0.06    0.00    1.22 ^ _164_/RESET_B (sky130_fd_sc_hd__dfbbn_1)
                                  1.22   data arrival time

                          0.00    0.00   clock serial_load' (fall edge)
                          0.00    0.00   clock source latency
                  0.07    0.05    0.05 ^ serial_load (in)
     1    0.01                           serial_load (net)
                  0.07    0.00    0.05 ^ clkbuf_0_serial_load/A (sky130_fd_sc_hd__clkbuf_16)
                  0.04    0.14    0.19 ^ clkbuf_0_serial_load/X (sky130_fd_sc_hd__clkbuf_16)
     2    0.02                           clknet_0_serial_load (net)
                  0.04    0.00    0.19 ^ clkbuf_1_1__f_serial_load/A (sky130_fd_sc_hd__clkbuf_16)
                  0.03    0.12    0.31 ^ clkbuf_1_1__f_serial_load/X (sky130_fd_sc_hd__clkbuf_16)
     2    0.01                           clknet_1_1__leaf_serial_load (net)
                  0.03    0.00    0.31 ^ _105_/A (sky130_fd_sc_hd__buf_4)
                  0.04    0.10    0.41 ^ _105_/X (sky130_fd_sc_hd__buf_4)
     1    0.01                           _068_ (net)
                  0.04    0.00    0.41 ^ clkbuf_0__068_/A (sky130_fd_sc_hd__clkbuf_16)
                  0.04    0.13    0.54 ^ clkbuf_0__068_/X (sky130_fd_sc_hd__clkbuf_16)
     2    0.02                           clknet_0__068_ (net)
                  0.04    0.00    0.54 ^ clkbuf_1_0__f__068_/A (sky130_fd_sc_hd__clkbuf_16)
                  0.06    0.14    0.68 ^ clkbuf_1_0__f__068_/X (sky130_fd_sc_hd__clkbuf_16)
     5    0.04                           clknet_1_0__leaf__068_ (net)
                  0.06    0.00    0.69 ^ _128__10/A (sky130_fd_sc_hd__inv_2)
                  0.02    0.03    0.72 v _128__10/Y (sky130_fd_sc_hd__inv_2)
     1    0.00                           net29 (net)
                  0.02    0.00    0.72 v _164_/CLK_N (sky130_fd_sc_hd__dfbbn_1)
                          0.20    0.92   clock uncertainty
                          0.00    0.92   clock reconvergence pessimism
                          0.06    0.98   library removal time
                                  0.98   data required time
-----------------------------------------------------------------------------
                                  0.98   data required time
                                 -1.22   data arrival time
-----------------------------------------------------------------------------
                                  0.24   slack (MET)


Startpoint: _182_ (rising edge-triggered flip-flop clocked by serial_clock)
Endpoint: _183_ (rising edge-triggered flip-flop clocked by serial_clock)
Path Group: serial_clock
Path Type: min

Fanout     Cap    Slew   Delay    Time   Description
-----------------------------------------------------------------------------
                          0.00    0.00   clock serial_clock (rise edge)
                          0.00    0.00   clock source latency
                  0.07    0.04    0.04 ^ serial_clock (in)
     1    0.01                           serial_clock (net)
                  0.07    0.00    0.04 ^ clkbuf_0_serial_clock/A (sky130_fd_sc_hd__clkbuf_16)
                  0.04    0.12    0.17 ^ clkbuf_0_serial_clock/X (sky130_fd_sc_hd__clkbuf_16)
     2    0.02                           clknet_0_serial_clock (net)
                  0.04    0.00    0.17 ^ clkbuf_1_0__f_serial_clock/A (sky130_fd_sc_hd__clkbuf_16)
                  0.04    0.12    0.28 ^ clkbuf_1_0__f_serial_clock/X (sky130_fd_sc_hd__clkbuf_16)
     7    0.02                           clknet_1_0__leaf_serial_clock (net)
                  0.04    0.00    0.28 ^ _182_/CLK (sky130_fd_sc_hd__dfrtp_1)
                  0.07    0.32    0.60 ^ _182_/Q (sky130_fd_sc_hd__dfrtp_1)
     2    0.01                           shift_register[10] (net)
                  0.07    0.00    0.60 ^ _183_/D (sky130_fd_sc_hd__dfrtp_1)
                                  0.60   data arrival time

                          0.00    0.00   clock serial_clock (rise edge)
                          0.00    0.00   clock source latency
                  0.07    0.05    0.05 ^ serial_clock (in)
     1    0.01                           serial_clock (net)
                  0.07    0.00    0.05 ^ clkbuf_0_serial_clock/A (sky130_fd_sc_hd__clkbuf_16)
                  0.04    0.14    0.19 ^ clkbuf_0_serial_clock/X (sky130_fd_sc_hd__clkbuf_16)
     2    0.02                           clknet_0_serial_clock (net)
                  0.04    0.00    0.19 ^ clkbuf_1_1__f_serial_clock/A (sky130_fd_sc_hd__clkbuf_16)
                  0.05    0.14    0.32 ^ clkbuf_1_1__f_serial_clock/X (sky130_fd_sc_hd__clkbuf_16)
     8    0.03                           clknet_1_1__leaf_serial_clock (net)
                  0.05    0.00    0.32 ^ _183_/CLK (sky130_fd_sc_hd__dfrtp_1)
                          0.20    0.52   clock uncertainty
                         -0.02    0.51   clock reconvergence pessimism
                         -0.04    0.47   library hold time
                                  0.47   data required time
-----------------------------------------------------------------------------
                                  0.47   data required time
                                 -0.60   data arrival time
-----------------------------------------------------------------------------
                                  0.13   slack (MET)


Startpoint: _180_ (rising edge-triggered flip-flop clocked by serial_clock)
Endpoint: _181_ (rising edge-triggered flip-flop clocked by serial_clock)
Path Group: serial_clock
Path Type: min

Fanout     Cap    Slew   Delay    Time   Description
-----------------------------------------------------------------------------
                          0.00    0.00   clock serial_clock (rise edge)
                          0.00    0.00   clock source latency
                  0.07    0.04    0.04 ^ serial_clock (in)
     1    0.01                           serial_clock (net)
                  0.07    0.00    0.04 ^ clkbuf_0_serial_clock/A (sky130_fd_sc_hd__clkbuf_16)
                  0.04    0.12    0.17 ^ clkbuf_0_serial_clock/X (sky130_fd_sc_hd__clkbuf_16)
     2    0.02                           clknet_0_serial_clock (net)
                  0.04    0.00    0.17 ^ clkbuf_1_0__f_serial_clock/A (sky130_fd_sc_hd__clkbuf_16)
                  0.04    0.12    0.28 ^ clkbuf_1_0__f_serial_clock/X (sky130_fd_sc_hd__clkbuf_16)
     7    0.02                           clknet_1_0__leaf_serial_clock (net)
                  0.04    0.00    0.28 ^ _180_/CLK (sky130_fd_sc_hd__dfrtp_1)
                  0.07    0.32    0.61 ^ _180_/Q (sky130_fd_sc_hd__dfrtp_1)
     2    0.01                           shift_register[8] (net)
                  0.07    0.00    0.61 ^ _181_/D (sky130_fd_sc_hd__dfrtp_1)
                                  0.61   data arrival time

                          0.00    0.00   clock serial_clock (rise edge)
                          0.00    0.00   clock source latency
                  0.07    0.05    0.05 ^ serial_clock (in)
     1    0.01                           serial_clock (net)
                  0.07    0.00    0.05 ^ clkbuf_0_serial_clock/A (sky130_fd_sc_hd__clkbuf_16)
                  0.04    0.14    0.19 ^ clkbuf_0_serial_clock/X (sky130_fd_sc_hd__clkbuf_16)
     2    0.02                           clknet_0_serial_clock (net)
                  0.04    0.00    0.19 ^ clkbuf_1_1__f_serial_clock/A (sky130_fd_sc_hd__clkbuf_16)
                  0.05    0.14    0.32 ^ clkbuf_1_1__f_serial_clock/X (sky130_fd_sc_hd__clkbuf_16)
     8    0.03                           clknet_1_1__leaf_serial_clock (net)
                  0.05    0.00    0.32 ^ _181_/CLK (sky130_fd_sc_hd__dfrtp_1)
                          0.20    0.52   clock uncertainty
                         -0.02    0.51   clock reconvergence pessimism
                         -0.04    0.47   library hold time
                                  0.47   data required time
-----------------------------------------------------------------------------
                                  0.47   data required time
                                 -0.61   data arrival time
-----------------------------------------------------------------------------
                                  0.14   slack (MET)


Startpoint: _177_ (rising edge-triggered flip-flop clocked by serial_clock)
Endpoint: _178_ (rising edge-triggered flip-flop clocked by serial_clock)
Path Group: serial_clock
Path Type: min

Fanout     Cap    Slew   Delay    Time   Description
-----------------------------------------------------------------------------
                          0.00    0.00   clock serial_clock (rise edge)
                          0.00    0.00   clock source latency
                  0.07    0.04    0.04 ^ serial_clock (in)
     1    0.01                           serial_clock (net)
                  0.07    0.00    0.04 ^ clkbuf_0_serial_clock/A (sky130_fd_sc_hd__clkbuf_16)
                  0.04    0.12    0.17 ^ clkbuf_0_serial_clock/X (sky130_fd_sc_hd__clkbuf_16)
     2    0.02                           clknet_0_serial_clock (net)
                  0.04    0.00    0.17 ^ clkbuf_1_0__f_serial_clock/A (sky130_fd_sc_hd__clkbuf_16)
                  0.04    0.12    0.28 ^ clkbuf_1_0__f_serial_clock/X (sky130_fd_sc_hd__clkbuf_16)
     7    0.02                           clknet_1_0__leaf_serial_clock (net)
                  0.04    0.00    0.28 ^ _177_/CLK (sky130_fd_sc_hd__dfrtp_1)
                  0.06    0.31    0.59 ^ _177_/Q (sky130_fd_sc_hd__dfrtp_1)
     2    0.00                           shift_register[5] (net)
                  0.06    0.00    0.59 ^ _178_/D (sky130_fd_sc_hd__dfrtp_1)
                                  0.59   data arrival time

                          0.00    0.00   clock serial_clock (rise edge)
                          0.00    0.00   clock source latency
                  0.07    0.05    0.05 ^ serial_clock (in)
     1    0.01                           serial_clock (net)
                  0.07    0.00    0.05 ^ clkbuf_0_serial_clock/A (sky130_fd_sc_hd__clkbuf_16)
                  0.04    0.14    0.19 ^ clkbuf_0_serial_clock/X (sky130_fd_sc_hd__clkbuf_16)
     2    0.02                           clknet_0_serial_clock (net)
                  0.04    0.00    0.19 ^ clkbuf_1_0__f_serial_clock/A (sky130_fd_sc_hd__clkbuf_16)
                  0.04    0.13    0.31 ^ clkbuf_1_0__f_serial_clock/X (sky130_fd_sc_hd__clkbuf_16)
     7    0.02                           clknet_1_0__leaf_serial_clock (net)
                  0.04    0.00    0.31 ^ _178_/CLK (sky130_fd_sc_hd__dfrtp_1)
                          0.20    0.51   clock uncertainty
                         -0.03    0.48   clock reconvergence pessimism
                         -0.04    0.45   library hold time
                                  0.45   data required time
-----------------------------------------------------------------------------
                                  0.45   data required time
                                 -0.59   data arrival time
-----------------------------------------------------------------------------
                                  0.15   slack (MET)


Startpoint: _183_ (rising edge-triggered flip-flop clocked by serial_clock)
Endpoint: _184_ (rising edge-triggered flip-flop clocked by serial_clock)
Path Group: serial_clock
Path Type: min

Fanout     Cap    Slew   Delay    Time   Description
-----------------------------------------------------------------------------
                          0.00    0.00   clock serial_clock (rise edge)
                          0.00    0.00   clock source latency
                  0.07    0.04    0.04 ^ serial_clock (in)
     1    0.01                           serial_clock (net)
                  0.07    0.00    0.04 ^ clkbuf_0_serial_clock/A (sky130_fd_sc_hd__clkbuf_16)
                  0.04    0.12    0.17 ^ clkbuf_0_serial_clock/X (sky130_fd_sc_hd__clkbuf_16)
     2    0.02                           clknet_0_serial_clock (net)
                  0.04    0.00    0.17 ^ clkbuf_1_1__f_serial_clock/A (sky130_fd_sc_hd__clkbuf_16)
                  0.05    0.13    0.29 ^ clkbuf_1_1__f_serial_clock/X (sky130_fd_sc_hd__clkbuf_16)
     8    0.03                           clknet_1_1__leaf_serial_clock (net)
                  0.05    0.00    0.29 ^ _183_/CLK (sky130_fd_sc_hd__dfrtp_1)
                  0.06    0.31    0.61 ^ _183_/Q (sky130_fd_sc_hd__dfrtp_1)
     2    0.00                           shift_register[11] (net)
                  0.06    0.00    0.61 ^ _184_/D (sky130_fd_sc_hd__dfrtp_1)
                                  0.61   data arrival time

                          0.00    0.00   clock serial_clock (rise edge)
                          0.00    0.00   clock source latency
                  0.07    0.05    0.05 ^ serial_clock (in)
     1    0.01                           serial_clock (net)
                  0.07    0.00    0.05 ^ clkbuf_0_serial_clock/A (sky130_fd_sc_hd__clkbuf_16)
                  0.04    0.14    0.19 ^ clkbuf_0_serial_clock/X (sky130_fd_sc_hd__clkbuf_16)
     2    0.02                           clknet_0_serial_clock (net)
                  0.04    0.00    0.19 ^ clkbuf_1_1__f_serial_clock/A (sky130_fd_sc_hd__clkbuf_16)
                  0.05    0.14    0.32 ^ clkbuf_1_1__f_serial_clock/X (sky130_fd_sc_hd__clkbuf_16)
     8    0.03                           clknet_1_1__leaf_serial_clock (net)
                  0.05    0.00    0.32 ^ _184_/CLK (sky130_fd_sc_hd__dfrtp_1)
                          0.20    0.52   clock uncertainty
                         -0.03    0.49   clock reconvergence pessimism
                         -0.04    0.46   library hold time
                                  0.46   data required time
-----------------------------------------------------------------------------
                                  0.46   data required time
                                 -0.61   data arrival time
-----------------------------------------------------------------------------
                                  0.15   slack (MET)


Startpoint: _175_ (rising edge-triggered flip-flop clocked by serial_clock)
Endpoint: _176_ (rising edge-triggered flip-flop clocked by serial_clock)
Path Group: serial_clock
Path Type: min

Fanout     Cap    Slew   Delay    Time   Description
-----------------------------------------------------------------------------
                          0.00    0.00   clock serial_clock (rise edge)
                          0.00    0.00   clock source latency
                  0.07    0.04    0.04 ^ serial_clock (in)
     1    0.01                           serial_clock (net)
                  0.07    0.00    0.04 ^ clkbuf_0_serial_clock/A (sky130_fd_sc_hd__clkbuf_16)
                  0.04    0.12    0.17 ^ clkbuf_0_serial_clock/X (sky130_fd_sc_hd__clkbuf_16)
     2    0.02                           clknet_0_serial_clock (net)
                  0.04    0.00    0.17 ^ clkbuf_1_0__f_serial_clock/A (sky130_fd_sc_hd__clkbuf_16)
                  0.04    0.12    0.28 ^ clkbuf_1_0__f_serial_clock/X (sky130_fd_sc_hd__clkbuf_16)
     7    0.02                           clknet_1_0__leaf_serial_clock (net)
                  0.04    0.00    0.28 ^ _175_/CLK (sky130_fd_sc_hd__dfrtp_1)
                  0.06    0.31    0.60 ^ _175_/Q (sky130_fd_sc_hd__dfrtp_1)
     2    0.01                           shift_register[3] (net)
                  0.06    0.00    0.60 ^ _176_/D (sky130_fd_sc_hd__dfrtp_1)
                                  0.60   data arrival time

                          0.00    0.00   clock serial_clock (rise edge)
                          0.00    0.00   clock source latency
                  0.07    0.05    0.05 ^ serial_clock (in)
     1    0.01                           serial_clock (net)
                  0.07    0.00    0.05 ^ clkbuf_0_serial_clock/A (sky130_fd_sc_hd__clkbuf_16)
                  0.04    0.14    0.19 ^ clkbuf_0_serial_clock/X (sky130_fd_sc_hd__clkbuf_16)
     2    0.02                           clknet_0_serial_clock (net)
                  0.04    0.00    0.19 ^ clkbuf_1_0__f_serial_clock/A (sky130_fd_sc_hd__clkbuf_16)
                  0.04    0.13    0.31 ^ clkbuf_1_0__f_serial_clock/X (sky130_fd_sc_hd__clkbuf_16)
     7    0.02                           clknet_1_0__leaf_serial_clock (net)
                  0.04    0.00    0.31 ^ _176_/CLK (sky130_fd_sc_hd__dfrtp_1)
                          0.20    0.51   clock uncertainty
                         -0.03    0.48   clock reconvergence pessimism
                         -0.04    0.45   library hold time
                                  0.45   data required time
-----------------------------------------------------------------------------
                                  0.45   data required time
                                 -0.60   data arrival time
-----------------------------------------------------------------------------
                                  0.15   slack (MET)


Startpoint: _174_ (rising edge-triggered flip-flop clocked by serial_clock)
Endpoint: _160_ (falling edge-triggered flip-flop clocked by serial_load')
Path Group: serial_load
Path Type: min

Fanout     Cap    Slew   Delay    Time   Description
-----------------------------------------------------------------------------
                          0.00    0.00   clock serial_clock (rise edge)
                          0.00    0.00   clock source latency
                  0.07    0.04    0.04 ^ serial_clock (in)
     1    0.01                           serial_clock (net)
                  0.07    0.00    0.04 ^ clkbuf_0_serial_clock/A (sky130_fd_sc_hd__clkbuf_16)
                  0.04    0.12    0.17 ^ clkbuf_0_serial_clock/X (sky130_fd_sc_hd__clkbuf_16)
     2    0.02                           clknet_0_serial_clock (net)
                  0.04    0.00    0.17 ^ clkbuf_1_1__f_serial_clock/A (sky130_fd_sc_hd__clkbuf_16)
                  0.05    0.13    0.29 ^ clkbuf_1_1__f_serial_clock/X (sky130_fd_sc_hd__clkbuf_16)
     8    0.03                           clknet_1_1__leaf_serial_clock (net)
                  0.05    0.00    0.29 ^ _174_/CLK (sky130_fd_sc_hd__dfrtp_1)
                  0.06    0.32    0.61 ^ _174_/Q (sky130_fd_sc_hd__dfrtp_1)
     2    0.01                           shift_register[2] (net)
                  0.06    0.00    0.61 ^ hold8/A (sky130_fd_sc_hd__dlygate4sd3_1)
                  0.05    0.51    1.12 ^ hold8/X (sky130_fd_sc_hd__dlygate4sd3_1)
     1    0.00                           net41 (net)
                  0.05    0.00    1.12 ^ _160_/D (sky130_fd_sc_hd__dfbbn_1)
                                  1.12   data arrival time

                          0.00    0.00   clock serial_load' (fall edge)
                          0.00    0.00   clock source latency
                  0.07    0.05    0.05 ^ serial_load (in)
     1    0.01                           serial_load (net)
                  0.07    0.00    0.05 ^ clkbuf_0_serial_load/A (sky130_fd_sc_hd__clkbuf_16)
                  0.04    0.14    0.19 ^ clkbuf_0_serial_load/X (sky130_fd_sc_hd__clkbuf_16)
     2    0.02                           clknet_0_serial_load (net)
                  0.04    0.00    0.19 ^ clkbuf_1_1__f_serial_load/A (sky130_fd_sc_hd__clkbuf_16)
                  0.03    0.12    0.31 ^ clkbuf_1_1__f_serial_load/X (sky130_fd_sc_hd__clkbuf_16)
     2    0.01                           clknet_1_1__leaf_serial_load (net)
                  0.03    0.00    0.31 ^ _105_/A (sky130_fd_sc_hd__buf_4)
                  0.04    0.10    0.41 ^ _105_/X (sky130_fd_sc_hd__buf_4)
     1    0.01                           _068_ (net)
                  0.04    0.00    0.41 ^ clkbuf_0__068_/A (sky130_fd_sc_hd__clkbuf_16)
                  0.04    0.13    0.54 ^ clkbuf_0__068_/X (sky130_fd_sc_hd__clkbuf_16)
     2    0.02                           clknet_0__068_ (net)
                  0.04    0.00    0.54 ^ clkbuf_1_0__f__068_/A (sky130_fd_sc_hd__clkbuf_16)
                  0.06    0.14    0.68 ^ clkbuf_1_0__f__068_/X (sky130_fd_sc_hd__clkbuf_16)
     5    0.04                           clknet_1_0__leaf__068_ (net)
                  0.06    0.00    0.69 ^ _112__6/A (sky130_fd_sc_hd__inv_2)
                  0.04    0.06    0.74 v _112__6/Y (sky130_fd_sc_hd__inv_2)
     1    0.02                           net25 (net)
                  0.04    0.00    0.74 v _160_/CLK_N (sky130_fd_sc_hd__dfbbn_1)
                          0.20    0.94   clock uncertainty
                          0.00    0.94   clock reconvergence pessimism
                          0.05    0.99   library hold time
                                  0.99   data required time
-----------------------------------------------------------------------------
                                  0.99   data required time
                                 -1.12   data arrival time
-----------------------------------------------------------------------------
                                  0.13   slack (MET)


Startpoint: _173_ (rising edge-triggered flip-flop clocked by serial_clock)
Endpoint: _165_ (falling edge-triggered flip-flop clocked by serial_load')
Path Group: serial_load
Path Type: min

Fanout     Cap    Slew   Delay    Time   Description
-----------------------------------------------------------------------------
                          0.00    0.00   clock serial_clock (rise edge)
                          0.00    0.00   clock source latency
                  0.07    0.04    0.04 ^ serial_clock (in)
     1    0.01                           serial_clock (net)
                  0.07    0.00    0.04 ^ clkbuf_0_serial_clock/A (sky130_fd_sc_hd__clkbuf_16)
                  0.04    0.12    0.17 ^ clkbuf_0_serial_clock/X (sky130_fd_sc_hd__clkbuf_16)
     2    0.02                           clknet_0_serial_clock (net)
                  0.04    0.00    0.17 ^ clkbuf_1_1__f_serial_clock/A (sky130_fd_sc_hd__clkbuf_16)
                  0.05    0.13    0.29 ^ clkbuf_1_1__f_serial_clock/X (sky130_fd_sc_hd__clkbuf_16)
     8    0.03                           clknet_1_1__leaf_serial_clock (net)
                  0.05    0.00    0.29 ^ _173_/CLK (sky130_fd_sc_hd__dfrtp_1)
                  0.06    0.32    0.61 ^ _173_/Q (sky130_fd_sc_hd__dfrtp_1)
     2    0.01                           shift_register[1] (net)
                  0.06    0.00    0.61 ^ hold2/A (sky130_fd_sc_hd__dlygate4sd3_1)
                  0.05    0.51    1.12 ^ hold2/X (sky130_fd_sc_hd__dlygate4sd3_1)
     1    0.00                           net35 (net)
                  0.05    0.00    1.12 ^ _165_/D (sky130_fd_sc_hd__dfbbn_1)
                                  1.12   data arrival time

                          0.00    0.00   clock serial_load' (fall edge)
                          0.00    0.00   clock source latency
                  0.07    0.05    0.05 ^ serial_load (in)
     1    0.01                           serial_load (net)
                  0.07    0.00    0.05 ^ clkbuf_0_serial_load/A (sky130_fd_sc_hd__clkbuf_16)
                  0.04    0.14    0.19 ^ clkbuf_0_serial_load/X (sky130_fd_sc_hd__clkbuf_16)
     2    0.02                           clknet_0_serial_load (net)
                  0.04    0.00    0.19 ^ clkbuf_1_1__f_serial_load/A (sky130_fd_sc_hd__clkbuf_16)
                  0.03    0.12    0.31 ^ clkbuf_1_1__f_serial_load/X (sky130_fd_sc_hd__clkbuf_16)
     2    0.01                           clknet_1_1__leaf_serial_load (net)
                  0.03    0.00    0.31 ^ _105_/A (sky130_fd_sc_hd__buf_4)
                  0.04    0.10    0.41 ^ _105_/X (sky130_fd_sc_hd__buf_4)
     1    0.01                           _068_ (net)
                  0.04    0.00    0.41 ^ clkbuf_0__068_/A (sky130_fd_sc_hd__clkbuf_16)
                  0.04    0.13    0.54 ^ clkbuf_0__068_/X (sky130_fd_sc_hd__clkbuf_16)
     2    0.02                           clknet_0__068_ (net)
                  0.04    0.00    0.54 ^ clkbuf_1_1__f__068_/A (sky130_fd_sc_hd__clkbuf_16)
                  0.05    0.14    0.68 ^ clkbuf_1_1__f__068_/X (sky130_fd_sc_hd__clkbuf_16)
     5    0.03                           clknet_1_1__leaf__068_ (net)
                  0.05    0.00    0.68 ^ _132__11/A (sky130_fd_sc_hd__inv_2)
                  0.04    0.06    0.74 v _132__11/Y (sky130_fd_sc_hd__inv_2)
     1    0.02                           net30 (net)
                  0.04    0.00    0.74 v _165_/CLK_N (sky130_fd_sc_hd__dfbbn_1)
                          0.20    0.94   clock uncertainty
                          0.00    0.94   clock reconvergence pessimism
                          0.05    0.99   library hold time
                                  0.99   data required time
-----------------------------------------------------------------------------
                                  0.99   data required time
                                 -1.12   data arrival time
-----------------------------------------------------------------------------
                                  0.13   slack (MET)


Startpoint: _175_ (rising edge-triggered flip-flop clocked by serial_clock)
Endpoint: _163_ (falling edge-triggered flip-flop clocked by serial_load')
Path Group: serial_load
Path Type: min

Fanout     Cap    Slew   Delay    Time   Description
-----------------------------------------------------------------------------
                          0.00    0.00   clock serial_clock (rise edge)
                          0.00    0.00   clock source latency
                  0.07    0.04    0.04 ^ serial_clock (in)
     1    0.01                           serial_clock (net)
                  0.07    0.00    0.04 ^ clkbuf_0_serial_clock/A (sky130_fd_sc_hd__clkbuf_16)
                  0.04    0.12    0.17 ^ clkbuf_0_serial_clock/X (sky130_fd_sc_hd__clkbuf_16)
     2    0.02                           clknet_0_serial_clock (net)
                  0.04    0.00    0.17 ^ clkbuf_1_0__f_serial_clock/A (sky130_fd_sc_hd__clkbuf_16)
                  0.04    0.12    0.28 ^ clkbuf_1_0__f_serial_clock/X (sky130_fd_sc_hd__clkbuf_16)
     7    0.02                           clknet_1_0__leaf_serial_clock (net)
                  0.04    0.00    0.28 ^ _175_/CLK (sky130_fd_sc_hd__dfrtp_1)
                  0.06    0.31    0.60 ^ _175_/Q (sky130_fd_sc_hd__dfrtp_1)
     2    0.01                           shift_register[3] (net)
                  0.06    0.00    0.60 ^ hold3/A (sky130_fd_sc_hd__dlygate4sd3_1)
                  0.05    0.51    1.10 ^ hold3/X (sky130_fd_sc_hd__dlygate4sd3_1)
     1    0.00                           net36 (net)
                  0.05    0.00    1.10 ^ _163_/D (sky130_fd_sc_hd__dfbbn_1)
                                  1.10   data arrival time

                          0.00    0.00   clock serial_load' (fall edge)
                          0.00    0.00   clock source latency
                  0.07    0.05    0.05 ^ serial_load (in)
     1    0.01                           serial_load (net)
                  0.07    0.00    0.05 ^ clkbuf_0_serial_load/A (sky130_fd_sc_hd__clkbuf_16)
                  0.04    0.14    0.19 ^ clkbuf_0_serial_load/X (sky130_fd_sc_hd__clkbuf_16)
     2    0.02                           clknet_0_serial_load (net)
                  0.04    0.00    0.19 ^ clkbuf_1_1__f_serial_load/A (sky130_fd_sc_hd__clkbuf_16)
                  0.03    0.12    0.31 ^ clkbuf_1_1__f_serial_load/X (sky130_fd_sc_hd__clkbuf_16)
     2    0.01                           clknet_1_1__leaf_serial_load (net)
                  0.03    0.00    0.31 ^ _105_/A (sky130_fd_sc_hd__buf_4)
                  0.04    0.10    0.41 ^ _105_/X (sky130_fd_sc_hd__buf_4)
     1    0.01                           _068_ (net)
                  0.04    0.00    0.41 ^ clkbuf_0__068_/A (sky130_fd_sc_hd__clkbuf_16)
                  0.04    0.13    0.54 ^ clkbuf_0__068_/X (sky130_fd_sc_hd__clkbuf_16)
     2    0.02                           clknet_0__068_ (net)
                  0.04    0.00    0.54 ^ clkbuf_1_0__f__068_/A (sky130_fd_sc_hd__clkbuf_16)
                  0.06    0.14    0.68 ^ clkbuf_1_0__f__068_/X (sky130_fd_sc_hd__clkbuf_16)
     5    0.04                           clknet_1_0__leaf__068_ (net)
                  0.06    0.00    0.69 ^ _124__9/A (sky130_fd_sc_hd__inv_2)
                  0.02    0.04    0.72 v _124__9/Y (sky130_fd_sc_hd__inv_2)
     1    0.01                           net28 (net)
                  0.02    0.00    0.72 v _163_/CLK_N (sky130_fd_sc_hd__dfbbn_1)
                          0.20    0.92   clock uncertainty
                          0.00    0.92   clock reconvergence pessimism
                          0.04    0.97   library hold time
                                  0.97   data required time
-----------------------------------------------------------------------------
                                  0.97   data required time
                                 -1.10   data arrival time
-----------------------------------------------------------------------------
                                  0.14   slack (MET)


Startpoint: _184_ (rising edge-triggered flip-flop clocked by serial_clock)
Endpoint: _168_ (falling edge-triggered flip-flop clocked by serial_load')
Path Group: serial_load
Path Type: min

Fanout     Cap    Slew   Delay    Time   Description
-----------------------------------------------------------------------------
                          0.00    0.00   clock serial_clock (rise edge)
                          0.00    0.00   clock source latency
                  0.07    0.04    0.04 ^ serial_clock (in)
     1    0.01                           serial_clock (net)
                  0.07    0.00    0.04 ^ clkbuf_0_serial_clock/A (sky130_fd_sc_hd__clkbuf_16)
                  0.04    0.12    0.17 ^ clkbuf_0_serial_clock/X (sky130_fd_sc_hd__clkbuf_16)
     2    0.02                           clknet_0_serial_clock (net)
                  0.04    0.00    0.17 ^ clkbuf_1_1__f_serial_clock/A (sky130_fd_sc_hd__clkbuf_16)
                  0.05    0.13    0.29 ^ clkbuf_1_1__f_serial_clock/X (sky130_fd_sc_hd__clkbuf_16)
     8    0.03                           clknet_1_1__leaf_serial_clock (net)
                  0.05    0.00    0.29 ^ _184_/CLK (sky130_fd_sc_hd__dfrtp_1)
                  0.06    0.31    0.61 ^ _184_/Q (sky130_fd_sc_hd__dfrtp_1)
     2    0.00                           shift_register[12] (net)
                  0.06    0.00    0.61 ^ hold6/A (sky130_fd_sc_hd__dlygate4sd3_1)
                  0.05    0.51    1.11 ^ hold6/X (sky130_fd_sc_hd__dlygate4sd3_1)
     1    0.00                           net39 (net)
                  0.05    0.00    1.11 ^ _168_/D (sky130_fd_sc_hd__dfbbn_1)
                                  1.11   data arrival time

                          0.00    0.00   clock serial_load' (fall edge)
                          0.00    0.00   clock source latency
                  0.07    0.05    0.05 ^ serial_load (in)
     1    0.01                           serial_load (net)
                  0.07    0.00    0.05 ^ clkbuf_0_serial_load/A (sky130_fd_sc_hd__clkbuf_16)
                  0.04    0.14    0.19 ^ clkbuf_0_serial_load/X (sky130_fd_sc_hd__clkbuf_16)
     2    0.02                           clknet_0_serial_load (net)
                  0.04    0.00    0.19 ^ clkbuf_1_1__f_serial_load/A (sky130_fd_sc_hd__clkbuf_16)
                  0.03    0.12    0.31 ^ clkbuf_1_1__f_serial_load/X (sky130_fd_sc_hd__clkbuf_16)
     2    0.01                           clknet_1_1__leaf_serial_load (net)
                  0.03    0.00    0.31 ^ _105_/A (sky130_fd_sc_hd__buf_4)
                  0.04    0.10    0.41 ^ _105_/X (sky130_fd_sc_hd__buf_4)
     1    0.01                           _068_ (net)
                  0.04    0.00    0.41 ^ clkbuf_0__068_/A (sky130_fd_sc_hd__clkbuf_16)
                  0.04    0.13    0.54 ^ clkbuf_0__068_/X (sky130_fd_sc_hd__clkbuf_16)
     2    0.02                           clknet_0__068_ (net)
                  0.04    0.00    0.54 ^ clkbuf_1_1__f__068_/A (sky130_fd_sc_hd__clkbuf_16)
                  0.05    0.14    0.68 ^ clkbuf_1_1__f__068_/X (sky130_fd_sc_hd__clkbuf_16)
     5    0.03                           clknet_1_1__leaf__068_ (net)
                  0.05    0.00    0.68 ^ _144__14/A (sky130_fd_sc_hd__inv_2)
                  0.03    0.05    0.73 v _144__14/Y (sky130_fd_sc_hd__inv_2)
     1    0.01                           net33 (net)
                  0.03    0.00    0.73 v _168_/CLK_N (sky130_fd_sc_hd__dfbbn_1)
                          0.20    0.93   clock uncertainty
                          0.00    0.93   clock reconvergence pessimism
                          0.04    0.97   library hold time
                                  0.97   data required time
-----------------------------------------------------------------------------
                                  0.97   data required time
                                 -1.11   data arrival time
-----------------------------------------------------------------------------
                                  0.14   slack (MET)


Startpoint: _172_ (rising edge-triggered flip-flop clocked by serial_clock)
Endpoint: _159_ (falling edge-triggered flip-flop clocked by serial_load')
Path Group: serial_load
Path Type: min

Fanout     Cap    Slew   Delay    Time   Description
-----------------------------------------------------------------------------
                          0.00    0.00   clock serial_clock (rise edge)
                          0.00    0.00   clock source latency
                  0.07    0.04    0.04 ^ serial_clock (in)
     1    0.01                           serial_clock (net)
                  0.07    0.00    0.04 ^ clkbuf_0_serial_clock/A (sky130_fd_sc_hd__clkbuf_16)
                  0.04    0.12    0.17 ^ clkbuf_0_serial_clock/X (sky130_fd_sc_hd__clkbuf_16)
     2    0.02                           clknet_0_serial_clock (net)
                  0.04    0.00    0.17 ^ clkbuf_1_1__f_serial_clock/A (sky130_fd_sc_hd__clkbuf_16)
                  0.05    0.13    0.29 ^ clkbuf_1_1__f_serial_clock/X (sky130_fd_sc_hd__clkbuf_16)
     8    0.03                           clknet_1_1__leaf_serial_clock (net)
                  0.05    0.00    0.29 ^ _172_/CLK (sky130_fd_sc_hd__dfrtp_1)
                  0.07    0.32    0.61 ^ _172_/Q (sky130_fd_sc_hd__dfrtp_1)
     2    0.01                           shift_register[0] (net)
                  0.07    0.00    0.61 ^ hold4/A (sky130_fd_sc_hd__dlygate4sd3_1)
                  0.05    0.51    1.12 ^ hold4/X (sky130_fd_sc_hd__dlygate4sd3_1)
     1    0.00                           net37 (net)
                  0.05    0.00    1.12 ^ _159_/D (sky130_fd_sc_hd__dfbbn_1)
                                  1.12   data arrival time

                          0.00    0.00   clock serial_load' (fall edge)
                          0.00    0.00   clock source latency
                  0.07    0.05    0.05 ^ serial_load (in)
     1    0.01                           serial_load (net)
                  0.07    0.00    0.05 ^ clkbuf_0_serial_load/A (sky130_fd_sc_hd__clkbuf_16)
                  0.04    0.14    0.19 ^ clkbuf_0_serial_load/X (sky130_fd_sc_hd__clkbuf_16)
     2    0.02                           clknet_0_serial_load (net)
                  0.04    0.00    0.19 ^ clkbuf_1_1__f_serial_load/A (sky130_fd_sc_hd__clkbuf_16)
                  0.03    0.12    0.31 ^ clkbuf_1_1__f_serial_load/X (sky130_fd_sc_hd__clkbuf_16)
     2    0.01                           clknet_1_1__leaf_serial_load (net)
                  0.03    0.00    0.31 ^ _105_/A (sky130_fd_sc_hd__buf_4)
                  0.04    0.10    0.41 ^ _105_/X (sky130_fd_sc_hd__buf_4)
     1    0.01                           _068_ (net)
                  0.04    0.00    0.41 ^ clkbuf_0__068_/A (sky130_fd_sc_hd__clkbuf_16)
                  0.04    0.13    0.54 ^ clkbuf_0__068_/X (sky130_fd_sc_hd__clkbuf_16)
     2    0.02                           clknet_0__068_ (net)
                  0.04    0.00    0.54 ^ clkbuf_1_1__f__068_/A (sky130_fd_sc_hd__clkbuf_16)
                  0.05    0.14    0.68 ^ clkbuf_1_1__f__068_/X (sky130_fd_sc_hd__clkbuf_16)
     5    0.03                           clknet_1_1__leaf__068_ (net)
                  0.05    0.00    0.68 ^ _106__5/A (sky130_fd_sc_hd__inv_2)
                  0.03    0.05    0.73 v _106__5/Y (sky130_fd_sc_hd__inv_2)
     1    0.01                           net24 (net)
                  0.03    0.00    0.73 v _159_/CLK_N (sky130_fd_sc_hd__dfbbn_1)
                          0.20    0.93   clock uncertainty
                          0.00    0.93   clock reconvergence pessimism
                          0.04    0.98   library hold time
                                  0.98   data required time
-----------------------------------------------------------------------------
                                  0.98   data required time
                                 -1.12   data arrival time
-----------------------------------------------------------------------------
                                  0.14   slack (MET)


