Instance name,  X location,  Y location,  Voltage 
_172_, 38.6, 78.88, 1.8
FILLER_24_67, 38.6, 73.44, 1.8
FILLER_25_82, 38.6, 73.44, 1.8
_185_, 38.6, 73.44, 1.8
hold6, 38.6, 73.44, 1.8
FILLER_22_72, 38.6, 68, 1.8
FILLER_24_81, 38.6, 68, 1.8
_168_, 38.6, 68, 1.8
FILLER_20_64, 38.6, 62.56, 1.8
FILLER_21_81, 38.6, 62.56, 1.8
FILLER_22_81, 38.6, 62.56, 1.8
_184_, 38.6, 62.56, 1.8
hold7, 38.6, 62.56, 1.8
output13, 38.6, 62.56, 1.8
FILLER_18_69, 38.6, 57.12, 1.8
FILLER_19_79, 38.6, 57.12, 1.8
FILLER_20_79, 38.6, 57.12, 1.8
_089_, 38.6, 57.12, 1.8
_122_, 38.6, 57.12, 1.8
FILLER_17_85, 38.6, 51.68, 1.8
FILLER_18_78, 38.6, 51.68, 1.8
FILLER_14_67, 38.6, 46.24, 1.8
FILLER_15_66, 38.6, 46.24, 1.8
FILLER_16_81, 38.6, 46.24, 1.8
_108_, 38.6, 46.24, 1.8
clkbuf_0_serial_load, 38.6, 46.24, 1.8
FILLER_12_67, 38.6, 40.8, 1.8
FILLER_13_67, 38.6, 40.8, 1.8
FILLER_14_77, 38.6, 40.8, 1.8
_189_, 38.6, 40.8, 1.8
hold13, 38.6, 40.8, 1.8
FILLER_11_85, 38.6, 35.36, 1.8
FILLER_12_79, 38.6, 35.36, 1.8
FILLER_8_67, 38.6, 29.92, 1.8
_171_, 38.6, 29.92, 1.8
fanout18, 38.6, 29.92, 1.8
FILLER_6_65, 38.6, 24.48, 1.8
FILLER_6_72, 38.6, 24.48, 1.8
FILLER_7_64, 38.6, 24.48, 1.8
FILLER_7_71, 38.6, 24.48, 1.8
FILLER_7_80, 38.6, 24.48, 1.8
FILLER_8_75, 38.6, 24.48, 1.8
_136__12, 38.6, 24.48, 1.8
_152__2, 38.6, 24.48, 1.8
_156__3, 38.6, 24.48, 1.8
_157_, 38.6, 24.48, 1.8
FILLER_4_69, 38.6, 19.04, 1.8
FILLER_5_67, 38.6, 19.04, 1.8
FILLER_5_74, 38.6, 19.04, 1.8
FILLER_5_80, 38.6, 19.04, 1.8
FILLER_6_84, 38.6, 19.04, 1.8
_107_, 38.6, 19.04, 1.8
_135_, 38.6, 19.04, 1.8
_145_, 38.6, 19.04, 1.8
_153_, 38.6, 19.04, 1.8
FILLER_2_64, 38.6, 13.6, 1.8
FILLER_2_71, 38.6, 13.6, 1.8
FILLER_3_69, 38.6, 13.6, 1.8
FILLER_3_76, 38.6, 13.6, 1.8
FILLER_3_85, 38.6, 13.6, 1.8
FILLER_4_82, 38.6, 13.6, 1.8
_090_, 38.6, 13.6, 1.8
_091_, 38.6, 13.6, 1.8
_092_, 38.6, 13.6, 1.8
_147_, 38.6, 13.6, 1.8
_151_, 38.6, 13.6, 1.8
FILLER_0_64, 38.6, 8.16, 1.8
FILLER_0_71, 38.6, 8.16, 1.8
FILLER_1_66, 38.6, 8.16, 1.8
FILLER_1_73, 38.6, 8.16, 1.8
FILLER_1_85, 38.6, 8.16, 1.8
FILLER_2_79, 38.6, 8.16, 1.8
FILLER_2_85, 38.6, 8.16, 1.8
_093_, 38.6, 8.16, 1.8
_096_, 38.6, 8.16, 1.8
_112__6, 38.6, 8.16, 1.8
_132__11, 38.6, 8.16, 1.8
const_source, 38.6, 8.16, 1.8
FILLER_26_10, 13.6, 78.88, 1.8
FILLER_26_18, 13.6, 78.88, 1.8
output9, 13.6, 78.88, 1.8
FILLER_25_11, 13.6, 73.44, 1.8
FILLER_25_21, 13.6, 73.44, 1.8
FILLER_25_30, 13.6, 73.44, 1.8
FILLER_26_29, 13.6, 73.44, 1.8
_098_, 13.6, 73.44, 1.8
_103_, 13.6, 73.44, 1.8
_130_, 13.6, 73.44, 1.8
FILLER_23_14, 13.6, 68, 1.8
_128__10, 13.6, 68, 1.8
_159_, 13.6, 68, 1.8
FILLER_21_14, 13.6, 62.56, 1.8
_102_, 13.6, 62.56, 1.8
_165_, 13.6, 62.56, 1.8
FILLER_18_14, 13.6, 57.12, 1.8
FILLER_19_30, 13.6, 57.12, 1.8
_137_, 13.6, 57.12, 1.8
_181_, 13.6, 57.12, 1.8
hold10, 13.6, 57.12, 1.8
FILLER_16_14, 13.6, 51.68, 1.8
FILLER_17_10, 13.6, 51.68, 1.8
FILLER_18_29, 13.6, 51.68, 1.8
_160_, 13.6, 51.68, 1.8
hold19, 13.6, 51.68, 1.8
FILLER_15_24, 13.6, 46.24, 1.8
_164_, 13.6, 46.24, 1.8
_182_, 13.6, 46.24, 1.8
FILLER_13_16, 13.6, 40.8, 1.8
FILLER_14_29, 13.6, 40.8, 1.8
_163_, 13.6, 40.8, 1.8
FILLER_11_30, 13.6, 35.36, 1.8
clkbuf_1_0__f_serial_clock, 13.6, 35.36, 1.8
hold18, 13.6, 35.36, 1.8
FILLER_10_29, 13.6, 29.92, 1.8
FILLER_8_12, 13.6, 29.92, 1.8
FILLER_8_20, 13.6, 29.92, 1.8
FILLER_9_16, 13.6, 29.92, 1.8
_178_, 13.6, 29.92, 1.8
_180_, 13.6, 29.92, 1.8
output12, 13.6, 29.92, 1.8
FILLER_7_26, 15.18, 24.48, 1.8
PHY_12, 15.18, 24.48, 1.8
PHY_14, 15.18, 24.48, 1.8
_148__1, 15.18, 24.48, 1.8
_177_, 15.18, 24.48, 1.8
FILLER_7_91, 49.22, 24.48, 1.8
PHY_13, 49.22, 24.48, 1.8
PHY_15, 49.22, 24.48, 1.8
_094_, 49.22, 24.48, 1.8
output4, 49.22, 24.48, 1.8
FILLER_7_36, 26.89, 24.48, 1.8
FILLER_7_54, 26.89, 24.48, 1.8
FILLER_8_51, 26.89, 24.48, 1.8
_146_, 26.89, 24.48, 1.8
hold11, 26.89, 24.48, 1.8
hold12, 26.89, 24.48, 1.8
FILLER_5_26, 15.18, 19.04, 1.8
FILLER_6_31, 15.18, 19.04, 1.8
PHY_10, 15.18, 19.04, 1.8
PHY_8, 15.18, 19.04, 1.8
_116__7, 15.18, 19.04, 1.8
output15, 15.18, 19.04, 1.8
PHY_11, 49.22, 19.04, 1.8
PHY_9, 49.22, 19.04, 1.8
output1, 49.22, 19.04, 1.8
output3, 49.22, 19.04, 1.8
FILLER_5_38, 26.89, 19.04, 1.8
FILLER_5_45, 26.89, 19.04, 1.8
FILLER_5_52, 26.89, 19.04, 1.8
FILLER_5_59, 26.89, 19.04, 1.8
FILLER_6_42, 26.89, 19.04, 1.8
FILLER_6_58, 26.89, 19.04, 1.8
_104_, 26.89, 19.04, 1.8
_113_, 26.89, 19.04, 1.8
_115_, 26.89, 19.04, 1.8
_144__14, 26.89, 19.04, 1.8
_149_, 26.89, 19.04, 1.8
output2, 26.89, 19.04, 1.8
FILLER_4_31, 15.18, 13.6, 1.8
PHY_4, 15.18, 13.6, 1.8
PHY_6, 15.18, 13.6, 1.8
_129_, 15.18, 13.6, 1.8
_139_, 15.18, 13.6, 1.8
output17, 15.18, 13.6, 1.8
PHY_5, 49.22, 13.6, 1.8
PHY_7, 49.22, 13.6, 1.8
_097_, 49.22, 13.6, 1.8
_155_, 49.22, 13.6, 1.8
FILLER_3_37, 26.89, 13.6, 1.8
FILLER_3_44, 26.89, 13.6, 1.8
FILLER_3_51, 26.89, 13.6, 1.8
FILLER_3_58, 26.89, 13.6, 1.8
FILLER_4_38, 26.89, 13.6, 1.8
FILLER_4_46, 26.89, 13.6, 1.8
FILLER_4_57, 26.89, 13.6, 1.8
_099_, 26.89, 13.6, 1.8
_106__5, 26.89, 13.6, 1.8
_117_, 26.89, 13.6, 1.8
_120__8, 26.89, 13.6, 1.8
_143_, 26.89, 13.6, 1.8
FILLER_0_31, 15.18, 8.16, 1.8
FILLER_1_31, 15.18, 8.16, 1.8
FILLER_2_31, 15.18, 8.16, 1.8
PHY_0, 15.18, 8.16, 1.8
PHY_2, 15.18, 8.16, 1.8
_111_, 15.18, 8.16, 1.8
_123_, 15.18, 8.16, 1.8
_124__9, 15.18, 8.16, 1.8
_141_, 15.18, 8.16, 1.8
_186_, 15.18, 8.16, 1.8
PHY_1, 49.22, 8.16, 1.8
PHY_3, 49.22, 8.16, 1.8
_101_, 49.22, 8.16, 1.8
FILLER_0_38, 26.89, 8.16, 1.8
FILLER_0_45, 26.89, 8.16, 1.8
FILLER_0_57, 26.89, 8.16, 1.8
FILLER_1_38, 26.89, 8.16, 1.8
FILLER_1_45, 26.89, 8.16, 1.8
FILLER_1_52, 26.89, 8.16, 1.8
FILLER_1_59, 26.89, 8.16, 1.8
FILLER_2_44, 26.89, 8.16, 1.8
FILLER_2_57, 26.89, 8.16, 1.8
_087_, 26.89, 8.16, 1.8
_100_, 26.89, 8.16, 1.8
_109_, 26.89, 8.16, 1.8
_119_, 26.89, 8.16, 1.8
_121_, 26.89, 8.16, 1.8
_125_, 26.89, 8.16, 1.8
_131_, 26.89, 8.16, 1.8
_133_, 26.89, 8.16, 1.8
_158__4, 26.89, 8.16, 1.8
PHY_52, 4.6, 78.88, 1.8
FILLER_26_91, 49.22, 78.88, 1.8
PHY_53, 49.22, 78.88, 1.8
output11, 49.22, 78.88, 1.8
FILLER_26_46, 26.1, 78.88, 1.8
output16, 26.1, 78.88, 1.8
FILLER_25_3, 4.6, 73.44, 1.8
FILLER_26_3, 4.6, 73.44, 1.8
PHY_48, 4.6, 73.44, 1.8
PHY_50, 4.6, 73.44, 1.8
_110_, 4.6, 73.44, 1.8
_188_, 4.6, 73.44, 1.8
FILLER_25_91, 49.22, 73.44, 1.8
PHY_49, 49.22, 73.44, 1.8
PHY_51, 49.22, 73.44, 1.8
_142_, 49.22, 73.44, 1.8
output10, 49.22, 73.44, 1.8
FILLER_24_34, 26.1, 73.44, 1.8
FILLER_24_43, 26.1, 73.44, 1.8
FILLER_25_42, 26.1, 73.44, 1.8
FILLER_25_57, 26.1, 73.44, 1.8
FILLER_26_57, 26.1, 73.44, 1.8
_114_, 26.1, 73.44, 1.8
hold14, 26.1, 73.44, 1.8
hold4, 26.1, 73.44, 1.8
output14, 26.1, 73.44, 1.8
FILLER_23_3, 4.6, 68, 1.8
FILLER_24_3, 4.6, 68, 1.8
PHY_44, 4.6, 68, 1.8
PHY_46, 4.6, 68, 1.8
_173_, 4.6, 68, 1.8
hold2, 4.6, 68, 1.8
FILLER_22_91, 49.22, 68, 1.8
FILLER_23_88, 49.22, 68, 1.8
PHY_45, 49.22, 68, 1.8
PHY_47, 49.22, 68, 1.8
output7, 49.22, 68, 1.8
FILLER_22_40, 26.1, 68, 1.8
FILLER_23_44, 26.1, 68, 1.8
FILLER_23_57, 26.1, 68, 1.8
_118_, 26.1, 68, 1.8
_162_, 26.1, 68, 1.8
clkbuf_1_1__f_serial_load, 26.1, 68, 1.8
FILLER_21_3, 4.6, 62.56, 1.8
FILLER_22_3, 4.6, 62.56, 1.8
PHY_40, 4.6, 62.56, 1.8
PHY_42, 4.6, 62.56, 1.8
clkbuf_1_1__f__068_, 4.6, 62.56, 1.8
hold15, 4.6, 62.56, 1.8
PHY_41, 49.22, 62.56, 1.8
PHY_43, 49.22, 62.56, 1.8
_138_, 49.22, 62.56, 1.8
fanout19, 49.22, 62.56, 1.8
FILLER_20_34, 26.1, 62.56, 1.8
FILLER_21_44, 26.1, 62.56, 1.8
FILLER_21_57, 26.1, 62.56, 1.8
_105_, 26.1, 62.56, 1.8
_161_, 26.1, 62.56, 1.8
FILLER_19_3, 4.6, 57.12, 1.8
FILLER_20_3, 4.6, 57.12, 1.8
PHY_36, 4.6, 57.12, 1.8
PHY_38, 4.6, 57.12, 1.8
_174_, 4.6, 57.12, 1.8
FILLER_18_91, 49.22, 57.12, 1.8
FILLER_19_91, 49.22, 57.12, 1.8
PHY_37, 49.22, 57.12, 1.8
PHY_39, 49.22, 57.12, 1.8
output8, 49.22, 57.12, 1.8
FILLER_18_44, 26.1, 57.12, 1.8
_183_, 26.1, 57.12, 1.8
clkbuf_0__068_, 26.1, 57.12, 1.8
hold17, 26.1, 57.12, 1.8
FILLER_18_3, 4.6, 51.68, 1.8
PHY_32, 4.6, 51.68, 1.8
PHY_34, 4.6, 51.68, 1.8
_126_, 4.6, 51.68, 1.8
hold16, 4.6, 51.68, 1.8
PHY_33, 49.22, 51.68, 1.8
PHY_35, 49.22, 51.68, 1.8
_088_, 49.22, 51.68, 1.8
_140__13, 49.22, 51.68, 1.8
FILLER_17_43, 26.1, 51.68, 1.8
_134_, 26.1, 51.68, 1.8
_167_, 26.1, 51.68, 1.8
clkbuf_0_serial_clock, 26.1, 51.68, 1.8
FILLER_15_3, 4.6, 46.24, 1.8
FILLER_16_3, 4.6, 46.24, 1.8
PHY_28, 4.6, 46.24, 1.8
PHY_30, 4.6, 46.24, 1.8
gpio_in_buf, 4.6, 46.24, 1.8
hold8, 4.6, 46.24, 1.8
FILLER_14_91, 49.22, 46.24, 1.8
FILLER_15_90, 49.22, 46.24, 1.8
PHY_29, 49.22, 46.24, 1.8
PHY_31, 49.22, 46.24, 1.8
_086_, 49.22, 46.24, 1.8
FILLER_14_42, 26.1, 46.24, 1.8
FILLER_15_57, 26.1, 46.24, 1.8
FILLER_16_51, 26.1, 46.24, 1.8
_085_, 26.1, 46.24, 1.8
_166_, 26.1, 46.24, 1.8
hold9, 26.1, 46.24, 1.8
FILLER_13_3, 4.6, 40.8, 1.8
FILLER_14_3, 4.6, 40.8, 1.8
PHY_24, 4.6, 40.8, 1.8
PHY_26, 4.6, 40.8, 1.8
_175_, 4.6, 40.8, 1.8
hold3, 4.6, 40.8, 1.8
PHY_25, 49.22, 40.8, 1.8
PHY_27, 49.22, 40.8, 1.8
_150_, 49.22, 40.8, 1.8
FILLER_12_39, 26.1, 40.8, 1.8
FILLER_13_46, 26.1, 40.8, 1.8
clkbuf_1_1__f_serial_clock, 26.1, 40.8, 1.8
hold1, 26.1, 40.8, 1.8
output6, 26.1, 40.8, 1.8
FILLER_11_3, 4.6, 35.36, 1.8
FILLER_12_3, 4.6, 35.36, 1.8
PHY_20, 4.6, 35.36, 1.8
PHY_22, 4.6, 35.36, 1.8
clkbuf_1_0__f__068_, 4.6, 35.36, 1.8
PHY_21, 49.22, 35.36, 1.8
PHY_23, 49.22, 35.36, 1.8
_127_, 49.22, 35.36, 1.8
_154_, 49.22, 35.36, 1.8
_169_, 26.1, 35.36, 1.8
_179_, 26.1, 35.36, 1.8
clkbuf_1_0__f_serial_load, 26.1, 35.36, 1.8
FILLER_10_3, 4.6, 29.92, 1.8
FILLER_8_3, 4.6, 29.92, 1.8
FILLER_9_3, 4.6, 29.92, 1.8
PHY_16, 4.6, 29.92, 1.8
PHY_18, 4.6, 29.92, 1.8
_176_, 4.6, 29.92, 1.8
_187_, 4.6, 29.92, 1.8
hold5, 4.6, 29.92, 1.8
FILLER_8_91, 49.22, 29.92, 1.8
FILLER_9_87, 49.22, 29.92, 1.8
PHY_17, 49.22, 29.92, 1.8
PHY_19, 49.22, 29.92, 1.8
_095_, 49.22, 29.92, 1.8
FILLER_10_52, 26.1, 29.92, 1.8
FILLER_9_45, 26.1, 29.92, 1.8
FILLER_9_57, 26.1, 29.92, 1.8
_170_, 26.1, 29.92, 1.8
output5, 26.1, 29.92, 1.8

