OpenROAD 4174c3ad802d2ac1d04d387d2c4b883903f6647e 
This program is licensed under the BSD-3 license. See the LICENSE file for details.
Components of this program may be licensed under more restrictive licenses which must be honored.
[INFO ODB-0222] Reading LEF file: /openlane/designs/gpio_control_block/runs/RUN_27/tmp/merged.nom.lef
[WARNING ODB-0220] WARNING (LEFPARS-2036): SOURCE statement is obsolete in version 5.6 and later.
The LEF parser will ignore this statement.
To avoid this warning in the future, remove this statement from the LEF file with version 5.6 or later. See file /openlane/designs/gpio_control_block/runs/RUN_27/tmp/merged.nom.lef at line 930.

[INFO ODB-0223]     Created 13 technology layers
[INFO ODB-0224]     Created 25 technology vias
[INFO ODB-0225]     Created 442 library cells
[INFO ODB-0226] Finished LEF file:  /openlane/designs/gpio_control_block/runs/RUN_27/tmp/merged.nom.lef
[INFO ODB-0127] Reading DEF file: /openlane/designs/gpio_control_block/runs/RUN_27/results/routing/gpio_control_block.def
[INFO ODB-0128] Design: gpio_control_block
[INFO ODB-0130]     Created 47 pins.
[INFO ODB-0131]     Created 511 components and 2394 component-terminals.
[INFO ODB-0132]     Created 4 special nets and 1962 connections.
[INFO ODB-0133]     Created 191 nets and 432 connections.
[INFO ODB-0134] Finished DEF file: /openlane/designs/gpio_control_block/runs/RUN_27/results/routing/gpio_control_block.def
Using RCX ruleset '/mnt/g/Efabless/OpenLane/pdks/sky130A/libs.tech/openlane/rules.openrcx.sky130A.nom.spef_extractor'...
[INFO RCX-0431] Defined process_corner X with ext_model_index 0
[INFO RCX-0029] Defined extraction corner X
[INFO RCX-0008] extracting parasitics of gpio_control_block ...
[INFO RCX-0435] Reading extraction model file /mnt/g/Efabless/OpenLane/pdks/sky130A/libs.tech/openlane/rules.openrcx.sky130A.nom.spef_extractor ...
[INFO RCX-0436] RC segment generation gpio_control_block (max_merge_res 50.0) ...
[INFO RCX-0040] Final 535 rc segments
[INFO RCX-0439] Coupling Cap extraction gpio_control_block ...
[INFO RCX-0440] Coupling threshhold is 0.1000 fF, coupling capacitance less than 0.1000 fF will be grounded.
[INFO RCX-0043] 1446 wires to be extracted
[INFO RCX-0442] 55% completion -- 799 wires have been extracted
[INFO RCX-0442] 100% completion -- 1446 wires have been extracted
[INFO RCX-0045] Extract 193 nets, 713 rsegs, 713 caps, 1376 ccs
[INFO RCX-0015] Finished extracting gpio_control_block.
Writing result to /openlane/designs/gpio_control_block/runs/RUN_27/results/routing/gpio_control_block.nom.spef...
Setting global connections for newly added cells...
[WARNING] Did not save OpenROAD database!
Writing extracted parasitics to /openlane/designs/gpio_control_block/runs/RUN_27/results/routing/gpio_control_block.nom.spef...
[INFO RCX-0016] Writing SPEF ...
[INFO RCX-0443] 191 nets finished
[INFO RCX-0017] Finished writing SPEF ...
