OpenROAD 4174c3ad802d2ac1d04d387d2c4b883903f6647e 
This program is licensed under the BSD-3 license. See the LICENSE file for details.
Components of this program may be licensed under more restrictive licenses which must be honored.
[INFO ODB-0222] Reading LEF file: /openlane/designs/gpio_control_block/runs/RUN_27/tmp/merged.nom.lef
[WARNING ODB-0220] WARNING (LEFPARS-2036): SOURCE statement is obsolete in version 5.6 and later.
The LEF parser will ignore this statement.
To avoid this warning in the future, remove this statement from the LEF file with version 5.6 or later. See file /openlane/designs/gpio_control_block/runs/RUN_27/tmp/merged.nom.lef at line 930.

[INFO ODB-0223]     Created 13 technology layers
[INFO ODB-0224]     Created 25 technology vias
[INFO ODB-0225]     Created 442 library cells
[INFO ODB-0226] Finished LEF file:  /openlane/designs/gpio_control_block/runs/RUN_27/tmp/merged.nom.lef
[INFO ODB-0127] Reading DEF file: /openlane/designs/gpio_control_block/runs/RUN_27/results/routing/gpio_control_block.def
[INFO ODB-0128] Design: gpio_control_block
[INFO ODB-0130]     Created 47 pins.
[INFO ODB-0131]     Created 511 components and 2394 component-terminals.
[INFO ODB-0132]     Created 4 special nets and 1962 connections.
[INFO ODB-0133]     Created 191 nets and 432 connections.
[INFO ODB-0134] Finished DEF file: /openlane/designs/gpio_control_block/runs/RUN_27/results/routing/gpio_control_block.def
OpenROAD 4174c3ad802d2ac1d04d387d2c4b883903f6647e 
This program is licensed under the BSD-3 license. See the LICENSE file for details.
Components of this program may be licensed under more restrictive licenses which must be honored.
warning: `//.tclsh-history' is not writable.
[?1034hopenroad> 
openroad>         read_lef /openlane/designs/gpio_control_block/runs/RUN_27/tmp/ merged.nom.lef
[INFO ODB-0222] Reading LEF file: /openlane/designs/gpio_control_block/runs/RUN_27/tmp/merged.nom.lef
[WARNING ODB-0220] WARNING (LEFPARS-2036): SOURCE statement is obsolete in version 5.6 and later.
The LEF parser will ignore this statement.
To avoid this warning in the future, remove this statement from the LEF file with version 5.6 or later. See file /openlane/designs/gpio_control_block/runs/RUN_27/tmp/merged.nom.lef at line 930.

[INFO ODB-0223]     Created 13 technology layers
[INFO ODB-0224]     Created 25 technology vias
[INFO ODB-0225]     Created 442 library cells
[INFO ODB-0226] Finished LEF file:  /openlane/designs/gpio_control_block/runs/RUN_27/tmp/merged.nom.lef
openroad>         read_verilog /openlane/designs/gpio_control_block/runs/RUN_27/ tmp/synthesis/pg_define.v
openroad>         link_design gpio_control_block
[WARNING ORD-1011] LEF master sky130_fd_sc_hd__or2b_2 has no liberty cell.
[WARNING ORD-1011] LEF master sky130_fd_sc_hd__buf_2 has no liberty cell.
[WARNING ORD-1011] LEF master sky130_fd_sc_hd__inv_2 has no liberty cell.
[WARNING ORD-1011] LEF master sky130_fd_sc_hd__and3_2 has no liberty cell.
[WARNING ORD-1011] LEF master sky130_fd_sc_hd__a21o_2 has no liberty cell.
[WARNING ORD-1011] LEF master sky130_fd_sc_hd__nand2_2 has no liberty cell.
[WARNING ORD-1011] LEF master sky130_fd_sc_hd__nor2_2 has no liberty cell.
[WARNING ORD-1011] LEF master sky130_fd_sc_hd__nand3_2 has no liberty cell.
[WARNING ORD-1011] LEF master sky130_fd_sc_hd__buf_6 has no liberty cell.
[WARNING ORD-1011] LEF master sky130_fd_sc_hd__or2_4 has no liberty cell.
[WARNING ORD-1011] LEF master sky130_fd_sc_hd__buf_4 has no liberty cell.
[WARNING ORD-1011] LEF master sky130_fd_sc_hd__or2_2 has no liberty cell.
[WARNING ORD-1011] LEF master sky130_fd_sc_hd__dfbbn_2 has no liberty cell.
[WARNING ORD-1011] LEF master sky130_fd_sc_hd__dfrtp_2 has no liberty cell.
[WARNING ORD-1011] LEF master sky130_fd_sc_hd__ebufn_2 has no liberty cell.
[WARNING ORD-1011] LEF master sky130_fd_sc_hd__conb_1 has no liberty cell.
[WARNING ORD-1011] LEF master sky130_fd_sc_hd__einvp_8 has no liberty cell.
[WARNING ORD-1011] LEF master gpio_logic_high has no liberty cell.
openroad>         write_def /openlane/designs/gpio_control_block/runs/RUN_27/tmp /synthesis/pg_define.intermediate.def
openroad>         exit
unable to write history to `//.tclsh-history'

[INFO ODB-0222] Reading LEF file: /openlane/designs/gpio_control_block/runs/RUN_27/tmp/merged.nom.lef
[WARNING ODB-0220] WARNING (LEFPARS-2036): SOURCE statement is obsolete in version 5.6 and later.
The LEF parser will ignore this statement.
To avoid this warning in the future, remove this statement from the LEF file with version 5.6 or later. See file /openlane/designs/gpio_control_block/runs/RUN_27/tmp/merged.nom.lef at line 930.

[INFO ODB-0223]     Created 13 technology layers
[INFO ODB-0224]     Created 25 technology vias
[INFO ODB-0225]     Created 442 library cells
[INFO ODB-0226] Finished LEF file:  /openlane/designs/gpio_control_block/runs/RUN_27/tmp/merged.nom.lef
[INFO ODB-0127] Reading DEF file: /openlane/designs/gpio_control_block/runs/RUN_27/tmp/synthesis/pg_define.intermediate.def
[INFO ODB-0128] Design: gpio_control_block
[INFO ODB-0130]     Created 47 pins.
[INFO ODB-0131]     Created 108 components and 768 component-terminals.
[INFO ODB-0133]     Created 148 nets and 348 connections.
[INFO ODB-0134] Finished DEF file: /openlane/designs/gpio_control_block/runs/RUN_27/tmp/synthesis/pg_define.intermediate.def
Top-level design name: gpio_control_block
Found default power net 'vccd'
Found default ground net 'vssd'
Found 2 power ports.
Found 2 ground ports.
Modified power connections of 511/511 cells.
Connected vccd to gpio_in_buf/VPWR.
Connected vccd to gpio_in_buf/VPB.
Connected vccd to const_source/VPWR.
Connected vccd to const_source/VPB.
Connected vccd1 to gpio_logic_high/vccd1.
Connected vssd to gpio_in_buf/VNB.
Connected vssd to gpio_in_buf/VGND.
Connected vssd to const_source/VNB.
Connected vssd to const_source/VGND.
Connected vssd1 to gpio_logic_high/vssd1.
