Netgen 1.5.227 compiled on Fri Sep  2 09:22:14 UTC 2022
Warning: netgen command 'format' use fully-qualified name '::netgen::format'
Warning: netgen command 'global' use fully-qualified name '::netgen::global'
Generating JSON file result
Reading netlist file /openlane/designs/gpio_control_block/runs/RUN_27/results/signoff/gpio_control_block.spice
Reading netlist file /openlane/designs/gpio_control_block/runs/RUN_27/tmp/signoff/33-gpio_control_block.pnl.v
Warning:  A case-insensitive file has been read and so the	verilog file must be treated case-insensitive to match.
Creating placeholder cell definition for module sky130_fd_sc_hd__or2b_1.
Creating placeholder cell definition for module sky130_fd_sc_hd__clkbuf_2.
Creating placeholder cell definition for module sky130_fd_sc_hd__inv_2.
Creating placeholder cell definition for module sky130_fd_sc_hd__and3_1.
Creating placeholder cell definition for module sky130_fd_sc_hd__a21o_1.
Creating placeholder cell definition for module sky130_fd_sc_hd__nand2_1.
Creating placeholder cell definition for module sky130_fd_sc_hd__nor2_1.
Creating placeholder cell definition for module sky130_fd_sc_hd__clkinv_2.
Creating placeholder cell definition for module sky130_fd_sc_hd__nand3_1.
Creating placeholder cell definition for module sky130_fd_sc_hd__buf_6.
Creating placeholder cell definition for module sky130_fd_sc_hd__or2_1.
Creating placeholder cell definition for module sky130_fd_sc_hd__clkbuf_1.
Creating placeholder cell definition for module sky130_fd_sc_hd__buf_4.
Creating placeholder cell definition for module sky130_fd_sc_hd__clkbuf_16.
Creating placeholder cell definition for module sky130_fd_sc_hd__dfbbn_1.
Creating placeholder cell definition for module sky130_fd_sc_hd__dfrtp_1.
Creating placeholder cell definition for module sky130_fd_sc_hd__buf_2.
Creating placeholder cell definition for module sky130_fd_sc_hd__ebufn_8.
Creating placeholder cell definition for module sky130_fd_sc_hd__conb_1.
Creating placeholder cell definition for module sky130_fd_sc_hd__einvp_8.
Creating placeholder cell definition for module gpio_logic_high.
Creating placeholder cell definition for module sky130_fd_sc_hd__decap_3.
Creating placeholder cell definition for module sky130_fd_sc_hd__tapvpwrvgnd_1.
Creating placeholder cell definition for module sky130_fd_sc_hd__clkbuf_4.
Creating placeholder cell definition for module sky130_fd_sc_hd__dlygate4sd3_1.
Creating placeholder cell definition for module sky130_fd_sc_hd__fill_2.
Creating placeholder cell definition for module sky130_fd_sc_hd__decap_4.
Creating placeholder cell definition for module sky130_fd_sc_hd__decap_6.
Creating placeholder cell definition for module sky130_fd_sc_hd__decap_8.
Creating placeholder cell definition for module sky130_ef_sc_hd__decap_12.
Creating placeholder cell definition for module sky130_fd_sc_hd__fill_1.
Reading setup file /mnt/g/Efabless/OpenLane/pdks/sky130A/libs.tech/netgen/sky130A_setup.tcl
Comparison output logged to file /openlane/designs/gpio_control_block/runs/RUN_27/logs/signoff/36-gpio_control_block.lef.log
Logging to file "/openlane/designs/gpio_control_block/runs/RUN_27/logs/signoff/36-gpio_control_block.lef.log" enabled
Circuit sky130_fd_sc_hd__fill_2 contains no devices.
Circuit sky130_fd_sc_hd__clkbuf_1 contains no devices.
Circuit sky130_fd_sc_hd__decap_4 contains no devices.
Circuit sky130_fd_sc_hd__or2_1 contains no devices.
Circuit sky130_fd_sc_hd__buf_2 contains no devices.
Circuit sky130_fd_sc_hd__nand2_1 contains no devices.
Circuit sky130_fd_sc_hd__clkbuf_16 contains no devices.
Circuit sky130_fd_sc_hd__inv_2 contains no devices.
Circuit sky130_fd_sc_hd__decap_8 contains no devices.
Circuit sky130_fd_sc_hd__decap_6 contains no devices.
Circuit sky130_fd_sc_hd__fill_1 contains no devices.
Circuit sky130_fd_sc_hd__ebufn_8 contains no devices.
Circuit sky130_fd_sc_hd__dlygate4sd3_1 contains no devices.
Circuit sky130_fd_sc_hd__decap_3 contains no devices.
Circuit sky130_fd_sc_hd__dfbbn_1 contains no devices.
Circuit sky130_fd_sc_hd__dfrtp_1 contains no devices.
Circuit sky130_fd_sc_hd__buf_6 contains no devices.
Circuit sky130_fd_sc_hd__conb_1 contains no devices.
Circuit sky130_fd_sc_hd__nand3_1 contains no devices.
Circuit sky130_fd_sc_hd__clkinv_2 contains no devices.
Circuit sky130_fd_sc_hd__tapvpwrvgnd_1 contains no devices.
Circuit sky130_fd_sc_hd__einvp_8 contains no devices.
Circuit sky130_fd_sc_hd__nor2_1 contains no devices.
Circuit sky130_fd_sc_hd__buf_4 contains no devices.
Circuit sky130_fd_sc_hd__clkbuf_4 contains no devices.
Circuit gpio_logic_high contains no devices.
Circuit sky130_fd_sc_hd__a21o_1 contains no devices.
Circuit sky130_ef_sc_hd__decap_12 contains no devices.
Circuit sky130_fd_sc_hd__and3_1 contains no devices.
Circuit sky130_fd_sc_hd__clkbuf_2 contains no devices.
Circuit sky130_fd_sc_hd__or2b_1 contains no devices.

Contents of circuit 1:  Circuit: 'gpio_control_block'
Circuit gpio_control_block contains 511 device instances.
  Class: sky130_fd_sc_hd__a21o_1 instances:   1
  Class: sky130_fd_sc_hd__clkbuf_16 instances:   9
  Class: sky130_fd_sc_hd__buf_2 instances:  17
  Class: sky130_fd_sc_hd__buf_4 instances:   2
  Class: sky130_fd_sc_hd__buf_6 instances:   4
  Class: sky130_ef_sc_hd__decap_12 instances:   1
  Class: gpio_logic_high       instances:   1
  Class: sky130_fd_sc_hd__dfrtp_1 instances:  14
  Class: sky130_fd_sc_hd__inv_2 instances:  19
  Class: sky130_fd_sc_hd__clkbuf_1 instances:  14
  Class: sky130_fd_sc_hd__clkbuf_2 instances:   1
  Class: sky130_fd_sc_hd__clkbuf_4 instances:   1
  Class: sky130_fd_sc_hd__nand3_1 instances:   2
  Class: sky130_fd_sc_hd__conb_1 instances:   1
  Class: sky130_fd_sc_hd__clkinv_2 instances:   1
  Class: sky130_fd_sc_hd__and3_1 instances:   1
  Class: sky130_fd_sc_hd__dfbbn_1 instances:  13
  Class: sky130_fd_sc_hd__decap_3 instances:  83
  Class: sky130_fd_sc_hd__decap_4 instances:  86
  Class: sky130_fd_sc_hd__decap_6 instances:  19
  Class: sky130_fd_sc_hd__decap_8 instances:  15
  Class: sky130_fd_sc_hd__dlygate4sd3_1 instances:  19
  Class: sky130_fd_sc_hd__or2_1 instances:  13
  Class: sky130_fd_sc_hd__nand2_1 instances:  18
  Class: sky130_fd_sc_hd__einvp_8 instances:   1
  Class: sky130_fd_sc_hd__ebufn_8 instances:   1
  Class: sky130_fd_sc_hd__tapvpwrvgnd_1 instances:  40
  Class: sky130_fd_sc_hd__fill_1 instances:  36
  Class: sky130_fd_sc_hd__fill_2 instances:  76
  Class: sky130_fd_sc_hd__or2b_1 instances:   1
  Class: sky130_fd_sc_hd__nor2_1 instances:   1
Circuit contains 195 nets.
Contents of circuit 2:  Circuit: 'gpio_control_block'
Circuit gpio_control_block contains 511 device instances.
  Class: sky130_fd_sc_hd__a21o_1 instances:   1
  Class: sky130_fd_sc_hd__clkbuf_16 instances:   9
  Class: sky130_fd_sc_hd__buf_2 instances:  17
  Class: sky130_fd_sc_hd__buf_4 instances:   2
  Class: sky130_fd_sc_hd__buf_6 instances:   4
  Class: sky130_ef_sc_hd__decap_12 instances:   1
  Class: gpio_logic_high       instances:   1
  Class: sky130_fd_sc_hd__dfrtp_1 instances:  14
  Class: sky130_fd_sc_hd__inv_2 instances:  19
  Class: sky130_fd_sc_hd__clkbuf_1 instances:  14
  Class: sky130_fd_sc_hd__clkbuf_2 instances:   1
  Class: sky130_fd_sc_hd__clkbuf_4 instances:   1
  Class: sky130_fd_sc_hd__nand3_1 instances:   2
  Class: sky130_fd_sc_hd__conb_1 instances:   1
  Class: sky130_fd_sc_hd__clkinv_2 instances:   1
  Class: sky130_fd_sc_hd__and3_1 instances:   1
  Class: sky130_fd_sc_hd__dfbbn_1 instances:  13
  Class: sky130_fd_sc_hd__decap_3 instances:  83
  Class: sky130_fd_sc_hd__decap_4 instances:  86
  Class: sky130_fd_sc_hd__decap_6 instances:  19
  Class: sky130_fd_sc_hd__decap_8 instances:  15
  Class: sky130_fd_sc_hd__dlygate4sd3_1 instances:  19
  Class: sky130_fd_sc_hd__or2_1 instances:  13
  Class: sky130_fd_sc_hd__nand2_1 instances:  18
  Class: sky130_fd_sc_hd__einvp_8 instances:   1
  Class: sky130_fd_sc_hd__ebufn_8 instances:   1
  Class: sky130_fd_sc_hd__tapvpwrvgnd_1 instances:  40
  Class: sky130_fd_sc_hd__fill_1 instances:  36
  Class: sky130_fd_sc_hd__fill_2 instances:  76
  Class: sky130_fd_sc_hd__or2b_1 instances:   1
  Class: sky130_fd_sc_hd__nor2_1 instances:   1
Circuit contains 195 nets.

Circuit was modified by parallel/series device merging.
New circuit summary:

Contents of circuit 1:  Circuit: 'gpio_control_block'
Circuit gpio_control_block contains 163 device instances.
  Class: sky130_fd_sc_hd__a21o_1 instances:   1
  Class: sky130_fd_sc_hd__clkbuf_16 instances:   9
  Class: sky130_fd_sc_hd__buf_2 instances:  17
  Class: sky130_fd_sc_hd__buf_4 instances:   2
  Class: sky130_fd_sc_hd__buf_6 instances:   4
  Class: sky130_ef_sc_hd__decap_12 instances:   1
  Class: gpio_logic_high       instances:   1
  Class: sky130_fd_sc_hd__dfrtp_1 instances:  14
  Class: sky130_fd_sc_hd__inv_2 instances:  19
  Class: sky130_fd_sc_hd__clkbuf_1 instances:  14
  Class: sky130_fd_sc_hd__clkbuf_2 instances:   1
  Class: sky130_fd_sc_hd__clkbuf_4 instances:   1
  Class: sky130_fd_sc_hd__nand3_1 instances:   2
  Class: sky130_fd_sc_hd__conb_1 instances:   1
  Class: sky130_fd_sc_hd__clkinv_2 instances:   1
  Class: sky130_fd_sc_hd__and3_1 instances:   1
  Class: sky130_fd_sc_hd__dfbbn_1 instances:  13
  Class: sky130_fd_sc_hd__decap_3 instances:   1
  Class: sky130_fd_sc_hd__decap_4 instances:   1
  Class: sky130_fd_sc_hd__decap_6 instances:   1
  Class: sky130_fd_sc_hd__decap_8 instances:   1
  Class: sky130_fd_sc_hd__dlygate4sd3_1 instances:  19
  Class: sky130_fd_sc_hd__or2_1 instances:  13
  Class: sky130_fd_sc_hd__nand2_1 instances:  18
  Class: sky130_fd_sc_hd__einvp_8 instances:   1
  Class: sky130_fd_sc_hd__ebufn_8 instances:   1
  Class: sky130_fd_sc_hd__tapvpwrvgnd_1 instances:   1
  Class: sky130_fd_sc_hd__fill_1 instances:   1
  Class: sky130_fd_sc_hd__fill_2 instances:   1
  Class: sky130_fd_sc_hd__or2b_1 instances:   1
  Class: sky130_fd_sc_hd__nor2_1 instances:   1
Circuit contains 195 nets.
Contents of circuit 2:  Circuit: 'gpio_control_block'
Circuit gpio_control_block contains 163 device instances.
  Class: sky130_fd_sc_hd__a21o_1 instances:   1
  Class: sky130_fd_sc_hd__clkbuf_16 instances:   9
  Class: sky130_fd_sc_hd__buf_2 instances:  17
  Class: sky130_fd_sc_hd__buf_4 instances:   2
  Class: sky130_fd_sc_hd__buf_6 instances:   4
  Class: sky130_ef_sc_hd__decap_12 instances:   1
  Class: gpio_logic_high       instances:   1
  Class: sky130_fd_sc_hd__dfrtp_1 instances:  14
  Class: sky130_fd_sc_hd__inv_2 instances:  19
  Class: sky130_fd_sc_hd__clkbuf_1 instances:  14
  Class: sky130_fd_sc_hd__clkbuf_2 instances:   1
  Class: sky130_fd_sc_hd__clkbuf_4 instances:   1
  Class: sky130_fd_sc_hd__nand3_1 instances:   2
  Class: sky130_fd_sc_hd__conb_1 instances:   1
  Class: sky130_fd_sc_hd__clkinv_2 instances:   1
  Class: sky130_fd_sc_hd__and3_1 instances:   1
  Class: sky130_fd_sc_hd__dfbbn_1 instances:  13
  Class: sky130_fd_sc_hd__decap_3 instances:   1
  Class: sky130_fd_sc_hd__decap_4 instances:   1
  Class: sky130_fd_sc_hd__decap_6 instances:   1
  Class: sky130_fd_sc_hd__decap_8 instances:   1
  Class: sky130_fd_sc_hd__dlygate4sd3_1 instances:  19
  Class: sky130_fd_sc_hd__or2_1 instances:  13
  Class: sky130_fd_sc_hd__nand2_1 instances:  18
  Class: sky130_fd_sc_hd__einvp_8 instances:   1
  Class: sky130_fd_sc_hd__ebufn_8 instances:   1
  Class: sky130_fd_sc_hd__tapvpwrvgnd_1 instances:   1
  Class: sky130_fd_sc_hd__fill_1 instances:   1
  Class: sky130_fd_sc_hd__fill_2 instances:   1
  Class: sky130_fd_sc_hd__or2b_1 instances:   1
  Class: sky130_fd_sc_hd__nor2_1 instances:   1
Circuit contains 195 nets.

Circuit 1 contains 163 devices, Circuit 2 contains 163 devices.
Circuit 1 contains 195 nets,    Circuit 2 contains 195 nets.

Netlists match uniquely.
Result: Circuits match uniquely.
Logging to file "/openlane/designs/gpio_control_block/runs/RUN_27/logs/signoff/36-gpio_control_block.lef.log" disabled
LVS Done.
