Mon Sep 26 11:10:27 UTC 2022 - Executing "openroad -python /openlane/scripts/odbpy/lefutil.py get_metal_layers -o /openlane/designs/gpio_control_block/runs/RUN_27/tmp/layers.list /mnt/g/Efabless/OpenLane/pdks/sky130A/libs.ref/sky130_fd_sc_hd/techlef/sky130_fd_sc_hd__nom.tlef"

Mon Sep 26 11:10:28 UTC 2022 - Executing "/openlane/scripts/mergeLef.py -o /openlane/designs/gpio_control_block/runs/RUN_27/tmp/merged.nom.lef -i /mnt/g/Efabless/OpenLane/pdks/sky130A/libs.ref/sky130_fd_sc_hd/techlef/sky130_fd_sc_hd__nom.tlef {/mnt/g/Efabless/OpenLane/pdks/sky130A/libs.ref/sky130_fd_sc_hd/lef/sky130_ef_sc_hd.lef /mnt/g/Efabless/OpenLane/pdks/sky130A/libs.ref/sky130_fd_sc_hd/lef/sky130_fd_sc_hd.lef} |& tee /dev/null"

Mon Sep 26 11:10:28 UTC 2022 - Executing "/openlane/scripts/mergeLef.py -o /openlane/designs/gpio_control_block/runs/RUN_27/tmp/merged.nom.lef -i /openlane/designs/gpio_control_block/runs/RUN_27/tmp/merged.nom.lef /openlane/designs/gpio_control_block/macro/lef/gpio_logic_high.lef |& tee /dev/null"

Mon Sep 26 11:10:28 UTC 2022 - Executing "/openlane/scripts/mergeLef.py -o /openlane/designs/gpio_control_block/runs/RUN_27/tmp/merged.min.lef -i /mnt/g/Efabless/OpenLane/pdks/sky130A/libs.ref/sky130_fd_sc_hd/techlef/sky130_fd_sc_hd__min.tlef {/mnt/g/Efabless/OpenLane/pdks/sky130A/libs.ref/sky130_fd_sc_hd/lef/sky130_ef_sc_hd.lef /mnt/g/Efabless/OpenLane/pdks/sky130A/libs.ref/sky130_fd_sc_hd/lef/sky130_fd_sc_hd.lef} |& tee /dev/null"

Mon Sep 26 11:10:28 UTC 2022 - Executing "/openlane/scripts/mergeLef.py -o /openlane/designs/gpio_control_block/runs/RUN_27/tmp/merged.min.lef -i /openlane/designs/gpio_control_block/runs/RUN_27/tmp/merged.min.lef /openlane/designs/gpio_control_block/macro/lef/gpio_logic_high.lef |& tee /dev/null"

Mon Sep 26 11:10:28 UTC 2022 - Executing "/openlane/scripts/mergeLef.py -o /openlane/designs/gpio_control_block/runs/RUN_27/tmp/merged.max.lef -i /mnt/g/Efabless/OpenLane/pdks/sky130A/libs.ref/sky130_fd_sc_hd/techlef/sky130_fd_sc_hd__max.tlef {/mnt/g/Efabless/OpenLane/pdks/sky130A/libs.ref/sky130_fd_sc_hd/lef/sky130_ef_sc_hd.lef /mnt/g/Efabless/OpenLane/pdks/sky130A/libs.ref/sky130_fd_sc_hd/lef/sky130_fd_sc_hd.lef} |& tee /dev/null"

Mon Sep 26 11:10:28 UTC 2022 - Executing "/openlane/scripts/mergeLef.py -o /openlane/designs/gpio_control_block/runs/RUN_27/tmp/merged.max.lef -i /openlane/designs/gpio_control_block/runs/RUN_27/tmp/merged.max.lef /openlane/designs/gpio_control_block/macro/lef/gpio_logic_high.lef |& tee /dev/null"

Mon Sep 26 11:10:29 UTC 2022 - Executing "python3 /openlane/scripts/mergeLib.py --output /openlane/designs/gpio_control_block/runs/RUN_27/tmp/synthesis/merged.lib --name sky130A_merged /mnt/g/Efabless/OpenLane/pdks/sky130A/libs.ref/sky130_fd_sc_hd/lib/sky130_fd_sc_hd__tt_025C_1v80.lib"

Mon Sep 26 11:10:29 UTC 2022 - Executing "python3 /openlane/scripts/libtrim.py --cell-file /openlane/designs/gpio_control_block/runs/RUN_27/tmp/synthesis/trimmed.lib.exclude.list --output /openlane/designs/gpio_control_block/runs/RUN_27/tmp/synthesis/trimmed.lib /openlane/designs/gpio_control_block/runs/RUN_27/tmp/synthesis/merged.lib"

Mon Sep 26 11:10:30 UTC 2022 - Executing "python3 /openlane/scripts/libtrim.py --cell-file /openlane/designs/gpio_control_block/runs/RUN_27/tmp/cts/cts.lib.exclude.list --output /openlane/designs/gpio_control_block/runs/RUN_27/tmp/cts/cts.lib /mnt/g/Efabless/OpenLane/pdks/sky130A/libs.ref/sky130_fd_sc_hd/lib/sky130_fd_sc_hd__tt_025C_1v80.lib"

Mon Sep 26 11:10:31 UTC 2022 - Executing "python3 /openlane/scripts/new_tracks.py -i /mnt/g/Efabless/OpenLane/pdks/sky130A/libs.tech/openlane/sky130_fd_sc_hd/tracks.info -o /openlane/designs/gpio_control_block/runs/RUN_27/tmp/routing/config.tracks"

Mon Sep 26 11:10:31 UTC 2022 - Executing "echo {OpenLane 87173889682b67c490c96ded79b93aa2bb570a48} > /openlane/designs/gpio_control_block/runs/RUN_27/OPENLANE_VERSION"

Mon Sep 26 11:10:31 UTC 2022 - Executing "sed -E {s/^([[:space:]]+)pg_pin(.*)/\1pin\2\n\1    direction : "inout";/g} /mnt/g/Efabless/OpenLane/pdks/sky130A/libs.ref/sky130_fd_sc_hd/lib/sky130_fd_sc_hd__tt_025C_1v80.lib > /openlane/designs/gpio_control_block/runs/RUN_27/tmp/synthesis/1-sky130_fd_sc_hd__tt_025C_1v80.no_pg.lib"

Mon Sep 26 11:10:32 UTC 2022 - Executing "sed -E {s/^([[:space:]]+)pg_pin(.*)/\1pin\2\n\1    direction : "inout";/g} /openlane/designs/gpio_control_block/runs/RUN_27/tmp/synthesis/trimmed.lib > /openlane/designs/gpio_control_block/runs/RUN_27/tmp/synthesis/1-trimmed.no_pg.lib"

Mon Sep 26 11:10:33 UTC 2022 - Executing "yosys -c /openlane/scripts/yosys/synth.tcl -l /openlane/designs/gpio_control_block/runs/RUN_27/logs/synthesis/1-synthesis.log |& tee /dev/null"

Mon Sep 26 11:10:35 UTC 2022 - Executing "sed -i -e {s/\(set ::env(CURRENT_NETLIST)\).*/\1 \/openlane\/designs\/gpio_control_block\/runs\/RUN_27\/results\/synthesis\/gpio_control_block.v/} /openlane/designs/gpio_control_block/runs/RUN_27/config.tcl"

Mon Sep 26 11:10:35 UTC 2022 - Executing "sed -i /defparam/d /openlane/designs/gpio_control_block/runs/RUN_27/results/synthesis/gpio_control_block.v"

Mon Sep 26 11:10:36 UTC 2022 - Executing "openroad -exit /openlane/scripts/openroad/sta.tcl |& tee /dev/null /openlane/designs/gpio_control_block/runs/RUN_27/logs/synthesis/2-sta.log"

Mon Sep 26 11:10:37 UTC 2022 - Executing "sed -E {s/^([[:space:]]+)pg_pin(.*)/\1pin\2\n\1    direction : "inout";/g} /mnt/g/Efabless/OpenLane/pdks/sky130A/libs.ref/sky130_fd_sc_hd/lib/sky130_fd_sc_hd__tt_025C_1v80.lib > /openlane/designs/gpio_control_block/runs/RUN_27/tmp/synthesis/2-sky130_fd_sc_hd__tt_025C_1v80.no_pg.lib"

Mon Sep 26 11:10:38 UTC 2022 - Executing "sed -E {s/^([[:space:]]+)pg_pin(.*)/\1pin\2\n\1    direction : "inout";/g} /openlane/designs/gpio_control_block/runs/RUN_27/tmp/synthesis/trimmed.lib > /openlane/designs/gpio_control_block/runs/RUN_27/tmp/synthesis/2-trimmed.no_pg.lib"

Mon Sep 26 11:10:38 UTC 2022 - Executing "yosys -c /openlane/scripts/yosys/synth.tcl -l /dev/null |& tee /dev/null"

Mon Sep 26 11:10:41 UTC 2022 - Executing "openroad -exit /openlane/scripts/openroad/floorplan.tcl |& tee /dev/null /openlane/designs/gpio_control_block/runs/RUN_27/logs/floorplan/3-initial_fp.log"

Mon Sep 26 11:10:42 UTC 2022 - Executing "openroad -exit /openlane/scripts/openroad/floorplan.tcl |& tee /dev/null /openlane/designs/gpio_control_block/runs/RUN_27/logs/floorplan/3-initial_fp.log"

Mon Sep 26 11:10:44 UTC 2022 - Executing "openroad -python /openlane/scripts/odbpy/defutil.py extract_core_dims --output-data /openlane/designs/gpio_control_block/runs/RUN_27/tmp/dimensions.txt --input-lef /openlane/designs/gpio_control_block/runs/RUN_27/tmp/merged.nom.lef /openlane/designs/gpio_control_block/runs/RUN_27/tmp/floorplan/3-initial_fp.def"

Mon Sep 26 11:10:44 UTC 2022 - Executing "openroad -exit /openlane/scripts/openroad/ioplacer.tcl |& tee /dev/null /openlane/designs/gpio_control_block/runs/RUN_27/logs/floorplan/4-io.log"

Mon Sep 26 11:10:46 UTC 2022 - Executing "openroad -python /openlane/scripts/odbpy/apply_def_template.py --def-template /openlane/designs/gpio_control_block/gpio_control_block_20_.io.def --input-lef /openlane/designs/gpio_control_block/runs/RUN_27/tmp/merged.nom.lef --output-def /openlane/designs/gpio_control_block/runs/RUN_27/tmp/floorplan/4-io.def --output /openlane/designs/gpio_control_block/runs/RUN_27/tmp/floorplan/4-io.odb /openlane/designs/gpio_control_block/runs/RUN_27/tmp/floorplan/4-io.odb |& tee /dev/null /openlane/designs/gpio_control_block/runs/RUN_27/logs/floorplan/4-apply_def_template.log"

Mon Sep 26 11:10:47 UTC 2022 - Executing "openroad -python /openlane/scripts/odbpy/manual_macro_place.py --config /openlane/designs/gpio_control_block/runs/RUN_27/tmp/placement/macro_placement.cfg --fixed --input-lef /openlane/designs/gpio_control_block/runs/RUN_27/tmp/merged.nom.lef --output-def /openlane/designs/gpio_control_block/runs/RUN_27/tmp/floorplan/4-io.macro_placement.def --output /openlane/designs/gpio_control_block/runs/RUN_27/tmp/floorplan/4-io.macro_placement.odb /openlane/designs/gpio_control_block/runs/RUN_27/tmp/floorplan/4-io.odb |& tee /dev/null /openlane/designs/gpio_control_block/runs/RUN_27/logs/placement/5-macro_placement.log"

Mon Sep 26 11:10:48 UTC 2022 - Executing "openroad -exit /openlane/scripts/openroad/tapcell.tcl |& tee /dev/null /openlane/designs/gpio_control_block/runs/RUN_27/logs/floorplan/6-tap.log"

Mon Sep 26 11:10:50 UTC 2022 - Executing "openroad -exit /openlane/scripts/openroad/pdn.tcl |& tee /dev/null /openlane/designs/gpio_control_block/runs/RUN_27/logs/floorplan/7-pdn.log"

Mon Sep 26 11:10:51 UTC 2022 - Executing "openroad -exit /openlane/scripts/openroad/gpl.tcl |& tee /dev/null /openlane/designs/gpio_control_block/runs/RUN_27/logs/placement/8-global.log"

Mon Sep 26 11:10:53 UTC 2022 - Executing "openroad -exit /openlane/scripts/openroad/resizer.tcl |& tee /dev/null /openlane/designs/gpio_control_block/runs/RUN_27/logs/placement/9-resizer.log"

Mon Sep 26 11:10:55 UTC 2022 - Executing "sed -i -e {s/\(set ::env(CURRENT_NETLIST)\).*/\1 \/openlane\/designs\/gpio_control_block\/runs\/RUN_27\/tmp\/placement\/9-resizer.nl.v/} /openlane/designs/gpio_control_block/runs/RUN_27/config.tcl"

Mon Sep 26 11:10:56 UTC 2022 - Executing "openroad -python /openlane/scripts/odbpy/remove_buffers.py --match {^$} --input-lef /openlane/designs/gpio_control_block/runs/RUN_27/tmp/merged.nom.lef --output-def /openlane/designs/gpio_control_block/runs/RUN_27/tmp/placement/9-resizer.buffers_removed.def --output /openlane/designs/gpio_control_block/runs/RUN_27/tmp/placement/9-resizer.buffers_removed.odb /openlane/designs/gpio_control_block/runs/RUN_27/tmp/placement/9-resizer.odb |& tee /dev/null /openlane/designs/gpio_control_block/runs/RUN_27/logs/placement/10-remove_buffers.log"

Mon Sep 26 11:10:57 UTC 2022 - Executing "openroad -exit /openlane/scripts/openroad/dpl.tcl |& tee /dev/null /openlane/designs/gpio_control_block/runs/RUN_27/logs/placement/11-detailed.log"

Mon Sep 26 11:10:58 UTC 2022 - Executing "sed -i -e {s/\(set ::env(CURRENT_NETLIST)\).*/\1 \/openlane\/designs\/gpio_control_block\/runs\/RUN_27\/results\/placement\/gpio_control_block.nl.v/} /openlane/designs/gpio_control_block/runs/RUN_27/config.tcl"

Mon Sep 26 11:10:58 UTC 2022 - Executing "openroad -exit /openlane/scripts/openroad/cts.tcl |& tee /dev/null /openlane/designs/gpio_control_block/runs/RUN_27/logs/cts/12-cts.log"

Mon Sep 26 11:11:40 UTC 2022 - Executing "openroad -exit /openlane/scripts/openroad/resizer_timing.tcl |& tee /dev/null /openlane/designs/gpio_control_block/runs/RUN_27/logs/cts/13-resizer.log"

Mon Sep 26 11:11:42 UTC 2022 - Executing "sed -i -e {s/\(set ::env(CURRENT_NETLIST)\).*/\1 \/openlane\/designs\/gpio_control_block\/runs\/RUN_27\/tmp\/cts\/13-gpio_control_block.resized.nl.v/} /openlane/designs/gpio_control_block/runs/RUN_27/config.tcl"

Mon Sep 26 11:11:42 UTC 2022 - Executing "openroad -python /openlane/scripts/odbpy/remove_buffers.py --match {^$} --input-lef /openlane/designs/gpio_control_block/runs/RUN_27/tmp/merged.nom.lef --output-def /openlane/designs/gpio_control_block/runs/RUN_27/tmp/cts/13-gpio_control_block.resized.buffers_removed.def --output /openlane/designs/gpio_control_block/runs/RUN_27/tmp/cts/13-gpio_control_block.resized.buffers_removed.odb /openlane/designs/gpio_control_block/runs/RUN_27/tmp/cts/13-gpio_control_block.resized.odb |& tee /dev/null /openlane/designs/gpio_control_block/runs/RUN_27/logs/placement/14-remove_buffers.log"

Mon Sep 26 11:11:43 UTC 2022 - Executing "openroad -exit /openlane/scripts/openroad/resizer_routing_timing.tcl |& tee /dev/null /openlane/designs/gpio_control_block/runs/RUN_27/logs/routing/15-resizer.log"

Mon Sep 26 11:11:45 UTC 2022 - Executing "sed -i -e {s/\(set ::env(CURRENT_NETLIST)\).*/\1 \/openlane\/designs\/gpio_control_block\/runs\/RUN_27\/tmp\/15-gpio_control_block.nl.v/} /openlane/designs/gpio_control_block/runs/RUN_27/config.tcl"

Mon Sep 26 11:11:45 UTC 2022 - Executing "openroad -python /openlane/scripts/odbpy/remove_buffers.py --match {^$} --input-lef /openlane/designs/gpio_control_block/runs/RUN_27/tmp/merged.nom.lef --output-def /openlane/designs/gpio_control_block/runs/RUN_27/tmp/15-gpio_control_block.buffers_removed.def --output /openlane/designs/gpio_control_block/runs/RUN_27/tmp/15-gpio_control_block.buffers_removed.odb /openlane/designs/gpio_control_block/runs/RUN_27/tmp/15-gpio_control_block.odb |& tee /dev/null /openlane/designs/gpio_control_block/runs/RUN_27/logs/placement/16-remove_buffers.log"

Mon Sep 26 11:11:46 UTC 2022 - Executing "openroad -exit /openlane/scripts/openroad/dpl.tcl |& tee /dev/null /openlane/designs/gpio_control_block/runs/RUN_27/logs/routing/17-diode_legalization.log"

Mon Sep 26 11:11:47 UTC 2022 - Executing "sed -i -e {s/\(set ::env(CURRENT_NETLIST)\).*/\1 \/openlane\/designs\/gpio_control_block\/runs\/RUN_27\/tmp\/routing\/diode.nl.v/} /openlane/designs/gpio_control_block/runs/RUN_27/config.tcl"

Mon Sep 26 11:11:48 UTC 2022 - Executing "openroad -exit /openlane/scripts/openroad/fill.tcl |& tee /dev/null /openlane/designs/gpio_control_block/runs/RUN_27/logs/routing/18-fill.log"

Mon Sep 26 11:11:49 UTC 2022 - Executing "sed -i -e {s/\(set ::env(CURRENT_NETLIST)\).*/\1 \/openlane\/designs\/gpio_control_block\/runs\/RUN_27\/tmp\/routing\/18-fill.nl.v/} /openlane/designs/gpio_control_block/runs/RUN_27/config.tcl"

Mon Sep 26 11:11:50 UTC 2022 - Executing "openroad -exit /openlane/scripts/openroad/groute.tcl |& tee /dev/null /openlane/designs/gpio_control_block/runs/RUN_27/logs/routing/19-global.log"

Mon Sep 26 11:11:52 UTC 2022 - Executing "openroad -exit /openlane/scripts/openroad/write_views.tcl |& tee /dev/null /openlane/designs/gpio_control_block/runs/RUN_27/logs/routing/19-global_write_netlist.log"

Mon Sep 26 11:11:52 UTC 2022 - Executing "sed -i -e {s/\(set ::env(CURRENT_NETLIST)\).*/\1 \/openlane\/designs\/gpio_control_block\/runs\/RUN_27\/tmp\/routing\/global.nl.v/} /openlane/designs/gpio_control_block/runs/RUN_27/config.tcl"

Mon Sep 26 11:11:53 UTC 2022 - Executing "openroad -exit /openlane/scripts/openroad/droute.tcl |& tee /dev/null /openlane/designs/gpio_control_block/runs/RUN_27/logs/routing/21-detailed.log"

Mon Sep 26 11:14:36 UTC 2022 - Executing "sed -i -e {s/\(set ::env(CURRENT_NETLIST)\).*/\1 \/openlane\/designs\/gpio_control_block\/runs\/RUN_27\/results\/routing\/gpio_control_block.nl.v/} /openlane/designs/gpio_control_block/runs/RUN_27/config.tcl"

Mon Sep 26 11:14:37 UTC 2022 - Executing "openroad -python /openlane/scripts/drc_rosetta.py tr to_klayout -o /openlane/designs/gpio_control_block/runs/RUN_27/reports/routing/drt.klayout.xml --design-name gpio_control_block /openlane/designs/gpio_control_block/runs/RUN_27/reports/routing/drt.drc"

Mon Sep 26 11:14:37 UTC 2022 - Executing "openroad -exit /openlane/scripts/openroad/rcx.tcl |& tee /dev/null /openlane/designs/gpio_control_block/runs/RUN_27/logs/signoff/22-parasitics_extraction.min.log"

Mon Sep 26 11:14:39 UTC 2022 - Executing "openroad -exit /openlane/scripts/openroad/sta_multi_corner.tcl |& tee /dev/null /openlane/designs/gpio_control_block/runs/RUN_27/logs/signoff/23-rcx_mcsta.min.log"

Mon Sep 26 11:14:42 UTC 2022 - Executing "openroad -exit /openlane/scripts/openroad/rcx.tcl |& tee /dev/null /openlane/designs/gpio_control_block/runs/RUN_27/logs/signoff/24-parasitics_extraction.max.log"

Mon Sep 26 11:14:44 UTC 2022 - Executing "openroad -exit /openlane/scripts/openroad/sta_multi_corner.tcl |& tee /dev/null /openlane/designs/gpio_control_block/runs/RUN_27/logs/signoff/25-rcx_mcsta.max.log"

Mon Sep 26 11:14:48 UTC 2022 - Executing "openroad -exit /openlane/scripts/openroad/rcx.tcl |& tee /dev/null /openlane/designs/gpio_control_block/runs/RUN_27/logs/signoff/26-parasitics_extraction.nom.log"

Mon Sep 26 11:14:49 UTC 2022 - Executing "openroad -exit /openlane/scripts/openroad/sta_multi_corner.tcl |& tee /dev/null /openlane/designs/gpio_control_block/runs/RUN_27/logs/signoff/27-rcx_mcsta.nom.log"

Mon Sep 26 11:14:52 UTC 2022 - Executing "openroad -exit /openlane/scripts/openroad/sta.tcl |& tee /dev/null /openlane/designs/gpio_control_block/runs/RUN_27/logs/signoff/28-rcx_sta.log"

Mon Sep 26 11:14:56 UTC 2022 - Executing "openroad -exit /openlane/scripts/openroad/irdrop.tcl |& tee /dev/null /openlane/designs/gpio_control_block/runs/RUN_27/logs/signoff/29-irdrop.log"

Mon Sep 26 11:14:57 UTC 2022 - Executing "magic -noconsole -dnull -rcfile /mnt/g/Efabless/OpenLane/pdks/sky130A/libs.tech/magic/sky130A.magicrc < /openlane/scripts/magic/mag_gds.tcl |& tee /dev/null /openlane/designs/gpio_control_block/runs/RUN_27/logs/signoff/30-gdsii.log"

Mon Sep 26 11:14:58 UTC 2022 - Executing "magic -noconsole -dnull -rcfile /mnt/g/Efabless/OpenLane/pdks/sky130A/libs.tech/magic/sky130A.magicrc < /openlane/scripts/magic/gds_pointers.tcl |& tee /dev/null /openlane/designs/gpio_control_block/runs/RUN_27/logs/signoff/30-gds_ptrs.log"

Mon Sep 26 11:14:59 UTC 2022 - Executing "sed -i -n {/^<< properties >>/,/^<< end >>/p} /openlane/designs/gpio_control_block/runs/RUN_27/tmp/signoff/gds_ptrs.mag"

Mon Sep 26 11:14:59 UTC 2022 - Executing "magic -noconsole -dnull -rcfile /mnt/g/Efabless/OpenLane/pdks/sky130A/libs.tech/magic/sky130A.magicrc < /openlane/scripts/magic/lef.tcl |& tee /dev/null /openlane/designs/gpio_control_block/runs/RUN_27/logs/signoff/30-lef.log"

Mon Sep 26 11:15:00 UTC 2022 - Executing "magic -noconsole -dnull -rcfile /mnt/g/Efabless/OpenLane/pdks/sky130A/libs.tech/magic/sky130A.magicrc < /openlane/scripts/magic/maglef.tcl |& tee /dev/null /openlane/designs/gpio_control_block/runs/RUN_27/logs/signoff/30-maglef.log"

Mon Sep 26 11:15:01 UTC 2022 - Executing "klayout -b -rm /openlane/scripts/klayout/def2gds.py -rd out_gds=/openlane/designs/gpio_control_block/runs/RUN_27/results/signoff/gpio_control_block.klayout.gds -rd tech_file=/mnt/g/Efabless/OpenLane/pdks/sky130A/libs.tech/klayout/tech/sky130A.lyt -rd design_name=gpio_control_block -rd in_def=/openlane/designs/gpio_control_block/runs/RUN_27/results/routing/gpio_control_block.def -rd {in_gds=/mnt/g/Efabless/OpenLane/pdks/sky130A/libs.ref/sky130_fd_sc_hd/gds/sky130_fd_sc_hd.gds /openlane/designs/gpio_control_block/macro/gds/gpio_logic_high.gds} -rd config_file= -rd seal_gds= -rd lef_file=/openlane/designs/gpio_control_block/runs/RUN_27/tmp/merged.nom.lef |& tee /dev/null /openlane/designs/gpio_control_block/runs/RUN_27/logs/signoff/31-gdsii-klayout.log"

Mon Sep 26 11:15:02 UTC 2022 - Executing "bash /openlane/scripts/klayout/xor.sh /openlane/designs/gpio_control_block/runs/RUN_27/results/signoff/gpio_control_block.gds /openlane/designs/gpio_control_block/runs/RUN_27/results/signoff/gpio_control_block.klayout.gds gpio_control_block /openlane/designs/gpio_control_block/runs/RUN_27/reports/signoff/gpio_control_block.xor.gds |& tee /dev/null /openlane/designs/gpio_control_block/runs/RUN_27/logs/signoff/32-xor.log"

Mon Sep 26 11:15:03 UTC 2022 - Executing "openroad -python /openlane/scripts/parse_klayout_xor_log.py -l /openlane/designs/gpio_control_block/runs/RUN_27/logs/signoff/32-xor.log -o /openlane/designs/gpio_control_block/runs/RUN_27/reports/signoff/32-xor.rpt"

Mon Sep 26 11:15:03 UTC 2022 - Executing "bash /openlane/scripts/klayout/xor.sh /openlane/designs/gpio_control_block/runs/RUN_27/results/signoff/gpio_control_block.gds /openlane/designs/gpio_control_block/runs/RUN_27/results/signoff/gpio_control_block.klayout.gds gpio_control_block /openlane/designs/gpio_control_block/runs/RUN_27/reports/signoff/gpio_control_block.xor.xml |& tee /dev/null /openlane/designs/gpio_control_block/runs/RUN_27/logs/signoff/32-xor.log"

Mon Sep 26 11:15:05 UTC 2022 - Executing "python3 /openlane/scripts/parse_klayout_xor_log.py -l /openlane/designs/gpio_control_block/runs/RUN_27/logs/signoff/32-xor.log -o /openlane/designs/gpio_control_block/runs/RUN_27/reports/signoff/32-xor.rpt"

Mon Sep 26 11:15:05 UTC 2022 - Executing "magic -noconsole -dnull -rcfile /mnt/g/Efabless/OpenLane/pdks/sky130A/libs.tech/magic/sky130A.magicrc < /openlane/scripts/magic/extract_spice.tcl |& tee /dev/null /openlane/designs/gpio_control_block/runs/RUN_27/logs/signoff/33-spice.log"

Mon Sep 26 11:15:14 UTC 2022 - Executing "openroad -python /openlane/scripts/odbpy/power_utils.py write_powered_def --output /openlane/designs/gpio_control_block/runs/RUN_27/tmp/signoff/33-gpio_control_block.p.def --input-lef /openlane/designs/gpio_control_block/runs/RUN_27/tmp/merged.nom.lef --power-port vccd --ground-port vssd --powered-netlist /openlane/designs/gpio_control_block/runs/RUN_27/tmp/synthesis/pg_define.v /openlane/designs/gpio_control_block/runs/RUN_27/results/routing/gpio_control_block.def |& tee /dev/null /openlane/designs/gpio_control_block/runs/RUN_27/logs/signoff/34-write_powered_def.log"

Mon Sep 26 11:15:16 UTC 2022 - Executing "openroad -exit /openlane/scripts/openroad/write_views.tcl |& tee /dev/null /openlane/designs/gpio_control_block/runs/RUN_27/logs/signoff/34-write_powered_verilog.log"

Mon Sep 26 11:15:17 UTC 2022 - Executing "sed -i -e {s/\(set ::env(CURRENT_NETLIST)\).*/\1 \/openlane\/designs\/gpio_control_block\/runs\/RUN_27\/tmp\/signoff\/33-gpio_control_block.nl.v/} /openlane/designs/gpio_control_block/runs/RUN_27/config.tcl"

Mon Sep 26 11:15:18 UTC 2022 - Executing "netgen -batch source /openlane/designs/gpio_control_block/runs/RUN_27/tmp/signoff/36-setup_file.lef.lvs |& tee /dev/null /openlane/designs/gpio_control_block/runs/RUN_27/logs/signoff/36-lvs.lef.log"

Mon Sep 26 11:15:18 UTC 2022 - Executing "magic -noconsole -dnull -rcfile /mnt/g/Efabless/OpenLane/pdks/sky130A/libs.tech/magic/sky130A.magicrc < /openlane/scripts/magic/drc.tcl |& tee /dev/null /openlane/designs/gpio_control_block/runs/RUN_27/logs/signoff/37-drc.log"

Mon Sep 26 11:15:20 UTC 2022 - Executing "python3 /openlane/scripts/drc_rosetta.py magic to_tcl -o /openlane/designs/gpio_control_block/runs/RUN_27/reports/signoff/drc.tcl /openlane/designs/gpio_control_block/runs/RUN_27/reports/signoff/drc.rpt"

Mon Sep 26 11:15:20 UTC 2022 - Executing "python3 /openlane/scripts/drc_rosetta.py magic to_tr -o /openlane/designs/gpio_control_block/runs/RUN_27/reports/signoff/drc.tr /openlane/designs/gpio_control_block/runs/RUN_27/reports/signoff/drc.rpt"

Mon Sep 26 11:15:20 UTC 2022 - Executing "python3 /openlane/scripts/drc_rosetta.py tr to_klayout -o /openlane/designs/gpio_control_block/runs/RUN_27/reports/signoff/drc.klayout.xml --design-name gpio_control_block /openlane/designs/gpio_control_block/runs/RUN_27/reports/signoff/drc.tr"

Mon Sep 26 11:15:21 UTC 2022 - Executing "python3 /openlane/scripts/drc_rosetta.py magic to_rdb -o /openlane/designs/gpio_control_block/runs/RUN_27/reports/signoff/drc.rdb /openlane/designs/gpio_control_block/runs/RUN_27/reports/signoff/drc.rpt"

Mon Sep 26 11:15:21 UTC 2022 - Executing "openroad -exit /openlane/scripts/openroad/antenna_check.tcl |& tee /dev/null /openlane/designs/gpio_control_block/runs/RUN_27/logs/signoff/38-antenna.log"

Mon Sep 26 11:15:22 UTC 2022 - Executing "python3 /openlane/scripts/extract_antenna_violators.py --output /openlane/designs/gpio_control_block/runs/RUN_27/reports/signoff/38-antenna_violators.rpt /openlane/designs/gpio_control_block/runs/RUN_27/logs/signoff/38-antenna.log"

Mon Sep 26 11:15:25 UTC 2022 - Executing "python3 /openlane/scripts/generate_reports.py -d /openlane/designs/gpio_control_block --design_name gpio_control_block --tag RUN_27 --output_file /openlane/designs/gpio_control_block/runs/RUN_27/reports/metrics.csv --man_report /openlane/designs/gpio_control_block/runs/RUN_27/reports/manufacturability.rpt --run_path /openlane/designs/gpio_control_block/runs/RUN_27"

Mon Sep 26 11:15:28 UTC 2022 - Executing "python3 /openlane/scripts/generate_reports.py -d /openlane/designs/gpio_control_block --design_name gpio_control_block --tag RUN_27 --output_file /openlane/designs/gpio_control_block/runs/RUN_27/reports/metrics.csv --man_report /openlane/designs/gpio_control_block/runs/RUN_27/reports/manufacturability.rpt --run_path /openlane/designs/gpio_control_block/runs/RUN_27"

