
===========================================================================
report_checks -path_delay min (Hold)
============================================================================
Startpoint: gpio_defaults[10] (input port clocked by serial_clock)
Endpoint: _166_ (removal check against falling-edge clock serial_load')
Path Group: **async_default**
Path Type: min

Fanout     Cap    Slew   Delay    Time   Description
-----------------------------------------------------------------------------
                          0.00    0.00   clock serial_clock (rise edge)
                          0.00    0.00   clock network delay (propagated)
                          1.00    1.00 v input external delay
                  0.02    0.01    1.01 v gpio_defaults[10] (in)
     2    0.01                           gpio_defaults[10] (net)
                  0.02    0.00    1.01 v _137_/B (sky130_fd_sc_hd__nand2_1)
                  0.06    0.06    1.07 ^ _137_/Y (sky130_fd_sc_hd__nand2_1)
     1    0.00                           _017_ (net)
                  0.06    0.00    1.07 ^ _166_/SET_B (sky130_fd_sc_hd__dfbbn_1)
                                  1.07   data arrival time

                          0.00    0.00   clock serial_load' (fall edge)
                          0.00    0.00   clock source latency
                  0.08    0.06    0.06 ^ serial_load (in)
     1    0.02                           serial_load (net)
                  0.08    0.00    0.06 ^ clkbuf_0_serial_load/A (sky130_fd_sc_hd__clkbuf_16)
                  0.04    0.14    0.20 ^ clkbuf_0_serial_load/X (sky130_fd_sc_hd__clkbuf_16)
     2    0.02                           clknet_0_serial_load (net)
                  0.04    0.00    0.20 ^ clkbuf_1_1__f_serial_load/A (sky130_fd_sc_hd__clkbuf_16)
                  0.03    0.12    0.32 ^ clkbuf_1_1__f_serial_load/X (sky130_fd_sc_hd__clkbuf_16)
     2    0.01                           clknet_1_1__leaf_serial_load (net)
                  0.03    0.00    0.32 ^ _105_/A (sky130_fd_sc_hd__buf_4)
                  0.04    0.10    0.42 ^ _105_/X (sky130_fd_sc_hd__buf_4)
     1    0.01                           _068_ (net)
                  0.04    0.00    0.42 ^ clkbuf_0__068_/A (sky130_fd_sc_hd__clkbuf_16)
                  0.04    0.13    0.55 ^ clkbuf_0__068_/X (sky130_fd_sc_hd__clkbuf_16)
     2    0.02                           clknet_0__068_ (net)
                  0.04    0.00    0.55 ^ clkbuf_1_0__f__068_/A (sky130_fd_sc_hd__clkbuf_16)
                  0.05    0.14    0.69 ^ clkbuf_1_0__f__068_/X (sky130_fd_sc_hd__clkbuf_16)
     5    0.03                           clknet_1_0__leaf__068_ (net)
                  0.05    0.00    0.69 ^ _136__12/A (sky130_fd_sc_hd__inv_2)
                  0.02    0.03    0.72 v _136__12/Y (sky130_fd_sc_hd__inv_2)
     1    0.00                           net31 (net)
                  0.02    0.00    0.72 v _166_/CLK_N (sky130_fd_sc_hd__dfbbn_1)
                          0.20    0.92   clock uncertainty
                          0.00    0.92   clock reconvergence pessimism
                          0.06    0.98   library removal time
                                  0.98   data required time
-----------------------------------------------------------------------------
                                  0.98   data required time
                                 -1.07   data arrival time
-----------------------------------------------------------------------------
                                  0.09   slack (MET)


Startpoint: gpio_defaults[4] (input port clocked by serial_clock)
Endpoint: _164_ (removal check against falling-edge clock serial_load')
Path Group: **async_default**
Path Type: min

Fanout     Cap    Slew   Delay    Time   Description
-----------------------------------------------------------------------------
                          0.00    0.00   clock serial_clock (rise edge)
                          0.00    0.00   clock network delay (propagated)
                          1.00    1.00 v input external delay
                  0.02    0.01    1.01 v gpio_defaults[4] (in)
     2    0.01                           gpio_defaults[4] (net)
                  0.02    0.00    1.01 v _129_/B (sky130_fd_sc_hd__nand2_1)
                  0.06    0.06    1.07 ^ _129_/Y (sky130_fd_sc_hd__nand2_1)
     1    0.01                           _013_ (net)
                  0.06    0.00    1.07 ^ _164_/SET_B (sky130_fd_sc_hd__dfbbn_1)
                                  1.07   data arrival time

                          0.00    0.00   clock serial_load' (fall edge)
                          0.00    0.00   clock source latency
                  0.08    0.06    0.06 ^ serial_load (in)
     1    0.02                           serial_load (net)
                  0.08    0.00    0.06 ^ clkbuf_0_serial_load/A (sky130_fd_sc_hd__clkbuf_16)
                  0.04    0.14    0.20 ^ clkbuf_0_serial_load/X (sky130_fd_sc_hd__clkbuf_16)
     2    0.02                           clknet_0_serial_load (net)
                  0.04    0.00    0.20 ^ clkbuf_1_1__f_serial_load/A (sky130_fd_sc_hd__clkbuf_16)
                  0.03    0.12    0.32 ^ clkbuf_1_1__f_serial_load/X (sky130_fd_sc_hd__clkbuf_16)
     2    0.01                           clknet_1_1__leaf_serial_load (net)
                  0.03    0.00    0.32 ^ _105_/A (sky130_fd_sc_hd__buf_4)
                  0.04    0.10    0.42 ^ _105_/X (sky130_fd_sc_hd__buf_4)
     1    0.01                           _068_ (net)
                  0.04    0.00    0.42 ^ clkbuf_0__068_/A (sky130_fd_sc_hd__clkbuf_16)
                  0.04    0.13    0.55 ^ clkbuf_0__068_/X (sky130_fd_sc_hd__clkbuf_16)
     2    0.02                           clknet_0__068_ (net)
                  0.04    0.00    0.55 ^ clkbuf_1_0__f__068_/A (sky130_fd_sc_hd__clkbuf_16)
                  0.05    0.14    0.69 ^ clkbuf_1_0__f__068_/X (sky130_fd_sc_hd__clkbuf_16)
     5    0.03                           clknet_1_0__leaf__068_ (net)
                  0.05    0.00    0.69 ^ _128__10/A (sky130_fd_sc_hd__inv_2)
                  0.02    0.03    0.72 v _128__10/Y (sky130_fd_sc_hd__inv_2)
     1    0.00                           net29 (net)
                  0.02    0.00    0.72 v _164_/CLK_N (sky130_fd_sc_hd__dfbbn_1)
                          0.20    0.92   clock uncertainty
                          0.00    0.92   clock reconvergence pessimism
                          0.06    0.98   library removal time
                                  0.98   data required time
-----------------------------------------------------------------------------
                                  0.98   data required time
                                 -1.07   data arrival time
-----------------------------------------------------------------------------
                                  0.10   slack (MET)


Startpoint: gpio_defaults[2] (input port clocked by serial_clock)
Endpoint: _160_ (removal check against falling-edge clock serial_load')
Path Group: **async_default**
Path Type: min

Fanout     Cap    Slew   Delay    Time   Description
-----------------------------------------------------------------------------
                          0.00    0.00   clock serial_clock (rise edge)
                          0.00    0.00   clock network delay (propagated)
                          1.00    1.00 v input external delay
                  0.02    0.01    1.01 v gpio_defaults[2] (in)
     2    0.01                           gpio_defaults[2] (net)
                  0.02    0.00    1.01 v _113_/B (sky130_fd_sc_hd__nand2_1)
                  0.06    0.07    1.08 ^ _113_/Y (sky130_fd_sc_hd__nand2_1)
     1    0.01                           _005_ (net)
                  0.06    0.00    1.08 ^ _160_/SET_B (sky130_fd_sc_hd__dfbbn_1)
                                  1.08   data arrival time

                          0.00    0.00   clock serial_load' (fall edge)
                          0.00    0.00   clock source latency
                  0.08    0.06    0.06 ^ serial_load (in)
     1    0.02                           serial_load (net)
                  0.08    0.00    0.06 ^ clkbuf_0_serial_load/A (sky130_fd_sc_hd__clkbuf_16)
                  0.04    0.14    0.20 ^ clkbuf_0_serial_load/X (sky130_fd_sc_hd__clkbuf_16)
     2    0.02                           clknet_0_serial_load (net)
                  0.04    0.00    0.20 ^ clkbuf_1_1__f_serial_load/A (sky130_fd_sc_hd__clkbuf_16)
                  0.03    0.12    0.32 ^ clkbuf_1_1__f_serial_load/X (sky130_fd_sc_hd__clkbuf_16)
     2    0.01                           clknet_1_1__leaf_serial_load (net)
                  0.03    0.00    0.32 ^ _105_/A (sky130_fd_sc_hd__buf_4)
                  0.04    0.10    0.42 ^ _105_/X (sky130_fd_sc_hd__buf_4)
     1    0.01                           _068_ (net)
                  0.04    0.00    0.42 ^ clkbuf_0__068_/A (sky130_fd_sc_hd__clkbuf_16)
                  0.04    0.13    0.55 ^ clkbuf_0__068_/X (sky130_fd_sc_hd__clkbuf_16)
     2    0.02                           clknet_0__068_ (net)
                  0.04    0.00    0.55 ^ clkbuf_1_0__f__068_/A (sky130_fd_sc_hd__clkbuf_16)
                  0.05    0.14    0.69 ^ clkbuf_1_0__f__068_/X (sky130_fd_sc_hd__clkbuf_16)
     5    0.03                           clknet_1_0__leaf__068_ (net)
                  0.05    0.00    0.69 ^ _112__6/A (sky130_fd_sc_hd__inv_2)
                  0.02    0.03    0.72 v _112__6/Y (sky130_fd_sc_hd__inv_2)
     1    0.00                           net25 (net)
                  0.02    0.00    0.72 v _160_/CLK_N (sky130_fd_sc_hd__dfbbn_1)
                          0.20    0.92   clock uncertainty
                          0.00    0.92   clock reconvergence pessimism
                          0.06    0.98   library removal time
                                  0.98   data required time
-----------------------------------------------------------------------------
                                  0.98   data required time
                                 -1.08   data arrival time
-----------------------------------------------------------------------------
                                  0.10   slack (MET)


Startpoint: gpio_defaults[9] (input port clocked by serial_clock)
Endpoint: _162_ (removal check against falling-edge clock serial_load')
Path Group: **async_default**
Path Type: min

Fanout     Cap    Slew   Delay    Time   Description
-----------------------------------------------------------------------------
                          0.00    0.00   clock serial_clock (rise edge)
                          0.00    0.00   clock network delay (propagated)
                          1.00    1.00 v input external delay
                  0.02    0.01    1.01 v gpio_defaults[9] (in)
     2    0.01                           gpio_defaults[9] (net)
                  0.02    0.00    1.01 v _121_/B (sky130_fd_sc_hd__nand2_1)
                  0.07    0.07    1.08 ^ _121_/Y (sky130_fd_sc_hd__nand2_1)
     1    0.01                           _009_ (net)
                  0.07    0.00    1.08 ^ _162_/SET_B (sky130_fd_sc_hd__dfbbn_1)
                                  1.08   data arrival time

                          0.00    0.00   clock serial_load' (fall edge)
                          0.00    0.00   clock source latency
                  0.08    0.06    0.06 ^ serial_load (in)
     1    0.02                           serial_load (net)
                  0.08    0.00    0.06 ^ clkbuf_0_serial_load/A (sky130_fd_sc_hd__clkbuf_16)
                  0.04    0.14    0.20 ^ clkbuf_0_serial_load/X (sky130_fd_sc_hd__clkbuf_16)
     2    0.02                           clknet_0_serial_load (net)
                  0.04    0.00    0.20 ^ clkbuf_1_1__f_serial_load/A (sky130_fd_sc_hd__clkbuf_16)
                  0.03    0.12    0.32 ^ clkbuf_1_1__f_serial_load/X (sky130_fd_sc_hd__clkbuf_16)
     2    0.01                           clknet_1_1__leaf_serial_load (net)
                  0.03    0.00    0.32 ^ _105_/A (sky130_fd_sc_hd__buf_4)
                  0.04    0.10    0.42 ^ _105_/X (sky130_fd_sc_hd__buf_4)
     1    0.01                           _068_ (net)
                  0.04    0.00    0.42 ^ clkbuf_0__068_/A (sky130_fd_sc_hd__clkbuf_16)
                  0.04    0.13    0.55 ^ clkbuf_0__068_/X (sky130_fd_sc_hd__clkbuf_16)
     2    0.02                           clknet_0__068_ (net)
                  0.04    0.00    0.55 ^ clkbuf_1_1__f__068_/A (sky130_fd_sc_hd__clkbuf_16)
                  0.05    0.14    0.69 ^ clkbuf_1_1__f__068_/X (sky130_fd_sc_hd__clkbuf_16)
     5    0.03                           clknet_1_1__leaf__068_ (net)
                  0.05    0.00    0.69 ^ _120__8/A (sky130_fd_sc_hd__inv_2)
                  0.02    0.03    0.72 v _120__8/Y (sky130_fd_sc_hd__inv_2)
     1    0.00                           net27 (net)
                  0.02    0.00    0.72 v _162_/CLK_N (sky130_fd_sc_hd__dfbbn_1)
                          0.20    0.92   clock uncertainty
                          0.00    0.92   clock reconvergence pessimism
                          0.06    0.98   library removal time
                                  0.98   data required time
-----------------------------------------------------------------------------
                                  0.98   data required time
                                 -1.08   data arrival time
-----------------------------------------------------------------------------
                                  0.10   slack (MET)


Startpoint: gpio_defaults[11] (input port clocked by serial_clock)
Endpoint: _167_ (removal check against falling-edge clock serial_load')
Path Group: **async_default**
Path Type: min

Fanout     Cap    Slew   Delay    Time   Description
-----------------------------------------------------------------------------
                          0.00    0.00   clock serial_clock (rise edge)
                          0.00    0.00   clock network delay (propagated)
                          1.00    1.00 v input external delay
                  0.02    0.01    1.01 v gpio_defaults[11] (in)
     2    0.01                           gpio_defaults[11] (net)
                  0.02    0.00    1.01 v _141_/B (sky130_fd_sc_hd__nand2_1)
                  0.06    0.07    1.08 ^ _141_/Y (sky130_fd_sc_hd__nand2_1)
     1    0.01                           _019_ (net)
                  0.06    0.00    1.08 ^ _167_/SET_B (sky130_fd_sc_hd__dfbbn_1)
                                  1.08   data arrival time

                          0.00    0.00   clock serial_load' (fall edge)
                          0.00    0.00   clock source latency
                  0.08    0.06    0.06 ^ serial_load (in)
     1    0.02                           serial_load (net)
                  0.08    0.00    0.06 ^ clkbuf_0_serial_load/A (sky130_fd_sc_hd__clkbuf_16)
                  0.04    0.14    0.20 ^ clkbuf_0_serial_load/X (sky130_fd_sc_hd__clkbuf_16)
     2    0.02                           clknet_0_serial_load (net)
                  0.04    0.00    0.20 ^ clkbuf_1_1__f_serial_load/A (sky130_fd_sc_hd__clkbuf_16)
                  0.03    0.12    0.32 ^ clkbuf_1_1__f_serial_load/X (sky130_fd_sc_hd__clkbuf_16)
     2    0.01                           clknet_1_1__leaf_serial_load (net)
                  0.03    0.00    0.32 ^ _105_/A (sky130_fd_sc_hd__buf_4)
                  0.04    0.10    0.42 ^ _105_/X (sky130_fd_sc_hd__buf_4)
     1    0.01                           _068_ (net)
                  0.04    0.00    0.42 ^ clkbuf_0__068_/A (sky130_fd_sc_hd__clkbuf_16)
                  0.04    0.13    0.55 ^ clkbuf_0__068_/X (sky130_fd_sc_hd__clkbuf_16)
     2    0.02                           clknet_0__068_ (net)
                  0.04    0.00    0.55 ^ clkbuf_1_0__f__068_/A (sky130_fd_sc_hd__clkbuf_16)
                  0.05    0.14    0.69 ^ clkbuf_1_0__f__068_/X (sky130_fd_sc_hd__clkbuf_16)
     5    0.03                           clknet_1_0__leaf__068_ (net)
                  0.05    0.00    0.69 ^ _140__13/A (sky130_fd_sc_hd__inv_2)
                  0.02    0.03    0.72 v _140__13/Y (sky130_fd_sc_hd__inv_2)
     1    0.00                           net32 (net)
                  0.02    0.00    0.72 v _167_/CLK_N (sky130_fd_sc_hd__dfbbn_1)
                          0.20    0.92   clock uncertainty
                          0.00    0.92   clock reconvergence pessimism
                          0.06    0.98   library removal time
                                  0.98   data required time
-----------------------------------------------------------------------------
                                  0.98   data required time
                                 -1.08   data arrival time
-----------------------------------------------------------------------------
                                  0.10   slack (MET)


Startpoint: _182_ (rising edge-triggered flip-flop clocked by serial_clock)
Endpoint: _183_ (rising edge-triggered flip-flop clocked by serial_clock)
Path Group: serial_clock
Path Type: min

Fanout     Cap    Slew   Delay    Time   Description
-----------------------------------------------------------------------------
                          0.00    0.00   clock serial_clock (rise edge)
                          0.00    0.00   clock source latency
                  0.08    0.05    0.05 ^ serial_clock (in)
     1    0.02                           serial_clock (net)
                  0.08    0.00    0.05 ^ clkbuf_0_serial_clock/A (sky130_fd_sc_hd__clkbuf_16)
                  0.04    0.13    0.18 ^ clkbuf_0_serial_clock/X (sky130_fd_sc_hd__clkbuf_16)
     2    0.02                           clknet_0_serial_clock (net)
                  0.04    0.00    0.18 ^ clkbuf_1_0__f_serial_clock/A (sky130_fd_sc_hd__clkbuf_16)
                  0.04    0.12    0.30 ^ clkbuf_1_0__f_serial_clock/X (sky130_fd_sc_hd__clkbuf_16)
     7    0.02                           clknet_1_0__leaf_serial_clock (net)
                  0.04    0.00    0.30 ^ _182_/CLK (sky130_fd_sc_hd__dfrtp_1)
                  0.06    0.31    0.61 ^ _182_/Q (sky130_fd_sc_hd__dfrtp_1)
     2    0.00                           shift_register[10] (net)
                  0.06    0.00    0.61 ^ _183_/D (sky130_fd_sc_hd__dfrtp_1)
                                  0.61   data arrival time

                          0.00    0.00   clock serial_clock (rise edge)
                          0.00    0.00   clock source latency
                  0.08    0.06    0.06 ^ serial_clock (in)
     1    0.02                           serial_clock (net)
                  0.08    0.00    0.06 ^ clkbuf_0_serial_clock/A (sky130_fd_sc_hd__clkbuf_16)
                  0.04    0.14    0.20 ^ clkbuf_0_serial_clock/X (sky130_fd_sc_hd__clkbuf_16)
     2    0.02                           clknet_0_serial_clock (net)
                  0.04    0.00    0.20 ^ clkbuf_1_1__f_serial_clock/A (sky130_fd_sc_hd__clkbuf_16)
                  0.05    0.13    0.33 ^ clkbuf_1_1__f_serial_clock/X (sky130_fd_sc_hd__clkbuf_16)
     8    0.02                           clknet_1_1__leaf_serial_clock (net)
                  0.05    0.00    0.33 ^ _183_/CLK (sky130_fd_sc_hd__dfrtp_1)
                          0.20    0.53   clock uncertainty
                         -0.02    0.51   clock reconvergence pessimism
                         -0.04    0.48   library hold time
                                  0.48   data required time
-----------------------------------------------------------------------------
                                  0.48   data required time
                                 -0.61   data arrival time
-----------------------------------------------------------------------------
                                  0.13   slack (MET)


Startpoint: _180_ (rising edge-triggered flip-flop clocked by serial_clock)
Endpoint: _181_ (rising edge-triggered flip-flop clocked by serial_clock)
Path Group: serial_clock
Path Type: min

Fanout     Cap    Slew   Delay    Time   Description
-----------------------------------------------------------------------------
                          0.00    0.00   clock serial_clock (rise edge)
                          0.00    0.00   clock source latency
                  0.08    0.05    0.05 ^ serial_clock (in)
     1    0.02                           serial_clock (net)
                  0.08    0.00    0.05 ^ clkbuf_0_serial_clock/A (sky130_fd_sc_hd__clkbuf_16)
                  0.04    0.13    0.18 ^ clkbuf_0_serial_clock/X (sky130_fd_sc_hd__clkbuf_16)
     2    0.02                           clknet_0_serial_clock (net)
                  0.04    0.00    0.18 ^ clkbuf_1_0__f_serial_clock/A (sky130_fd_sc_hd__clkbuf_16)
                  0.04    0.12    0.30 ^ clkbuf_1_0__f_serial_clock/X (sky130_fd_sc_hd__clkbuf_16)
     7    0.02                           clknet_1_0__leaf_serial_clock (net)
                  0.04    0.00    0.30 ^ _180_/CLK (sky130_fd_sc_hd__dfrtp_1)
                  0.08    0.32    0.62 ^ _180_/Q (sky130_fd_sc_hd__dfrtp_1)
     2    0.01                           shift_register[8] (net)
                  0.08    0.00    0.62 ^ _181_/D (sky130_fd_sc_hd__dfrtp_1)
                                  0.62   data arrival time

                          0.00    0.00   clock serial_clock (rise edge)
                          0.00    0.00   clock source latency
                  0.08    0.06    0.06 ^ serial_clock (in)
     1    0.02                           serial_clock (net)
                  0.08    0.00    0.06 ^ clkbuf_0_serial_clock/A (sky130_fd_sc_hd__clkbuf_16)
                  0.04    0.14    0.20 ^ clkbuf_0_serial_clock/X (sky130_fd_sc_hd__clkbuf_16)
     2    0.02                           clknet_0_serial_clock (net)
                  0.04    0.00    0.20 ^ clkbuf_1_1__f_serial_clock/A (sky130_fd_sc_hd__clkbuf_16)
                  0.05    0.13    0.33 ^ clkbuf_1_1__f_serial_clock/X (sky130_fd_sc_hd__clkbuf_16)
     8    0.02                           clknet_1_1__leaf_serial_clock (net)
                  0.05    0.00    0.33 ^ _181_/CLK (sky130_fd_sc_hd__dfrtp_1)
                          0.20    0.53   clock uncertainty
                         -0.02    0.51   clock reconvergence pessimism
                         -0.04    0.47   library hold time
                                  0.47   data required time
-----------------------------------------------------------------------------
                                  0.47   data required time
                                 -0.62   data arrival time
-----------------------------------------------------------------------------
                                  0.15   slack (MET)


Startpoint: _177_ (rising edge-triggered flip-flop clocked by serial_clock)
Endpoint: _178_ (rising edge-triggered flip-flop clocked by serial_clock)
Path Group: serial_clock
Path Type: min

Fanout     Cap    Slew   Delay    Time   Description
-----------------------------------------------------------------------------
                          0.00    0.00   clock serial_clock (rise edge)
                          0.00    0.00   clock source latency
                  0.08    0.05    0.05 ^ serial_clock (in)
     1    0.02                           serial_clock (net)
                  0.08    0.00    0.05 ^ clkbuf_0_serial_clock/A (sky130_fd_sc_hd__clkbuf_16)
                  0.04    0.13    0.18 ^ clkbuf_0_serial_clock/X (sky130_fd_sc_hd__clkbuf_16)
     2    0.02                           clknet_0_serial_clock (net)
                  0.04    0.00    0.18 ^ clkbuf_1_0__f_serial_clock/A (sky130_fd_sc_hd__clkbuf_16)
                  0.04    0.12    0.30 ^ clkbuf_1_0__f_serial_clock/X (sky130_fd_sc_hd__clkbuf_16)
     7    0.02                           clknet_1_0__leaf_serial_clock (net)
                  0.04    0.00    0.30 ^ _177_/CLK (sky130_fd_sc_hd__dfrtp_1)
                  0.06    0.31    0.61 ^ _177_/Q (sky130_fd_sc_hd__dfrtp_1)
     2    0.01                           shift_register[5] (net)
                  0.06    0.00    0.61 ^ _178_/D (sky130_fd_sc_hd__dfrtp_1)
                                  0.61   data arrival time

                          0.00    0.00   clock serial_clock (rise edge)
                          0.00    0.00   clock source latency
                  0.08    0.06    0.06 ^ serial_clock (in)
     1    0.02                           serial_clock (net)
                  0.08    0.00    0.06 ^ clkbuf_0_serial_clock/A (sky130_fd_sc_hd__clkbuf_16)
                  0.04    0.14    0.20 ^ clkbuf_0_serial_clock/X (sky130_fd_sc_hd__clkbuf_16)
     2    0.02                           clknet_0_serial_clock (net)
                  0.04    0.00    0.20 ^ clkbuf_1_0__f_serial_clock/A (sky130_fd_sc_hd__clkbuf_16)
                  0.04    0.13    0.33 ^ clkbuf_1_0__f_serial_clock/X (sky130_fd_sc_hd__clkbuf_16)
     7    0.02                           clknet_1_0__leaf_serial_clock (net)
                  0.04    0.00    0.33 ^ _178_/CLK (sky130_fd_sc_hd__dfrtp_1)
                          0.20    0.53   clock uncertainty
                         -0.03    0.50   clock reconvergence pessimism
                         -0.04    0.46   library hold time
                                  0.46   data required time
-----------------------------------------------------------------------------
                                  0.46   data required time
                                 -0.61   data arrival time
-----------------------------------------------------------------------------
                                  0.15   slack (MET)


Startpoint: _175_ (rising edge-triggered flip-flop clocked by serial_clock)
Endpoint: _176_ (rising edge-triggered flip-flop clocked by serial_clock)
Path Group: serial_clock
Path Type: min

Fanout     Cap    Slew   Delay    Time   Description
-----------------------------------------------------------------------------
                          0.00    0.00   clock serial_clock (rise edge)
                          0.00    0.00   clock source latency
                  0.08    0.05    0.05 ^ serial_clock (in)
     1    0.02                           serial_clock (net)
                  0.08    0.00    0.05 ^ clkbuf_0_serial_clock/A (sky130_fd_sc_hd__clkbuf_16)
                  0.04    0.13    0.18 ^ clkbuf_0_serial_clock/X (sky130_fd_sc_hd__clkbuf_16)
     2    0.02                           clknet_0_serial_clock (net)
                  0.04    0.00    0.18 ^ clkbuf_1_0__f_serial_clock/A (sky130_fd_sc_hd__clkbuf_16)
                  0.04    0.12    0.30 ^ clkbuf_1_0__f_serial_clock/X (sky130_fd_sc_hd__clkbuf_16)
     7    0.02                           clknet_1_0__leaf_serial_clock (net)
                  0.04    0.00    0.30 ^ _175_/CLK (sky130_fd_sc_hd__dfrtp_1)
                  0.06    0.31    0.61 ^ _175_/Q (sky130_fd_sc_hd__dfrtp_1)
     2    0.01                           shift_register[3] (net)
                  0.06    0.00    0.61 ^ _176_/D (sky130_fd_sc_hd__dfrtp_1)
                                  0.61   data arrival time

                          0.00    0.00   clock serial_clock (rise edge)
                          0.00    0.00   clock source latency
                  0.08    0.06    0.06 ^ serial_clock (in)
     1    0.02                           serial_clock (net)
                  0.08    0.00    0.06 ^ clkbuf_0_serial_clock/A (sky130_fd_sc_hd__clkbuf_16)
                  0.04    0.14    0.20 ^ clkbuf_0_serial_clock/X (sky130_fd_sc_hd__clkbuf_16)
     2    0.02                           clknet_0_serial_clock (net)
                  0.04    0.00    0.20 ^ clkbuf_1_0__f_serial_clock/A (sky130_fd_sc_hd__clkbuf_16)
                  0.04    0.13    0.33 ^ clkbuf_1_0__f_serial_clock/X (sky130_fd_sc_hd__clkbuf_16)
     7    0.02                           clknet_1_0__leaf_serial_clock (net)
                  0.04    0.00    0.33 ^ _176_/CLK (sky130_fd_sc_hd__dfrtp_1)
                          0.20    0.53   clock uncertainty
                         -0.03    0.50   clock reconvergence pessimism
                         -0.04    0.46   library hold time
                                  0.46   data required time
-----------------------------------------------------------------------------
                                  0.46   data required time
                                 -0.61   data arrival time
-----------------------------------------------------------------------------
                                  0.15   slack (MET)


Startpoint: _178_ (rising edge-triggered flip-flop clocked by serial_clock)
Endpoint: _179_ (rising edge-triggered flip-flop clocked by serial_clock)
Path Group: serial_clock
Path Type: min

Fanout     Cap    Slew   Delay    Time   Description
-----------------------------------------------------------------------------
                          0.00    0.00   clock serial_clock (rise edge)
                          0.00    0.00   clock source latency
                  0.08    0.05    0.05 ^ serial_clock (in)
     1    0.02                           serial_clock (net)
                  0.08    0.00    0.05 ^ clkbuf_0_serial_clock/A (sky130_fd_sc_hd__clkbuf_16)
                  0.04    0.13    0.18 ^ clkbuf_0_serial_clock/X (sky130_fd_sc_hd__clkbuf_16)
     2    0.02                           clknet_0_serial_clock (net)
                  0.04    0.00    0.18 ^ clkbuf_1_0__f_serial_clock/A (sky130_fd_sc_hd__clkbuf_16)
                  0.04    0.12    0.30 ^ clkbuf_1_0__f_serial_clock/X (sky130_fd_sc_hd__clkbuf_16)
     7    0.02                           clknet_1_0__leaf_serial_clock (net)
                  0.04    0.00    0.30 ^ _178_/CLK (sky130_fd_sc_hd__dfrtp_1)
                  0.06    0.31    0.61 ^ _178_/Q (sky130_fd_sc_hd__dfrtp_1)
     2    0.01                           shift_register[6] (net)
                  0.06    0.00    0.61 ^ _179_/D (sky130_fd_sc_hd__dfrtp_1)
                                  0.61   data arrival time

                          0.00    0.00   clock serial_clock (rise edge)
                          0.00    0.00   clock source latency
                  0.08    0.06    0.06 ^ serial_clock (in)
     1    0.02                           serial_clock (net)
                  0.08    0.00    0.06 ^ clkbuf_0_serial_clock/A (sky130_fd_sc_hd__clkbuf_16)
                  0.04    0.14    0.20 ^ clkbuf_0_serial_clock/X (sky130_fd_sc_hd__clkbuf_16)
     2    0.02                           clknet_0_serial_clock (net)
                  0.04    0.00    0.20 ^ clkbuf_1_0__f_serial_clock/A (sky130_fd_sc_hd__clkbuf_16)
                  0.04    0.13    0.33 ^ clkbuf_1_0__f_serial_clock/X (sky130_fd_sc_hd__clkbuf_16)
     7    0.02                           clknet_1_0__leaf_serial_clock (net)
                  0.04    0.00    0.33 ^ _179_/CLK (sky130_fd_sc_hd__dfrtp_1)
                          0.20    0.53   clock uncertainty
                         -0.03    0.50   clock reconvergence pessimism
                         -0.04    0.46   library hold time
                                  0.46   data required time
-----------------------------------------------------------------------------
                                  0.46   data required time
                                 -0.61   data arrival time
-----------------------------------------------------------------------------
                                  0.15   slack (MET)


Startpoint: _182_ (rising edge-triggered flip-flop clocked by serial_clock)
Endpoint: _166_ (falling edge-triggered flip-flop clocked by serial_load')
Path Group: serial_load
Path Type: min

Fanout     Cap    Slew   Delay    Time   Description
-----------------------------------------------------------------------------
                          0.00    0.00   clock serial_clock (rise edge)
                          0.00    0.00   clock source latency
                  0.08    0.05    0.05 ^ serial_clock (in)
     1    0.02                           serial_clock (net)
                  0.08    0.00    0.05 ^ clkbuf_0_serial_clock/A (sky130_fd_sc_hd__clkbuf_16)
                  0.04    0.13    0.18 ^ clkbuf_0_serial_clock/X (sky130_fd_sc_hd__clkbuf_16)
     2    0.02                           clknet_0_serial_clock (net)
                  0.04    0.00    0.18 ^ clkbuf_1_0__f_serial_clock/A (sky130_fd_sc_hd__clkbuf_16)
                  0.04    0.12    0.30 ^ clkbuf_1_0__f_serial_clock/X (sky130_fd_sc_hd__clkbuf_16)
     7    0.02                           clknet_1_0__leaf_serial_clock (net)
                  0.04    0.00    0.30 ^ _182_/CLK (sky130_fd_sc_hd__dfrtp_1)
                  0.06    0.31    0.61 ^ _182_/Q (sky130_fd_sc_hd__dfrtp_1)
     2    0.00                           shift_register[10] (net)
                  0.06    0.00    0.61 ^ _166_/D (sky130_fd_sc_hd__dfbbn_1)
                                  0.61   data arrival time

                          0.00    0.00   clock serial_load' (fall edge)
                          0.00    0.00   clock source latency
                  0.08    0.06    0.06 ^ serial_load (in)
     1    0.02                           serial_load (net)
                  0.08    0.00    0.06 ^ clkbuf_0_serial_load/A (sky130_fd_sc_hd__clkbuf_16)
                  0.04    0.14    0.20 ^ clkbuf_0_serial_load/X (sky130_fd_sc_hd__clkbuf_16)
     2    0.02                           clknet_0_serial_load (net)
                  0.04    0.00    0.20 ^ clkbuf_1_1__f_serial_load/A (sky130_fd_sc_hd__clkbuf_16)
                  0.03    0.12    0.32 ^ clkbuf_1_1__f_serial_load/X (sky130_fd_sc_hd__clkbuf_16)
     2    0.01                           clknet_1_1__leaf_serial_load (net)
                  0.03    0.00    0.32 ^ _105_/A (sky130_fd_sc_hd__buf_4)
                  0.04    0.10    0.42 ^ _105_/X (sky130_fd_sc_hd__buf_4)
     1    0.01                           _068_ (net)
                  0.04    0.00    0.42 ^ clkbuf_0__068_/A (sky130_fd_sc_hd__clkbuf_16)
                  0.04    0.13    0.55 ^ clkbuf_0__068_/X (sky130_fd_sc_hd__clkbuf_16)
     2    0.02                           clknet_0__068_ (net)
                  0.04    0.00    0.55 ^ clkbuf_1_0__f__068_/A (sky130_fd_sc_hd__clkbuf_16)
                  0.05    0.14    0.69 ^ clkbuf_1_0__f__068_/X (sky130_fd_sc_hd__clkbuf_16)
     5    0.03                           clknet_1_0__leaf__068_ (net)
                  0.05    0.00    0.69 ^ _136__12/A (sky130_fd_sc_hd__inv_2)
                  0.02    0.03    0.72 v _136__12/Y (sky130_fd_sc_hd__inv_2)
     1    0.00                           net31 (net)
                  0.02    0.00    0.72 v _166_/CLK_N (sky130_fd_sc_hd__dfbbn_1)
                          0.20    0.92   clock uncertainty
                          0.00    0.92   clock reconvergence pessimism
                          0.04    0.96   library hold time
                                  0.96   data required time
-----------------------------------------------------------------------------
                                  0.96   data required time
                                 -0.61   data arrival time
-----------------------------------------------------------------------------
                                 -0.35   slack (VIOLATED)


Startpoint: _173_ (rising edge-triggered flip-flop clocked by serial_clock)
Endpoint: _165_ (falling edge-triggered flip-flop clocked by serial_load')
Path Group: serial_load
Path Type: min

Fanout     Cap    Slew   Delay    Time   Description
-----------------------------------------------------------------------------
                          0.00    0.00   clock serial_clock (rise edge)
                          0.00    0.00   clock source latency
                  0.08    0.05    0.05 ^ serial_clock (in)
     1    0.02                           serial_clock (net)
                  0.08    0.00    0.05 ^ clkbuf_0_serial_clock/A (sky130_fd_sc_hd__clkbuf_16)
                  0.04    0.13    0.18 ^ clkbuf_0_serial_clock/X (sky130_fd_sc_hd__clkbuf_16)
     2    0.02                           clknet_0_serial_clock (net)
                  0.04    0.00    0.18 ^ clkbuf_1_1__f_serial_clock/A (sky130_fd_sc_hd__clkbuf_16)
                  0.05    0.12    0.30 ^ clkbuf_1_1__f_serial_clock/X (sky130_fd_sc_hd__clkbuf_16)
     8    0.02                           clknet_1_1__leaf_serial_clock (net)
                  0.05    0.00    0.30 ^ _173_/CLK (sky130_fd_sc_hd__dfrtp_1)
                  0.06    0.31    0.62 ^ _173_/Q (sky130_fd_sc_hd__dfrtp_1)
     2    0.01                           shift_register[1] (net)
                  0.06    0.00    0.62 ^ _165_/D (sky130_fd_sc_hd__dfbbn_1)
                                  0.62   data arrival time

                          0.00    0.00   clock serial_load' (fall edge)
                          0.00    0.00   clock source latency
                  0.08    0.06    0.06 ^ serial_load (in)
     1    0.02                           serial_load (net)
                  0.08    0.00    0.06 ^ clkbuf_0_serial_load/A (sky130_fd_sc_hd__clkbuf_16)
                  0.04    0.14    0.20 ^ clkbuf_0_serial_load/X (sky130_fd_sc_hd__clkbuf_16)
     2    0.02                           clknet_0_serial_load (net)
                  0.04    0.00    0.20 ^ clkbuf_1_1__f_serial_load/A (sky130_fd_sc_hd__clkbuf_16)
                  0.03    0.12    0.32 ^ clkbuf_1_1__f_serial_load/X (sky130_fd_sc_hd__clkbuf_16)
     2    0.01                           clknet_1_1__leaf_serial_load (net)
                  0.03    0.00    0.32 ^ _105_/A (sky130_fd_sc_hd__buf_4)
                  0.04    0.10    0.42 ^ _105_/X (sky130_fd_sc_hd__buf_4)
     1    0.01                           _068_ (net)
                  0.04    0.00    0.42 ^ clkbuf_0__068_/A (sky130_fd_sc_hd__clkbuf_16)
                  0.04    0.13    0.55 ^ clkbuf_0__068_/X (sky130_fd_sc_hd__clkbuf_16)
     2    0.02                           clknet_0__068_ (net)
                  0.04    0.00    0.55 ^ clkbuf_1_1__f__068_/A (sky130_fd_sc_hd__clkbuf_16)
                  0.05    0.14    0.69 ^ clkbuf_1_1__f__068_/X (sky130_fd_sc_hd__clkbuf_16)
     5    0.03                           clknet_1_1__leaf__068_ (net)
                  0.05    0.00    0.69 ^ _132__11/A (sky130_fd_sc_hd__inv_2)
                  0.02    0.03    0.73 v _132__11/Y (sky130_fd_sc_hd__inv_2)
     1    0.00                           net30 (net)
                  0.02    0.00    0.73 v _165_/CLK_N (sky130_fd_sc_hd__dfbbn_1)
                          0.20    0.93   clock uncertainty
                          0.00    0.93   clock reconvergence pessimism
                          0.04    0.96   library hold time
                                  0.96   data required time
-----------------------------------------------------------------------------
                                  0.96   data required time
                                 -0.62   data arrival time
-----------------------------------------------------------------------------
                                 -0.35   slack (VIOLATED)


Startpoint: _175_ (rising edge-triggered flip-flop clocked by serial_clock)
Endpoint: _163_ (falling edge-triggered flip-flop clocked by serial_load')
Path Group: serial_load
Path Type: min

Fanout     Cap    Slew   Delay    Time   Description
-----------------------------------------------------------------------------
                          0.00    0.00   clock serial_clock (rise edge)
                          0.00    0.00   clock source latency
                  0.08    0.05    0.05 ^ serial_clock (in)
     1    0.02                           serial_clock (net)
                  0.08    0.00    0.05 ^ clkbuf_0_serial_clock/A (sky130_fd_sc_hd__clkbuf_16)
                  0.04    0.13    0.18 ^ clkbuf_0_serial_clock/X (sky130_fd_sc_hd__clkbuf_16)
     2    0.02                           clknet_0_serial_clock (net)
                  0.04    0.00    0.18 ^ clkbuf_1_0__f_serial_clock/A (sky130_fd_sc_hd__clkbuf_16)
                  0.04    0.12    0.30 ^ clkbuf_1_0__f_serial_clock/X (sky130_fd_sc_hd__clkbuf_16)
     7    0.02                           clknet_1_0__leaf_serial_clock (net)
                  0.04    0.00    0.30 ^ _175_/CLK (sky130_fd_sc_hd__dfrtp_1)
                  0.06    0.31    0.61 ^ _175_/Q (sky130_fd_sc_hd__dfrtp_1)
     2    0.01                           shift_register[3] (net)
                  0.06    0.00    0.61 ^ _163_/D (sky130_fd_sc_hd__dfbbn_1)
                                  0.61   data arrival time

                          0.00    0.00   clock serial_load' (fall edge)
                          0.00    0.00   clock source latency
                  0.08    0.06    0.06 ^ serial_load (in)
     1    0.02                           serial_load (net)
                  0.08    0.00    0.06 ^ clkbuf_0_serial_load/A (sky130_fd_sc_hd__clkbuf_16)
                  0.04    0.14    0.20 ^ clkbuf_0_serial_load/X (sky130_fd_sc_hd__clkbuf_16)
     2    0.02                           clknet_0_serial_load (net)
                  0.04    0.00    0.20 ^ clkbuf_1_1__f_serial_load/A (sky130_fd_sc_hd__clkbuf_16)
                  0.03    0.12    0.32 ^ clkbuf_1_1__f_serial_load/X (sky130_fd_sc_hd__clkbuf_16)
     2    0.01                           clknet_1_1__leaf_serial_load (net)
                  0.03    0.00    0.32 ^ _105_/A (sky130_fd_sc_hd__buf_4)
                  0.04    0.10    0.42 ^ _105_/X (sky130_fd_sc_hd__buf_4)
     1    0.01                           _068_ (net)
                  0.04    0.00    0.42 ^ clkbuf_0__068_/A (sky130_fd_sc_hd__clkbuf_16)
                  0.04    0.13    0.55 ^ clkbuf_0__068_/X (sky130_fd_sc_hd__clkbuf_16)
     2    0.02                           clknet_0__068_ (net)
                  0.04    0.00    0.55 ^ clkbuf_1_0__f__068_/A (sky130_fd_sc_hd__clkbuf_16)
                  0.05    0.14    0.69 ^ clkbuf_1_0__f__068_/X (sky130_fd_sc_hd__clkbuf_16)
     5    0.03                           clknet_1_0__leaf__068_ (net)
                  0.05    0.00    0.69 ^ _124__9/A (sky130_fd_sc_hd__inv_2)
                  0.02    0.03    0.72 v _124__9/Y (sky130_fd_sc_hd__inv_2)
     1    0.00                           net28 (net)
                  0.02    0.00    0.72 v _163_/CLK_N (sky130_fd_sc_hd__dfbbn_1)
                          0.20    0.92   clock uncertainty
                          0.00    0.92   clock reconvergence pessimism
                          0.03    0.95   library hold time
                                  0.95   data required time
-----------------------------------------------------------------------------
                                  0.95   data required time
                                 -0.61   data arrival time
-----------------------------------------------------------------------------
                                 -0.35   slack (VIOLATED)


Startpoint: _172_ (rising edge-triggered flip-flop clocked by serial_clock)
Endpoint: _159_ (falling edge-triggered flip-flop clocked by serial_load')
Path Group: serial_load
Path Type: min

Fanout     Cap    Slew   Delay    Time   Description
-----------------------------------------------------------------------------
                          0.00    0.00   clock serial_clock (rise edge)
                          0.00    0.00   clock source latency
                  0.08    0.05    0.05 ^ serial_clock (in)
     1    0.02                           serial_clock (net)
                  0.08    0.00    0.05 ^ clkbuf_0_serial_clock/A (sky130_fd_sc_hd__clkbuf_16)
                  0.04    0.13    0.18 ^ clkbuf_0_serial_clock/X (sky130_fd_sc_hd__clkbuf_16)
     2    0.02                           clknet_0_serial_clock (net)
                  0.04    0.00    0.18 ^ clkbuf_1_1__f_serial_clock/A (sky130_fd_sc_hd__clkbuf_16)
                  0.05    0.12    0.30 ^ clkbuf_1_1__f_serial_clock/X (sky130_fd_sc_hd__clkbuf_16)
     8    0.02                           clknet_1_1__leaf_serial_clock (net)
                  0.05    0.00    0.30 ^ _172_/CLK (sky130_fd_sc_hd__dfrtp_1)
                  0.07    0.32    0.62 ^ _172_/Q (sky130_fd_sc_hd__dfrtp_1)
     2    0.01                           shift_register[0] (net)
                  0.07    0.00    0.62 ^ _159_/D (sky130_fd_sc_hd__dfbbn_1)
                                  0.62   data arrival time

                          0.00    0.00   clock serial_load' (fall edge)
                          0.00    0.00   clock source latency
                  0.08    0.06    0.06 ^ serial_load (in)
     1    0.02                           serial_load (net)
                  0.08    0.00    0.06 ^ clkbuf_0_serial_load/A (sky130_fd_sc_hd__clkbuf_16)
                  0.04    0.14    0.20 ^ clkbuf_0_serial_load/X (sky130_fd_sc_hd__clkbuf_16)
     2    0.02                           clknet_0_serial_load (net)
                  0.04    0.00    0.20 ^ clkbuf_1_1__f_serial_load/A (sky130_fd_sc_hd__clkbuf_16)
                  0.03    0.12    0.32 ^ clkbuf_1_1__f_serial_load/X (sky130_fd_sc_hd__clkbuf_16)
     2    0.01                           clknet_1_1__leaf_serial_load (net)
                  0.03    0.00    0.32 ^ _105_/A (sky130_fd_sc_hd__buf_4)
                  0.04    0.10    0.42 ^ _105_/X (sky130_fd_sc_hd__buf_4)
     1    0.01                           _068_ (net)
                  0.04    0.00    0.42 ^ clkbuf_0__068_/A (sky130_fd_sc_hd__clkbuf_16)
                  0.04    0.13    0.55 ^ clkbuf_0__068_/X (sky130_fd_sc_hd__clkbuf_16)
     2    0.02                           clknet_0__068_ (net)
                  0.04    0.00    0.55 ^ clkbuf_1_1__f__068_/A (sky130_fd_sc_hd__clkbuf_16)
                  0.05    0.14    0.69 ^ clkbuf_1_1__f__068_/X (sky130_fd_sc_hd__clkbuf_16)
     5    0.03                           clknet_1_1__leaf__068_ (net)
                  0.05    0.00    0.69 ^ _106__5/A (sky130_fd_sc_hd__inv_2)
                  0.02    0.04    0.73 v _106__5/Y (sky130_fd_sc_hd__inv_2)
     1    0.01                           net24 (net)
                  0.02    0.00    0.73 v _159_/CLK_N (sky130_fd_sc_hd__dfbbn_1)
                          0.20    0.93   clock uncertainty
                          0.00    0.93   clock reconvergence pessimism
                          0.04    0.96   library hold time
                                  0.96   data required time
-----------------------------------------------------------------------------
                                  0.96   data required time
                                 -0.62   data arrival time
-----------------------------------------------------------------------------
                                 -0.34   slack (VIOLATED)


Startpoint: _176_ (rising edge-triggered flip-flop clocked by serial_clock)
Endpoint: _164_ (falling edge-triggered flip-flop clocked by serial_load')
Path Group: serial_load
Path Type: min

Fanout     Cap    Slew   Delay    Time   Description
-----------------------------------------------------------------------------
                          0.00    0.00   clock serial_clock (rise edge)
                          0.00    0.00   clock source latency
                  0.08    0.05    0.05 ^ serial_clock (in)
     1    0.02                           serial_clock (net)
                  0.08    0.00    0.05 ^ clkbuf_0_serial_clock/A (sky130_fd_sc_hd__clkbuf_16)
                  0.04    0.13    0.18 ^ clkbuf_0_serial_clock/X (sky130_fd_sc_hd__clkbuf_16)
     2    0.02                           clknet_0_serial_clock (net)
                  0.04    0.00    0.18 ^ clkbuf_1_0__f_serial_clock/A (sky130_fd_sc_hd__clkbuf_16)
                  0.04    0.12    0.30 ^ clkbuf_1_0__f_serial_clock/X (sky130_fd_sc_hd__clkbuf_16)
     7    0.02                           clknet_1_0__leaf_serial_clock (net)
                  0.04    0.00    0.30 ^ _176_/CLK (sky130_fd_sc_hd__dfrtp_1)
                  0.07    0.32    0.61 ^ _176_/Q (sky130_fd_sc_hd__dfrtp_1)
     2    0.01                           shift_register[4] (net)
                  0.07    0.00    0.61 ^ _164_/D (sky130_fd_sc_hd__dfbbn_1)
                                  0.61   data arrival time

                          0.00    0.00   clock serial_load' (fall edge)
                          0.00    0.00   clock source latency
                  0.08    0.06    0.06 ^ serial_load (in)
     1    0.02                           serial_load (net)
                  0.08    0.00    0.06 ^ clkbuf_0_serial_load/A (sky130_fd_sc_hd__clkbuf_16)
                  0.04    0.14    0.20 ^ clkbuf_0_serial_load/X (sky130_fd_sc_hd__clkbuf_16)
     2    0.02                           clknet_0_serial_load (net)
                  0.04    0.00    0.20 ^ clkbuf_1_1__f_serial_load/A (sky130_fd_sc_hd__clkbuf_16)
                  0.03    0.12    0.32 ^ clkbuf_1_1__f_serial_load/X (sky130_fd_sc_hd__clkbuf_16)
     2    0.01                           clknet_1_1__leaf_serial_load (net)
                  0.03    0.00    0.32 ^ _105_/A (sky130_fd_sc_hd__buf_4)
                  0.04    0.10    0.42 ^ _105_/X (sky130_fd_sc_hd__buf_4)
     1    0.01                           _068_ (net)
                  0.04    0.00    0.42 ^ clkbuf_0__068_/A (sky130_fd_sc_hd__clkbuf_16)
                  0.04    0.13    0.55 ^ clkbuf_0__068_/X (sky130_fd_sc_hd__clkbuf_16)
     2    0.02                           clknet_0__068_ (net)
                  0.04    0.00    0.55 ^ clkbuf_1_0__f__068_/A (sky130_fd_sc_hd__clkbuf_16)
                  0.05    0.14    0.69 ^ clkbuf_1_0__f__068_/X (sky130_fd_sc_hd__clkbuf_16)
     5    0.03                           clknet_1_0__leaf__068_ (net)
                  0.05    0.00    0.69 ^ _128__10/A (sky130_fd_sc_hd__inv_2)
                  0.02    0.03    0.72 v _128__10/Y (sky130_fd_sc_hd__inv_2)
     1    0.00                           net29 (net)
                  0.02    0.00    0.72 v _164_/CLK_N (sky130_fd_sc_hd__dfbbn_1)
                          0.20    0.92   clock uncertainty
                          0.00    0.92   clock reconvergence pessimism
                          0.03    0.95   library hold time
                                  0.95   data required time
-----------------------------------------------------------------------------
                                  0.95   data required time
                                 -0.61   data arrival time
-----------------------------------------------------------------------------
                                 -0.34   slack (VIOLATED)


