
===========================================================================
report_checks -unconstrained
============================================================================
Startpoint: gpio_defaults[7] (input port clocked by serial_clock)
Endpoint: _171_ (recovery check against falling-edge clock serial_load')
Path Group: **async_default**
Path Type: max

Fanout     Cap    Slew   Delay    Time   Description
-----------------------------------------------------------------------------
                          0.00    0.00   clock serial_clock (rise edge)
                          0.00    0.00   clock network delay (propagated)
                          1.00    1.00 ^ input external delay
                  0.06    0.04    1.04 ^ gpio_defaults[7] (in)
     2    0.01                           gpio_defaults[7] (net)
                  0.06    0.00    1.04 ^ _154_/B (sky130_fd_sc_hd__or2_1)
                  0.05    0.10    1.15 ^ _154_/X (sky130_fd_sc_hd__or2_1)
     1    0.00                           _052_ (net)
                  0.05    0.00    1.15 ^ _155_/A (sky130_fd_sc_hd__clkbuf_1)
                  0.05    0.09    1.24 ^ _155_/X (sky130_fd_sc_hd__clkbuf_1)
     1    0.00                           _026_ (net)
                  0.05    0.00    1.24 ^ _171_/RESET_B (sky130_fd_sc_hd__dfbbn_1)
                                  1.24   data arrival time

                          4.00    4.00   clock serial_load' (fall edge)
                          0.00    4.00   clock source latency
                  0.08    0.05    4.05 ^ serial_load (in)
     1    0.02                           serial_load (net)
                  0.08    0.00    4.05 ^ clkbuf_0_serial_load/A (sky130_fd_sc_hd__clkbuf_16)
                  0.04    0.13    4.18 ^ clkbuf_0_serial_load/X (sky130_fd_sc_hd__clkbuf_16)
     2    0.02                           clknet_0_serial_load (net)
                  0.04    0.00    4.18 ^ clkbuf_1_0__f_serial_load/A (sky130_fd_sc_hd__clkbuf_16)
                  0.04    0.11    4.30 ^ clkbuf_1_0__f_serial_load/X (sky130_fd_sc_hd__clkbuf_16)
     3    0.02                           clknet_1_0__leaf_serial_load (net)
                  0.04    0.00    4.30 ^ _156__3/A (sky130_fd_sc_hd__inv_2)
                  0.01    0.02    4.32 v _156__3/Y (sky130_fd_sc_hd__inv_2)
     1    0.00                           net22 (net)
                  0.01    0.00    4.32 v _171_/CLK_N (sky130_fd_sc_hd__dfbbn_1)
                         -0.20    4.12   clock uncertainty
                          0.00    4.12   clock reconvergence pessimism
                         -0.08    4.04   library recovery time
                                  4.04   data required time
-----------------------------------------------------------------------------
                                  4.04   data required time
                                 -1.24   data arrival time
-----------------------------------------------------------------------------
                                  2.81   slack (MET)


Startpoint: serial_clock (clock source 'serial_clock')
Endpoint: serial_clock_out (output port clocked by serial_clock)
Path Group: serial_clock
Path Type: max

Fanout     Cap    Slew   Delay    Time   Description
-----------------------------------------------------------------------------
                          2.00    2.00   clock serial_clock (fall edge)
                          0.00    2.00   clock source latency
                  0.03    0.03    2.03 v serial_clock (in)
     1    0.01                           serial_clock (net)
                  0.03    0.00    2.03 v clkbuf_0_serial_clock/A (sky130_fd_sc_hd__clkbuf_16)
                  0.03    0.15    2.17 v clkbuf_0_serial_clock/X (sky130_fd_sc_hd__clkbuf_16)
     2    0.02                           clknet_0_serial_clock (net)
                  0.03    0.00    2.17 v clkbuf_1_1__f_serial_clock/A (sky130_fd_sc_hd__clkbuf_16)
                  0.04    0.15    2.32 v clkbuf_1_1__f_serial_clock/X (sky130_fd_sc_hd__clkbuf_16)
     8    0.02                           clknet_1_1__leaf_serial_clock (net)
                  0.04    0.00    2.32 v _187_/A (sky130_fd_sc_hd__buf_2)
                  0.04    0.13    2.46 v _187_/X (sky130_fd_sc_hd__buf_2)
     1    0.01                           net15 (net)
                  0.04    0.00    2.46 v output15/A (sky130_fd_sc_hd__clkbuf_1)
                  2.33    1.83    4.29 v output15/X (sky130_fd_sc_hd__clkbuf_1)
     1    0.40                           serial_clock_out (net)
                  2.33    0.06    4.35 v serial_clock_out (out)
                                  4.35   data arrival time

                          4.00    4.00   clock serial_clock (rise edge)
                          0.00    4.00   clock network delay (propagated)
                         -0.20    3.80   clock uncertainty
                          0.00    3.80   clock reconvergence pessimism
                         -1.00    2.80   output external delay
                                  2.80   data required time
-----------------------------------------------------------------------------
                                  2.80   data required time
                                 -4.35   data arrival time
-----------------------------------------------------------------------------
                                 -1.55   slack (VIOLATED)


Startpoint: _179_ (rising edge-triggered flip-flop clocked by serial_clock)
Endpoint: _171_ (falling edge-triggered flip-flop clocked by serial_load')
Path Group: serial_load
Path Type: max

Fanout     Cap    Slew   Delay    Time   Description
-----------------------------------------------------------------------------
                          0.00    0.00   clock serial_clock (rise edge)
                          0.00    0.00   clock source latency
                  0.08    0.06    0.06 ^ serial_clock (in)
     1    0.02                           serial_clock (net)
                  0.08    0.00    0.06 ^ clkbuf_0_serial_clock/A (sky130_fd_sc_hd__clkbuf_16)
                  0.04    0.14    0.20 ^ clkbuf_0_serial_clock/X (sky130_fd_sc_hd__clkbuf_16)
     2    0.02                           clknet_0_serial_clock (net)
                  0.04    0.00    0.20 ^ clkbuf_1_0__f_serial_clock/A (sky130_fd_sc_hd__clkbuf_16)
                  0.04    0.13    0.33 ^ clkbuf_1_0__f_serial_clock/X (sky130_fd_sc_hd__clkbuf_16)
     7    0.02                           clknet_1_0__leaf_serial_clock (net)
                  0.04    0.00    0.33 ^ _179_/CLK (sky130_fd_sc_hd__dfrtp_1)
                  0.05    0.38    0.71 v _179_/Q (sky130_fd_sc_hd__dfrtp_1)
     2    0.01                           shift_register[7] (net)
                  0.05    0.00    0.71 v _171_/D (sky130_fd_sc_hd__dfbbn_1)
                                  0.71   data arrival time

                          4.00    4.00   clock serial_load' (fall edge)
                          0.00    4.00   clock source latency
                  0.08    0.05    4.05 ^ serial_load (in)
     1    0.02                           serial_load (net)
                  0.08    0.00    4.05 ^ clkbuf_0_serial_load/A (sky130_fd_sc_hd__clkbuf_16)
                  0.04    0.13    4.18 ^ clkbuf_0_serial_load/X (sky130_fd_sc_hd__clkbuf_16)
     2    0.02                           clknet_0_serial_load (net)
                  0.04    0.00    4.18 ^ clkbuf_1_0__f_serial_load/A (sky130_fd_sc_hd__clkbuf_16)
                  0.04    0.11    4.30 ^ clkbuf_1_0__f_serial_load/X (sky130_fd_sc_hd__clkbuf_16)
     3    0.02                           clknet_1_0__leaf_serial_load (net)
                  0.04    0.00    4.30 ^ _156__3/A (sky130_fd_sc_hd__inv_2)
                  0.01    0.02    4.32 v _156__3/Y (sky130_fd_sc_hd__inv_2)
     1    0.00                           net22 (net)
                  0.01    0.00    4.32 v _171_/CLK_N (sky130_fd_sc_hd__dfbbn_1)
                         -0.20    4.12   clock uncertainty
                          0.00    4.12   clock reconvergence pessimism
                         -0.16    3.96   library setup time
                                  3.96   data required time
-----------------------------------------------------------------------------
                                  3.96   data required time
                                 -0.71   data arrival time
-----------------------------------------------------------------------------
                                  3.24   slack (MET)



===========================================================================
report_checks --slack_max -0.01
============================================================================
Startpoint: serial_clock (clock source 'serial_clock')
Endpoint: serial_clock_out (output port clocked by serial_clock)
Path Group: serial_clock
Path Type: max

Fanout     Cap    Slew   Delay    Time   Description
-----------------------------------------------------------------------------
                          2.00    2.00   clock serial_clock (fall edge)
                          0.00    2.00   clock source latency
                  0.03    0.03    2.03 v serial_clock (in)
     1    0.01                           serial_clock (net)
                  0.03    0.00    2.03 v clkbuf_0_serial_clock/A (sky130_fd_sc_hd__clkbuf_16)
                  0.03    0.15    2.17 v clkbuf_0_serial_clock/X (sky130_fd_sc_hd__clkbuf_16)
     2    0.02                           clknet_0_serial_clock (net)
                  0.03    0.00    2.17 v clkbuf_1_1__f_serial_clock/A (sky130_fd_sc_hd__clkbuf_16)
                  0.04    0.15    2.32 v clkbuf_1_1__f_serial_clock/X (sky130_fd_sc_hd__clkbuf_16)
     8    0.02                           clknet_1_1__leaf_serial_clock (net)
                  0.04    0.00    2.32 v _187_/A (sky130_fd_sc_hd__buf_2)
                  0.04    0.13    2.46 v _187_/X (sky130_fd_sc_hd__buf_2)
     1    0.01                           net15 (net)
                  0.04    0.00    2.46 v output15/A (sky130_fd_sc_hd__clkbuf_1)
                  2.33    1.83    4.29 v output15/X (sky130_fd_sc_hd__clkbuf_1)
     1    0.40                           serial_clock_out (net)
                  2.33    0.06    4.35 v serial_clock_out (out)
                                  4.35   data arrival time

                          4.00    4.00   clock serial_clock (rise edge)
                          0.00    4.00   clock network delay (propagated)
                         -0.20    3.80   clock uncertainty
                          0.00    3.80   clock reconvergence pessimism
                         -1.00    2.80   output external delay
                                  2.80   data required time
-----------------------------------------------------------------------------
                                  2.80   data required time
                                 -4.35   data arrival time
-----------------------------------------------------------------------------
                                 -1.55   slack (VIOLATED)


