
===========================================================================
report_checks -path_delay min (Hold)
============================================================================
Startpoint: gpio_defaults[8] (input port clocked by serial_clock)
Endpoint: _161_ (removal check against falling-edge clock serial_load')
Path Group: **async_default**
Path Type: min

Fanout     Cap    Slew   Delay    Time   Description
-----------------------------------------------------------------------------
                          0.00    0.00   clock serial_clock (rise edge)
                          0.00    0.00   clock network delay (propagated)
                          1.00    1.00 v input external delay
                  0.02    0.01    1.01 v gpio_defaults[8] (in)
     2    0.01                           gpio_defaults[8] (net)
                  0.02    0.00    1.01 v _117_/B (sky130_fd_sc_hd__nand2_1)
                  0.08    0.08    1.09 ^ _117_/Y (sky130_fd_sc_hd__nand2_1)
     1    0.01                           _007_ (net)
                  0.08    0.00    1.09 ^ _161_/SET_B (sky130_fd_sc_hd__dfbbn_1)
                                  1.09   data arrival time

                          0.00    0.00   clock serial_load' (fall edge)
                          0.00    0.00   clock source latency
                  0.08    0.06    0.06 ^ serial_load (in)
     1    0.02                           serial_load (net)
                  0.08    0.00    0.06 ^ clkbuf_0_serial_load/A (sky130_fd_sc_hd__clkbuf_16)
                  0.04    0.14    0.20 ^ clkbuf_0_serial_load/X (sky130_fd_sc_hd__clkbuf_16)
     2    0.02                           clknet_0_serial_load (net)
                  0.04    0.00    0.20 ^ clkbuf_1_1__f_serial_load/A (sky130_fd_sc_hd__clkbuf_16)
                  0.03    0.12    0.32 ^ clkbuf_1_1__f_serial_load/X (sky130_fd_sc_hd__clkbuf_16)
     2    0.01                           clknet_1_1__leaf_serial_load (net)
                  0.03    0.00    0.32 ^ _105_/A (sky130_fd_sc_hd__buf_4)
                  0.04    0.10    0.42 ^ _105_/X (sky130_fd_sc_hd__buf_4)
     1    0.01                           _068_ (net)
                  0.04    0.00    0.42 ^ clkbuf_0__068_/A (sky130_fd_sc_hd__clkbuf_16)
                  0.04    0.13    0.55 ^ clkbuf_0__068_/X (sky130_fd_sc_hd__clkbuf_16)
     2    0.02                           clknet_0__068_ (net)
                  0.04    0.00    0.55 ^ clkbuf_1_1__f__068_/A (sky130_fd_sc_hd__clkbuf_16)
                  0.05    0.14    0.69 ^ clkbuf_1_1__f__068_/X (sky130_fd_sc_hd__clkbuf_16)
     5    0.03                           clknet_1_1__leaf__068_ (net)
                  0.05    0.00    0.69 ^ _116__7/A (sky130_fd_sc_hd__inv_2)
                  0.02    0.03    0.73 v _116__7/Y (sky130_fd_sc_hd__inv_2)
     1    0.00                           net26 (net)
                  0.02    0.00    0.73 v _161_/CLK_N (sky130_fd_sc_hd__dfbbn_1)
                          0.20    0.93   clock uncertainty
                          0.00    0.93   clock reconvergence pessimism
                          0.06    0.99   library removal time
                                  0.99   data required time
-----------------------------------------------------------------------------
                                  0.99   data required time
                                 -1.09   data arrival time
-----------------------------------------------------------------------------
                                  0.11   slack (MET)


Startpoint: gpio_defaults[3] (input port clocked by serial_clock)
Endpoint: _163_ (removal check against falling-edge clock serial_load')
Path Group: **async_default**
Path Type: min

Fanout     Cap    Slew   Delay    Time   Description
-----------------------------------------------------------------------------
                          0.00    0.00   clock serial_clock (rise edge)
                          0.00    0.00   clock network delay (propagated)
                          1.00    1.00 v input external delay
                  0.03    0.02    1.02 v gpio_defaults[3] (in)
     2    0.01                           gpio_defaults[3] (net)
                  0.03    0.00    1.02 v _125_/B (sky130_fd_sc_hd__nand2_1)
                  0.07    0.08    1.09 ^ _125_/Y (sky130_fd_sc_hd__nand2_1)
     1    0.01                           _011_ (net)
                  0.07    0.00    1.09 ^ _163_/SET_B (sky130_fd_sc_hd__dfbbn_1)
                                  1.09   data arrival time

                          0.00    0.00   clock serial_load' (fall edge)
                          0.00    0.00   clock source latency
                  0.08    0.06    0.06 ^ serial_load (in)
     1    0.02                           serial_load (net)
                  0.08    0.00    0.06 ^ clkbuf_0_serial_load/A (sky130_fd_sc_hd__clkbuf_16)
                  0.04    0.14    0.20 ^ clkbuf_0_serial_load/X (sky130_fd_sc_hd__clkbuf_16)
     2    0.02                           clknet_0_serial_load (net)
                  0.04    0.00    0.20 ^ clkbuf_1_1__f_serial_load/A (sky130_fd_sc_hd__clkbuf_16)
                  0.03    0.12    0.32 ^ clkbuf_1_1__f_serial_load/X (sky130_fd_sc_hd__clkbuf_16)
     2    0.01                           clknet_1_1__leaf_serial_load (net)
                  0.03    0.00    0.32 ^ _105_/A (sky130_fd_sc_hd__buf_4)
                  0.04    0.10    0.42 ^ _105_/X (sky130_fd_sc_hd__buf_4)
     1    0.01                           _068_ (net)
                  0.04    0.00    0.42 ^ clkbuf_0__068_/A (sky130_fd_sc_hd__clkbuf_16)
                  0.04    0.13    0.55 ^ clkbuf_0__068_/X (sky130_fd_sc_hd__clkbuf_16)
     2    0.02                           clknet_0__068_ (net)
                  0.04    0.00    0.55 ^ clkbuf_1_0__f__068_/A (sky130_fd_sc_hd__clkbuf_16)
                  0.06    0.14    0.70 ^ clkbuf_1_0__f__068_/X (sky130_fd_sc_hd__clkbuf_16)
     5    0.04                           clknet_1_0__leaf__068_ (net)
                  0.06    0.00    0.70 ^ _124__9/A (sky130_fd_sc_hd__inv_2)
                  0.02    0.03    0.73 v _124__9/Y (sky130_fd_sc_hd__inv_2)
     1    0.00                           net28 (net)
                  0.02    0.00    0.73 v _163_/CLK_N (sky130_fd_sc_hd__dfbbn_1)
                          0.20    0.93   clock uncertainty
                          0.00    0.93   clock reconvergence pessimism
                          0.06    0.99   library removal time
                                  0.99   data required time
-----------------------------------------------------------------------------
                                  0.99   data required time
                                 -1.09   data arrival time
-----------------------------------------------------------------------------
                                  0.11   slack (MET)


Startpoint: gpio_defaults[12] (input port clocked by serial_clock)
Endpoint: _168_ (removal check against falling-edge clock serial_load')
Path Group: **async_default**
Path Type: min

Fanout     Cap    Slew   Delay    Time   Description
-----------------------------------------------------------------------------
                          0.00    0.00   clock serial_clock (rise edge)
                          0.00    0.00   clock network delay (propagated)
                          1.00    1.00 v input external delay
                  0.03    0.02    1.02 v gpio_defaults[12] (in)
     2    0.01                           gpio_defaults[12] (net)
                  0.03    0.00    1.02 v _145_/B (sky130_fd_sc_hd__nand2_1)
                  0.08    0.08    1.10 ^ _145_/Y (sky130_fd_sc_hd__nand2_1)
     1    0.01                           _021_ (net)
                  0.08    0.00    1.10 ^ _168_/SET_B (sky130_fd_sc_hd__dfbbn_1)
                                  1.10   data arrival time

                          0.00    0.00   clock serial_load' (fall edge)
                          0.00    0.00   clock source latency
                  0.08    0.06    0.06 ^ serial_load (in)
     1    0.02                           serial_load (net)
                  0.08    0.00    0.06 ^ clkbuf_0_serial_load/A (sky130_fd_sc_hd__clkbuf_16)
                  0.04    0.14    0.20 ^ clkbuf_0_serial_load/X (sky130_fd_sc_hd__clkbuf_16)
     2    0.02                           clknet_0_serial_load (net)
                  0.04    0.00    0.20 ^ clkbuf_1_1__f_serial_load/A (sky130_fd_sc_hd__clkbuf_16)
                  0.03    0.12    0.32 ^ clkbuf_1_1__f_serial_load/X (sky130_fd_sc_hd__clkbuf_16)
     2    0.01                           clknet_1_1__leaf_serial_load (net)
                  0.03    0.00    0.32 ^ _105_/A (sky130_fd_sc_hd__buf_4)
                  0.04    0.10    0.42 ^ _105_/X (sky130_fd_sc_hd__buf_4)
     1    0.01                           _068_ (net)
                  0.04    0.00    0.42 ^ clkbuf_0__068_/A (sky130_fd_sc_hd__clkbuf_16)
                  0.04    0.13    0.55 ^ clkbuf_0__068_/X (sky130_fd_sc_hd__clkbuf_16)
     2    0.02                           clknet_0__068_ (net)
                  0.04    0.00    0.55 ^ clkbuf_1_1__f__068_/A (sky130_fd_sc_hd__clkbuf_16)
                  0.05    0.14    0.69 ^ clkbuf_1_1__f__068_/X (sky130_fd_sc_hd__clkbuf_16)
     5    0.03                           clknet_1_1__leaf__068_ (net)
                  0.05    0.00    0.69 ^ _144__14/A (sky130_fd_sc_hd__inv_2)
                  0.02    0.04    0.73 v _144__14/Y (sky130_fd_sc_hd__inv_2)
     1    0.01                           net33 (net)
                  0.02    0.00    0.73 v _168_/CLK_N (sky130_fd_sc_hd__dfbbn_1)
                          0.20    0.93   clock uncertainty
                          0.00    0.93   clock reconvergence pessimism
                          0.06    0.99   library removal time
                                  0.99   data required time
-----------------------------------------------------------------------------
                                  0.99   data required time
                                 -1.10   data arrival time
-----------------------------------------------------------------------------
                                  0.11   slack (MET)


Startpoint: gpio_defaults[9] (input port clocked by serial_clock)
Endpoint: _162_ (removal check against falling-edge clock serial_load')
Path Group: **async_default**
Path Type: min

Fanout     Cap    Slew   Delay    Time   Description
-----------------------------------------------------------------------------
                          0.00    0.00   clock serial_clock (rise edge)
                          0.00    0.00   clock network delay (propagated)
                          1.00    1.00 v input external delay
                  0.03    0.02    1.02 v gpio_defaults[9] (in)
     2    0.01                           gpio_defaults[9] (net)
                  0.03    0.00    1.02 v _121_/B (sky130_fd_sc_hd__nand2_1)
                  0.09    0.08    1.10 ^ _121_/Y (sky130_fd_sc_hd__nand2_1)
     1    0.01                           _009_ (net)
                  0.09    0.00    1.10 ^ _162_/SET_B (sky130_fd_sc_hd__dfbbn_1)
                                  1.10   data arrival time

                          0.00    0.00   clock serial_load' (fall edge)
                          0.00    0.00   clock source latency
                  0.08    0.06    0.06 ^ serial_load (in)
     1    0.02                           serial_load (net)
                  0.08    0.00    0.06 ^ clkbuf_0_serial_load/A (sky130_fd_sc_hd__clkbuf_16)
                  0.04    0.14    0.20 ^ clkbuf_0_serial_load/X (sky130_fd_sc_hd__clkbuf_16)
     2    0.02                           clknet_0_serial_load (net)
                  0.04    0.00    0.20 ^ clkbuf_1_1__f_serial_load/A (sky130_fd_sc_hd__clkbuf_16)
                  0.03    0.12    0.32 ^ clkbuf_1_1__f_serial_load/X (sky130_fd_sc_hd__clkbuf_16)
     2    0.01                           clknet_1_1__leaf_serial_load (net)
                  0.03    0.00    0.32 ^ _105_/A (sky130_fd_sc_hd__buf_4)
                  0.04    0.10    0.42 ^ _105_/X (sky130_fd_sc_hd__buf_4)
     1    0.01                           _068_ (net)
                  0.04    0.00    0.42 ^ clkbuf_0__068_/A (sky130_fd_sc_hd__clkbuf_16)
                  0.04    0.13    0.55 ^ clkbuf_0__068_/X (sky130_fd_sc_hd__clkbuf_16)
     2    0.02                           clknet_0__068_ (net)
                  0.04    0.00    0.55 ^ clkbuf_1_1__f__068_/A (sky130_fd_sc_hd__clkbuf_16)
                  0.05    0.14    0.69 ^ clkbuf_1_1__f__068_/X (sky130_fd_sc_hd__clkbuf_16)
     5    0.03                           clknet_1_1__leaf__068_ (net)
                  0.05    0.00    0.69 ^ _120__8/A (sky130_fd_sc_hd__inv_2)
                  0.02    0.04    0.73 v _120__8/Y (sky130_fd_sc_hd__inv_2)
     1    0.01                           net27 (net)
                  0.02    0.00    0.73 v _162_/CLK_N (sky130_fd_sc_hd__dfbbn_1)
                          0.20    0.93   clock uncertainty
                          0.00    0.93   clock reconvergence pessimism
                          0.06    0.99   library removal time
                                  0.99   data required time
-----------------------------------------------------------------------------
                                  0.99   data required time
                                 -1.10   data arrival time
-----------------------------------------------------------------------------
                                  0.11   slack (MET)


Startpoint: gpio_defaults[0] (input port clocked by serial_clock)
Endpoint: _159_ (removal check against falling-edge clock serial_load')
Path Group: **async_default**
Path Type: min

Fanout     Cap    Slew   Delay    Time   Description
-----------------------------------------------------------------------------
                          0.00    0.00   clock serial_clock (rise edge)
                          0.00    0.00   clock network delay (propagated)
                          1.00    1.00 v input external delay
                  0.03    0.02    1.02 v gpio_defaults[0] (in)
     2    0.01                           gpio_defaults[0] (net)
                  0.03    0.00    1.02 v _109_/B (sky130_fd_sc_hd__nand2_1)
                  0.09    0.09    1.10 ^ _109_/Y (sky130_fd_sc_hd__nand2_1)
     1    0.01                           _003_ (net)
                  0.09    0.00    1.10 ^ _159_/SET_B (sky130_fd_sc_hd__dfbbn_1)
                                  1.10   data arrival time

                          0.00    0.00   clock serial_load' (fall edge)
                          0.00    0.00   clock source latency
                  0.08    0.06    0.06 ^ serial_load (in)
     1    0.02                           serial_load (net)
                  0.08    0.00    0.06 ^ clkbuf_0_serial_load/A (sky130_fd_sc_hd__clkbuf_16)
                  0.04    0.14    0.20 ^ clkbuf_0_serial_load/X (sky130_fd_sc_hd__clkbuf_16)
     2    0.02                           clknet_0_serial_load (net)
                  0.04    0.00    0.20 ^ clkbuf_1_1__f_serial_load/A (sky130_fd_sc_hd__clkbuf_16)
                  0.03    0.12    0.32 ^ clkbuf_1_1__f_serial_load/X (sky130_fd_sc_hd__clkbuf_16)
     2    0.01                           clknet_1_1__leaf_serial_load (net)
                  0.03    0.00    0.32 ^ _105_/A (sky130_fd_sc_hd__buf_4)
                  0.04    0.10    0.42 ^ _105_/X (sky130_fd_sc_hd__buf_4)
     1    0.01                           _068_ (net)
                  0.04    0.00    0.42 ^ clkbuf_0__068_/A (sky130_fd_sc_hd__clkbuf_16)
                  0.04    0.13    0.55 ^ clkbuf_0__068_/X (sky130_fd_sc_hd__clkbuf_16)
     2    0.02                           clknet_0__068_ (net)
                  0.04    0.00    0.55 ^ clkbuf_1_1__f__068_/A (sky130_fd_sc_hd__clkbuf_16)
                  0.05    0.14    0.69 ^ clkbuf_1_1__f__068_/X (sky130_fd_sc_hd__clkbuf_16)
     5    0.03                           clknet_1_1__leaf__068_ (net)
                  0.05    0.00    0.69 ^ _106__5/A (sky130_fd_sc_hd__inv_2)
                  0.02    0.04    0.73 v _106__5/Y (sky130_fd_sc_hd__inv_2)
     1    0.01                           net24 (net)
                  0.02    0.00    0.73 v _159_/CLK_N (sky130_fd_sc_hd__dfbbn_1)
                          0.20    0.93   clock uncertainty
                          0.00    0.93   clock reconvergence pessimism
                          0.06    0.99   library removal time
                                  0.99   data required time
-----------------------------------------------------------------------------
                                  0.99   data required time
                                 -1.10   data arrival time
-----------------------------------------------------------------------------
                                  0.12   slack (MET)


Startpoint: _182_ (rising edge-triggered flip-flop clocked by serial_clock)
Endpoint: _183_ (rising edge-triggered flip-flop clocked by serial_clock)
Path Group: serial_clock
Path Type: min

Fanout     Cap    Slew   Delay    Time   Description
-----------------------------------------------------------------------------
                          0.00    0.00   clock serial_clock (rise edge)
                          0.00    0.00   clock source latency
                  0.08    0.05    0.05 ^ serial_clock (in)
     1    0.02                           serial_clock (net)
                  0.08    0.00    0.05 ^ clkbuf_0_serial_clock/A (sky130_fd_sc_hd__clkbuf_16)
                  0.04    0.13    0.18 ^ clkbuf_0_serial_clock/X (sky130_fd_sc_hd__clkbuf_16)
     2    0.02                           clknet_0_serial_clock (net)
                  0.04    0.00    0.18 ^ clkbuf_1_0__f_serial_clock/A (sky130_fd_sc_hd__clkbuf_16)
                  0.04    0.12    0.30 ^ clkbuf_1_0__f_serial_clock/X (sky130_fd_sc_hd__clkbuf_16)
     7    0.02                           clknet_1_0__leaf_serial_clock (net)
                  0.04    0.00    0.30 ^ _182_/CLK (sky130_fd_sc_hd__dfrtp_1)
                  0.07    0.32    0.62 ^ _182_/Q (sky130_fd_sc_hd__dfrtp_1)
     2    0.01                           shift_register[10] (net)
                  0.07    0.00    0.62 ^ _183_/D (sky130_fd_sc_hd__dfrtp_1)
                                  0.62   data arrival time

                          0.00    0.00   clock serial_clock (rise edge)
                          0.00    0.00   clock source latency
                  0.08    0.06    0.06 ^ serial_clock (in)
     1    0.02                           serial_clock (net)
                  0.08    0.00    0.06 ^ clkbuf_0_serial_clock/A (sky130_fd_sc_hd__clkbuf_16)
                  0.04    0.14    0.20 ^ clkbuf_0_serial_clock/X (sky130_fd_sc_hd__clkbuf_16)
     2    0.02                           clknet_0_serial_clock (net)
                  0.04    0.00    0.20 ^ clkbuf_1_1__f_serial_clock/A (sky130_fd_sc_hd__clkbuf_16)
                  0.05    0.14    0.34 ^ clkbuf_1_1__f_serial_clock/X (sky130_fd_sc_hd__clkbuf_16)
     8    0.03                           clknet_1_1__leaf_serial_clock (net)
                  0.05    0.00    0.34 ^ _183_/CLK (sky130_fd_sc_hd__dfrtp_1)
                          0.20    0.54   clock uncertainty
                         -0.02    0.52   clock reconvergence pessimism
                         -0.04    0.48   library hold time
                                  0.48   data required time
-----------------------------------------------------------------------------
                                  0.48   data required time
                                 -0.62   data arrival time
-----------------------------------------------------------------------------
                                  0.14   slack (MET)


Startpoint: _180_ (rising edge-triggered flip-flop clocked by serial_clock)
Endpoint: _181_ (rising edge-triggered flip-flop clocked by serial_clock)
Path Group: serial_clock
Path Type: min

Fanout     Cap    Slew   Delay    Time   Description
-----------------------------------------------------------------------------
                          0.00    0.00   clock serial_clock (rise edge)
                          0.00    0.00   clock source latency
                  0.08    0.05    0.05 ^ serial_clock (in)
     1    0.02                           serial_clock (net)
                  0.08    0.00    0.05 ^ clkbuf_0_serial_clock/A (sky130_fd_sc_hd__clkbuf_16)
                  0.04    0.13    0.18 ^ clkbuf_0_serial_clock/X (sky130_fd_sc_hd__clkbuf_16)
     2    0.02                           clknet_0_serial_clock (net)
                  0.04    0.00    0.18 ^ clkbuf_1_0__f_serial_clock/A (sky130_fd_sc_hd__clkbuf_16)
                  0.04    0.12    0.30 ^ clkbuf_1_0__f_serial_clock/X (sky130_fd_sc_hd__clkbuf_16)
     7    0.02                           clknet_1_0__leaf_serial_clock (net)
                  0.04    0.00    0.30 ^ _180_/CLK (sky130_fd_sc_hd__dfrtp_1)
                  0.08    0.33    0.62 ^ _180_/Q (sky130_fd_sc_hd__dfrtp_1)
     2    0.01                           shift_register[8] (net)
                  0.08    0.00    0.62 ^ _181_/D (sky130_fd_sc_hd__dfrtp_1)
                                  0.62   data arrival time

                          0.00    0.00   clock serial_clock (rise edge)
                          0.00    0.00   clock source latency
                  0.08    0.06    0.06 ^ serial_clock (in)
     1    0.02                           serial_clock (net)
                  0.08    0.00    0.06 ^ clkbuf_0_serial_clock/A (sky130_fd_sc_hd__clkbuf_16)
                  0.04    0.14    0.20 ^ clkbuf_0_serial_clock/X (sky130_fd_sc_hd__clkbuf_16)
     2    0.02                           clknet_0_serial_clock (net)
                  0.04    0.00    0.20 ^ clkbuf_1_1__f_serial_clock/A (sky130_fd_sc_hd__clkbuf_16)
                  0.05    0.14    0.34 ^ clkbuf_1_1__f_serial_clock/X (sky130_fd_sc_hd__clkbuf_16)
     8    0.03                           clknet_1_1__leaf_serial_clock (net)
                  0.05    0.00    0.34 ^ _181_/CLK (sky130_fd_sc_hd__dfrtp_1)
                          0.20    0.54   clock uncertainty
                         -0.02    0.52   clock reconvergence pessimism
                         -0.04    0.48   library hold time
                                  0.48   data required time
-----------------------------------------------------------------------------
                                  0.48   data required time
                                 -0.62   data arrival time
-----------------------------------------------------------------------------
                                  0.14   slack (MET)


Startpoint: _181_ (rising edge-triggered flip-flop clocked by serial_clock)
Endpoint: _182_ (rising edge-triggered flip-flop clocked by serial_clock)
Path Group: serial_clock
Path Type: min

Fanout     Cap    Slew   Delay    Time   Description
-----------------------------------------------------------------------------
                          0.00    0.00   clock serial_clock (rise edge)
                          0.00    0.00   clock source latency
                  0.08    0.05    0.05 ^ serial_clock (in)
     1    0.02                           serial_clock (net)
                  0.08    0.00    0.05 ^ clkbuf_0_serial_clock/A (sky130_fd_sc_hd__clkbuf_16)
                  0.04    0.13    0.18 ^ clkbuf_0_serial_clock/X (sky130_fd_sc_hd__clkbuf_16)
     2    0.02                           clknet_0_serial_clock (net)
                  0.04    0.00    0.18 ^ clkbuf_1_1__f_serial_clock/A (sky130_fd_sc_hd__clkbuf_16)
                  0.05    0.13    0.31 ^ clkbuf_1_1__f_serial_clock/X (sky130_fd_sc_hd__clkbuf_16)
     8    0.03                           clknet_1_1__leaf_serial_clock (net)
                  0.05    0.00    0.31 ^ _181_/CLK (sky130_fd_sc_hd__dfrtp_1)
                  0.06    0.31    0.62 ^ _181_/Q (sky130_fd_sc_hd__dfrtp_1)
     2    0.00                           shift_register[9] (net)
                  0.06    0.00    0.62 ^ _182_/D (sky130_fd_sc_hd__dfrtp_1)
                                  0.62   data arrival time

                          0.00    0.00   clock serial_clock (rise edge)
                          0.00    0.00   clock source latency
                  0.08    0.06    0.06 ^ serial_clock (in)
     1    0.02                           serial_clock (net)
                  0.08    0.00    0.06 ^ clkbuf_0_serial_clock/A (sky130_fd_sc_hd__clkbuf_16)
                  0.04    0.14    0.20 ^ clkbuf_0_serial_clock/X (sky130_fd_sc_hd__clkbuf_16)
     2    0.02                           clknet_0_serial_clock (net)
                  0.04    0.00    0.20 ^ clkbuf_1_0__f_serial_clock/A (sky130_fd_sc_hd__clkbuf_16)
                  0.04    0.13    0.33 ^ clkbuf_1_0__f_serial_clock/X (sky130_fd_sc_hd__clkbuf_16)
     7    0.02                           clknet_1_0__leaf_serial_clock (net)
                  0.04    0.00    0.33 ^ _182_/CLK (sky130_fd_sc_hd__dfrtp_1)
                          0.20    0.53   clock uncertainty
                         -0.02    0.51   clock reconvergence pessimism
                         -0.04    0.47   library hold time
                                  0.47   data required time
-----------------------------------------------------------------------------
                                  0.47   data required time
                                 -0.62   data arrival time
-----------------------------------------------------------------------------
                                  0.15   slack (MET)


Startpoint: _177_ (rising edge-triggered flip-flop clocked by serial_clock)
Endpoint: _178_ (rising edge-triggered flip-flop clocked by serial_clock)
Path Group: serial_clock
Path Type: min

Fanout     Cap    Slew   Delay    Time   Description
-----------------------------------------------------------------------------
                          0.00    0.00   clock serial_clock (rise edge)
                          0.00    0.00   clock source latency
                  0.08    0.05    0.05 ^ serial_clock (in)
     1    0.02                           serial_clock (net)
                  0.08    0.00    0.05 ^ clkbuf_0_serial_clock/A (sky130_fd_sc_hd__clkbuf_16)
                  0.04    0.13    0.18 ^ clkbuf_0_serial_clock/X (sky130_fd_sc_hd__clkbuf_16)
     2    0.02                           clknet_0_serial_clock (net)
                  0.04    0.00    0.18 ^ clkbuf_1_0__f_serial_clock/A (sky130_fd_sc_hd__clkbuf_16)
                  0.04    0.12    0.30 ^ clkbuf_1_0__f_serial_clock/X (sky130_fd_sc_hd__clkbuf_16)
     7    0.02                           clknet_1_0__leaf_serial_clock (net)
                  0.04    0.00    0.30 ^ _177_/CLK (sky130_fd_sc_hd__dfrtp_1)
                  0.06    0.31    0.61 ^ _177_/Q (sky130_fd_sc_hd__dfrtp_1)
     2    0.00                           shift_register[5] (net)
                  0.06    0.00    0.61 ^ _178_/D (sky130_fd_sc_hd__dfrtp_1)
                                  0.61   data arrival time

                          0.00    0.00   clock serial_clock (rise edge)
                          0.00    0.00   clock source latency
                  0.08    0.06    0.06 ^ serial_clock (in)
     1    0.02                           serial_clock (net)
                  0.08    0.00    0.06 ^ clkbuf_0_serial_clock/A (sky130_fd_sc_hd__clkbuf_16)
                  0.04    0.14    0.20 ^ clkbuf_0_serial_clock/X (sky130_fd_sc_hd__clkbuf_16)
     2    0.02                           clknet_0_serial_clock (net)
                  0.04    0.00    0.20 ^ clkbuf_1_0__f_serial_clock/A (sky130_fd_sc_hd__clkbuf_16)
                  0.04    0.13    0.33 ^ clkbuf_1_0__f_serial_clock/X (sky130_fd_sc_hd__clkbuf_16)
     7    0.02                           clknet_1_0__leaf_serial_clock (net)
                  0.04    0.00    0.33 ^ _178_/CLK (sky130_fd_sc_hd__dfrtp_1)
                          0.20    0.53   clock uncertainty
                         -0.03    0.50   clock reconvergence pessimism
                         -0.04    0.46   library hold time
                                  0.46   data required time
-----------------------------------------------------------------------------
                                  0.46   data required time
                                 -0.61   data arrival time
-----------------------------------------------------------------------------
                                  0.15   slack (MET)


Startpoint: _183_ (rising edge-triggered flip-flop clocked by serial_clock)
Endpoint: _184_ (rising edge-triggered flip-flop clocked by serial_clock)
Path Group: serial_clock
Path Type: min

Fanout     Cap    Slew   Delay    Time   Description
-----------------------------------------------------------------------------
                          0.00    0.00   clock serial_clock (rise edge)
                          0.00    0.00   clock source latency
                  0.08    0.05    0.05 ^ serial_clock (in)
     1    0.02                           serial_clock (net)
                  0.08    0.00    0.05 ^ clkbuf_0_serial_clock/A (sky130_fd_sc_hd__clkbuf_16)
                  0.04    0.13    0.18 ^ clkbuf_0_serial_clock/X (sky130_fd_sc_hd__clkbuf_16)
     2    0.02                           clknet_0_serial_clock (net)
                  0.04    0.00    0.18 ^ clkbuf_1_1__f_serial_clock/A (sky130_fd_sc_hd__clkbuf_16)
                  0.05    0.13    0.31 ^ clkbuf_1_1__f_serial_clock/X (sky130_fd_sc_hd__clkbuf_16)
     8    0.03                           clknet_1_1__leaf_serial_clock (net)
                  0.05    0.00    0.31 ^ _183_/CLK (sky130_fd_sc_hd__dfrtp_1)
                  0.06    0.31    0.62 ^ _183_/Q (sky130_fd_sc_hd__dfrtp_1)
     2    0.00                           shift_register[11] (net)
                  0.06    0.00    0.62 ^ _184_/D (sky130_fd_sc_hd__dfrtp_1)
                                  0.62   data arrival time

                          0.00    0.00   clock serial_clock (rise edge)
                          0.00    0.00   clock source latency
                  0.08    0.06    0.06 ^ serial_clock (in)
     1    0.02                           serial_clock (net)
                  0.08    0.00    0.06 ^ clkbuf_0_serial_clock/A (sky130_fd_sc_hd__clkbuf_16)
                  0.04    0.14    0.20 ^ clkbuf_0_serial_clock/X (sky130_fd_sc_hd__clkbuf_16)
     2    0.02                           clknet_0_serial_clock (net)
                  0.04    0.00    0.20 ^ clkbuf_1_1__f_serial_clock/A (sky130_fd_sc_hd__clkbuf_16)
                  0.05    0.14    0.34 ^ clkbuf_1_1__f_serial_clock/X (sky130_fd_sc_hd__clkbuf_16)
     8    0.03                           clknet_1_1__leaf_serial_clock (net)
                  0.05    0.00    0.34 ^ _184_/CLK (sky130_fd_sc_hd__dfrtp_1)
                          0.20    0.54   clock uncertainty
                         -0.03    0.51   clock reconvergence pessimism
                         -0.04    0.47   library hold time
                                  0.47   data required time
-----------------------------------------------------------------------------
                                  0.47   data required time
                                 -0.62   data arrival time
-----------------------------------------------------------------------------
                                  0.15   slack (MET)


Startpoint: _184_ (rising edge-triggered flip-flop clocked by serial_clock)
Endpoint: _168_ (falling edge-triggered flip-flop clocked by serial_load')
Path Group: serial_load
Path Type: min

Fanout     Cap    Slew   Delay    Time   Description
-----------------------------------------------------------------------------
                          0.00    0.00   clock serial_clock (rise edge)
                          0.00    0.00   clock source latency
                  0.08    0.05    0.05 ^ serial_clock (in)
     1    0.02                           serial_clock (net)
                  0.08    0.00    0.05 ^ clkbuf_0_serial_clock/A (sky130_fd_sc_hd__clkbuf_16)
                  0.04    0.13    0.18 ^ clkbuf_0_serial_clock/X (sky130_fd_sc_hd__clkbuf_16)
     2    0.02                           clknet_0_serial_clock (net)
                  0.04    0.00    0.18 ^ clkbuf_1_1__f_serial_clock/A (sky130_fd_sc_hd__clkbuf_16)
                  0.05    0.13    0.31 ^ clkbuf_1_1__f_serial_clock/X (sky130_fd_sc_hd__clkbuf_16)
     8    0.03                           clknet_1_1__leaf_serial_clock (net)
                  0.05    0.00    0.31 ^ _184_/CLK (sky130_fd_sc_hd__dfrtp_1)
                  0.06    0.32    0.62 ^ _184_/Q (sky130_fd_sc_hd__dfrtp_1)
     2    0.01                           shift_register[12] (net)
                  0.06    0.00    0.62 ^ hold6/A (sky130_fd_sc_hd__dlygate4sd3_1)
                  0.05    0.51    1.13 ^ hold6/X (sky130_fd_sc_hd__dlygate4sd3_1)
     1    0.00                           net39 (net)
                  0.05    0.00    1.13 ^ _168_/D (sky130_fd_sc_hd__dfbbn_1)
                                  1.13   data arrival time

                          0.00    0.00   clock serial_load' (fall edge)
                          0.00    0.00   clock source latency
                  0.08    0.06    0.06 ^ serial_load (in)
     1    0.02                           serial_load (net)
                  0.08    0.00    0.06 ^ clkbuf_0_serial_load/A (sky130_fd_sc_hd__clkbuf_16)
                  0.04    0.14    0.20 ^ clkbuf_0_serial_load/X (sky130_fd_sc_hd__clkbuf_16)
     2    0.02                           clknet_0_serial_load (net)
                  0.04    0.00    0.20 ^ clkbuf_1_1__f_serial_load/A (sky130_fd_sc_hd__clkbuf_16)
                  0.03    0.12    0.32 ^ clkbuf_1_1__f_serial_load/X (sky130_fd_sc_hd__clkbuf_16)
     2    0.01                           clknet_1_1__leaf_serial_load (net)
                  0.03    0.00    0.32 ^ _105_/A (sky130_fd_sc_hd__buf_4)
                  0.04    0.10    0.42 ^ _105_/X (sky130_fd_sc_hd__buf_4)
     1    0.01                           _068_ (net)
                  0.04    0.00    0.42 ^ clkbuf_0__068_/A (sky130_fd_sc_hd__clkbuf_16)
                  0.04    0.13    0.55 ^ clkbuf_0__068_/X (sky130_fd_sc_hd__clkbuf_16)
     2    0.02                           clknet_0__068_ (net)
                  0.04    0.00    0.55 ^ clkbuf_1_1__f__068_/A (sky130_fd_sc_hd__clkbuf_16)
                  0.05    0.14    0.69 ^ clkbuf_1_1__f__068_/X (sky130_fd_sc_hd__clkbuf_16)
     5    0.03                           clknet_1_1__leaf__068_ (net)
                  0.05    0.00    0.69 ^ _144__14/A (sky130_fd_sc_hd__inv_2)
                  0.02    0.04    0.73 v _144__14/Y (sky130_fd_sc_hd__inv_2)
     1    0.01                           net33 (net)
                  0.02    0.00    0.73 v _168_/CLK_N (sky130_fd_sc_hd__dfbbn_1)
                          0.20    0.93   clock uncertainty
                          0.00    0.93   clock reconvergence pessimism
                          0.04    0.98   library hold time
                                  0.98   data required time
-----------------------------------------------------------------------------
                                  0.98   data required time
                                 -1.13   data arrival time
-----------------------------------------------------------------------------
                                  0.15   slack (MET)


Startpoint: _175_ (rising edge-triggered flip-flop clocked by serial_clock)
Endpoint: _163_ (falling edge-triggered flip-flop clocked by serial_load')
Path Group: serial_load
Path Type: min

Fanout     Cap    Slew   Delay    Time   Description
-----------------------------------------------------------------------------
                          0.00    0.00   clock serial_clock (rise edge)
                          0.00    0.00   clock source latency
                  0.08    0.05    0.05 ^ serial_clock (in)
     1    0.02                           serial_clock (net)
                  0.08    0.00    0.05 ^ clkbuf_0_serial_clock/A (sky130_fd_sc_hd__clkbuf_16)
                  0.04    0.13    0.18 ^ clkbuf_0_serial_clock/X (sky130_fd_sc_hd__clkbuf_16)
     2    0.02                           clknet_0_serial_clock (net)
                  0.04    0.00    0.18 ^ clkbuf_1_0__f_serial_clock/A (sky130_fd_sc_hd__clkbuf_16)
                  0.04    0.12    0.30 ^ clkbuf_1_0__f_serial_clock/X (sky130_fd_sc_hd__clkbuf_16)
     7    0.02                           clknet_1_0__leaf_serial_clock (net)
                  0.04    0.00    0.30 ^ _175_/CLK (sky130_fd_sc_hd__dfrtp_1)
                  0.07    0.32    0.61 ^ _175_/Q (sky130_fd_sc_hd__dfrtp_1)
     2    0.01                           shift_register[3] (net)
                  0.07    0.00    0.61 ^ hold3/A (sky130_fd_sc_hd__dlygate4sd3_1)
                  0.05    0.51    1.12 ^ hold3/X (sky130_fd_sc_hd__dlygate4sd3_1)
     1    0.00                           net36 (net)
                  0.05    0.00    1.12 ^ _163_/D (sky130_fd_sc_hd__dfbbn_1)
                                  1.12   data arrival time

                          0.00    0.00   clock serial_load' (fall edge)
                          0.00    0.00   clock source latency
                  0.08    0.06    0.06 ^ serial_load (in)
     1    0.02                           serial_load (net)
                  0.08    0.00    0.06 ^ clkbuf_0_serial_load/A (sky130_fd_sc_hd__clkbuf_16)
                  0.04    0.14    0.20 ^ clkbuf_0_serial_load/X (sky130_fd_sc_hd__clkbuf_16)
     2    0.02                           clknet_0_serial_load (net)
                  0.04    0.00    0.20 ^ clkbuf_1_1__f_serial_load/A (sky130_fd_sc_hd__clkbuf_16)
                  0.03    0.12    0.32 ^ clkbuf_1_1__f_serial_load/X (sky130_fd_sc_hd__clkbuf_16)
     2    0.01                           clknet_1_1__leaf_serial_load (net)
                  0.03    0.00    0.32 ^ _105_/A (sky130_fd_sc_hd__buf_4)
                  0.04    0.10    0.42 ^ _105_/X (sky130_fd_sc_hd__buf_4)
     1    0.01                           _068_ (net)
                  0.04    0.00    0.42 ^ clkbuf_0__068_/A (sky130_fd_sc_hd__clkbuf_16)
                  0.04    0.13    0.55 ^ clkbuf_0__068_/X (sky130_fd_sc_hd__clkbuf_16)
     2    0.02                           clknet_0__068_ (net)
                  0.04    0.00    0.55 ^ clkbuf_1_0__f__068_/A (sky130_fd_sc_hd__clkbuf_16)
                  0.06    0.14    0.70 ^ clkbuf_1_0__f__068_/X (sky130_fd_sc_hd__clkbuf_16)
     5    0.04                           clknet_1_0__leaf__068_ (net)
                  0.06    0.00    0.70 ^ _124__9/A (sky130_fd_sc_hd__inv_2)
                  0.02    0.03    0.73 v _124__9/Y (sky130_fd_sc_hd__inv_2)
     1    0.00                           net28 (net)
                  0.02    0.00    0.73 v _163_/CLK_N (sky130_fd_sc_hd__dfbbn_1)
                          0.20    0.93   clock uncertainty
                          0.00    0.93   clock reconvergence pessimism
                          0.04    0.97   library hold time
                                  0.97   data required time
-----------------------------------------------------------------------------
                                  0.97   data required time
                                 -1.12   data arrival time
-----------------------------------------------------------------------------
                                  0.15   slack (MET)


Startpoint: _174_ (rising edge-triggered flip-flop clocked by serial_clock)
Endpoint: _160_ (falling edge-triggered flip-flop clocked by serial_load')
Path Group: serial_load
Path Type: min

Fanout     Cap    Slew   Delay    Time   Description
-----------------------------------------------------------------------------
                          0.00    0.00   clock serial_clock (rise edge)
                          0.00    0.00   clock source latency
                  0.08    0.05    0.05 ^ serial_clock (in)
     1    0.02                           serial_clock (net)
                  0.08    0.00    0.05 ^ clkbuf_0_serial_clock/A (sky130_fd_sc_hd__clkbuf_16)
                  0.04    0.13    0.18 ^ clkbuf_0_serial_clock/X (sky130_fd_sc_hd__clkbuf_16)
     2    0.02                           clknet_0_serial_clock (net)
                  0.04    0.00    0.18 ^ clkbuf_1_1__f_serial_clock/A (sky130_fd_sc_hd__clkbuf_16)
                  0.05    0.13    0.31 ^ clkbuf_1_1__f_serial_clock/X (sky130_fd_sc_hd__clkbuf_16)
     8    0.03                           clknet_1_1__leaf_serial_clock (net)
                  0.05    0.00    0.31 ^ _174_/CLK (sky130_fd_sc_hd__dfrtp_1)
                  0.07    0.32    0.62 ^ _174_/Q (sky130_fd_sc_hd__dfrtp_1)
     2    0.01                           shift_register[2] (net)
                  0.07    0.00    0.62 ^ hold8/A (sky130_fd_sc_hd__dlygate4sd3_1)
                  0.05    0.51    1.13 ^ hold8/X (sky130_fd_sc_hd__dlygate4sd3_1)
     1    0.00                           net41 (net)
                  0.05    0.00    1.13 ^ _160_/D (sky130_fd_sc_hd__dfbbn_1)
                                  1.13   data arrival time

                          0.00    0.00   clock serial_load' (fall edge)
                          0.00    0.00   clock source latency
                  0.08    0.06    0.06 ^ serial_load (in)
     1    0.02                           serial_load (net)
                  0.08    0.00    0.06 ^ clkbuf_0_serial_load/A (sky130_fd_sc_hd__clkbuf_16)
                  0.04    0.14    0.20 ^ clkbuf_0_serial_load/X (sky130_fd_sc_hd__clkbuf_16)
     2    0.02                           clknet_0_serial_load (net)
                  0.04    0.00    0.20 ^ clkbuf_1_1__f_serial_load/A (sky130_fd_sc_hd__clkbuf_16)
                  0.03    0.12    0.32 ^ clkbuf_1_1__f_serial_load/X (sky130_fd_sc_hd__clkbuf_16)
     2    0.01                           clknet_1_1__leaf_serial_load (net)
                  0.03    0.00    0.32 ^ _105_/A (sky130_fd_sc_hd__buf_4)
                  0.04    0.10    0.42 ^ _105_/X (sky130_fd_sc_hd__buf_4)
     1    0.01                           _068_ (net)
                  0.04    0.00    0.42 ^ clkbuf_0__068_/A (sky130_fd_sc_hd__clkbuf_16)
                  0.04    0.13    0.55 ^ clkbuf_0__068_/X (sky130_fd_sc_hd__clkbuf_16)
     2    0.02                           clknet_0__068_ (net)
                  0.04    0.00    0.55 ^ clkbuf_1_0__f__068_/A (sky130_fd_sc_hd__clkbuf_16)
                  0.06    0.14    0.70 ^ clkbuf_1_0__f__068_/X (sky130_fd_sc_hd__clkbuf_16)
     5    0.04                           clknet_1_0__leaf__068_ (net)
                  0.06    0.00    0.70 ^ _112__6/A (sky130_fd_sc_hd__inv_2)
                  0.02    0.04    0.74 v _112__6/Y (sky130_fd_sc_hd__inv_2)
     1    0.01                           net25 (net)
                  0.02    0.00    0.74 v _160_/CLK_N (sky130_fd_sc_hd__dfbbn_1)
                          0.20    0.94   clock uncertainty
                          0.00    0.94   clock reconvergence pessimism
                          0.04    0.98   library hold time
                                  0.98   data required time
-----------------------------------------------------------------------------
                                  0.98   data required time
                                 -1.13   data arrival time
-----------------------------------------------------------------------------
                                  0.15   slack (MET)


Startpoint: _182_ (rising edge-triggered flip-flop clocked by serial_clock)
Endpoint: _166_ (falling edge-triggered flip-flop clocked by serial_load')
Path Group: serial_load
Path Type: min

Fanout     Cap    Slew   Delay    Time   Description
-----------------------------------------------------------------------------
                          0.00    0.00   clock serial_clock (rise edge)
                          0.00    0.00   clock source latency
                  0.08    0.05    0.05 ^ serial_clock (in)
     1    0.02                           serial_clock (net)
                  0.08    0.00    0.05 ^ clkbuf_0_serial_clock/A (sky130_fd_sc_hd__clkbuf_16)
                  0.04    0.13    0.18 ^ clkbuf_0_serial_clock/X (sky130_fd_sc_hd__clkbuf_16)
     2    0.02                           clknet_0_serial_clock (net)
                  0.04    0.00    0.18 ^ clkbuf_1_0__f_serial_clock/A (sky130_fd_sc_hd__clkbuf_16)
                  0.04    0.12    0.30 ^ clkbuf_1_0__f_serial_clock/X (sky130_fd_sc_hd__clkbuf_16)
     7    0.02                           clknet_1_0__leaf_serial_clock (net)
                  0.04    0.00    0.30 ^ _182_/CLK (sky130_fd_sc_hd__dfrtp_1)
                  0.07    0.32    0.62 ^ _182_/Q (sky130_fd_sc_hd__dfrtp_1)
     2    0.01                           shift_register[10] (net)
                  0.07    0.00    0.62 ^ hold1/A (sky130_fd_sc_hd__dlygate4sd3_1)
                  0.05    0.51    1.13 ^ hold1/X (sky130_fd_sc_hd__dlygate4sd3_1)
     1    0.00                           net34 (net)
                  0.05    0.00    1.13 ^ _166_/D (sky130_fd_sc_hd__dfbbn_1)
                                  1.13   data arrival time

                          0.00    0.00   clock serial_load' (fall edge)
                          0.00    0.00   clock source latency
                  0.08    0.06    0.06 ^ serial_load (in)
     1    0.02                           serial_load (net)
                  0.08    0.00    0.06 ^ clkbuf_0_serial_load/A (sky130_fd_sc_hd__clkbuf_16)
                  0.04    0.14    0.20 ^ clkbuf_0_serial_load/X (sky130_fd_sc_hd__clkbuf_16)
     2    0.02                           clknet_0_serial_load (net)
                  0.04    0.00    0.20 ^ clkbuf_1_1__f_serial_load/A (sky130_fd_sc_hd__clkbuf_16)
                  0.03    0.12    0.32 ^ clkbuf_1_1__f_serial_load/X (sky130_fd_sc_hd__clkbuf_16)
     2    0.01                           clknet_1_1__leaf_serial_load (net)
                  0.03    0.00    0.32 ^ _105_/A (sky130_fd_sc_hd__buf_4)
                  0.04    0.10    0.42 ^ _105_/X (sky130_fd_sc_hd__buf_4)
     1    0.01                           _068_ (net)
                  0.04    0.00    0.42 ^ clkbuf_0__068_/A (sky130_fd_sc_hd__clkbuf_16)
                  0.04    0.13    0.55 ^ clkbuf_0__068_/X (sky130_fd_sc_hd__clkbuf_16)
     2    0.02                           clknet_0__068_ (net)
                  0.04    0.00    0.55 ^ clkbuf_1_0__f__068_/A (sky130_fd_sc_hd__clkbuf_16)
                  0.06    0.14    0.70 ^ clkbuf_1_0__f__068_/X (sky130_fd_sc_hd__clkbuf_16)
     5    0.04                           clknet_1_0__leaf__068_ (net)
                  0.06    0.00    0.70 ^ _136__12/A (sky130_fd_sc_hd__inv_2)
                  0.02    0.03    0.73 v _136__12/Y (sky130_fd_sc_hd__inv_2)
     1    0.00                           net31 (net)
                  0.02    0.00    0.73 v _166_/CLK_N (sky130_fd_sc_hd__dfbbn_1)
                          0.20    0.93   clock uncertainty
                          0.00    0.93   clock reconvergence pessimism
                          0.04    0.97   library hold time
                                  0.97   data required time
-----------------------------------------------------------------------------
                                  0.97   data required time
                                 -1.13   data arrival time
-----------------------------------------------------------------------------
                                  0.15   slack (MET)


Startpoint: _173_ (rising edge-triggered flip-flop clocked by serial_clock)
Endpoint: _165_ (falling edge-triggered flip-flop clocked by serial_load')
Path Group: serial_load
Path Type: min

Fanout     Cap    Slew   Delay    Time   Description
-----------------------------------------------------------------------------
                          0.00    0.00   clock serial_clock (rise edge)
                          0.00    0.00   clock source latency
                  0.08    0.05    0.05 ^ serial_clock (in)
     1    0.02                           serial_clock (net)
                  0.08    0.00    0.05 ^ clkbuf_0_serial_clock/A (sky130_fd_sc_hd__clkbuf_16)
                  0.04    0.13    0.18 ^ clkbuf_0_serial_clock/X (sky130_fd_sc_hd__clkbuf_16)
     2    0.02                           clknet_0_serial_clock (net)
                  0.04    0.00    0.18 ^ clkbuf_1_1__f_serial_clock/A (sky130_fd_sc_hd__clkbuf_16)
                  0.05    0.13    0.31 ^ clkbuf_1_1__f_serial_clock/X (sky130_fd_sc_hd__clkbuf_16)
     8    0.03                           clknet_1_1__leaf_serial_clock (net)
                  0.05    0.00    0.31 ^ _173_/CLK (sky130_fd_sc_hd__dfrtp_1)
                  0.06    0.32    0.62 ^ _173_/Q (sky130_fd_sc_hd__dfrtp_1)
     2    0.01                           shift_register[1] (net)
                  0.06    0.00    0.62 ^ hold2/A (sky130_fd_sc_hd__dlygate4sd3_1)
                  0.05    0.51    1.13 ^ hold2/X (sky130_fd_sc_hd__dlygate4sd3_1)
     1    0.00                           net35 (net)
                  0.05    0.00    1.13 ^ _165_/D (sky130_fd_sc_hd__dfbbn_1)
                                  1.13   data arrival time

                          0.00    0.00   clock serial_load' (fall edge)
                          0.00    0.00   clock source latency
                  0.08    0.06    0.06 ^ serial_load (in)
     1    0.02                           serial_load (net)
                  0.08    0.00    0.06 ^ clkbuf_0_serial_load/A (sky130_fd_sc_hd__clkbuf_16)
                  0.04    0.14    0.20 ^ clkbuf_0_serial_load/X (sky130_fd_sc_hd__clkbuf_16)
     2    0.02                           clknet_0_serial_load (net)
                  0.04    0.00    0.20 ^ clkbuf_1_1__f_serial_load/A (sky130_fd_sc_hd__clkbuf_16)
                  0.03    0.12    0.32 ^ clkbuf_1_1__f_serial_load/X (sky130_fd_sc_hd__clkbuf_16)
     2    0.01                           clknet_1_1__leaf_serial_load (net)
                  0.03    0.00    0.32 ^ _105_/A (sky130_fd_sc_hd__buf_4)
                  0.04    0.10    0.42 ^ _105_/X (sky130_fd_sc_hd__buf_4)
     1    0.01                           _068_ (net)
                  0.04    0.00    0.42 ^ clkbuf_0__068_/A (sky130_fd_sc_hd__clkbuf_16)
                  0.04    0.13    0.55 ^ clkbuf_0__068_/X (sky130_fd_sc_hd__clkbuf_16)
     2    0.02                           clknet_0__068_ (net)
                  0.04    0.00    0.55 ^ clkbuf_1_1__f__068_/A (sky130_fd_sc_hd__clkbuf_16)
                  0.05    0.14    0.69 ^ clkbuf_1_1__f__068_/X (sky130_fd_sc_hd__clkbuf_16)
     5    0.03                           clknet_1_1__leaf__068_ (net)
                  0.05    0.00    0.69 ^ _132__11/A (sky130_fd_sc_hd__inv_2)
                  0.02    0.04    0.73 v _132__11/Y (sky130_fd_sc_hd__inv_2)
     1    0.01                           net30 (net)
                  0.02    0.00    0.73 v _165_/CLK_N (sky130_fd_sc_hd__dfbbn_1)
                          0.20    0.93   clock uncertainty
                          0.00    0.93   clock reconvergence pessimism
                          0.04    0.97   library hold time
                                  0.97   data required time
-----------------------------------------------------------------------------
                                  0.97   data required time
                                 -1.13   data arrival time
-----------------------------------------------------------------------------
                                  0.16   slack (MET)


