
===========================================================================
report_checks -unconstrained
============================================================================
Startpoint: gpio_defaults[6] (input port clocked by serial_clock)
Endpoint: _170_ (recovery check against falling-edge clock serial_load')
Path Group: **async_default**
Path Type: max

Fanout     Cap    Slew   Delay    Time   Description
-----------------------------------------------------------------------------
                          0.00    0.00   clock serial_clock (rise edge)
                          0.00    0.00   clock network delay (propagated)
                          1.00    1.00 ^ input external delay
                  0.06    0.04    1.04 ^ gpio_defaults[6] (in)
     2    0.01                           gpio_defaults[6] (net)
                  0.06    0.00    1.04 ^ _150_/B (sky130_fd_sc_hd__or2_1)
                  0.06    0.12    1.16 ^ _150_/X (sky130_fd_sc_hd__or2_1)
     1    0.01                           _051_ (net)
                  0.06    0.00    1.16 ^ _151_/A (sky130_fd_sc_hd__clkbuf_1)
                  0.05    0.10    1.26 ^ _151_/X (sky130_fd_sc_hd__clkbuf_1)
     1    0.00                           _024_ (net)
                  0.05    0.00    1.26 ^ _170_/RESET_B (sky130_fd_sc_hd__dfbbn_1)
                                  1.26   data arrival time

                          4.00    4.00   clock serial_load' (fall edge)
                          0.00    4.00   clock source latency
                  0.08    0.05    4.05 ^ serial_load (in)
     1    0.02                           serial_load (net)
                  0.08    0.00    4.05 ^ clkbuf_0_serial_load/A (sky130_fd_sc_hd__clkbuf_16)
                  0.04    0.13    4.18 ^ clkbuf_0_serial_load/X (sky130_fd_sc_hd__clkbuf_16)
     2    0.02                           clknet_0_serial_load (net)
                  0.04    0.00    4.18 ^ clkbuf_1_0__f_serial_load/A (sky130_fd_sc_hd__clkbuf_16)
                  0.04    0.12    4.30 ^ clkbuf_1_0__f_serial_load/X (sky130_fd_sc_hd__clkbuf_16)
     3    0.02                           clknet_1_0__leaf_serial_load (net)
                  0.04    0.00    4.30 ^ _152__2/A (sky130_fd_sc_hd__inv_2)
                  0.01    0.02    4.32 v _152__2/Y (sky130_fd_sc_hd__inv_2)
     1    0.00                           net21 (net)
                  0.01    0.00    4.32 v _170_/CLK_N (sky130_fd_sc_hd__dfbbn_1)
                         -0.20    4.12   clock uncertainty
                          0.00    4.12   clock reconvergence pessimism
                         -0.08    4.04   library recovery time
                                  4.04   data required time
-----------------------------------------------------------------------------
                                  4.04   data required time
                                 -1.26   data arrival time
-----------------------------------------------------------------------------
                                  2.79   slack (MET)


Startpoint: _185_ (rising edge-triggered flip-flop clocked by serial_clock')
Endpoint: serial_data_out (output port clocked by serial_clock)
Path Group: serial_clock
Path Type: max

Fanout     Cap    Slew   Delay    Time   Description
-----------------------------------------------------------------------------
                          2.00    2.00   clock serial_clock' (rise edge)
                          0.00    2.00   clock source latency
                  0.03    0.03    2.03 v serial_clock (in)
     1    0.01                           serial_clock (net)
                  0.03    0.00    2.03 v clkbuf_0_serial_clock/A (sky130_fd_sc_hd__clkbuf_16)
                  0.03    0.15    2.17 v clkbuf_0_serial_clock/X (sky130_fd_sc_hd__clkbuf_16)
     2    0.02                           clknet_0_serial_clock (net)
                  0.03    0.00    2.17 v clkbuf_1_1__f_serial_clock/A (sky130_fd_sc_hd__clkbuf_16)
                  0.04    0.16    2.33 v clkbuf_1_1__f_serial_clock/X (sky130_fd_sc_hd__clkbuf_16)
     8    0.03                           clknet_1_1__leaf_serial_clock (net)
                  0.04    0.00    2.33 v _158__4/A (sky130_fd_sc_hd__inv_2)
                  0.05    0.06    2.39 ^ _158__4/Y (sky130_fd_sc_hd__inv_2)
     1    0.01                           net23 (net)
                  0.05    0.00    2.39 ^ _185_/CLK (sky130_fd_sc_hd__dfrtp_1)
                  0.05    0.39    2.77 v _185_/Q (sky130_fd_sc_hd__dfrtp_1)
     1    0.01                           net16 (net)
                  0.05    0.00    2.77 v output16/A (sky130_fd_sc_hd__buf_6)
                  0.05    0.15    2.93 v output16/X (sky130_fd_sc_hd__buf_6)
     1    0.03                           serial_data_out (net)
                  0.05    0.00    2.93 v serial_data_out (out)
                                  2.93   data arrival time

                          4.00    4.00   clock serial_clock (rise edge)
                          0.00    4.00   clock network delay (propagated)
                         -0.20    3.80   clock uncertainty
                          0.00    3.80   clock reconvergence pessimism
                         -1.00    2.80   output external delay
                                  2.80   data required time
-----------------------------------------------------------------------------
                                  2.80   data required time
                                 -2.93   data arrival time
-----------------------------------------------------------------------------
                                 -0.13   slack (VIOLATED)


Startpoint: _179_ (rising edge-triggered flip-flop clocked by serial_clock)
Endpoint: _171_ (falling edge-triggered flip-flop clocked by serial_load')
Path Group: serial_load
Path Type: max

Fanout     Cap    Slew   Delay    Time   Description
-----------------------------------------------------------------------------
                          0.00    0.00   clock serial_clock (rise edge)
                          0.00    0.00   clock source latency
                  0.08    0.06    0.06 ^ serial_clock (in)
     1    0.02                           serial_clock (net)
                  0.08    0.00    0.06 ^ clkbuf_0_serial_clock/A (sky130_fd_sc_hd__clkbuf_16)
                  0.04    0.14    0.20 ^ clkbuf_0_serial_clock/X (sky130_fd_sc_hd__clkbuf_16)
     2    0.02                           clknet_0_serial_clock (net)
                  0.04    0.00    0.20 ^ clkbuf_1_0__f_serial_clock/A (sky130_fd_sc_hd__clkbuf_16)
                  0.04    0.13    0.33 ^ clkbuf_1_0__f_serial_clock/X (sky130_fd_sc_hd__clkbuf_16)
     7    0.02                           clknet_1_0__leaf_serial_clock (net)
                  0.04    0.00    0.33 ^ _179_/CLK (sky130_fd_sc_hd__dfrtp_1)
                  0.05    0.39    0.71 v _179_/Q (sky130_fd_sc_hd__dfrtp_1)
     2    0.01                           shift_register[7] (net)
                  0.05    0.00    0.71 v hold13/A (sky130_fd_sc_hd__dlygate4sd3_1)
                  0.05    0.58    1.29 v hold13/X (sky130_fd_sc_hd__dlygate4sd3_1)
     1    0.00                           net46 (net)
                  0.05    0.00    1.29 v _171_/D (sky130_fd_sc_hd__dfbbn_1)
                                  1.29   data arrival time

                          4.00    4.00   clock serial_load' (fall edge)
                          0.00    4.00   clock source latency
                  0.08    0.05    4.05 ^ serial_load (in)
     1    0.02                           serial_load (net)
                  0.08    0.00    4.05 ^ clkbuf_0_serial_load/A (sky130_fd_sc_hd__clkbuf_16)
                  0.04    0.13    4.18 ^ clkbuf_0_serial_load/X (sky130_fd_sc_hd__clkbuf_16)
     2    0.02                           clknet_0_serial_load (net)
                  0.04    0.00    4.18 ^ clkbuf_1_0__f_serial_load/A (sky130_fd_sc_hd__clkbuf_16)
                  0.04    0.12    4.30 ^ clkbuf_1_0__f_serial_load/X (sky130_fd_sc_hd__clkbuf_16)
     3    0.02                           clknet_1_0__leaf_serial_load (net)
                  0.04    0.00    4.30 ^ _156__3/A (sky130_fd_sc_hd__inv_2)
                  0.01    0.02    4.32 v _156__3/Y (sky130_fd_sc_hd__inv_2)
     1    0.00                           net22 (net)
                  0.01    0.00    4.32 v _171_/CLK_N (sky130_fd_sc_hd__dfbbn_1)
                         -0.20    4.12   clock uncertainty
                          0.00    4.12   clock reconvergence pessimism
                         -0.16    3.96   library setup time
                                  3.96   data required time
-----------------------------------------------------------------------------
                                  3.96   data required time
                                 -1.29   data arrival time
-----------------------------------------------------------------------------
                                  2.67   slack (MET)



===========================================================================
report_checks --slack_max -0.01
============================================================================
Startpoint: _185_ (rising edge-triggered flip-flop clocked by serial_clock')
Endpoint: serial_data_out (output port clocked by serial_clock)
Path Group: serial_clock
Path Type: max

Fanout     Cap    Slew   Delay    Time   Description
-----------------------------------------------------------------------------
                          2.00    2.00   clock serial_clock' (rise edge)
                          0.00    2.00   clock source latency
                  0.03    0.03    2.03 v serial_clock (in)
     1    0.01                           serial_clock (net)
                  0.03    0.00    2.03 v clkbuf_0_serial_clock/A (sky130_fd_sc_hd__clkbuf_16)
                  0.03    0.15    2.17 v clkbuf_0_serial_clock/X (sky130_fd_sc_hd__clkbuf_16)
     2    0.02                           clknet_0_serial_clock (net)
                  0.03    0.00    2.17 v clkbuf_1_1__f_serial_clock/A (sky130_fd_sc_hd__clkbuf_16)
                  0.04    0.16    2.33 v clkbuf_1_1__f_serial_clock/X (sky130_fd_sc_hd__clkbuf_16)
     8    0.03                           clknet_1_1__leaf_serial_clock (net)
                  0.04    0.00    2.33 v _158__4/A (sky130_fd_sc_hd__inv_2)
                  0.05    0.06    2.39 ^ _158__4/Y (sky130_fd_sc_hd__inv_2)
     1    0.01                           net23 (net)
                  0.05    0.00    2.39 ^ _185_/CLK (sky130_fd_sc_hd__dfrtp_1)
                  0.05    0.39    2.77 v _185_/Q (sky130_fd_sc_hd__dfrtp_1)
     1    0.01                           net16 (net)
                  0.05    0.00    2.77 v output16/A (sky130_fd_sc_hd__buf_6)
                  0.05    0.15    2.93 v output16/X (sky130_fd_sc_hd__buf_6)
     1    0.03                           serial_data_out (net)
                  0.05    0.00    2.93 v serial_data_out (out)
                                  2.93   data arrival time

                          4.00    4.00   clock serial_clock (rise edge)
                          0.00    4.00   clock network delay (propagated)
                         -0.20    3.80   clock uncertainty
                          0.00    3.80   clock reconvergence pessimism
                         -1.00    2.80   output external delay
                                  2.80   data required time
-----------------------------------------------------------------------------
                                  2.80   data required time
                                 -2.93   data arrival time
-----------------------------------------------------------------------------
                                 -0.13   slack (VIOLATED)


