
===========================================================================
report_checks -path_delay max (Setup)
============================================================================
Startpoint: gpio_defaults[6] (input port clocked by serial_clock)
Endpoint: _170_ (recovery check against falling-edge clock serial_load')
Path Group: **async_default**
Path Type: max

Fanout     Cap    Slew   Delay    Time   Description
-----------------------------------------------------------------------------
                          0.00    0.00   clock serial_clock (rise edge)
                          0.00    0.00   clock network delay (propagated)
                          1.00    1.00 ^ input external delay
                  0.06    0.04    1.04 ^ gpio_defaults[6] (in)
     2    0.01                           gpio_defaults[6] (net)
                  0.06    0.00    1.04 ^ _150_/B (sky130_fd_sc_hd__or2_1)
                  0.06    0.12    1.16 ^ _150_/X (sky130_fd_sc_hd__or2_1)
     1    0.01                           _051_ (net)
                  0.06    0.00    1.16 ^ _151_/A (sky130_fd_sc_hd__clkbuf_1)
                  0.05    0.10    1.26 ^ _151_/X (sky130_fd_sc_hd__clkbuf_1)
     1    0.00                           _024_ (net)
                  0.05    0.00    1.26 ^ _170_/RESET_B (sky130_fd_sc_hd__dfbbn_1)
                                  1.26   data arrival time

                          4.00    4.00   clock serial_load' (fall edge)
                          0.00    4.00   clock source latency
                  0.08    0.05    4.05 ^ serial_load (in)
     1    0.02                           serial_load (net)
                  0.08    0.00    4.05 ^ clkbuf_0_serial_load/A (sky130_fd_sc_hd__clkbuf_16)
                  0.04    0.13    4.18 ^ clkbuf_0_serial_load/X (sky130_fd_sc_hd__clkbuf_16)
     2    0.02                           clknet_0_serial_load (net)
                  0.04    0.00    4.18 ^ clkbuf_1_0__f_serial_load/A (sky130_fd_sc_hd__clkbuf_16)
                  0.04    0.12    4.30 ^ clkbuf_1_0__f_serial_load/X (sky130_fd_sc_hd__clkbuf_16)
     3    0.02                           clknet_1_0__leaf_serial_load (net)
                  0.04    0.00    4.30 ^ _152__2/A (sky130_fd_sc_hd__inv_2)
                  0.01    0.02    4.32 v _152__2/Y (sky130_fd_sc_hd__inv_2)
     1    0.00                           net21 (net)
                  0.01    0.00    4.32 v _170_/CLK_N (sky130_fd_sc_hd__dfbbn_1)
                         -0.20    4.12   clock uncertainty
                          0.00    4.12   clock reconvergence pessimism
                         -0.08    4.04   library recovery time
                                  4.04   data required time
-----------------------------------------------------------------------------
                                  4.04   data required time
                                 -1.26   data arrival time
-----------------------------------------------------------------------------
                                  2.79   slack (MET)


Startpoint: gpio_defaults[7] (input port clocked by serial_clock)
Endpoint: _171_ (recovery check against falling-edge clock serial_load')
Path Group: **async_default**
Path Type: max

Fanout     Cap    Slew   Delay    Time   Description
-----------------------------------------------------------------------------
                          0.00    0.00   clock serial_clock (rise edge)
                          0.00    0.00   clock network delay (propagated)
                          1.00    1.00 ^ input external delay
                  0.06    0.04    1.04 ^ gpio_defaults[7] (in)
     2    0.01                           gpio_defaults[7] (net)
                  0.06    0.00    1.04 ^ _154_/B (sky130_fd_sc_hd__or2_1)
                  0.05    0.11    1.15 ^ _154_/X (sky130_fd_sc_hd__or2_1)
     1    0.00                           _052_ (net)
                  0.05    0.00    1.15 ^ _155_/A (sky130_fd_sc_hd__clkbuf_1)
                  0.05    0.09    1.24 ^ _155_/X (sky130_fd_sc_hd__clkbuf_1)
     1    0.00                           _026_ (net)
                  0.05    0.00    1.24 ^ _171_/RESET_B (sky130_fd_sc_hd__dfbbn_1)
                                  1.24   data arrival time

                          4.00    4.00   clock serial_load' (fall edge)
                          0.00    4.00   clock source latency
                  0.08    0.05    4.05 ^ serial_load (in)
     1    0.02                           serial_load (net)
                  0.08    0.00    4.05 ^ clkbuf_0_serial_load/A (sky130_fd_sc_hd__clkbuf_16)
                  0.04    0.13    4.18 ^ clkbuf_0_serial_load/X (sky130_fd_sc_hd__clkbuf_16)
     2    0.02                           clknet_0_serial_load (net)
                  0.04    0.00    4.18 ^ clkbuf_1_0__f_serial_load/A (sky130_fd_sc_hd__clkbuf_16)
                  0.04    0.12    4.30 ^ clkbuf_1_0__f_serial_load/X (sky130_fd_sc_hd__clkbuf_16)
     3    0.02                           clknet_1_0__leaf_serial_load (net)
                  0.04    0.00    4.30 ^ _156__3/A (sky130_fd_sc_hd__inv_2)
                  0.01    0.02    4.32 v _156__3/Y (sky130_fd_sc_hd__inv_2)
     1    0.00                           net22 (net)
                  0.01    0.00    4.32 v _171_/CLK_N (sky130_fd_sc_hd__dfbbn_1)
                         -0.20    4.12   clock uncertainty
                          0.00    4.12   clock reconvergence pessimism
                         -0.08    4.04   library recovery time
                                  4.04   data required time
-----------------------------------------------------------------------------
                                  4.04   data required time
                                 -1.24   data arrival time
-----------------------------------------------------------------------------
                                  2.80   slack (MET)


Startpoint: gpio_defaults[2] (input port clocked by serial_clock)
Endpoint: _160_ (recovery check against falling-edge clock serial_load')
Path Group: **async_default**
Path Type: max

Fanout     Cap    Slew   Delay    Time   Description
-----------------------------------------------------------------------------
                          0.00    0.00   clock serial_clock (rise edge)
                          0.00    0.00   clock network delay (propagated)
                          1.00    1.00 v input external delay
                  0.01    0.01    1.01 v gpio_defaults[2] (in)
     2    0.01                           gpio_defaults[2] (net)
                  0.01    0.00    1.01 v hold16/A (sky130_fd_sc_hd__dlygate4sd3_1)
                  0.07    0.59    1.60 v hold16/X (sky130_fd_sc_hd__dlygate4sd3_1)
     1    0.01                           net49 (net)
                  0.07    0.00    1.60 v _113_/B (sky130_fd_sc_hd__nand2_1)
                  0.08    0.11    1.71 ^ _113_/Y (sky130_fd_sc_hd__nand2_1)
     1    0.01                           _005_ (net)
                  0.08    0.00    1.71 ^ _160_/SET_B (sky130_fd_sc_hd__dfbbn_1)
                                  1.71   data arrival time

                          4.00    4.00   clock serial_load' (fall edge)
                          0.00    4.00   clock source latency
                  0.08    0.05    4.05 ^ serial_load (in)
     1    0.02                           serial_load (net)
                  0.08    0.00    4.05 ^ clkbuf_0_serial_load/A (sky130_fd_sc_hd__clkbuf_16)
                  0.04    0.13    4.18 ^ clkbuf_0_serial_load/X (sky130_fd_sc_hd__clkbuf_16)
     2    0.02                           clknet_0_serial_load (net)
                  0.04    0.00    4.18 ^ clkbuf_1_1__f_serial_load/A (sky130_fd_sc_hd__clkbuf_16)
                  0.03    0.11    4.29 ^ clkbuf_1_1__f_serial_load/X (sky130_fd_sc_hd__clkbuf_16)
     2    0.01                           clknet_1_1__leaf_serial_load (net)
                  0.03    0.00    4.29 ^ _105_/A (sky130_fd_sc_hd__buf_4)
                  0.04    0.09    4.38 ^ _105_/X (sky130_fd_sc_hd__buf_4)
     1    0.01                           _068_ (net)
                  0.04    0.00    4.38 ^ clkbuf_0__068_/A (sky130_fd_sc_hd__clkbuf_16)
                  0.04    0.12    4.50 ^ clkbuf_0__068_/X (sky130_fd_sc_hd__clkbuf_16)
     2    0.02                           clknet_0__068_ (net)
                  0.04    0.00    4.50 ^ clkbuf_1_0__f__068_/A (sky130_fd_sc_hd__clkbuf_16)
                  0.06    0.13    4.63 ^ clkbuf_1_0__f__068_/X (sky130_fd_sc_hd__clkbuf_16)
     5    0.04                           clknet_1_0__leaf__068_ (net)
                  0.06    0.00    4.63 ^ _112__6/A (sky130_fd_sc_hd__inv_2)
                  0.02    0.03    4.67 v _112__6/Y (sky130_fd_sc_hd__inv_2)
     1    0.01                           net25 (net)
                  0.02    0.00    4.67 v _160_/CLK_N (sky130_fd_sc_hd__dfbbn_1)
                         -0.20    4.47   clock uncertainty
                          0.00    4.47   clock reconvergence pessimism
                          0.05    4.52   library recovery time
                                  4.52   data required time
-----------------------------------------------------------------------------
                                  4.52   data required time
                                 -1.71   data arrival time
-----------------------------------------------------------------------------
                                  2.81   slack (MET)


Startpoint: gpio_defaults[5] (input port clocked by serial_clock)
Endpoint: _169_ (recovery check against falling-edge clock serial_load')
Path Group: **async_default**
Path Type: max

Fanout     Cap    Slew   Delay    Time   Description
-----------------------------------------------------------------------------
                          0.00    0.00   clock serial_clock (rise edge)
                          0.00    0.00   clock network delay (propagated)
                          1.00    1.00 ^ input external delay
                  0.05    0.04    1.04 ^ gpio_defaults[5] (in)
     2    0.01                           gpio_defaults[5] (net)
                  0.05    0.00    1.04 ^ _146_/B (sky130_fd_sc_hd__or2_1)
                  0.05    0.10    1.14 ^ _146_/X (sky130_fd_sc_hd__or2_1)
     1    0.00                           _050_ (net)
                  0.05    0.00    1.14 ^ _147_/A (sky130_fd_sc_hd__clkbuf_1)
                  0.05    0.09    1.23 ^ _147_/X (sky130_fd_sc_hd__clkbuf_1)
     1    0.00                           _022_ (net)
                  0.05    0.00    1.23 ^ _169_/RESET_B (sky130_fd_sc_hd__dfbbn_1)
                                  1.23   data arrival time

                          4.00    4.00   clock serial_load' (fall edge)
                          0.00    4.00   clock source latency
                  0.08    0.05    4.05 ^ serial_load (in)
     1    0.02                           serial_load (net)
                  0.08    0.00    4.05 ^ clkbuf_0_serial_load/A (sky130_fd_sc_hd__clkbuf_16)
                  0.04    0.13    4.18 ^ clkbuf_0_serial_load/X (sky130_fd_sc_hd__clkbuf_16)
     2    0.02                           clknet_0_serial_load (net)
                  0.04    0.00    4.18 ^ clkbuf_1_0__f_serial_load/A (sky130_fd_sc_hd__clkbuf_16)
                  0.04    0.12    4.30 ^ clkbuf_1_0__f_serial_load/X (sky130_fd_sc_hd__clkbuf_16)
     3    0.02                           clknet_1_0__leaf_serial_load (net)
                  0.04    0.00    4.30 ^ _148__1/A (sky130_fd_sc_hd__inv_2)
                  0.01    0.03    4.32 v _148__1/Y (sky130_fd_sc_hd__inv_2)
     1    0.00                           net20 (net)
                  0.01    0.00    4.32 v _169_/CLK_N (sky130_fd_sc_hd__dfbbn_1)
                         -0.20    4.12   clock uncertainty
                          0.00    4.12   clock reconvergence pessimism
                         -0.08    4.04   library recovery time
                                  4.04   data required time
-----------------------------------------------------------------------------
                                  4.04   data required time
                                 -1.23   data arrival time
-----------------------------------------------------------------------------
                                  2.81   slack (MET)


Startpoint: gpio_defaults[4] (input port clocked by serial_clock)
Endpoint: _164_ (recovery check against falling-edge clock serial_load')
Path Group: **async_default**
Path Type: max

Fanout     Cap    Slew   Delay    Time   Description
-----------------------------------------------------------------------------
                          0.00    0.00   clock serial_clock (rise edge)
                          0.00    0.00   clock network delay (propagated)
                          1.00    1.00 v input external delay
                  0.02    0.01    1.01 v gpio_defaults[4] (in)
     2    0.01                           gpio_defaults[4] (net)
                  0.02    0.00    1.01 v hold15/A (sky130_fd_sc_hd__dlygate4sd3_1)
                  0.07    0.59    1.60 v hold15/X (sky130_fd_sc_hd__dlygate4sd3_1)
     1    0.01                           net48 (net)
                  0.07    0.00    1.60 v _129_/B (sky130_fd_sc_hd__nand2_1)
                  0.07    0.09    1.69 ^ _129_/Y (sky130_fd_sc_hd__nand2_1)
     1    0.01                           _013_ (net)
                  0.07    0.00    1.69 ^ _164_/SET_B (sky130_fd_sc_hd__dfbbn_1)
                                  1.69   data arrival time

                          4.00    4.00   clock serial_load' (fall edge)
                          0.00    4.00   clock source latency
                  0.08    0.05    4.05 ^ serial_load (in)
     1    0.02                           serial_load (net)
                  0.08    0.00    4.05 ^ clkbuf_0_serial_load/A (sky130_fd_sc_hd__clkbuf_16)
                  0.04    0.13    4.18 ^ clkbuf_0_serial_load/X (sky130_fd_sc_hd__clkbuf_16)
     2    0.02                           clknet_0_serial_load (net)
                  0.04    0.00    4.18 ^ clkbuf_1_1__f_serial_load/A (sky130_fd_sc_hd__clkbuf_16)
                  0.03    0.11    4.29 ^ clkbuf_1_1__f_serial_load/X (sky130_fd_sc_hd__clkbuf_16)
     2    0.01                           clknet_1_1__leaf_serial_load (net)
                  0.03    0.00    4.29 ^ _105_/A (sky130_fd_sc_hd__buf_4)
                  0.04    0.09    4.38 ^ _105_/X (sky130_fd_sc_hd__buf_4)
     1    0.01                           _068_ (net)
                  0.04    0.00    4.38 ^ clkbuf_0__068_/A (sky130_fd_sc_hd__clkbuf_16)
                  0.04    0.12    4.50 ^ clkbuf_0__068_/X (sky130_fd_sc_hd__clkbuf_16)
     2    0.02                           clknet_0__068_ (net)
                  0.04    0.00    4.50 ^ clkbuf_1_0__f__068_/A (sky130_fd_sc_hd__clkbuf_16)
                  0.06    0.13    4.63 ^ clkbuf_1_0__f__068_/X (sky130_fd_sc_hd__clkbuf_16)
     5    0.04                           clknet_1_0__leaf__068_ (net)
                  0.06    0.00    4.63 ^ _128__10/A (sky130_fd_sc_hd__inv_2)
                  0.02    0.03    4.66 v _128__10/Y (sky130_fd_sc_hd__inv_2)
     1    0.00                           net29 (net)
                  0.02    0.00    4.66 v _164_/CLK_N (sky130_fd_sc_hd__dfbbn_1)
                         -0.20    4.46   clock uncertainty
                          0.00    4.46   clock reconvergence pessimism
                          0.05    4.51   library recovery time
                                  4.51   data required time
-----------------------------------------------------------------------------
                                  4.51   data required time
                                 -1.69   data arrival time
-----------------------------------------------------------------------------
                                  2.82   slack (MET)


Startpoint: _185_ (rising edge-triggered flip-flop clocked by serial_clock')
Endpoint: serial_data_out (output port clocked by serial_clock)
Path Group: serial_clock
Path Type: max

Fanout     Cap    Slew   Delay    Time   Description
-----------------------------------------------------------------------------
                          2.00    2.00   clock serial_clock' (rise edge)
                          0.00    2.00   clock source latency
                  0.03    0.03    2.03 v serial_clock (in)
     1    0.01                           serial_clock (net)
                  0.03    0.00    2.03 v clkbuf_0_serial_clock/A (sky130_fd_sc_hd__clkbuf_16)
                  0.03    0.15    2.17 v clkbuf_0_serial_clock/X (sky130_fd_sc_hd__clkbuf_16)
     2    0.02                           clknet_0_serial_clock (net)
                  0.03    0.00    2.17 v clkbuf_1_1__f_serial_clock/A (sky130_fd_sc_hd__clkbuf_16)
                  0.04    0.16    2.33 v clkbuf_1_1__f_serial_clock/X (sky130_fd_sc_hd__clkbuf_16)
     8    0.03                           clknet_1_1__leaf_serial_clock (net)
                  0.04    0.00    2.33 v _158__4/A (sky130_fd_sc_hd__inv_2)
                  0.05    0.06    2.39 ^ _158__4/Y (sky130_fd_sc_hd__inv_2)
     1    0.01                           net23 (net)
                  0.05    0.00    2.39 ^ _185_/CLK (sky130_fd_sc_hd__dfrtp_1)
                  0.05    0.39    2.77 v _185_/Q (sky130_fd_sc_hd__dfrtp_1)
     1    0.01                           net16 (net)
                  0.05    0.00    2.77 v output16/A (sky130_fd_sc_hd__buf_6)
                  0.05    0.15    2.93 v output16/X (sky130_fd_sc_hd__buf_6)
     1    0.03                           serial_data_out (net)
                  0.05    0.00    2.93 v serial_data_out (out)
                                  2.93   data arrival time

                          4.00    4.00   clock serial_clock (rise edge)
                          0.00    4.00   clock network delay (propagated)
                         -0.20    3.80   clock uncertainty
                          0.00    3.80   clock reconvergence pessimism
                         -1.00    2.80   output external delay
                                  2.80   data required time
-----------------------------------------------------------------------------
                                  2.80   data required time
                                 -2.93   data arrival time
-----------------------------------------------------------------------------
                                 -0.13   slack (VIOLATED)


Startpoint: serial_clock (clock source 'serial_clock')
Endpoint: serial_clock_out (output port clocked by serial_clock)
Path Group: serial_clock
Path Type: max

Fanout     Cap    Slew   Delay    Time   Description
-----------------------------------------------------------------------------
                          2.00    2.00   clock serial_clock (fall edge)
                          0.00    2.00   clock source latency
                  0.03    0.03    2.03 v serial_clock (in)
     1    0.01                           serial_clock (net)
                  0.03    0.00    2.03 v clkbuf_0_serial_clock/A (sky130_fd_sc_hd__clkbuf_16)
                  0.03    0.15    2.17 v clkbuf_0_serial_clock/X (sky130_fd_sc_hd__clkbuf_16)
     2    0.02                           clknet_0_serial_clock (net)
                  0.03    0.00    2.17 v clkbuf_1_1__f_serial_clock/A (sky130_fd_sc_hd__clkbuf_16)
                  0.04    0.16    2.33 v clkbuf_1_1__f_serial_clock/X (sky130_fd_sc_hd__clkbuf_16)
     8    0.03                           clknet_1_1__leaf_serial_clock (net)
                  0.04    0.00    2.33 v _187_/A (sky130_fd_sc_hd__buf_2)
                  0.04    0.14    2.47 v _187_/X (sky130_fd_sc_hd__buf_2)
     1    0.01                           net15 (net)
                  0.04    0.00    2.47 v output15/A (sky130_fd_sc_hd__buf_6)
                  0.34    0.33    2.80 v output15/X (sky130_fd_sc_hd__buf_6)
     1    0.40                           serial_clock_out (net)
                  0.35    0.05    2.85 v serial_clock_out (out)
                                  2.85   data arrival time

                          4.00    4.00   clock serial_clock (rise edge)
                          0.00    4.00   clock network delay (propagated)
                         -0.20    3.80   clock uncertainty
                          0.00    3.80   clock reconvergence pessimism
                         -1.00    2.80   output external delay
                                  2.80   data required time
-----------------------------------------------------------------------------
                                  2.80   data required time
                                 -2.85   data arrival time
-----------------------------------------------------------------------------
                                 -0.05   slack (VIOLATED)


Startpoint: serial_load (clock source 'serial_load')
Endpoint: serial_load_out (output port clocked by serial_clock)
Path Group: serial_clock
Path Type: max

Fanout     Cap    Slew   Delay    Time   Description
-----------------------------------------------------------------------------
                          2.00    2.00   clock serial_load (fall edge)
                          0.00    2.00   clock source latency
                  0.04    0.03    2.03 v serial_load (in)
     1    0.02                           serial_load (net)
                  0.04    0.00    2.03 v clkbuf_0_serial_load/A (sky130_fd_sc_hd__clkbuf_16)
                  0.03    0.15    2.17 v clkbuf_0_serial_load/X (sky130_fd_sc_hd__clkbuf_16)
     2    0.02                           clknet_0_serial_load (net)
                  0.03    0.00    2.17 v clkbuf_1_1__f_serial_load/A (sky130_fd_sc_hd__clkbuf_16)
                  0.03    0.14    2.31 v clkbuf_1_1__f_serial_load/X (sky130_fd_sc_hd__clkbuf_16)
     2    0.01                           clknet_1_1__leaf_serial_load (net)
                  0.03    0.00    2.31 v _188_/A (sky130_fd_sc_hd__buf_2)
                  0.04    0.13    2.45 v _188_/X (sky130_fd_sc_hd__buf_2)
     1    0.01                           net17 (net)
                  0.04    0.00    2.45 v output17/A (sky130_fd_sc_hd__buf_6)
                  0.34    0.33    2.77 v output17/X (sky130_fd_sc_hd__buf_6)
     1    0.40                           serial_load_out (net)
                  0.36    0.06    2.83 v serial_load_out (out)
                                  2.83   data arrival time

                          4.00    4.00   clock serial_clock (rise edge)
                          0.00    4.00   clock network delay (propagated)
                         -0.20    3.80   clock uncertainty
                          0.00    3.80   clock reconvergence pessimism
                         -1.00    2.80   output external delay
                                  2.80   data required time
-----------------------------------------------------------------------------
                                  2.80   data required time
                                 -2.83   data arrival time
-----------------------------------------------------------------------------
                                 -0.03   slack (VIOLATED)


Startpoint: _168_ (falling edge-triggered flip-flop clocked by serial_load')
Endpoint: pad_gpio_out (output port clocked by serial_clock)
Path Group: serial_clock
Path Type: max

Fanout     Cap    Slew   Delay    Time   Description
-----------------------------------------------------------------------------
                          0.00    0.00   clock serial_load' (fall edge)
                          0.00    0.00   clock source latency
                  0.08    0.06    0.06 ^ serial_load (in)
     1    0.02                           serial_load (net)
                  0.08    0.00    0.06 ^ clkbuf_0_serial_load/A (sky130_fd_sc_hd__clkbuf_16)
                  0.04    0.14    0.20 ^ clkbuf_0_serial_load/X (sky130_fd_sc_hd__clkbuf_16)
     2    0.02                           clknet_0_serial_load (net)
                  0.04    0.00    0.20 ^ clkbuf_1_1__f_serial_load/A (sky130_fd_sc_hd__clkbuf_16)
                  0.03    0.12    0.32 ^ clkbuf_1_1__f_serial_load/X (sky130_fd_sc_hd__clkbuf_16)
     2    0.01                           clknet_1_1__leaf_serial_load (net)
                  0.03    0.00    0.32 ^ _105_/A (sky130_fd_sc_hd__buf_4)
                  0.04    0.10    0.42 ^ _105_/X (sky130_fd_sc_hd__buf_4)
     1    0.01                           _068_ (net)
                  0.04    0.00    0.42 ^ clkbuf_0__068_/A (sky130_fd_sc_hd__clkbuf_16)
                  0.04    0.13    0.55 ^ clkbuf_0__068_/X (sky130_fd_sc_hd__clkbuf_16)
     2    0.02                           clknet_0__068_ (net)
                  0.04    0.00    0.55 ^ clkbuf_1_1__f__068_/A (sky130_fd_sc_hd__clkbuf_16)
                  0.05    0.14    0.69 ^ clkbuf_1_1__f__068_/X (sky130_fd_sc_hd__clkbuf_16)
     5    0.03                           clknet_1_1__leaf__068_ (net)
                  0.05    0.00    0.69 ^ _144__14/A (sky130_fd_sc_hd__inv_2)
                  0.02    0.04    0.73 v _144__14/Y (sky130_fd_sc_hd__inv_2)
     1    0.01                           net33 (net)
                  0.02    0.00    0.73 v _168_/CLK_N (sky130_fd_sc_hd__dfbbn_1)
                  0.09    0.62    1.36 v _168_/Q (sky130_fd_sc_hd__dfbbn_1)
     3    0.02                           net6 (net)
                  0.09    0.00    1.36 v _094_/A (sky130_fd_sc_hd__clkinv_2)
                  0.03    0.05    1.41 ^ _094_/Y (sky130_fd_sc_hd__clkinv_2)
     1    0.00                           _060_ (net)
                  0.03    0.00    1.41 ^ _095_/A (sky130_fd_sc_hd__nand3_1)
                  0.06    0.06    1.47 v _095_/Y (sky130_fd_sc_hd__nand3_1)
     1    0.00                           _061_ (net)
                  0.06    0.00    1.47 v _097_/A (sky130_fd_sc_hd__nand2_1)
                  0.08    0.10    1.57 ^ _097_/Y (sky130_fd_sc_hd__nand2_1)
     1    0.01                           _063_ (net)
                  0.08    0.00    1.57 ^ _098_/B (sky130_fd_sc_hd__nand3_1)
                  0.11    0.13    1.69 v _098_/Y (sky130_fd_sc_hd__nand3_1)
     1    0.01                           _064_ (net)
                  0.11    0.00    1.69 v _100_/A (sky130_fd_sc_hd__nand2_1)
                  0.08    0.12    1.81 ^ _100_/Y (sky130_fd_sc_hd__nand2_1)
     1    0.01                           net10 (net)
                  0.08    0.00    1.81 ^ output10/A (sky130_fd_sc_hd__buf_2)
                  0.20    0.24    2.06 ^ output10/X (sky130_fd_sc_hd__buf_2)
     1    0.03                           pad_gpio_out (net)
                  0.20    0.00    2.06 ^ pad_gpio_out (out)
                                  2.06   data arrival time

                          4.00    4.00   clock serial_clock (rise edge)
                          0.00    4.00   clock network delay (propagated)
                         -0.20    3.80   clock uncertainty
                          0.00    3.80   clock reconvergence pessimism
                         -1.00    2.80   output external delay
                                  2.80   data required time
-----------------------------------------------------------------------------
                                  2.80   data required time
                                 -2.06   data arrival time
-----------------------------------------------------------------------------
                                  0.74   slack (MET)


Startpoint: _159_ (falling edge-triggered flip-flop clocked by serial_load')
Endpoint: pad_gpio_outenb (output port clocked by serial_clock)
Path Group: serial_clock
Path Type: max

Fanout     Cap    Slew   Delay    Time   Description
-----------------------------------------------------------------------------
                          0.00    0.00   clock serial_load' (fall edge)
                          0.00    0.00   clock source latency
                  0.08    0.06    0.06 ^ serial_load (in)
     1    0.02                           serial_load (net)
                  0.08    0.00    0.06 ^ clkbuf_0_serial_load/A (sky130_fd_sc_hd__clkbuf_16)
                  0.04    0.14    0.20 ^ clkbuf_0_serial_load/X (sky130_fd_sc_hd__clkbuf_16)
     2    0.02                           clknet_0_serial_load (net)
                  0.04    0.00    0.20 ^ clkbuf_1_1__f_serial_load/A (sky130_fd_sc_hd__clkbuf_16)
                  0.03    0.12    0.32 ^ clkbuf_1_1__f_serial_load/X (sky130_fd_sc_hd__clkbuf_16)
     2    0.01                           clknet_1_1__leaf_serial_load (net)
                  0.03    0.00    0.32 ^ _105_/A (sky130_fd_sc_hd__buf_4)
                  0.04    0.10    0.42 ^ _105_/X (sky130_fd_sc_hd__buf_4)
     1    0.01                           _068_ (net)
                  0.04    0.00    0.42 ^ clkbuf_0__068_/A (sky130_fd_sc_hd__clkbuf_16)
                  0.04    0.13    0.55 ^ clkbuf_0__068_/X (sky130_fd_sc_hd__clkbuf_16)
     2    0.02                           clknet_0__068_ (net)
                  0.04    0.00    0.55 ^ clkbuf_1_1__f__068_/A (sky130_fd_sc_hd__clkbuf_16)
                  0.05    0.14    0.69 ^ clkbuf_1_1__f__068_/X (sky130_fd_sc_hd__clkbuf_16)
     5    0.03                           clknet_1_1__leaf__068_ (net)
                  0.05    0.00    0.69 ^ _106__5/A (sky130_fd_sc_hd__inv_2)
                  0.02    0.04    0.73 v _106__5/Y (sky130_fd_sc_hd__inv_2)
     1    0.01                           net24 (net)
                  0.02    0.00    0.73 v _159_/CLK_N (sky130_fd_sc_hd__dfbbn_1)
                  0.10    0.63    1.36 v _159_/Q (sky130_fd_sc_hd__dfbbn_1)
     3    0.02                           mgmt_ena (net)
                  0.10    0.00    1.36 v _088_/C (sky130_fd_sc_hd__and3_1)
                  0.04    0.21    1.57 v _088_/X (sky130_fd_sc_hd__and3_1)
     1    0.00                           _055_ (net)
                  0.04    0.00    1.57 v _089_/B1 (sky130_fd_sc_hd__a21o_1)
                  0.03    0.15    1.73 v _089_/X (sky130_fd_sc_hd__a21o_1)
     1    0.00                           net11 (net)
                  0.03    0.00    1.73 v output11/A (sky130_fd_sc_hd__buf_2)
                  0.10    0.20    1.92 v output11/X (sky130_fd_sc_hd__buf_2)
     1    0.03                           pad_gpio_outenb (net)
                  0.10    0.00    1.92 v pad_gpio_outenb (out)
                                  1.92   data arrival time

                          4.00    4.00   clock serial_clock (rise edge)
                          0.00    4.00   clock network delay (propagated)
                         -0.20    3.80   clock uncertainty
                          0.00    3.80   clock reconvergence pessimism
                         -1.00    2.80   output external delay
                                  2.80   data required time
-----------------------------------------------------------------------------
                                  2.80   data required time
                                 -1.92   data arrival time
-----------------------------------------------------------------------------
                                  0.88   slack (MET)


Startpoint: _179_ (rising edge-triggered flip-flop clocked by serial_clock)
Endpoint: _171_ (falling edge-triggered flip-flop clocked by serial_load')
Path Group: serial_load
Path Type: max

Fanout     Cap    Slew   Delay    Time   Description
-----------------------------------------------------------------------------
                          0.00    0.00   clock serial_clock (rise edge)
                          0.00    0.00   clock source latency
                  0.08    0.06    0.06 ^ serial_clock (in)
     1    0.02                           serial_clock (net)
                  0.08    0.00    0.06 ^ clkbuf_0_serial_clock/A (sky130_fd_sc_hd__clkbuf_16)
                  0.04    0.14    0.20 ^ clkbuf_0_serial_clock/X (sky130_fd_sc_hd__clkbuf_16)
     2    0.02                           clknet_0_serial_clock (net)
                  0.04    0.00    0.20 ^ clkbuf_1_0__f_serial_clock/A (sky130_fd_sc_hd__clkbuf_16)
                  0.04    0.13    0.33 ^ clkbuf_1_0__f_serial_clock/X (sky130_fd_sc_hd__clkbuf_16)
     7    0.02                           clknet_1_0__leaf_serial_clock (net)
                  0.04    0.00    0.33 ^ _179_/CLK (sky130_fd_sc_hd__dfrtp_1)
                  0.05    0.39    0.71 v _179_/Q (sky130_fd_sc_hd__dfrtp_1)
     2    0.01                           shift_register[7] (net)
                  0.05    0.00    0.71 v hold13/A (sky130_fd_sc_hd__dlygate4sd3_1)
                  0.05    0.58    1.29 v hold13/X (sky130_fd_sc_hd__dlygate4sd3_1)
     1    0.00                           net46 (net)
                  0.05    0.00    1.29 v _171_/D (sky130_fd_sc_hd__dfbbn_1)
                                  1.29   data arrival time

                          4.00    4.00   clock serial_load' (fall edge)
                          0.00    4.00   clock source latency
                  0.08    0.05    4.05 ^ serial_load (in)
     1    0.02                           serial_load (net)
                  0.08    0.00    4.05 ^ clkbuf_0_serial_load/A (sky130_fd_sc_hd__clkbuf_16)
                  0.04    0.13    4.18 ^ clkbuf_0_serial_load/X (sky130_fd_sc_hd__clkbuf_16)
     2    0.02                           clknet_0_serial_load (net)
                  0.04    0.00    4.18 ^ clkbuf_1_0__f_serial_load/A (sky130_fd_sc_hd__clkbuf_16)
                  0.04    0.12    4.30 ^ clkbuf_1_0__f_serial_load/X (sky130_fd_sc_hd__clkbuf_16)
     3    0.02                           clknet_1_0__leaf_serial_load (net)
                  0.04    0.00    4.30 ^ _156__3/A (sky130_fd_sc_hd__inv_2)
                  0.01    0.02    4.32 v _156__3/Y (sky130_fd_sc_hd__inv_2)
     1    0.00                           net22 (net)
                  0.01    0.00    4.32 v _171_/CLK_N (sky130_fd_sc_hd__dfbbn_1)
                         -0.20    4.12   clock uncertainty
                          0.00    4.12   clock reconvergence pessimism
                         -0.16    3.96   library setup time
                                  3.96   data required time
-----------------------------------------------------------------------------
                                  3.96   data required time
                                 -1.29   data arrival time
-----------------------------------------------------------------------------
                                  2.67   slack (MET)


Startpoint: _178_ (rising edge-triggered flip-flop clocked by serial_clock)
Endpoint: _170_ (falling edge-triggered flip-flop clocked by serial_load')
Path Group: serial_load
Path Type: max

Fanout     Cap    Slew   Delay    Time   Description
-----------------------------------------------------------------------------
                          0.00    0.00   clock serial_clock (rise edge)
                          0.00    0.00   clock source latency
                  0.08    0.06    0.06 ^ serial_clock (in)
     1    0.02                           serial_clock (net)
                  0.08    0.00    0.06 ^ clkbuf_0_serial_clock/A (sky130_fd_sc_hd__clkbuf_16)
                  0.04    0.14    0.20 ^ clkbuf_0_serial_clock/X (sky130_fd_sc_hd__clkbuf_16)
     2    0.02                           clknet_0_serial_clock (net)
                  0.04    0.00    0.20 ^ clkbuf_1_0__f_serial_clock/A (sky130_fd_sc_hd__clkbuf_16)
                  0.04    0.13    0.33 ^ clkbuf_1_0__f_serial_clock/X (sky130_fd_sc_hd__clkbuf_16)
     7    0.02                           clknet_1_0__leaf_serial_clock (net)
                  0.04    0.00    0.33 ^ _178_/CLK (sky130_fd_sc_hd__dfrtp_1)
                  0.05    0.38    0.71 v _178_/Q (sky130_fd_sc_hd__dfrtp_1)
     2    0.01                           shift_register[6] (net)
                  0.05    0.00    0.71 v hold12/A (sky130_fd_sc_hd__dlygate4sd3_1)
                  0.05    0.57    1.29 v hold12/X (sky130_fd_sc_hd__dlygate4sd3_1)
     1    0.00                           net45 (net)
                  0.05    0.00    1.29 v _170_/D (sky130_fd_sc_hd__dfbbn_1)
                                  1.29   data arrival time

                          4.00    4.00   clock serial_load' (fall edge)
                          0.00    4.00   clock source latency
                  0.08    0.05    4.05 ^ serial_load (in)
     1    0.02                           serial_load (net)
                  0.08    0.00    4.05 ^ clkbuf_0_serial_load/A (sky130_fd_sc_hd__clkbuf_16)
                  0.04    0.13    4.18 ^ clkbuf_0_serial_load/X (sky130_fd_sc_hd__clkbuf_16)
     2    0.02                           clknet_0_serial_load (net)
                  0.04    0.00    4.18 ^ clkbuf_1_0__f_serial_load/A (sky130_fd_sc_hd__clkbuf_16)
                  0.04    0.12    4.30 ^ clkbuf_1_0__f_serial_load/X (sky130_fd_sc_hd__clkbuf_16)
     3    0.02                           clknet_1_0__leaf_serial_load (net)
                  0.04    0.00    4.30 ^ _152__2/A (sky130_fd_sc_hd__inv_2)
                  0.01    0.02    4.32 v _152__2/Y (sky130_fd_sc_hd__inv_2)
     1    0.00                           net21 (net)
                  0.01    0.00    4.32 v _170_/CLK_N (sky130_fd_sc_hd__dfbbn_1)
                         -0.20    4.12   clock uncertainty
                          0.00    4.12   clock reconvergence pessimism
                         -0.16    3.96   library setup time
                                  3.96   data required time
-----------------------------------------------------------------------------
                                  3.96   data required time
                                 -1.29   data arrival time
-----------------------------------------------------------------------------
                                  2.67   slack (MET)


Startpoint: _177_ (rising edge-triggered flip-flop clocked by serial_clock)
Endpoint: _169_ (falling edge-triggered flip-flop clocked by serial_load')
Path Group: serial_load
Path Type: max

Fanout     Cap    Slew   Delay    Time   Description
-----------------------------------------------------------------------------
                          0.00    0.00   clock serial_clock (rise edge)
                          0.00    0.00   clock source latency
                  0.08    0.06    0.06 ^ serial_clock (in)
     1    0.02                           serial_clock (net)
                  0.08    0.00    0.06 ^ clkbuf_0_serial_clock/A (sky130_fd_sc_hd__clkbuf_16)
                  0.04    0.14    0.20 ^ clkbuf_0_serial_clock/X (sky130_fd_sc_hd__clkbuf_16)
     2    0.02                           clknet_0_serial_clock (net)
                  0.04    0.00    0.20 ^ clkbuf_1_0__f_serial_clock/A (sky130_fd_sc_hd__clkbuf_16)
                  0.04    0.13    0.33 ^ clkbuf_1_0__f_serial_clock/X (sky130_fd_sc_hd__clkbuf_16)
     7    0.02                           clknet_1_0__leaf_serial_clock (net)
                  0.04    0.00    0.33 ^ _177_/CLK (sky130_fd_sc_hd__dfrtp_1)
                  0.05    0.38    0.71 v _177_/Q (sky130_fd_sc_hd__dfrtp_1)
     2    0.00                           shift_register[5] (net)
                  0.05    0.00    0.71 v hold11/A (sky130_fd_sc_hd__dlygate4sd3_1)
                  0.05    0.57    1.28 v hold11/X (sky130_fd_sc_hd__dlygate4sd3_1)
     1    0.00                           net44 (net)
                  0.05    0.00    1.28 v _169_/D (sky130_fd_sc_hd__dfbbn_1)
                                  1.28   data arrival time

                          4.00    4.00   clock serial_load' (fall edge)
                          0.00    4.00   clock source latency
                  0.08    0.05    4.05 ^ serial_load (in)
     1    0.02                           serial_load (net)
                  0.08    0.00    4.05 ^ clkbuf_0_serial_load/A (sky130_fd_sc_hd__clkbuf_16)
                  0.04    0.13    4.18 ^ clkbuf_0_serial_load/X (sky130_fd_sc_hd__clkbuf_16)
     2    0.02                           clknet_0_serial_load (net)
                  0.04    0.00    4.18 ^ clkbuf_1_0__f_serial_load/A (sky130_fd_sc_hd__clkbuf_16)
                  0.04    0.12    4.30 ^ clkbuf_1_0__f_serial_load/X (sky130_fd_sc_hd__clkbuf_16)
     3    0.02                           clknet_1_0__leaf_serial_load (net)
                  0.04    0.00    4.30 ^ _148__1/A (sky130_fd_sc_hd__inv_2)
                  0.01    0.03    4.32 v _148__1/Y (sky130_fd_sc_hd__inv_2)
     1    0.00                           net20 (net)
                  0.01    0.00    4.32 v _169_/CLK_N (sky130_fd_sc_hd__dfbbn_1)
                         -0.20    4.12   clock uncertainty
                          0.00    4.12   clock reconvergence pessimism
                         -0.16    3.96   library setup time
                                  3.96   data required time
-----------------------------------------------------------------------------
                                  3.96   data required time
                                 -1.28   data arrival time
-----------------------------------------------------------------------------
                                  2.68   slack (MET)


Startpoint: _180_ (rising edge-triggered flip-flop clocked by serial_clock)
Endpoint: _161_ (falling edge-triggered flip-flop clocked by serial_load')
Path Group: serial_load
Path Type: max

Fanout     Cap    Slew   Delay    Time   Description
-----------------------------------------------------------------------------
                          0.00    0.00   clock serial_clock (rise edge)
                          0.00    0.00   clock source latency
                  0.08    0.06    0.06 ^ serial_clock (in)
     1    0.02                           serial_clock (net)
                  0.08    0.00    0.06 ^ clkbuf_0_serial_clock/A (sky130_fd_sc_hd__clkbuf_16)
                  0.04    0.14    0.20 ^ clkbuf_0_serial_clock/X (sky130_fd_sc_hd__clkbuf_16)
     2    0.02                           clknet_0_serial_clock (net)
                  0.04    0.00    0.20 ^ clkbuf_1_0__f_serial_clock/A (sky130_fd_sc_hd__clkbuf_16)
                  0.04    0.13    0.33 ^ clkbuf_1_0__f_serial_clock/X (sky130_fd_sc_hd__clkbuf_16)
     7    0.02                           clknet_1_0__leaf_serial_clock (net)
                  0.04    0.00    0.33 ^ _180_/CLK (sky130_fd_sc_hd__dfrtp_1)
                  0.06    0.39    0.72 v _180_/Q (sky130_fd_sc_hd__dfrtp_1)
     2    0.01                           shift_register[8] (net)
                  0.06    0.00    0.72 v hold9/A (sky130_fd_sc_hd__dlygate4sd3_1)
                  0.05    0.58    1.30 v hold9/X (sky130_fd_sc_hd__dlygate4sd3_1)
     1    0.00                           net42 (net)
                  0.05    0.00    1.30 v _161_/D (sky130_fd_sc_hd__dfbbn_1)
                                  1.30   data arrival time

                          4.00    4.00   clock serial_load' (fall edge)
                          0.00    4.00   clock source latency
                  0.08    0.05    4.05 ^ serial_load (in)
     1    0.02                           serial_load (net)
                  0.08    0.00    4.05 ^ clkbuf_0_serial_load/A (sky130_fd_sc_hd__clkbuf_16)
                  0.04    0.13    4.18 ^ clkbuf_0_serial_load/X (sky130_fd_sc_hd__clkbuf_16)
     2    0.02                           clknet_0_serial_load (net)
                  0.04    0.00    4.18 ^ clkbuf_1_1__f_serial_load/A (sky130_fd_sc_hd__clkbuf_16)
                  0.03    0.11    4.29 ^ clkbuf_1_1__f_serial_load/X (sky130_fd_sc_hd__clkbuf_16)
     2    0.01                           clknet_1_1__leaf_serial_load (net)
                  0.03    0.00    4.29 ^ _105_/A (sky130_fd_sc_hd__buf_4)
                  0.04    0.09    4.38 ^ _105_/X (sky130_fd_sc_hd__buf_4)
     1    0.01                           _068_ (net)
                  0.04    0.00    4.38 ^ clkbuf_0__068_/A (sky130_fd_sc_hd__clkbuf_16)
                  0.04    0.12    4.50 ^ clkbuf_0__068_/X (sky130_fd_sc_hd__clkbuf_16)
     2    0.02                           clknet_0__068_ (net)
                  0.04    0.00    4.50 ^ clkbuf_1_1__f__068_/A (sky130_fd_sc_hd__clkbuf_16)
                  0.05    0.13    4.63 ^ clkbuf_1_1__f__068_/X (sky130_fd_sc_hd__clkbuf_16)
     5    0.03                           clknet_1_1__leaf__068_ (net)
                  0.05    0.00    4.63 ^ _116__7/A (sky130_fd_sc_hd__inv_2)
                  0.02    0.03    4.66 v _116__7/Y (sky130_fd_sc_hd__inv_2)
     1    0.00                           net26 (net)
                  0.02    0.00    4.66 v _161_/CLK_N (sky130_fd_sc_hd__dfbbn_1)
                         -0.20    4.46   clock uncertainty
                          0.00    4.46   clock reconvergence pessimism
                         -0.16    4.30   library setup time
                                  4.30   data required time
-----------------------------------------------------------------------------
                                  4.30   data required time
                                 -1.30   data arrival time
-----------------------------------------------------------------------------
                                  2.99   slack (MET)


Startpoint: _181_ (rising edge-triggered flip-flop clocked by serial_clock)
Endpoint: _162_ (falling edge-triggered flip-flop clocked by serial_load')
Path Group: serial_load
Path Type: max

Fanout     Cap    Slew   Delay    Time   Description
-----------------------------------------------------------------------------
                          0.00    0.00   clock serial_clock (rise edge)
                          0.00    0.00   clock source latency
                  0.08    0.06    0.06 ^ serial_clock (in)
     1    0.02                           serial_clock (net)
                  0.08    0.00    0.06 ^ clkbuf_0_serial_clock/A (sky130_fd_sc_hd__clkbuf_16)
                  0.04    0.14    0.20 ^ clkbuf_0_serial_clock/X (sky130_fd_sc_hd__clkbuf_16)
     2    0.02                           clknet_0_serial_clock (net)
                  0.04    0.00    0.20 ^ clkbuf_1_1__f_serial_clock/A (sky130_fd_sc_hd__clkbuf_16)
                  0.05    0.14    0.34 ^ clkbuf_1_1__f_serial_clock/X (sky130_fd_sc_hd__clkbuf_16)
     8    0.03                           clknet_1_1__leaf_serial_clock (net)
                  0.05    0.00    0.34 ^ _181_/CLK (sky130_fd_sc_hd__dfrtp_1)
                  0.05    0.38    0.72 v _181_/Q (sky130_fd_sc_hd__dfrtp_1)
     2    0.00                           shift_register[9] (net)
                  0.05    0.00    0.72 v hold10/A (sky130_fd_sc_hd__dlygate4sd3_1)
                  0.05    0.58    1.30 v hold10/X (sky130_fd_sc_hd__dlygate4sd3_1)
     1    0.00                           net43 (net)
                  0.05    0.00    1.30 v _162_/D (sky130_fd_sc_hd__dfbbn_1)
                                  1.30   data arrival time

                          4.00    4.00   clock serial_load' (fall edge)
                          0.00    4.00   clock source latency
                  0.08    0.05    4.05 ^ serial_load (in)
     1    0.02                           serial_load (net)
                  0.08    0.00    4.05 ^ clkbuf_0_serial_load/A (sky130_fd_sc_hd__clkbuf_16)
                  0.04    0.13    4.18 ^ clkbuf_0_serial_load/X (sky130_fd_sc_hd__clkbuf_16)
     2    0.02                           clknet_0_serial_load (net)
                  0.04    0.00    4.18 ^ clkbuf_1_1__f_serial_load/A (sky130_fd_sc_hd__clkbuf_16)
                  0.03    0.11    4.29 ^ clkbuf_1_1__f_serial_load/X (sky130_fd_sc_hd__clkbuf_16)
     2    0.01                           clknet_1_1__leaf_serial_load (net)
                  0.03    0.00    4.29 ^ _105_/A (sky130_fd_sc_hd__buf_4)
                  0.04    0.09    4.38 ^ _105_/X (sky130_fd_sc_hd__buf_4)
     1    0.01                           _068_ (net)
                  0.04    0.00    4.38 ^ clkbuf_0__068_/A (sky130_fd_sc_hd__clkbuf_16)
                  0.04    0.12    4.50 ^ clkbuf_0__068_/X (sky130_fd_sc_hd__clkbuf_16)
     2    0.02                           clknet_0__068_ (net)
                  0.04    0.00    4.50 ^ clkbuf_1_1__f__068_/A (sky130_fd_sc_hd__clkbuf_16)
                  0.05    0.13    4.63 ^ clkbuf_1_1__f__068_/X (sky130_fd_sc_hd__clkbuf_16)
     5    0.03                           clknet_1_1__leaf__068_ (net)
                  0.05    0.00    4.63 ^ _120__8/A (sky130_fd_sc_hd__inv_2)
                  0.02    0.03    4.66 v _120__8/Y (sky130_fd_sc_hd__inv_2)
     1    0.01                           net27 (net)
                  0.02    0.00    4.66 v _162_/CLK_N (sky130_fd_sc_hd__dfbbn_1)
                         -0.20    4.46   clock uncertainty
                          0.00    4.46   clock reconvergence pessimism
                         -0.16    4.30   library setup time
                                  4.30   data required time
-----------------------------------------------------------------------------
                                  4.30   data required time
                                 -1.30   data arrival time
-----------------------------------------------------------------------------
                                  3.00   slack (MET)


