OpenROAD 4174c3ad802d2ac1d04d387d2c4b883903f6647e 
This program is licensed under the BSD-3 license. See the LICENSE file for details.
Components of this program may be licensed under more restrictive licenses which must be honored.
[INFO PDN-0001] Inserting grid: stdcell_grid
[INFO PDN-0001] Inserting grid: macro - gpio_logic_high
[WARNING PSM-0016] Voltage pad location (VSRC) file not specified, defaulting pad location to checkerboard pattern on core area.
[WARNING PSM-0017] X direction bump pitch is not specified, defaulting to 140um.
[WARNING PSM-0018] Y direction bump pitch is not specified, defaulting to 140um.
[WARNING PSM-0019] Voltage on net vccd is not explicitly set.
[WARNING PSM-0022] Using voltage 1.800V for VDD network.
[WARNING PSM-0063] Specified bump pitches of 140.000 and 140.000 are less than core width of 44.620 or core height of 73.440. Changing bump location to the center of the die at (26.910, 42.160).
[WARNING PSM-0065] VSRC location not specified, using default checkerboard pattern with one VDD every size bumps in x-direction and one in two bumps in the y-direction
[INFO PSM-0076] Setting metal node density to be standard cell height times 5.
[WARNING PSM-0030] VSRC location at (26.910um, 42.160um) and size 10.000um, is not located on an existing power stripe node. Moving to closest node at (38.600um, 45.440um).
[INFO PSM-0031] Number of PDN nodes on net vccd = 260.
[INFO PSM-0064] Number of voltage sources = 1.
[INFO PSM-0040] All PDN stripes on net vccd are connected.
[WARNING PSM-0016] Voltage pad location (VSRC) file not specified, defaulting pad location to checkerboard pattern on core area.
[WARNING PSM-0017] X direction bump pitch is not specified, defaulting to 140um.
[WARNING PSM-0018] Y direction bump pitch is not specified, defaulting to 140um.
[WARNING PSM-0019] Voltage on net vssd is not explicitly set.
[WARNING PSM-0021] Using voltage 0.000V for ground network.
[WARNING PSM-0063] Specified bump pitches of 140.000 and 140.000 are less than core width of 44.620 or core height of 73.440. Changing bump location to the center of the die at (26.910, 42.160).
[WARNING PSM-0065] VSRC location not specified, using default checkerboard pattern with one VDD every size bumps in x-direction and one in two bumps in the y-direction
[INFO PSM-0076] Setting metal node density to be standard cell height times 5.
[WARNING PSM-0030] VSRC location at (26.910um, 42.160um) and size 10.000um, is not located on an existing power stripe node. Moving to closest node at (18.600um, 50.440um).
[INFO PSM-0031] Number of PDN nodes on net vssd = 305.
[INFO PSM-0064] Number of voltage sources = 1.
[INFO PSM-0040] All PDN stripes on net vssd are connected.
Setting global connections for newly added cells...
Writing OpenROAD database to /openlane/designs/gpio_control_block/runs/RUN_27/tmp/floorplan/7-pdn.odb...
Writing layout to /openlane/designs/gpio_control_block/runs/RUN_27/tmp/floorplan/7-pdn.def...
