
===========================================================================
report_checks -path_delay max (Setup)
============================================================================
Startpoint: gpio_defaults[3] (input port clocked by serial_clock)
Endpoint: _163_ (recovery check against falling-edge clock serial_load')
Path Group: **async_default**
Path Type: max

Fanout     Cap    Slew   Delay    Time   Description
-----------------------------------------------------------------------------
                          0.00    0.00   clock serial_clock (rise edge)
                          0.00    0.00   clock network delay (propagated)
                          1.00    1.00 v input external delay
                  0.03    0.02    1.02 v gpio_defaults[3] (in)
     2    0.01                           gpio_defaults[3] (net)
                  0.03    0.00    1.02 v hold18/A (sky130_fd_sc_hd__dlygate4sd3_1)
                  0.08    0.61    1.63 v hold18/X (sky130_fd_sc_hd__dlygate4sd3_1)
     1    0.01                           net51 (net)
                  0.08    0.00    1.63 v _125_/B (sky130_fd_sc_hd__nand2_1)
                  0.14    0.16    1.79 ^ _125_/Y (sky130_fd_sc_hd__nand2_1)
     1    0.01                           _011_ (net)
                  0.14    0.00    1.79 ^ _163_/SET_B (sky130_fd_sc_hd__dfbbn_1)
                                  1.79   data arrival time

                          4.00    4.00   clock serial_load' (fall edge)
                          0.00    4.00   clock source latency
                  0.11    0.07    4.07 ^ serial_load (in)
     1    0.02                           serial_load (net)
                  0.11    0.00    4.07 ^ clkbuf_0_serial_load/A (sky130_fd_sc_hd__clkbuf_16)
                  0.04    0.14    4.21 ^ clkbuf_0_serial_load/X (sky130_fd_sc_hd__clkbuf_16)
     2    0.02                           clknet_0_serial_load (net)
                  0.06    0.02    4.23 ^ clkbuf_1_1__f_serial_load/A (sky130_fd_sc_hd__clkbuf_16)
                  0.03    0.11    4.35 ^ clkbuf_1_1__f_serial_load/X (sky130_fd_sc_hd__clkbuf_16)
     2    0.01                           clknet_1_1__leaf_serial_load (net)
                  0.03    0.00    4.35 ^ _105_/A (sky130_fd_sc_hd__buf_4)
                  0.04    0.09    4.44 ^ _105_/X (sky130_fd_sc_hd__buf_4)
     1    0.01                           _068_ (net)
                  0.04    0.01    4.45 ^ clkbuf_0__068_/A (sky130_fd_sc_hd__clkbuf_16)
                  0.04    0.12    4.56 ^ clkbuf_0__068_/X (sky130_fd_sc_hd__clkbuf_16)
     2    0.02                           clknet_0__068_ (net)
                  0.05    0.02    4.58 ^ clkbuf_1_0__f__068_/A (sky130_fd_sc_hd__clkbuf_16)
                  0.06    0.14    4.72 ^ clkbuf_1_0__f__068_/X (sky130_fd_sc_hd__clkbuf_16)
     5    0.04                           clknet_1_0__leaf__068_ (net)
                  0.06    0.00    4.72 ^ _124__9/A (sky130_fd_sc_hd__inv_2)
                  0.03    0.04    4.76 v _124__9/Y (sky130_fd_sc_hd__inv_2)
     1    0.01                           net28 (net)
                  0.03    0.00    4.76 v _163_/CLK_N (sky130_fd_sc_hd__dfbbn_1)
                         -0.20    4.56   clock uncertainty
                          0.00    4.56   clock reconvergence pessimism
                          0.04    4.60   library recovery time
                                  4.60   data required time
-----------------------------------------------------------------------------
                                  4.60   data required time
                                 -1.79   data arrival time
-----------------------------------------------------------------------------
                                  2.81   slack (MET)


Startpoint: gpio_defaults[6] (input port clocked by serial_clock)
Endpoint: _170_ (recovery check against falling-edge clock serial_load')
Path Group: **async_default**
Path Type: max

Fanout     Cap    Slew   Delay    Time   Description
-----------------------------------------------------------------------------
                          0.00    0.00   clock serial_clock (rise edge)
                          0.00    0.00   clock network delay (propagated)
                          1.00    1.00 ^ input external delay
                  0.08    0.06    1.06 ^ gpio_defaults[6] (in)
     2    0.02                           gpio_defaults[6] (net)
                  0.08    0.00    1.06 ^ _150_/B (sky130_fd_sc_hd__or2_1)
                  0.06    0.12    1.18 ^ _150_/X (sky130_fd_sc_hd__or2_1)
     1    0.00                           _051_ (net)
                  0.06    0.00    1.18 ^ _151_/A (sky130_fd_sc_hd__clkbuf_1)
                  0.05    0.09    1.27 ^ _151_/X (sky130_fd_sc_hd__clkbuf_1)
     1    0.00                           _024_ (net)
                  0.05    0.00    1.28 ^ _170_/RESET_B (sky130_fd_sc_hd__dfbbn_1)
                                  1.28   data arrival time

                          4.00    4.00   clock serial_load' (fall edge)
                          0.00    4.00   clock source latency
                  0.11    0.07    4.07 ^ serial_load (in)
     1    0.02                           serial_load (net)
                  0.11    0.00    4.07 ^ clkbuf_0_serial_load/A (sky130_fd_sc_hd__clkbuf_16)
                  0.04    0.14    4.21 ^ clkbuf_0_serial_load/X (sky130_fd_sc_hd__clkbuf_16)
     2    0.02                           clknet_0_serial_load (net)
                  0.05    0.01    4.22 ^ clkbuf_1_0__f_serial_load/A (sky130_fd_sc_hd__clkbuf_16)
                  0.04    0.11    4.33 ^ clkbuf_1_0__f_serial_load/X (sky130_fd_sc_hd__clkbuf_16)
     3    0.02                           clknet_1_0__leaf_serial_load (net)
                  0.06    0.02    4.35 ^ _152__2/A (sky130_fd_sc_hd__inv_2)
                  0.02    0.03    4.38 v _152__2/Y (sky130_fd_sc_hd__inv_2)
     1    0.00                           net21 (net)
                  0.02    0.00    4.38 v _170_/CLK_N (sky130_fd_sc_hd__dfbbn_1)
                         -0.20    4.18   clock uncertainty
                          0.00    4.18   clock reconvergence pessimism
                         -0.08    4.10   library recovery time
                                  4.10   data required time
-----------------------------------------------------------------------------
                                  4.10   data required time
                                 -1.28   data arrival time
-----------------------------------------------------------------------------
                                  2.83   slack (MET)


Startpoint: gpio_defaults[7] (input port clocked by serial_clock)
Endpoint: _171_ (recovery check against falling-edge clock serial_load')
Path Group: **async_default**
Path Type: max

Fanout     Cap    Slew   Delay    Time   Description
-----------------------------------------------------------------------------
                          0.00    0.00   clock serial_clock (rise edge)
                          0.00    0.00   clock network delay (propagated)
                          1.00    1.00 ^ input external delay
                  0.07    0.05    1.05 ^ gpio_defaults[7] (in)
     2    0.01                           gpio_defaults[7] (net)
                  0.07    0.00    1.05 ^ _154_/B (sky130_fd_sc_hd__or2_1)
                  0.06    0.11    1.16 ^ _154_/X (sky130_fd_sc_hd__or2_1)
     1    0.00                           _052_ (net)
                  0.06    0.01    1.17 ^ _155_/A (sky130_fd_sc_hd__clkbuf_1)
                  0.07    0.11    1.27 ^ _155_/X (sky130_fd_sc_hd__clkbuf_1)
     1    0.00                           _026_ (net)
                  0.07    0.00    1.27 ^ _171_/RESET_B (sky130_fd_sc_hd__dfbbn_1)
                                  1.27   data arrival time

                          4.00    4.00   clock serial_load' (fall edge)
                          0.00    4.00   clock source latency
                  0.11    0.07    4.07 ^ serial_load (in)
     1    0.02                           serial_load (net)
                  0.11    0.00    4.07 ^ clkbuf_0_serial_load/A (sky130_fd_sc_hd__clkbuf_16)
                  0.04    0.14    4.21 ^ clkbuf_0_serial_load/X (sky130_fd_sc_hd__clkbuf_16)
     2    0.02                           clknet_0_serial_load (net)
                  0.05    0.01    4.22 ^ clkbuf_1_0__f_serial_load/A (sky130_fd_sc_hd__clkbuf_16)
                  0.04    0.11    4.33 ^ clkbuf_1_0__f_serial_load/X (sky130_fd_sc_hd__clkbuf_16)
     3    0.02                           clknet_1_0__leaf_serial_load (net)
                  0.06    0.02    4.35 ^ _156__3/A (sky130_fd_sc_hd__inv_2)
                  0.02    0.03    4.38 v _156__3/Y (sky130_fd_sc_hd__inv_2)
     1    0.00                           net22 (net)
                  0.02    0.00    4.38 v _171_/CLK_N (sky130_fd_sc_hd__dfbbn_1)
                         -0.20    4.18   clock uncertainty
                          0.00    4.18   clock reconvergence pessimism
                         -0.08    4.10   library recovery time
                                  4.10   data required time
-----------------------------------------------------------------------------
                                  4.10   data required time
                                 -1.27   data arrival time
-----------------------------------------------------------------------------
                                  2.83   slack (MET)


Startpoint: gpio_defaults[0] (input port clocked by serial_clock)
Endpoint: _159_ (recovery check against falling-edge clock serial_load')
Path Group: **async_default**
Path Type: max

Fanout     Cap    Slew   Delay    Time   Description
-----------------------------------------------------------------------------
                          0.00    0.00   clock serial_clock (rise edge)
                          0.00    0.00   clock network delay (propagated)
                          1.00    1.00 v input external delay
                  0.02    0.01    1.01 v gpio_defaults[0] (in)
     2    0.01                           gpio_defaults[0] (net)
                  0.02    0.00    1.01 v hold19/A (sky130_fd_sc_hd__dlygate4sd3_1)
                  0.08    0.61    1.62 v hold19/X (sky130_fd_sc_hd__dlygate4sd3_1)
     1    0.01                           net52 (net)
                  0.08    0.00    1.62 v _109_/B (sky130_fd_sc_hd__nand2_1)
                  0.13    0.15    1.77 ^ _109_/Y (sky130_fd_sc_hd__nand2_1)
     1    0.01                           _003_ (net)
                  0.13    0.00    1.77 ^ _159_/SET_B (sky130_fd_sc_hd__dfbbn_1)
                                  1.77   data arrival time

                          4.00    4.00   clock serial_load' (fall edge)
                          0.00    4.00   clock source latency
                  0.11    0.07    4.07 ^ serial_load (in)
     1    0.02                           serial_load (net)
                  0.11    0.00    4.07 ^ clkbuf_0_serial_load/A (sky130_fd_sc_hd__clkbuf_16)
                  0.04    0.14    4.21 ^ clkbuf_0_serial_load/X (sky130_fd_sc_hd__clkbuf_16)
     2    0.02                           clknet_0_serial_load (net)
                  0.06    0.02    4.23 ^ clkbuf_1_1__f_serial_load/A (sky130_fd_sc_hd__clkbuf_16)
                  0.03    0.11    4.35 ^ clkbuf_1_1__f_serial_load/X (sky130_fd_sc_hd__clkbuf_16)
     2    0.01                           clknet_1_1__leaf_serial_load (net)
                  0.03    0.00    4.35 ^ _105_/A (sky130_fd_sc_hd__buf_4)
                  0.04    0.09    4.44 ^ _105_/X (sky130_fd_sc_hd__buf_4)
     1    0.01                           _068_ (net)
                  0.04    0.01    4.45 ^ clkbuf_0__068_/A (sky130_fd_sc_hd__clkbuf_16)
                  0.04    0.12    4.56 ^ clkbuf_0__068_/X (sky130_fd_sc_hd__clkbuf_16)
     2    0.02                           clknet_0__068_ (net)
                  0.04    0.00    4.57 ^ clkbuf_1_1__f__068_/A (sky130_fd_sc_hd__clkbuf_16)
                  0.05    0.13    4.69 ^ clkbuf_1_1__f__068_/X (sky130_fd_sc_hd__clkbuf_16)
     5    0.03                           clknet_1_1__leaf__068_ (net)
                  0.05    0.00    4.69 ^ _106__5/A (sky130_fd_sc_hd__inv_2)
                  0.04    0.05    4.74 v _106__5/Y (sky130_fd_sc_hd__inv_2)
     1    0.02                           net24 (net)
                  0.04    0.00    4.75 v _159_/CLK_N (sky130_fd_sc_hd__dfbbn_1)
                         -0.20    4.55   clock uncertainty
                          0.00    4.55   clock reconvergence pessimism
                          0.05    4.59   library recovery time
                                  4.59   data required time
-----------------------------------------------------------------------------
                                  4.59   data required time
                                 -1.77   data arrival time
-----------------------------------------------------------------------------
                                  2.83   slack (MET)


Startpoint: gpio_defaults[11] (input port clocked by serial_clock)
Endpoint: _167_ (recovery check against falling-edge clock serial_load')
Path Group: **async_default**
Path Type: max

Fanout     Cap    Slew   Delay    Time   Description
-----------------------------------------------------------------------------
                          0.00    0.00   clock serial_clock (rise edge)
                          0.00    0.00   clock network delay (propagated)
                          1.00    1.00 v input external delay
                  0.02    0.01    1.01 v gpio_defaults[11] (in)
     2    0.01                           gpio_defaults[11] (net)
                  0.02    0.00    1.01 v hold17/A (sky130_fd_sc_hd__dlygate4sd3_1)
                  0.09    0.61    1.62 v hold17/X (sky130_fd_sc_hd__dlygate4sd3_1)
     1    0.01                           net50 (net)
                  0.09    0.00    1.62 v _141_/B (sky130_fd_sc_hd__nand2_1)
                  0.10    0.12    1.75 ^ _141_/Y (sky130_fd_sc_hd__nand2_1)
     1    0.01                           _019_ (net)
                  0.10    0.00    1.75 ^ _167_/SET_B (sky130_fd_sc_hd__dfbbn_1)
                                  1.75   data arrival time

                          4.00    4.00   clock serial_load' (fall edge)
                          0.00    4.00   clock source latency
                  0.11    0.07    4.07 ^ serial_load (in)
     1    0.02                           serial_load (net)
                  0.11    0.00    4.07 ^ clkbuf_0_serial_load/A (sky130_fd_sc_hd__clkbuf_16)
                  0.04    0.14    4.21 ^ clkbuf_0_serial_load/X (sky130_fd_sc_hd__clkbuf_16)
     2    0.02                           clknet_0_serial_load (net)
                  0.06    0.02    4.23 ^ clkbuf_1_1__f_serial_load/A (sky130_fd_sc_hd__clkbuf_16)
                  0.03    0.11    4.35 ^ clkbuf_1_1__f_serial_load/X (sky130_fd_sc_hd__clkbuf_16)
     2    0.01                           clknet_1_1__leaf_serial_load (net)
                  0.03    0.00    4.35 ^ _105_/A (sky130_fd_sc_hd__buf_4)
                  0.04    0.09    4.44 ^ _105_/X (sky130_fd_sc_hd__buf_4)
     1    0.01                           _068_ (net)
                  0.04    0.01    4.45 ^ clkbuf_0__068_/A (sky130_fd_sc_hd__clkbuf_16)
                  0.04    0.12    4.56 ^ clkbuf_0__068_/X (sky130_fd_sc_hd__clkbuf_16)
     2    0.02                           clknet_0__068_ (net)
                  0.05    0.02    4.58 ^ clkbuf_1_0__f__068_/A (sky130_fd_sc_hd__clkbuf_16)
                  0.06    0.14    4.72 ^ clkbuf_1_0__f__068_/X (sky130_fd_sc_hd__clkbuf_16)
     5    0.04                           clknet_1_0__leaf__068_ (net)
                  0.06    0.00    4.72 ^ _140__13/A (sky130_fd_sc_hd__inv_2)
                  0.02    0.03    4.74 v _140__13/Y (sky130_fd_sc_hd__inv_2)
     1    0.00                           net32 (net)
                  0.02    0.00    4.74 v _167_/CLK_N (sky130_fd_sc_hd__dfbbn_1)
                         -0.20    4.54   clock uncertainty
                          0.00    4.54   clock reconvergence pessimism
                          0.05    4.59   library recovery time
                                  4.59   data required time
-----------------------------------------------------------------------------
                                  4.59   data required time
                                 -1.75   data arrival time
-----------------------------------------------------------------------------
                                  2.84   slack (MET)


Startpoint: _185_ (rising edge-triggered flip-flop clocked by serial_clock')
Endpoint: serial_data_out (output port clocked by serial_clock)
Path Group: serial_clock
Path Type: max

Fanout     Cap    Slew   Delay    Time   Description
-----------------------------------------------------------------------------
                          2.00    2.00   clock serial_clock' (rise edge)
                          0.00    2.00   clock source latency
                  0.05    0.04    2.04 v serial_clock (in)
     1    0.02                           serial_clock (net)
                  0.05    0.00    2.04 v clkbuf_0_serial_clock/A (sky130_fd_sc_hd__clkbuf_16)
                  0.03    0.15    2.19 v clkbuf_0_serial_clock/X (sky130_fd_sc_hd__clkbuf_16)
     2    0.02                           clknet_0_serial_clock (net)
                  0.03    0.00    2.19 v clkbuf_1_1__f_serial_clock/A (sky130_fd_sc_hd__clkbuf_16)
                  0.04    0.15    2.35 v clkbuf_1_1__f_serial_clock/X (sky130_fd_sc_hd__clkbuf_16)
     8    0.03                           clknet_1_1__leaf_serial_clock (net)
                  0.04    0.00    2.35 v _158__4/A (sky130_fd_sc_hd__inv_2)
                  0.11    0.11    2.46 ^ _158__4/Y (sky130_fd_sc_hd__inv_2)
     1    0.02                           net23 (net)
                  0.11    0.00    2.46 ^ _185_/CLK (sky130_fd_sc_hd__dfrtp_1)
                  0.05    0.42    2.88 v _185_/Q (sky130_fd_sc_hd__dfrtp_1)
     1    0.01                           net16 (net)
                  0.05    0.00    2.88 v output16/A (sky130_fd_sc_hd__buf_6)
                  0.06    0.16    3.03 v output16/X (sky130_fd_sc_hd__buf_6)
     1    0.03                           serial_data_out (net)
                  0.06    0.00    3.04 v serial_data_out (out)
                                  3.04   data arrival time

                          4.00    4.00   clock serial_clock (rise edge)
                          0.00    4.00   clock network delay (propagated)
                         -0.20    3.80   clock uncertainty
                          0.00    3.80   clock reconvergence pessimism
                         -1.00    2.80   output external delay
                                  2.80   data required time
-----------------------------------------------------------------------------
                                  2.80   data required time
                                 -3.04   data arrival time
-----------------------------------------------------------------------------
                                 -0.24   slack (VIOLATED)


Startpoint: serial_load (clock source 'serial_load')
Endpoint: serial_load_out (output port clocked by serial_clock)
Path Group: serial_clock
Path Type: max

Fanout     Cap    Slew   Delay    Time   Description
-----------------------------------------------------------------------------
                          2.00    2.00   clock serial_load (fall edge)
                          0.00    2.00   clock source latency
                  0.05    0.04    2.04 v serial_load (in)
     1    0.02                           serial_load (net)
                  0.05    0.00    2.04 v clkbuf_0_serial_load/A (sky130_fd_sc_hd__clkbuf_16)
                  0.03    0.15    2.19 v clkbuf_0_serial_load/X (sky130_fd_sc_hd__clkbuf_16)
     2    0.02                           clknet_0_serial_load (net)
                  0.05    0.02    2.21 v clkbuf_1_1__f_serial_load/A (sky130_fd_sc_hd__clkbuf_16)
                  0.03    0.15    2.36 v clkbuf_1_1__f_serial_load/X (sky130_fd_sc_hd__clkbuf_16)
     2    0.01                           clknet_1_1__leaf_serial_load (net)
                  0.03    0.00    2.36 v _188_/A (sky130_fd_sc_hd__buf_2)
                  0.04    0.14    2.50 v _188_/X (sky130_fd_sc_hd__buf_2)
     1    0.01                           net17 (net)
                  0.04    0.00    2.50 v output17/A (sky130_fd_sc_hd__buf_6)
                  0.35    0.35    2.85 v output17/X (sky130_fd_sc_hd__buf_6)
     1    0.40                           serial_load_out (net)
                  0.36    0.05    2.89 v serial_load_out (out)
                                  2.89   data arrival time

                          4.00    4.00   clock serial_clock (rise edge)
                          0.00    4.00   clock network delay (propagated)
                         -0.20    3.80   clock uncertainty
                          0.00    3.80   clock reconvergence pessimism
                         -1.00    2.80   output external delay
                                  2.80   data required time
-----------------------------------------------------------------------------
                                  2.80   data required time
                                 -2.89   data arrival time
-----------------------------------------------------------------------------
                                 -0.09   slack (VIOLATED)


Startpoint: serial_clock (clock source 'serial_clock')
Endpoint: serial_clock_out (output port clocked by serial_clock)
Path Group: serial_clock
Path Type: max

Fanout     Cap    Slew   Delay    Time   Description
-----------------------------------------------------------------------------
                          2.00    2.00   clock serial_clock (fall edge)
                          0.00    2.00   clock source latency
                  0.05    0.04    2.04 v serial_clock (in)
     1    0.02                           serial_clock (net)
                  0.05    0.00    2.04 v clkbuf_0_serial_clock/A (sky130_fd_sc_hd__clkbuf_16)
                  0.03    0.15    2.19 v clkbuf_0_serial_clock/X (sky130_fd_sc_hd__clkbuf_16)
     2    0.02                           clknet_0_serial_clock (net)
                  0.03    0.00    2.19 v clkbuf_1_1__f_serial_clock/A (sky130_fd_sc_hd__clkbuf_16)
                  0.04    0.15    2.35 v clkbuf_1_1__f_serial_clock/X (sky130_fd_sc_hd__clkbuf_16)
     8    0.03                           clknet_1_1__leaf_serial_clock (net)
                  0.04    0.00    2.35 v _187_/A (sky130_fd_sc_hd__buf_2)
                  0.03    0.13    2.48 v _187_/X (sky130_fd_sc_hd__buf_2)
     1    0.01                           net15 (net)
                  0.03    0.00    2.48 v output15/A (sky130_fd_sc_hd__buf_6)
                  0.35    0.34    2.82 v output15/X (sky130_fd_sc_hd__buf_6)
     1    0.40                           serial_clock_out (net)
                  0.36    0.05    2.87 v serial_clock_out (out)
                                  2.87   data arrival time

                          4.00    4.00   clock serial_clock (rise edge)
                          0.00    4.00   clock network delay (propagated)
                         -0.20    3.80   clock uncertainty
                          0.00    3.80   clock reconvergence pessimism
                         -1.00    2.80   output external delay
                                  2.80   data required time
-----------------------------------------------------------------------------
                                  2.80   data required time
                                 -2.87   data arrival time
-----------------------------------------------------------------------------
                                 -0.07   slack (VIOLATED)


Startpoint: _168_ (falling edge-triggered flip-flop clocked by serial_load')
Endpoint: pad_gpio_out (output port clocked by serial_clock)
Path Group: serial_clock
Path Type: max

Fanout     Cap    Slew   Delay    Time   Description
-----------------------------------------------------------------------------
                          0.00    0.00   clock serial_load' (fall edge)
                          0.00    0.00   clock source latency
                  0.11    0.08    0.08 ^ serial_load (in)
     1    0.02                           serial_load (net)
                  0.11    0.00    0.08 ^ clkbuf_0_serial_load/A (sky130_fd_sc_hd__clkbuf_16)
                  0.04    0.15    0.23 ^ clkbuf_0_serial_load/X (sky130_fd_sc_hd__clkbuf_16)
     2    0.02                           clknet_0_serial_load (net)
                  0.06    0.03    0.26 ^ clkbuf_1_1__f_serial_load/A (sky130_fd_sc_hd__clkbuf_16)
                  0.03    0.13    0.38 ^ clkbuf_1_1__f_serial_load/X (sky130_fd_sc_hd__clkbuf_16)
     2    0.01                           clknet_1_1__leaf_serial_load (net)
                  0.03    0.00    0.39 ^ _105_/A (sky130_fd_sc_hd__buf_4)
                  0.04    0.10    0.49 ^ _105_/X (sky130_fd_sc_hd__buf_4)
     1    0.01                           _068_ (net)
                  0.04    0.01    0.50 ^ clkbuf_0__068_/A (sky130_fd_sc_hd__clkbuf_16)
                  0.04    0.13    0.62 ^ clkbuf_0__068_/X (sky130_fd_sc_hd__clkbuf_16)
     2    0.02                           clknet_0__068_ (net)
                  0.04    0.00    0.62 ^ clkbuf_1_1__f__068_/A (sky130_fd_sc_hd__clkbuf_16)
                  0.05    0.14    0.77 ^ clkbuf_1_1__f__068_/X (sky130_fd_sc_hd__clkbuf_16)
     5    0.03                           clknet_1_1__leaf__068_ (net)
                  0.05    0.00    0.77 ^ _144__14/A (sky130_fd_sc_hd__inv_2)
                  0.04    0.06    0.83 v _144__14/Y (sky130_fd_sc_hd__inv_2)
     1    0.02                           net33 (net)
                  0.04    0.00    0.83 v _168_/CLK_N (sky130_fd_sc_hd__dfbbn_1)
                  0.10    0.64    1.46 v _168_/Q (sky130_fd_sc_hd__dfbbn_1)
     3    0.02                           net6 (net)
                  0.10    0.00    1.46 v _094_/A (sky130_fd_sc_hd__clkinv_2)
                  0.03    0.06    1.52 ^ _094_/Y (sky130_fd_sc_hd__clkinv_2)
     1    0.00                           _060_ (net)
                  0.03    0.00    1.53 ^ _095_/A (sky130_fd_sc_hd__nand3_1)
                  0.07    0.07    1.59 v _095_/Y (sky130_fd_sc_hd__nand3_1)
     1    0.00                           _061_ (net)
                  0.07    0.01    1.60 v _097_/A (sky130_fd_sc_hd__nand2_1)
                  0.23    0.21    1.81 ^ _097_/Y (sky130_fd_sc_hd__nand2_1)
     1    0.02                           _063_ (net)
                  0.23    0.00    1.81 ^ _098_/B (sky130_fd_sc_hd__nand3_1)
                  0.15    0.19    2.00 v _098_/Y (sky130_fd_sc_hd__nand3_1)
     1    0.01                           _064_ (net)
                  0.15    0.00    2.00 v _100_/A (sky130_fd_sc_hd__nand2_1)
                  0.22    0.24    2.24 ^ _100_/Y (sky130_fd_sc_hd__nand2_1)
     1    0.02                           net10 (net)
                  0.22    0.00    2.24 ^ output10/A (sky130_fd_sc_hd__buf_2)
                  0.24    0.31    2.56 ^ output10/X (sky130_fd_sc_hd__buf_2)
     1    0.03                           pad_gpio_out (net)
                  0.24    0.00    2.56 ^ pad_gpio_out (out)
                                  2.56   data arrival time

                          4.00    4.00   clock serial_clock (rise edge)
                          0.00    4.00   clock network delay (propagated)
                         -0.20    3.80   clock uncertainty
                          0.00    3.80   clock reconvergence pessimism
                         -1.00    2.80   output external delay
                                  2.80   data required time
-----------------------------------------------------------------------------
                                  2.80   data required time
                                 -2.56   data arrival time
-----------------------------------------------------------------------------
                                  0.24   slack (MET)


Startpoint: _159_ (falling edge-triggered flip-flop clocked by serial_load')
Endpoint: pad_gpio_outenb (output port clocked by serial_clock)
Path Group: serial_clock
Path Type: max

Fanout     Cap    Slew   Delay    Time   Description
-----------------------------------------------------------------------------
                          0.00    0.00   clock serial_load' (fall edge)
                          0.00    0.00   clock source latency
                  0.11    0.08    0.08 ^ serial_load (in)
     1    0.02                           serial_load (net)
                  0.11    0.00    0.08 ^ clkbuf_0_serial_load/A (sky130_fd_sc_hd__clkbuf_16)
                  0.04    0.15    0.23 ^ clkbuf_0_serial_load/X (sky130_fd_sc_hd__clkbuf_16)
     2    0.02                           clknet_0_serial_load (net)
                  0.06    0.03    0.26 ^ clkbuf_1_1__f_serial_load/A (sky130_fd_sc_hd__clkbuf_16)
                  0.03    0.13    0.38 ^ clkbuf_1_1__f_serial_load/X (sky130_fd_sc_hd__clkbuf_16)
     2    0.01                           clknet_1_1__leaf_serial_load (net)
                  0.03    0.00    0.39 ^ _105_/A (sky130_fd_sc_hd__buf_4)
                  0.04    0.10    0.49 ^ _105_/X (sky130_fd_sc_hd__buf_4)
     1    0.01                           _068_ (net)
                  0.04    0.01    0.50 ^ clkbuf_0__068_/A (sky130_fd_sc_hd__clkbuf_16)
                  0.04    0.13    0.62 ^ clkbuf_0__068_/X (sky130_fd_sc_hd__clkbuf_16)
     2    0.02                           clknet_0__068_ (net)
                  0.04    0.00    0.62 ^ clkbuf_1_1__f__068_/A (sky130_fd_sc_hd__clkbuf_16)
                  0.05    0.14    0.77 ^ clkbuf_1_1__f__068_/X (sky130_fd_sc_hd__clkbuf_16)
     5    0.03                           clknet_1_1__leaf__068_ (net)
                  0.05    0.00    0.77 ^ _106__5/A (sky130_fd_sc_hd__inv_2)
                  0.04    0.05    0.82 v _106__5/Y (sky130_fd_sc_hd__inv_2)
     1    0.02                           net24 (net)
                  0.04    0.00    0.82 v _159_/CLK_N (sky130_fd_sc_hd__dfbbn_1)
                  0.16    0.68    1.51 v _159_/Q (sky130_fd_sc_hd__dfbbn_1)
     3    0.03                           mgmt_ena (net)
                  0.16    0.00    1.51 v _088_/C (sky130_fd_sc_hd__and3_1)
                  0.04    0.24    1.75 v _088_/X (sky130_fd_sc_hd__and3_1)
     1    0.00                           _055_ (net)
                  0.04    0.00    1.75 v _089_/B1 (sky130_fd_sc_hd__a21o_1)
                  0.04    0.16    1.91 v _089_/X (sky130_fd_sc_hd__a21o_1)
     1    0.00                           net11 (net)
                  0.04    0.01    1.91 v output11/A (sky130_fd_sc_hd__buf_2)
                  0.12    0.21    2.12 v output11/X (sky130_fd_sc_hd__buf_2)
     1    0.03                           pad_gpio_outenb (net)
                  0.12    0.00    2.13 v pad_gpio_outenb (out)
                                  2.13   data arrival time

                          4.00    4.00   clock serial_clock (rise edge)
                          0.00    4.00   clock network delay (propagated)
                         -0.20    3.80   clock uncertainty
                          0.00    3.80   clock reconvergence pessimism
                         -1.00    2.80   output external delay
                                  2.80   data required time
-----------------------------------------------------------------------------
                                  2.80   data required time
                                 -2.13   data arrival time
-----------------------------------------------------------------------------
                                  0.67   slack (MET)


Startpoint: _178_ (rising edge-triggered flip-flop clocked by serial_clock)
Endpoint: _170_ (falling edge-triggered flip-flop clocked by serial_load')
Path Group: serial_load
Path Type: max

Fanout     Cap    Slew   Delay    Time   Description
-----------------------------------------------------------------------------
                          0.00    0.00   clock serial_clock (rise edge)
                          0.00    0.00   clock source latency
                  0.11    0.08    0.08 ^ serial_clock (in)
     1    0.02                           serial_clock (net)
                  0.11    0.00    0.08 ^ clkbuf_0_serial_clock/A (sky130_fd_sc_hd__clkbuf_16)
                  0.04    0.16    0.23 ^ clkbuf_0_serial_clock/X (sky130_fd_sc_hd__clkbuf_16)
     2    0.02                           clknet_0_serial_clock (net)
                  0.04    0.00    0.23 ^ clkbuf_1_0__f_serial_clock/A (sky130_fd_sc_hd__clkbuf_16)
                  0.04    0.13    0.36 ^ clkbuf_1_0__f_serial_clock/X (sky130_fd_sc_hd__clkbuf_16)
     7    0.02                           clknet_1_0__leaf_serial_clock (net)
                  0.04    0.01    0.37 ^ _178_/CLK (sky130_fd_sc_hd__dfrtp_1)
                  0.06    0.39    0.76 v _178_/Q (sky130_fd_sc_hd__dfrtp_1)
     2    0.01                           shift_register[6] (net)
                  0.06    0.00    0.76 v hold12/A (sky130_fd_sc_hd__dlygate4sd3_1)
                  0.05    0.58    1.34 v hold12/X (sky130_fd_sc_hd__dlygate4sd3_1)
     1    0.00                           net45 (net)
                  0.05    0.00    1.35 v _170_/D (sky130_fd_sc_hd__dfbbn_1)
                                  1.35   data arrival time

                          4.00    4.00   clock serial_load' (fall edge)
                          0.00    4.00   clock source latency
                  0.11    0.07    4.07 ^ serial_load (in)
     1    0.02                           serial_load (net)
                  0.11    0.00    4.07 ^ clkbuf_0_serial_load/A (sky130_fd_sc_hd__clkbuf_16)
                  0.04    0.14    4.21 ^ clkbuf_0_serial_load/X (sky130_fd_sc_hd__clkbuf_16)
     2    0.02                           clknet_0_serial_load (net)
                  0.05    0.01    4.22 ^ clkbuf_1_0__f_serial_load/A (sky130_fd_sc_hd__clkbuf_16)
                  0.04    0.11    4.33 ^ clkbuf_1_0__f_serial_load/X (sky130_fd_sc_hd__clkbuf_16)
     3    0.02                           clknet_1_0__leaf_serial_load (net)
                  0.06    0.02    4.35 ^ _152__2/A (sky130_fd_sc_hd__inv_2)
                  0.02    0.03    4.38 v _152__2/Y (sky130_fd_sc_hd__inv_2)
     1    0.00                           net21 (net)
                  0.02    0.00    4.38 v _170_/CLK_N (sky130_fd_sc_hd__dfbbn_1)
                         -0.20    4.18   clock uncertainty
                          0.00    4.18   clock reconvergence pessimism
                         -0.16    4.02   library setup time
                                  4.02   data required time
-----------------------------------------------------------------------------
                                  4.02   data required time
                                 -1.35   data arrival time
-----------------------------------------------------------------------------
                                  2.67   slack (MET)


Startpoint: _177_ (rising edge-triggered flip-flop clocked by serial_clock)
Endpoint: _169_ (falling edge-triggered flip-flop clocked by serial_load')
Path Group: serial_load
Path Type: max

Fanout     Cap    Slew   Delay    Time   Description
-----------------------------------------------------------------------------
                          0.00    0.00   clock serial_clock (rise edge)
                          0.00    0.00   clock source latency
                  0.11    0.08    0.08 ^ serial_clock (in)
     1    0.02                           serial_clock (net)
                  0.11    0.00    0.08 ^ clkbuf_0_serial_clock/A (sky130_fd_sc_hd__clkbuf_16)
                  0.04    0.16    0.23 ^ clkbuf_0_serial_clock/X (sky130_fd_sc_hd__clkbuf_16)
     2    0.02                           clknet_0_serial_clock (net)
                  0.04    0.00    0.23 ^ clkbuf_1_0__f_serial_clock/A (sky130_fd_sc_hd__clkbuf_16)
                  0.04    0.13    0.36 ^ clkbuf_1_0__f_serial_clock/X (sky130_fd_sc_hd__clkbuf_16)
     7    0.02                           clknet_1_0__leaf_serial_clock (net)
                  0.04    0.01    0.37 ^ _177_/CLK (sky130_fd_sc_hd__dfrtp_1)
                  0.05    0.39    0.76 v _177_/Q (sky130_fd_sc_hd__dfrtp_1)
     2    0.01                           shift_register[5] (net)
                  0.05    0.00    0.76 v hold11/A (sky130_fd_sc_hd__dlygate4sd3_1)
                  0.06    0.59    1.35 v hold11/X (sky130_fd_sc_hd__dlygate4sd3_1)
     1    0.00                           net44 (net)
                  0.06    0.00    1.35 v _169_/D (sky130_fd_sc_hd__dfbbn_1)
                                  1.35   data arrival time

                          4.00    4.00   clock serial_load' (fall edge)
                          0.00    4.00   clock source latency
                  0.11    0.07    4.07 ^ serial_load (in)
     1    0.02                           serial_load (net)
                  0.11    0.00    4.07 ^ clkbuf_0_serial_load/A (sky130_fd_sc_hd__clkbuf_16)
                  0.04    0.14    4.21 ^ clkbuf_0_serial_load/X (sky130_fd_sc_hd__clkbuf_16)
     2    0.02                           clknet_0_serial_load (net)
                  0.05    0.01    4.22 ^ clkbuf_1_0__f_serial_load/A (sky130_fd_sc_hd__clkbuf_16)
                  0.04    0.11    4.33 ^ clkbuf_1_0__f_serial_load/X (sky130_fd_sc_hd__clkbuf_16)
     3    0.02                           clknet_1_0__leaf_serial_load (net)
                  0.06    0.02    4.35 ^ _148__1/A (sky130_fd_sc_hd__inv_2)
                  0.02    0.03    4.38 v _148__1/Y (sky130_fd_sc_hd__inv_2)
     1    0.00                           net20 (net)
                  0.02    0.00    4.38 v _169_/CLK_N (sky130_fd_sc_hd__dfbbn_1)
                         -0.20    4.18   clock uncertainty
                          0.00    4.18   clock reconvergence pessimism
                         -0.16    4.02   library setup time
                                  4.02   data required time
-----------------------------------------------------------------------------
                                  4.02   data required time
                                 -1.35   data arrival time
-----------------------------------------------------------------------------
                                  2.67   slack (MET)


Startpoint: _179_ (rising edge-triggered flip-flop clocked by serial_clock)
Endpoint: _171_ (falling edge-triggered flip-flop clocked by serial_load')
Path Group: serial_load
Path Type: max

Fanout     Cap    Slew   Delay    Time   Description
-----------------------------------------------------------------------------
                          0.00    0.00   clock serial_clock (rise edge)
                          0.00    0.00   clock source latency
                  0.11    0.08    0.08 ^ serial_clock (in)
     1    0.02                           serial_clock (net)
                  0.11    0.00    0.08 ^ clkbuf_0_serial_clock/A (sky130_fd_sc_hd__clkbuf_16)
                  0.04    0.16    0.23 ^ clkbuf_0_serial_clock/X (sky130_fd_sc_hd__clkbuf_16)
     2    0.02                           clknet_0_serial_clock (net)
                  0.04    0.00    0.23 ^ clkbuf_1_0__f_serial_clock/A (sky130_fd_sc_hd__clkbuf_16)
                  0.04    0.13    0.36 ^ clkbuf_1_0__f_serial_clock/X (sky130_fd_sc_hd__clkbuf_16)
     7    0.02                           clknet_1_0__leaf_serial_clock (net)
                  0.04    0.00    0.36 ^ _179_/CLK (sky130_fd_sc_hd__dfrtp_1)
                  0.05    0.39    0.75 v _179_/Q (sky130_fd_sc_hd__dfrtp_1)
     2    0.01                           shift_register[7] (net)
                  0.05    0.00    0.75 v hold13/A (sky130_fd_sc_hd__dlygate4sd3_1)
                  0.05    0.58    1.33 v hold13/X (sky130_fd_sc_hd__dlygate4sd3_1)
     1    0.00                           net46 (net)
                  0.05    0.00    1.33 v _171_/D (sky130_fd_sc_hd__dfbbn_1)
                                  1.33   data arrival time

                          4.00    4.00   clock serial_load' (fall edge)
                          0.00    4.00   clock source latency
                  0.11    0.07    4.07 ^ serial_load (in)
     1    0.02                           serial_load (net)
                  0.11    0.00    4.07 ^ clkbuf_0_serial_load/A (sky130_fd_sc_hd__clkbuf_16)
                  0.04    0.14    4.21 ^ clkbuf_0_serial_load/X (sky130_fd_sc_hd__clkbuf_16)
     2    0.02                           clknet_0_serial_load (net)
                  0.05    0.01    4.22 ^ clkbuf_1_0__f_serial_load/A (sky130_fd_sc_hd__clkbuf_16)
                  0.04    0.11    4.33 ^ clkbuf_1_0__f_serial_load/X (sky130_fd_sc_hd__clkbuf_16)
     3    0.02                           clknet_1_0__leaf_serial_load (net)
                  0.06    0.02    4.35 ^ _156__3/A (sky130_fd_sc_hd__inv_2)
                  0.02    0.03    4.38 v _156__3/Y (sky130_fd_sc_hd__inv_2)
     1    0.00                           net22 (net)
                  0.02    0.00    4.38 v _171_/CLK_N (sky130_fd_sc_hd__dfbbn_1)
                         -0.20    4.18   clock uncertainty
                          0.00    4.18   clock reconvergence pessimism
                         -0.16    4.02   library setup time
                                  4.02   data required time
-----------------------------------------------------------------------------
                                  4.02   data required time
                                 -1.33   data arrival time
-----------------------------------------------------------------------------
                                  2.69   slack (MET)


Startpoint: _181_ (rising edge-triggered flip-flop clocked by serial_clock)
Endpoint: _162_ (falling edge-triggered flip-flop clocked by serial_load')
Path Group: serial_load
Path Type: max

Fanout     Cap    Slew   Delay    Time   Description
-----------------------------------------------------------------------------
                          0.00    0.00   clock serial_clock (rise edge)
                          0.00    0.00   clock source latency
                  0.11    0.08    0.08 ^ serial_clock (in)
     1    0.02                           serial_clock (net)
                  0.11    0.00    0.08 ^ clkbuf_0_serial_clock/A (sky130_fd_sc_hd__clkbuf_16)
                  0.04    0.16    0.23 ^ clkbuf_0_serial_clock/X (sky130_fd_sc_hd__clkbuf_16)
     2    0.02                           clknet_0_serial_clock (net)
                  0.04    0.00    0.23 ^ clkbuf_1_1__f_serial_clock/A (sky130_fd_sc_hd__clkbuf_16)
                  0.05    0.14    0.37 ^ clkbuf_1_1__f_serial_clock/X (sky130_fd_sc_hd__clkbuf_16)
     8    0.03                           clknet_1_1__leaf_serial_clock (net)
                  0.06    0.02    0.39 ^ _181_/CLK (sky130_fd_sc_hd__dfrtp_1)
                  0.05    0.39    0.79 v _181_/Q (sky130_fd_sc_hd__dfrtp_1)
     2    0.01                           shift_register[9] (net)
                  0.05    0.00    0.79 v hold10/A (sky130_fd_sc_hd__dlygate4sd3_1)
                  0.06    0.59    1.37 v hold10/X (sky130_fd_sc_hd__dlygate4sd3_1)
     1    0.00                           net43 (net)
                  0.06    0.00    1.37 v _162_/D (sky130_fd_sc_hd__dfbbn_1)
                                  1.37   data arrival time

                          4.00    4.00   clock serial_load' (fall edge)
                          0.00    4.00   clock source latency
                  0.11    0.07    4.07 ^ serial_load (in)
     1    0.02                           serial_load (net)
                  0.11    0.00    4.07 ^ clkbuf_0_serial_load/A (sky130_fd_sc_hd__clkbuf_16)
                  0.04    0.14    4.21 ^ clkbuf_0_serial_load/X (sky130_fd_sc_hd__clkbuf_16)
     2    0.02                           clknet_0_serial_load (net)
                  0.06    0.02    4.23 ^ clkbuf_1_1__f_serial_load/A (sky130_fd_sc_hd__clkbuf_16)
                  0.03    0.11    4.35 ^ clkbuf_1_1__f_serial_load/X (sky130_fd_sc_hd__clkbuf_16)
     2    0.01                           clknet_1_1__leaf_serial_load (net)
                  0.03    0.00    4.35 ^ _105_/A (sky130_fd_sc_hd__buf_4)
                  0.04    0.09    4.44 ^ _105_/X (sky130_fd_sc_hd__buf_4)
     1    0.01                           _068_ (net)
                  0.04    0.01    4.45 ^ clkbuf_0__068_/A (sky130_fd_sc_hd__clkbuf_16)
                  0.04    0.12    4.56 ^ clkbuf_0__068_/X (sky130_fd_sc_hd__clkbuf_16)
     2    0.02                           clknet_0__068_ (net)
                  0.04    0.00    4.57 ^ clkbuf_1_1__f__068_/A (sky130_fd_sc_hd__clkbuf_16)
                  0.05    0.13    4.69 ^ clkbuf_1_1__f__068_/X (sky130_fd_sc_hd__clkbuf_16)
     5    0.03                           clknet_1_1__leaf__068_ (net)
                  0.05    0.00    4.69 ^ _120__8/A (sky130_fd_sc_hd__inv_2)
                  0.02    0.03    4.73 v _120__8/Y (sky130_fd_sc_hd__inv_2)
     1    0.01                           net27 (net)
                  0.03    0.01    4.74 v _162_/CLK_N (sky130_fd_sc_hd__dfbbn_1)
                         -0.20    4.54   clock uncertainty
                          0.00    4.54   clock reconvergence pessimism
                         -0.16    4.38   library setup time
                                  4.38   data required time
-----------------------------------------------------------------------------
                                  4.38   data required time
                                 -1.37   data arrival time
-----------------------------------------------------------------------------
                                  3.00   slack (MET)


Startpoint: _183_ (rising edge-triggered flip-flop clocked by serial_clock)
Endpoint: _167_ (falling edge-triggered flip-flop clocked by serial_load')
Path Group: serial_load
Path Type: max

Fanout     Cap    Slew   Delay    Time   Description
-----------------------------------------------------------------------------
                          0.00    0.00   clock serial_clock (rise edge)
                          0.00    0.00   clock source latency
                  0.11    0.08    0.08 ^ serial_clock (in)
     1    0.02                           serial_clock (net)
                  0.11    0.00    0.08 ^ clkbuf_0_serial_clock/A (sky130_fd_sc_hd__clkbuf_16)
                  0.04    0.16    0.23 ^ clkbuf_0_serial_clock/X (sky130_fd_sc_hd__clkbuf_16)
     2    0.02                           clknet_0_serial_clock (net)
                  0.04    0.00    0.23 ^ clkbuf_1_1__f_serial_clock/A (sky130_fd_sc_hd__clkbuf_16)
                  0.05    0.14    0.37 ^ clkbuf_1_1__f_serial_clock/X (sky130_fd_sc_hd__clkbuf_16)
     8    0.03                           clknet_1_1__leaf_serial_clock (net)
                  0.06    0.02    0.39 ^ _183_/CLK (sky130_fd_sc_hd__dfrtp_1)
                  0.05    0.39    0.78 v _183_/Q (sky130_fd_sc_hd__dfrtp_1)
     2    0.01                           shift_register[11] (net)
                  0.05    0.00    0.78 v hold7/A (sky130_fd_sc_hd__dlygate4sd3_1)
                  0.06    0.58    1.37 v hold7/X (sky130_fd_sc_hd__dlygate4sd3_1)
     1    0.00                           net40 (net)
                  0.06    0.00    1.37 v _167_/D (sky130_fd_sc_hd__dfbbn_1)
                                  1.37   data arrival time

                          4.00    4.00   clock serial_load' (fall edge)
                          0.00    4.00   clock source latency
                  0.11    0.07    4.07 ^ serial_load (in)
     1    0.02                           serial_load (net)
                  0.11    0.00    4.07 ^ clkbuf_0_serial_load/A (sky130_fd_sc_hd__clkbuf_16)
                  0.04    0.14    4.21 ^ clkbuf_0_serial_load/X (sky130_fd_sc_hd__clkbuf_16)
     2    0.02                           clknet_0_serial_load (net)
                  0.06    0.02    4.23 ^ clkbuf_1_1__f_serial_load/A (sky130_fd_sc_hd__clkbuf_16)
                  0.03    0.11    4.35 ^ clkbuf_1_1__f_serial_load/X (sky130_fd_sc_hd__clkbuf_16)
     2    0.01                           clknet_1_1__leaf_serial_load (net)
                  0.03    0.00    4.35 ^ _105_/A (sky130_fd_sc_hd__buf_4)
                  0.04    0.09    4.44 ^ _105_/X (sky130_fd_sc_hd__buf_4)
     1    0.01                           _068_ (net)
                  0.04    0.01    4.45 ^ clkbuf_0__068_/A (sky130_fd_sc_hd__clkbuf_16)
                  0.04    0.12    4.56 ^ clkbuf_0__068_/X (sky130_fd_sc_hd__clkbuf_16)
     2    0.02                           clknet_0__068_ (net)
                  0.05    0.02    4.58 ^ clkbuf_1_0__f__068_/A (sky130_fd_sc_hd__clkbuf_16)
                  0.06    0.14    4.72 ^ clkbuf_1_0__f__068_/X (sky130_fd_sc_hd__clkbuf_16)
     5    0.04                           clknet_1_0__leaf__068_ (net)
                  0.06    0.00    4.72 ^ _140__13/A (sky130_fd_sc_hd__inv_2)
                  0.02    0.03    4.74 v _140__13/Y (sky130_fd_sc_hd__inv_2)
     1    0.00                           net32 (net)
                  0.02    0.00    4.74 v _167_/CLK_N (sky130_fd_sc_hd__dfbbn_1)
                         -0.20    4.54   clock uncertainty
                          0.00    4.54   clock reconvergence pessimism
                         -0.16    4.38   library setup time
                                  4.38   data required time
-----------------------------------------------------------------------------
                                  4.38   data required time
                                 -1.37   data arrival time
-----------------------------------------------------------------------------
                                  3.01   slack (MET)


